INPUT : list/jcorranEff_116643.list
OUTPUT : merged/jcorranEff_116643.list.root
NCores : 4
13523
Mon Jun 23 11:44:35 EEST 2014
hadd Target file: /tmp/bschang/batch/PID13523-20140623-114435-merge-list/jcorranEff_116643.list-27628/xaa.root
hadd Target file: /tmp/bschang/batch/PID13523-20140623-114435-merge-list/jcorranEff_116643.list-27628/xab.root
hadd Source file 1: output/116643/032/jcorranEff.root
hadd Source file 1: output/116643/061/jcorranEff.root
hadd Source file 2: output/116643/084/jcorranEff.root
hadd Source file 2: output/116643/024/jcorranEff.root
hadd Source file 3: output/116643/045/jcorranEff.root
hadd Source file 3: output/116643/018/jcorranEff.root
hadd Source file 4: output/116643/048/jcorranEff.root
hadd Source file 5: output/116643/007/jcorranEff.root
hadd Source file 4: output/116643/060/jcorranEff.root
hadd Source file 6: output/116643/072/jcorranEff.root
hadd Source file 5: output/116643/062/jcorranEff.root
hadd Source file 7: output/116643/022/jcorranEff.root
hadd Source file 8: output/116643/057/jcorranEff.root
hadd Source file 6: output/116643/063/jcorranEff.root
hadd Source file 7: output/116643/003/jcorranEff.root
hadd Source file 9: output/116643/043/jcorranEff.root
hadd Source file 8: output/116643/044/jcorranEff.root
hadd Source file 10: output/116643/002/jcorranEff.root
hadd Source file 11: output/116643/059/jcorranEff.root
hadd Source file 12: output/116643/075/jcorranEff.root
hadd Source file 9: output/116643/031/jcorranEff.root
hadd Source file 10: output/116643/026/jcorranEff.root
hadd Source file 13: output/116643/068/jcorranEff.root
hadd Source file 11: output/116643/052/jcorranEff.root
hadd Source file 14: output/116643/005/jcorranEff.root
hadd Source file 12: output/116643/033/jcorranEff.root
hadd Source file 15: output/116643/016/jcorranEff.root
hadd Source file 13: output/116643/046/jcorranEff.root
hadd Source file 16: output/116643/017/jcorranEff.root
hadd Source file 14: output/116643/038/jcorranEff.root
hadd Source file 17: output/116643/028/jcorranEff.root
hadd Source file 15: output/116643/078/jcorranEff.root
hadd Source file 16: output/116643/050/jcorranEff.root
hadd Source file 18: output/116643/064/jcorranEff.root
hadd Source file 17: output/116643/030/jcorranEff.root
hadd Source file 19: output/116643/082/jcorranEff.root
hadd Source file 18: output/116643/035/jcorranEff.root
hadd Source file 20: output/116643/008/jcorranEff.root
hadd Source file 19: output/116643/053/jcorranEff.root
hadd Source file 21: output/116643/034/jcorranEff.root
hadd Source file 22: output/116643/036/jcorranEff.root
hadd Source file 20: output/116643/027/jcorranEff.root
hadd Source file 21: output/116643/021/jcorranEff.root
hadd Source file 22: output/116643/010/jcorranEff.root
hadd Source file 23: output/116643/009/jcorranEff.root
hadd Source file 24: output/116643/011/jcorranEff.root
hadd Source file 25: output/116643/006/jcorranEff.root
hadd Source file 23: output/116643/047/jcorranEff.root
hadd Source file 26: output/116643/073/jcorranEff.root
hadd Source file 24: output/116643/074/jcorranEff.root
hadd Source file 27: output/116643/054/jcorranEff.root
hadd Source file 25: output/116643/004/jcorranEff.root
hadd Source file 28: output/116643/041/jcorranEff.root
hadd Source file 26: output/116643/013/jcorranEff.root
hadd Source file 29: output/116643/069/jcorranEff.root
hadd Source file 30: output/116643/049/jcorranEff.root
hadd Source file 27: output/116643/066/jcorranEff.root
hadd Source file 31: output/116643/067/jcorranEff.root
hadd Source file 28: output/116643/077/jcorranEff.root
hadd Source file 29: output/116643/012/jcorranEff.root
hadd Source file 30: output/116643/071/jcorranEff.root
hadd Source file 32: output/116643/081/jcorranEff.root
hadd Source file 31: output/116643/039/jcorranEff.root
hadd Source file 33: output/116643/020/jcorranEff.root
hadd Source file 32: output/116643/042/jcorranEff.root
hadd Target path: /tmp/bschang/batch/PID13523-20140623-114435-merge-list/jcorranEff_116643.list-27628/xab.root:/
hadd Target path: /tmp/bschang/batch/PID13523-20140623-114435-merge-list/jcorranEff_116643.list-27628/xab.root:/EffHist
hadd Source file 33: output/116643/083/jcorranEff.root
hadd Source file 34: output/116643/019/jcorranEff.root
hadd Source file 35: output/116643/079/jcorranEff.root
hadd Source file 36: output/116643/014/jcorranEff.root
hadd Source file 37: output/116643/040/jcorranEff.root
hadd Source file 38: output/116643/015/jcorranEff.root
hadd Source file 39: output/116643/058/jcorranEff.root
hadd Source file 40: output/116643/080/jcorranEff.root
hadd Source file 41: output/116643/051/jcorranEff.root
hadd Source file 42: output/116643/029/jcorranEff.root
hadd Source file 43: output/116643/001/jcorranEff.root
hadd Source file 44: output/116643/037/jcorranEff.root
hadd Source file 45: output/116643/055/jcorranEff.root
hadd Source file 46: output/116643/025/jcorranEff.root
hadd Source file 47: output/116643/023/jcorranEff.root
hadd Source file 48: output/116643/056/jcorranEff.root
hadd Source file 49: output/116643/065/jcorranEff.root
hadd Source file 50: output/116643/070/jcorranEff.root
hadd Target path: /tmp/bschang/batch/PID13523-20140623-114435-merge-list/jcorranEff_116643.list-27628/xaa.root:/
hadd Target path: /tmp/bschang/batch/PID13523-20140623-114435-merge-list/jcorranEff_116643.list-27628/xaa.root:/EffHist
hadd Target file: merged/jcorranEff_116643.list.root
hadd Source file 1: /tmp/bschang/batch/PID13523-20140623-114435-merge-list/jcorranEff_116643.list-27628/xaa.root
hadd Source file 2: /tmp/bschang/batch/PID13523-20140623-114435-merge-list/jcorranEff_116643.list-27628/xab.root
hadd Target path: merged/jcorranEff_116643.list.root:/
hadd Target path: merged/jcorranEff_116643.list.root:/EffHist
Mon Jun 23 11:44:41 EEST 2014
==== Time : 6
