INPUT : list/jcorranEff_116402.list
OUTPUT : merged/jcorranEff_116402.list.root
NCores : 4
12863
Mon Jun 23 11:44:02 EEST 2014
hadd Target file: /tmp/bschang/batch/PID12863-20140623-114402-merge-list/jcorranEff_116402.list-19231/xab.root
hadd Target file: /tmp/bschang/batch/PID12863-20140623-114402-merge-list/jcorranEff_116402.list-19231/xaa.root
hadd Source file 1: output/116402/044/jcorranEff.root
hadd Source file 1: output/116402/002/jcorranEff.root
hadd Source file 2: output/116402/008/jcorranEff.root
hadd Source file 3: output/116402/033/jcorranEff.root
hadd Source file 2: output/116402/062/jcorranEff.root
hadd Source file 4: output/116402/007/jcorranEff.root
hadd Source file 5: output/116402/020/jcorranEff.root
hadd Source file 6: output/116402/036/jcorranEff.root
hadd Source file 7: output/116402/019/jcorranEff.root
hadd Source file 8: output/116402/060/jcorranEff.root
hadd Source file 9: output/116402/052/jcorranEff.root
hadd Source file 10: output/116402/010/jcorranEff.root
hadd Source file 11: output/116402/025/jcorranEff.root
hadd Source file 12: output/116402/051/jcorranEff.root
hadd Source file 3: output/116402/024/jcorranEff.root
hadd Source file 4: output/116402/012/jcorranEff.root
hadd Source file 13: output/116402/038/jcorranEff.root
hadd Source file 5: output/116402/032/jcorranEff.root
hadd Source file 6: output/116402/048/jcorranEff.root
hadd Target path: /tmp/bschang/batch/PID12863-20140623-114402-merge-list/jcorranEff_116402.list-19231/xab.root:/
hadd Source file 7: output/116402/037/jcorranEff.root
hadd Source file 8: output/116402/045/jcorranEff.root
hadd Source file 9: output/116402/061/jcorranEff.root
hadd Source file 10: output/116402/042/jcorranEff.root
hadd Target path: /tmp/bschang/batch/PID12863-20140623-114402-merge-list/jcorranEff_116402.list-19231/xab.root:/EffHist
hadd Source file 11: output/116402/056/jcorranEff.root
hadd Source file 12: output/116402/053/jcorranEff.root
hadd Source file 13: output/116402/001/jcorranEff.root
hadd Source file 14: output/116402/039/jcorranEff.root
hadd Source file 15: output/116402/014/jcorranEff.root
hadd Source file 16: output/116402/029/jcorranEff.root
hadd Source file 17: output/116402/035/jcorranEff.root
hadd Source file 18: output/116402/011/jcorranEff.root
hadd Source file 19: output/116402/021/jcorranEff.root
hadd Source file 20: output/116402/043/jcorranEff.root
hadd Source file 21: output/116402/057/jcorranEff.root
hadd Source file 22: output/116402/026/jcorranEff.root
hadd Source file 23: output/116402/017/jcorranEff.root
hadd Source file 24: output/116402/034/jcorranEff.root
hadd Source file 25: output/116402/022/jcorranEff.root
hadd Source file 26: output/116402/028/jcorranEff.root
hadd Source file 27: output/116402/041/jcorranEff.root
hadd Source file 28: output/116402/030/jcorranEff.root
hadd Source file 29: output/116402/047/jcorranEff.root
hadd Source file 30: output/116402/058/jcorranEff.root
hadd Source file 31: output/116402/050/jcorranEff.root
hadd Source file 32: output/116402/004/jcorranEff.root
hadd Source file 33: output/116402/016/jcorranEff.root
hadd Source file 34: output/116402/040/jcorranEff.root
hadd Source file 35: output/116402/054/jcorranEff.root
hadd Source file 36: output/116402/049/jcorranEff.root
hadd Source file 37: output/116402/027/jcorranEff.root
hadd Source file 38: output/116402/031/jcorranEff.root
hadd Source file 39: output/116402/003/jcorranEff.root
hadd Source file 40: output/116402/015/jcorranEff.root
hadd Source file 41: output/116402/005/jcorranEff.root
hadd Source file 42: output/116402/006/jcorranEff.root
hadd Source file 43: output/116402/013/jcorranEff.root
hadd Source file 44: output/116402/063/jcorranEff.root
hadd Source file 45: output/116402/023/jcorranEff.root
hadd Source file 46: output/116402/046/jcorranEff.root
hadd Source file 47: output/116402/009/jcorranEff.root
hadd Source file 48: output/116402/055/jcorranEff.root
hadd Source file 49: output/116402/018/jcorranEff.root
hadd Source file 50: output/116402/059/jcorranEff.root
hadd Target path: /tmp/bschang/batch/PID12863-20140623-114402-merge-list/jcorranEff_116402.list-19231/xaa.root:/
hadd Target path: /tmp/bschang/batch/PID12863-20140623-114402-merge-list/jcorranEff_116402.list-19231/xaa.root:/EffHist
hadd Target file: merged/jcorranEff_116402.list.root
hadd Source file 1: /tmp/bschang/batch/PID12863-20140623-114402-merge-list/jcorranEff_116402.list-19231/xaa.root
hadd Source file 2: /tmp/bschang/batch/PID12863-20140623-114402-merge-list/jcorranEff_116402.list-19231/xab.root
hadd Target path: merged/jcorranEff_116402.list.root:/
hadd Target path: merged/jcorranEff_116402.list.root:/EffHist
Mon Jun 23 11:44:09 EEST 2014
==== Time : 7
