INPUT : list/jcorranEff_116403.list
OUTPUT : merged/jcorranEff_116403.list.root
NCores : 4
13081
Mon Jun 23 11:44:09 EEST 2014
hadd Target file: /tmp/bschang/batch/PID13081-20140623-114409-merge-list/jcorranEff_116403.list-7555/xab.root
hadd Source file 1: output/116403/061/jcorranEff.root
hadd Target file: /tmp/bschang/batch/PID13081-20140623-114409-merge-list/jcorranEff_116403.list-7555/xaa.root
hadd Source file 1: output/116403/051/jcorranEff.root
hadd Source file 2: output/116403/055/jcorranEff.root
hadd Source file 3: output/116403/047/jcorranEff.root
hadd Source file 4: output/116403/033/jcorranEff.root
hadd Source file 5: output/116403/053/jcorranEff.root
hadd Source file 6: output/116403/029/jcorranEff.root
hadd Source file 7: output/116403/011/jcorranEff.root
hadd Source file 8: output/116403/005/jcorranEff.root
hadd Source file 9: output/116403/002/jcorranEff.root
hadd Source file 2: output/116403/041/jcorranEff.root
hadd Source file 10: output/116403/057/jcorranEff.root
hadd Source file 11: output/116403/004/jcorranEff.root
hadd Source file 3: output/116403/001/jcorranEff.root
hadd Target path: /tmp/bschang/batch/PID13081-20140623-114409-merge-list/jcorranEff_116403.list-7555/xab.root:/
hadd Source file 4: output/116403/037/jcorranEff.root
hadd Target path: /tmp/bschang/batch/PID13081-20140623-114409-merge-list/jcorranEff_116403.list-7555/xab.root:/EffHist
hadd Source file 5: output/116403/044/jcorranEff.root
hadd Source file 6: output/116403/030/jcorranEff.root
hadd Source file 7: output/116403/006/jcorranEff.root
hadd Source file 8: output/116403/028/jcorranEff.root
hadd Source file 9: output/116403/043/jcorranEff.root
hadd Source file 10: output/116403/052/jcorranEff.root
hadd Source file 11: output/116403/014/jcorranEff.root
hadd Source file 12: output/116403/056/jcorranEff.root
hadd Source file 13: output/116403/023/jcorranEff.root
hadd Source file 14: output/116403/060/jcorranEff.root
hadd Source file 15: output/116403/003/jcorranEff.root
hadd Source file 16: output/116403/008/jcorranEff.root
hadd Source file 17: output/116403/034/jcorranEff.root
hadd Source file 18: output/116403/027/jcorranEff.root
hadd Source file 19: output/116403/042/jcorranEff.root
hadd Source file 20: output/116403/036/jcorranEff.root
hadd Source file 21: output/116403/038/jcorranEff.root
hadd Source file 22: output/116403/046/jcorranEff.root
hadd Source file 23: output/116403/017/jcorranEff.root
hadd Source file 24: output/116403/026/jcorranEff.root
hadd Source file 25: output/116403/040/jcorranEff.root
hadd Source file 26: output/116403/039/jcorranEff.root
hadd Source file 27: output/116403/054/jcorranEff.root
hadd Source file 28: output/116403/021/jcorranEff.root
hadd Source file 29: output/116403/009/jcorranEff.root
hadd Source file 30: output/116403/050/jcorranEff.root
hadd Source file 31: output/116403/012/jcorranEff.root
hadd Source file 32: output/116403/010/jcorranEff.root
hadd Source file 33: output/116403/059/jcorranEff.root
hadd Source file 34: output/116403/018/jcorranEff.root
hadd Source file 35: output/116403/007/jcorranEff.root
hadd Source file 36: output/116403/048/jcorranEff.root
hadd Source file 37: output/116403/015/jcorranEff.root
hadd Source file 38: output/116403/025/jcorranEff.root
hadd Source file 39: output/116403/013/jcorranEff.root
hadd Source file 40: output/116403/062/jcorranEff.root
hadd Source file 41: output/116403/022/jcorranEff.root
hadd Source file 42: output/116403/049/jcorranEff.root
hadd Source file 43: output/116403/019/jcorranEff.root
hadd Source file 44: output/116403/032/jcorranEff.root
hadd Source file 45: output/116403/016/jcorranEff.root
hadd Source file 46: output/116403/020/jcorranEff.root
hadd Source file 47: output/116403/045/jcorranEff.root
hadd Source file 48: output/116403/058/jcorranEff.root
hadd Source file 49: output/116403/024/jcorranEff.root
hadd Source file 50: output/116403/031/jcorranEff.root
hadd Target path: /tmp/bschang/batch/PID13081-20140623-114409-merge-list/jcorranEff_116403.list-7555/xaa.root:/
hadd Target path: /tmp/bschang/batch/PID13081-20140623-114409-merge-list/jcorranEff_116403.list-7555/xaa.root:/EffHist
hadd Target file: merged/jcorranEff_116403.list.root
hadd Source file 1: /tmp/bschang/batch/PID13081-20140623-114409-merge-list/jcorranEff_116403.list-7555/xaa.root
hadd Source file 2: /tmp/bschang/batch/PID13081-20140623-114409-merge-list/jcorranEff_116403.list-7555/xab.root
hadd Target path: merged/jcorranEff_116403.list.root:/
hadd Target path: merged/jcorranEff_116403.list.root:/EffHist
Mon Jun 23 11:44:15 EEST 2014
==== Time : 6
