INPUT : list/jcorranEff_117050.list
OUTPUT : merged/jcorranEff_117050.list.root
NCores : 4
13960
Mon Jun 23 11:44:57 EEST 2014
hadd Target file: /tmp/bschang/batch/PID13960-20140623-114457-merge-list/jcorranEff_117050.list-10715/xac.root
hadd Target file: /tmp/bschang/batch/PID13960-20140623-114457-merge-list/jcorranEff_117050.list-10715/xad.root
hadd Target file: /tmp/bschang/batch/PID13960-20140623-114457-merge-list/jcorranEff_117050.list-10715/xaa.root
hadd Target file: /tmp/bschang/batch/PID13960-20140623-114457-merge-list/jcorranEff_117050.list-10715/xab.root
hadd Source file 1: output/117050/143/jcorranEff.root
hadd Source file 1: output/117050/106/jcorranEff.root
hadd Source file 1: output/117050/152/jcorranEff.root
hadd Source file 1: output/117050/001/jcorranEff.root
hadd Source file 2: output/117050/042/jcorranEff.root
hadd Source file 3: output/117050/183/jcorranEff.root
hadd Source file 4: output/117050/063/jcorranEff.root
hadd Source file 2: output/117050/149/jcorranEff.root
hadd Source file 5: output/117050/073/jcorranEff.root
hadd Source file 2: output/117050/057/jcorranEff.root
hadd Source file 3: output/117050/037/jcorranEff.root
hadd Source file 6: output/117050/077/jcorranEff.root
hadd Source file 4: output/117050/193/jcorranEff.root
hadd Source file 3: output/117050/036/jcorranEff.root
hadd Source file 5: output/117050/161/jcorranEff.root
hadd Source file 7: output/117050/180/jcorranEff.root
hadd Source file 4: output/117050/171/jcorranEff.root
hadd Source file 8: output/117050/056/jcorranEff.root
hadd Source file 5: output/117050/122/jcorranEff.root
hadd Source file 6: output/117050/113/jcorranEff.root
hadd Source file 6: output/117050/083/jcorranEff.root
hadd Source file 2: output/117050/137/jcorranEff.root
hadd Source file 9: output/117050/010/jcorranEff.root
hadd Source file 7: output/117050/054/jcorranEff.root
hadd Source file 10: output/117050/072/jcorranEff.root
hadd Source file 3: output/117050/105/jcorranEff.root
hadd Source file 8: output/117050/030/jcorranEff.root
hadd Source file 7: output/117050/017/jcorranEff.root
hadd Source file 8: output/117050/205/jcorranEff.root
hadd Source file 11: output/117050/003/jcorranEff.root
hadd Source file 4: output/117050/142/jcorranEff.root
hadd Source file 12: output/117050/111/jcorranEff.root
hadd Source file 9: output/117050/135/jcorranEff.root
hadd Source file 9: output/117050/147/jcorranEff.root
hadd Source file 13: output/117050/199/jcorranEff.root
hadd Source file 10: output/117050/172/jcorranEff.root
hadd Source file 10: output/117050/156/jcorranEff.root
hadd Source file 14: output/117050/197/jcorranEff.root
hadd Source file 5: output/117050/157/jcorranEff.root
hadd Source file 11: output/117050/098/jcorranEff.root
hadd Source file 15: output/117050/058/jcorranEff.root
hadd Source file 11: output/117050/150/jcorranEff.root
hadd Source file 6: output/117050/025/jcorranEff.root
hadd Source file 16: output/117050/117/jcorranEff.root
hadd Source file 12: output/117050/080/jcorranEff.root
hadd Source file 17: output/117050/062/jcorranEff.root
hadd Source file 12: output/117050/203/jcorranEff.root
hadd Source file 13: output/117050/032/jcorranEff.root
hadd Source file 18: output/117050/164/jcorranEff.root
hadd Source file 7: output/117050/018/jcorranEff.root
hadd Source file 13: output/117050/052/jcorranEff.root
hadd Source file 8: output/117050/126/jcorranEff.root
hadd Source file 14: output/117050/185/jcorranEff.root
hadd Source file 14: output/117050/045/jcorranEff.root
hadd Source file 19: output/117050/019/jcorranEff.root
hadd Source file 9: output/117050/002/jcorranEff.root
hadd Source file 15: output/117050/044/jcorranEff.root
hadd Source file 15: output/117050/053/jcorranEff.root
hadd Source file 10: output/117050/016/jcorranEff.root
hadd Source file 20: output/117050/046/jcorranEff.root
hadd Source file 16: output/117050/090/jcorranEff.root
hadd Source file 21: output/117050/050/jcorranEff.root
hadd Source file 11: output/117050/021/jcorranEff.root
hadd Source file 16: output/117050/024/jcorranEff.root
hadd Source file 12: output/117050/186/jcorranEff.root
hadd Source file 17: output/117050/067/jcorranEff.root
hadd Source file 22: output/117050/061/jcorranEff.root
hadd Source file 17: output/117050/130/jcorranEff.root
hadd Source file 13: output/117050/204/jcorranEff.root
hadd Source file 14: output/117050/029/jcorranEff.root
hadd Source file 18: output/117050/026/jcorranEff.root
hadd Source file 18: output/117050/191/jcorranEff.root
hadd Source file 23: output/117050/047/jcorranEff.root
hadd Source file 24: output/117050/179/jcorranEff.root
hadd Source file 25: output/117050/089/jcorranEff.root
hadd Source file 15: output/117050/070/jcorranEff.root
hadd Source file 19: output/117050/155/jcorranEff.root
hadd Source file 19: output/117050/104/jcorranEff.root
hadd Source file 16: output/117050/055/jcorranEff.root
hadd Source file 20: output/117050/040/jcorranEff.root
hadd Source file 26: output/117050/196/jcorranEff.root
hadd Source file 20: output/117050/100/jcorranEff.root
hadd Source file 21: output/117050/013/jcorranEff.root
hadd Source file 27: output/117050/139/jcorranEff.root
hadd Source file 22: output/117050/153/jcorranEff.root
hadd Source file 17: output/117050/092/jcorranEff.root
hadd Source file 21: output/117050/134/jcorranEff.root
hadd Source file 28: output/117050/022/jcorranEff.root
hadd Source file 23: output/117050/112/jcorranEff.root
hadd Source file 29: output/117050/202/jcorranEff.root
hadd Source file 18: output/117050/166/jcorranEff.root
hadd Source file 22: output/117050/014/jcorranEff.root
hadd Source file 19: output/117050/096/jcorranEff.root
hadd Source file 30: output/117050/115/jcorranEff.root
hadd Source file 24: output/117050/034/jcorranEff.root
hadd Source file 20: output/117050/084/jcorranEff.root
hadd Source file 31: output/117050/107/jcorranEff.root
hadd Source file 23: output/117050/123/jcorranEff.root
hadd Source file 32: output/117050/136/jcorranEff.root
hadd Source file 25: output/117050/012/jcorranEff.root
hadd Source file 21: output/117050/039/jcorranEff.root
hadd Source file 24: output/117050/085/jcorranEff.root
hadd Source file 26: output/117050/167/jcorranEff.root
hadd Source file 33: output/117050/116/jcorranEff.root
hadd Source file 22: output/117050/145/jcorranEff.root
hadd Source file 25: output/117050/087/jcorranEff.root
hadd Source file 34: output/117050/064/jcorranEff.root
hadd Source file 27: output/117050/160/jcorranEff.root
hadd Source file 23: output/117050/175/jcorranEff.root
hadd Source file 28: output/117050/060/jcorranEff.root
hadd Source file 26: output/117050/181/jcorranEff.root
hadd Source file 35: output/117050/103/jcorranEff.root
hadd Source file 36: output/117050/101/jcorranEff.root
hadd Source file 24: output/117050/146/jcorranEff.root
hadd Source file 27: output/117050/119/jcorranEff.root
hadd Source file 29: output/117050/169/jcorranEff.root
hadd Source file 25: output/117050/140/jcorranEff.root
hadd Source file 37: output/117050/081/jcorranEff.root
hadd Source file 30: output/117050/095/jcorranEff.root
hadd Source file 38: output/117050/173/jcorranEff.root
hadd Source file 28: output/117050/028/jcorranEff.root
hadd Source file 26: output/117050/027/jcorranEff.root
hadd Source file 39: output/117050/200/jcorranEff.root
hadd Source file 31: output/117050/071/jcorranEff.root
hadd Source file 29: output/117050/008/jcorranEff.root
hadd Source file 27: output/117050/020/jcorranEff.root
hadd Source file 32: output/117050/178/jcorranEff.root
hadd Source file 30: output/117050/114/jcorranEff.root
hadd Source file 28: output/117050/124/jcorranEff.root
hadd Source file 40: output/117050/128/jcorranEff.root
hadd Source file 33: output/117050/125/jcorranEff.root
hadd Source file 31: output/117050/174/jcorranEff.root
hadd Source file 34: output/117050/075/jcorranEff.root
hadd Source file 35: output/117050/165/jcorranEff.root
hadd Source file 29: output/117050/088/jcorranEff.root
hadd Source file 41: output/117050/015/jcorranEff.root
hadd Source file 32: output/117050/148/jcorranEff.root
hadd Source file 36: output/117050/033/jcorranEff.root
hadd Source file 30: output/117050/059/jcorranEff.root
hadd Source file 42: output/117050/079/jcorranEff.root
hadd Source file 31: output/117050/091/jcorranEff.root
hadd Source file 33: output/117050/151/jcorranEff.root
hadd Source file 37: output/117050/011/jcorranEff.root
hadd Source file 32: output/117050/195/jcorranEff.root
hadd Source file 43: output/117050/065/jcorranEff.root
hadd Source file 38: output/117050/141/jcorranEff.root
hadd Source file 33: output/117050/097/jcorranEff.root
hadd Source file 44: output/117050/068/jcorranEff.root
hadd Source file 39: output/117050/188/jcorranEff.root
hadd Source file 34: output/117050/049/jcorranEff.root
hadd Source file 34: output/117050/154/jcorranEff.root
hadd Source file 45: output/117050/192/jcorranEff.root
hadd Source file 35: output/117050/031/jcorranEff.root
hadd Source file 40: output/117050/129/jcorranEff.root
hadd Source file 35: output/117050/138/jcorranEff.root
hadd Source file 46: output/117050/041/jcorranEff.root
hadd Source file 36: output/117050/207/jcorranEff.root
hadd Source file 36: output/117050/099/jcorranEff.root
hadd Source file 47: output/117050/127/jcorranEff.root
hadd Source file 41: output/117050/051/jcorranEff.root
hadd Source file 37: output/117050/035/jcorranEff.root
hadd Source file 37: output/117050/066/jcorranEff.root
hadd Source file 42: output/117050/206/jcorranEff.root
hadd Source file 38: output/117050/132/jcorranEff.root
hadd Source file 43: output/117050/133/jcorranEff.root
hadd Source file 48: output/117050/086/jcorranEff.root
hadd Source file 49: output/117050/177/jcorranEff.root
hadd Source file 38: output/117050/004/jcorranEff.root
hadd Source file 44: output/117050/118/jcorranEff.root
hadd Source file 39: output/117050/093/jcorranEff.root
hadd Source file 45: output/117050/069/jcorranEff.root
hadd Source file 39: output/117050/007/jcorranEff.root
hadd Source file 40: output/117050/078/jcorranEff.root
hadd Source file 46: output/117050/190/jcorranEff.root
hadd Source file 40: output/117050/109/jcorranEff.root
hadd Source file 41: output/117050/094/jcorranEff.root
hadd Source file 47: output/117050/194/jcorranEff.root
hadd Source file 50: output/117050/009/jcorranEff.root
hadd Source file 41: output/117050/144/jcorranEff.root
hadd Source file 42: output/117050/158/jcorranEff.root
hadd Source file 48: output/117050/121/jcorranEff.root
hadd Source file 49: output/117050/159/jcorranEff.root
hadd Source file 43: output/117050/005/jcorranEff.root
hadd Target path: /tmp/bschang/batch/PID13960-20140623-114457-merge-list/jcorranEff_117050.list-10715/xad.root:/
hadd Source file 44: output/117050/201/jcorranEff.root
hadd Source file 42: output/117050/182/jcorranEff.root
hadd Source file 50: output/117050/110/jcorranEff.root
hadd Target path: /tmp/bschang/batch/PID13960-20140623-114457-merge-list/jcorranEff_117050.list-10715/xad.root:/EffHist
hadd Source file 43: output/117050/198/jcorranEff.root
hadd Source file 45: output/117050/189/jcorranEff.root
hadd Source file 44: output/117050/038/jcorranEff.root
hadd Source file 46: output/117050/006/jcorranEff.root
hadd Source file 45: output/117050/131/jcorranEff.root
hadd Source file 47: output/117050/108/jcorranEff.root
hadd Source file 46: output/117050/076/jcorranEff.root
hadd Source file 48: output/117050/102/jcorranEff.root
hadd Source file 47: output/117050/023/jcorranEff.root
hadd Source file 49: output/117050/162/jcorranEff.root
hadd Source file 48: output/117050/074/jcorranEff.root
hadd Target path: /tmp/bschang/batch/PID13960-20140623-114457-merge-list/jcorranEff_117050.list-10715/xab.root:/
hadd Source file 50: output/117050/176/jcorranEff.root
hadd Source file 49: output/117050/082/jcorranEff.root
hadd Target path: /tmp/bschang/batch/PID13960-20140623-114457-merge-list/jcorranEff_117050.list-10715/xab.root:/EffHist
hadd Target path: /tmp/bschang/batch/PID13960-20140623-114457-merge-list/jcorranEff_117050.list-10715/xac.root:/
hadd Source file 50: output/117050/048/jcorranEff.root
hadd Target path: /tmp/bschang/batch/PID13960-20140623-114457-merge-list/jcorranEff_117050.list-10715/xac.root:/EffHist
hadd Target path: /tmp/bschang/batch/PID13960-20140623-114457-merge-list/jcorranEff_117050.list-10715/xaa.root:/
hadd Target path: /tmp/bschang/batch/PID13960-20140623-114457-merge-list/jcorranEff_117050.list-10715/xaa.root:/EffHist
hadd Target file: /tmp/bschang/batch/PID13960-20140623-114457-merge-list/jcorranEff_117050.list-10715/xae.root
hadd Source file 1: output/117050/170/jcorranEff.root
hadd Source file 2: output/117050/043/jcorranEff.root
hadd Source file 3: output/117050/120/jcorranEff.root
hadd Target path: /tmp/bschang/batch/PID13960-20140623-114457-merge-list/jcorranEff_117050.list-10715/xae.root:/
hadd Target path: /tmp/bschang/batch/PID13960-20140623-114457-merge-list/jcorranEff_117050.list-10715/xae.root:/EffHist
hadd Target file: merged/jcorranEff_117050.list.root
hadd Source file 1: /tmp/bschang/batch/PID13960-20140623-114457-merge-list/jcorranEff_117050.list-10715/xaa.root
hadd Source file 2: /tmp/bschang/batch/PID13960-20140623-114457-merge-list/jcorranEff_117050.list-10715/xab.root
hadd Source file 3: /tmp/bschang/batch/PID13960-20140623-114457-merge-list/jcorranEff_117050.list-10715/xac.root
hadd Source file 4: /tmp/bschang/batch/PID13960-20140623-114457-merge-list/jcorranEff_117050.list-10715/xad.root
hadd Source file 5: /tmp/bschang/batch/PID13960-20140623-114457-merge-list/jcorranEff_117050.list-10715/xae.root
hadd Target path: merged/jcorranEff_117050.list.root:/
hadd Target path: merged/jcorranEff_117050.list.root:/EffHist
Mon Jun 23 11:45:05 EEST 2014
==== Time : 8
