INPUT : list/jcorranEff_117116.list
OUTPUT : merged/jcorranEff_117116.list.root
NCores : 4
16213
Mon Jun 23 11:46:30 EEST 2014
hadd Target file: /tmp/bschang/batch/PID16213-20140623-114630-merge-list/jcorranEff_117116.list-4968/xac.root
hadd Target file: /tmp/bschang/batch/PID16213-20140623-114630-merge-list/jcorranEff_117116.list-4968/xaa.root
hadd Target file: /tmp/bschang/batch/PID16213-20140623-114630-merge-list/jcorranEff_117116.list-4968/xab.root
hadd Target file: /tmp/bschang/batch/PID16213-20140623-114630-merge-list/jcorranEff_117116.list-4968/xad.root
hadd Source file 1: output/117116/378/jcorranEff.root
hadd Source file 1: output/117116/344/jcorranEff.root
hadd Source file 1: output/117116/325/jcorranEff.root
hadd Source file 1: output/117116/017/jcorranEff.root
hadd Source file 2: output/117116/221/jcorranEff.root
hadd Source file 3: output/117116/434/jcorranEff.root
hadd Source file 4: output/117116/458/jcorranEff.root
hadd Source file 5: output/117116/247/jcorranEff.root
hadd Source file 6: output/117116/022/jcorranEff.root
hadd Source file 7: output/117116/289/jcorranEff.root
hadd Source file 2: output/117116/454/jcorranEff.root
hadd Source file 2: output/117116/158/jcorranEff.root
hadd Source file 2: output/117116/313/jcorranEff.root
hadd Source file 8: output/117116/341/jcorranEff.root
hadd Source file 3: output/117116/339/jcorranEff.root
hadd Source file 3: output/117116/430/jcorranEff.root
hadd Source file 9: output/117116/310/jcorranEff.root
hadd Source file 3: output/117116/133/jcorranEff.root
hadd Source file 4: output/117116/517/jcorranEff.root
hadd Source file 4: output/117116/305/jcorranEff.root
hadd Source file 10: output/117116/301/jcorranEff.root
hadd Source file 5: output/117116/467/jcorranEff.root
hadd Source file 4: output/117116/083/jcorranEff.root
hadd Source file 5: output/117116/178/jcorranEff.root
hadd Source file 5: output/117116/043/jcorranEff.root
hadd Source file 6: output/117116/188/jcorranEff.root
hadd Source file 11: output/117116/209/jcorranEff.root
hadd Source file 6: output/117116/540/jcorranEff.root
hadd Source file 6: output/117116/111/jcorranEff.root
hadd Source file 12: output/117116/125/jcorranEff.root
hadd Source file 7: output/117116/508/jcorranEff.root
hadd Source file 7: output/117116/207/jcorranEff.root
hadd Source file 13: output/117116/444/jcorranEff.root
hadd Source file 8: output/117116/368/jcorranEff.root
hadd Source file 7: output/117116/264/jcorranEff.root
hadd Source file 8: output/117116/251/jcorranEff.root
hadd Source file 14: output/117116/122/jcorranEff.root
hadd Source file 8: output/117116/337/jcorranEff.root
hadd Source file 9: output/117116/478/jcorranEff.root
hadd Source file 15: output/117116/495/jcorranEff.root
hadd Source file 9: output/117116/398/jcorranEff.root
hadd Source file 9: output/117116/512/jcorranEff.root
hadd Source file 16: output/117116/329/jcorranEff.root
hadd Source file 10: output/117116/252/jcorranEff.root
hadd Source file 10: output/117116/054/jcorranEff.root
hadd Source file 10: output/117116/462/jcorranEff.root
hadd Source file 17: output/117116/308/jcorranEff.root
hadd Source file 11: output/117116/212/jcorranEff.root
hadd Source file 11: output/117116/498/jcorranEff.root
hadd Source file 18: output/117116/385/jcorranEff.root
hadd Source file 12: output/117116/087/jcorranEff.root
hadd Source file 11: output/117116/423/jcorranEff.root
hadd Source file 13: output/117116/539/jcorranEff.root
hadd Source file 12: output/117116/236/jcorranEff.root
hadd Source file 19: output/117116/447/jcorranEff.root
hadd Source file 12: output/117116/159/jcorranEff.root
hadd Source file 14: output/117116/241/jcorranEff.root
hadd Source file 13: output/117116/049/jcorranEff.root
hadd Source file 20: output/117116/411/jcorranEff.root
hadd Source file 15: output/117116/190/jcorranEff.root
hadd Source file 13: output/117116/267/jcorranEff.root
hadd Source file 14: output/117116/019/jcorranEff.root
hadd Source file 14: output/117116/521/jcorranEff.root
hadd Source file 16: output/117116/050/jcorranEff.root
hadd Source file 21: output/117116/036/jcorranEff.root
hadd Source file 15: output/117116/298/jcorranEff.root
hadd Source file 17: output/117116/343/jcorranEff.root
hadd Source file 22: output/117116/284/jcorranEff.root
hadd Source file 15: output/117116/397/jcorranEff.root
hadd Source file 16: output/117116/181/jcorranEff.root
hadd Source file 18: output/117116/394/jcorranEff.root
hadd Source file 23: output/117116/436/jcorranEff.root
hadd Source file 16: output/117116/365/jcorranEff.root
hadd Source file 19: output/117116/256/jcorranEff.root
hadd Source file 17: output/117116/109/jcorranEff.root
hadd Source file 20: output/117116/302/jcorranEff.root
hadd Source file 24: output/117116/107/jcorranEff.root
hadd Source file 25: output/117116/542/jcorranEff.root
hadd Source file 17: output/117116/203/jcorranEff.root
hadd Source file 18: output/117116/227/jcorranEff.root
hadd Source file 21: output/117116/172/jcorranEff.root
hadd Source file 19: output/117116/106/jcorranEff.root
hadd Source file 26: output/117116/114/jcorranEff.root
hadd Source file 22: output/117116/410/jcorranEff.root
hadd Source file 23: output/117116/134/jcorranEff.root
hadd Source file 27: output/117116/303/jcorranEff.root
hadd Source file 20: output/117116/491/jcorranEff.root
hadd Source file 18: output/117116/145/jcorranEff.root
hadd Source file 21: output/117116/028/jcorranEff.root
hadd Source file 19: output/117116/486/jcorranEff.root
hadd Source file 28: output/117116/048/jcorranEff.root
hadd Source file 24: output/117116/340/jcorranEff.root
hadd Source file 20: output/117116/001/jcorranEff.root
hadd Source file 25: output/117116/104/jcorranEff.root
hadd Source file 22: output/117116/182/jcorranEff.root
hadd Source file 21: output/117116/333/jcorranEff.root
hadd Source file 29: output/117116/319/jcorranEff.root
hadd Source file 30: output/117116/220/jcorranEff.root
hadd Source file 23: output/117116/005/jcorranEff.root
hadd Source file 26: output/117116/051/jcorranEff.root
hadd Source file 22: output/117116/428/jcorranEff.root
hadd Source file 24: output/117116/452/jcorranEff.root
hadd Source file 31: output/117116/278/jcorranEff.root
hadd Source file 27: output/117116/002/jcorranEff.root
hadd Source file 23: output/117116/180/jcorranEff.root
hadd Source file 28: output/117116/231/jcorranEff.root
hadd Source file 24: output/117116/059/jcorranEff.root
hadd Source file 25: output/117116/066/jcorranEff.root
hadd Source file 25: output/117116/474/jcorranEff.root
hadd Source file 29: output/117116/504/jcorranEff.root
hadd Source file 26: output/117116/382/jcorranEff.root
hadd Source file 32: output/117116/132/jcorranEff.root
hadd Source file 33: output/117116/468/jcorranEff.root
hadd Source file 30: output/117116/406/jcorranEff.root
hadd Source file 26: output/117116/419/jcorranEff.root
hadd Source file 27: output/117116/485/jcorranEff.root
hadd Source file 31: output/117116/480/jcorranEff.root
hadd Source file 27: output/117116/124/jcorranEff.root
hadd Source file 34: output/117116/089/jcorranEff.root
hadd Source file 28: output/117116/131/jcorranEff.root
hadd Source file 28: output/117116/543/jcorranEff.root
hadd Source file 29: output/117116/244/jcorranEff.root
hadd Source file 35: output/117116/065/jcorranEff.root
hadd Source file 30: output/117116/446/jcorranEff.root
hadd Source file 31: output/117116/139/jcorranEff.root
hadd Source file 32: output/117116/273/jcorranEff.root
hadd Source file 32: output/117116/184/jcorranEff.root
hadd Source file 29: output/117116/277/jcorranEff.root
hadd Source file 36: output/117116/294/jcorranEff.root
hadd Source file 33: output/117116/520/jcorranEff.root
hadd Source file 33: output/117116/018/jcorranEff.root
hadd Source file 37: output/117116/214/jcorranEff.root
hadd Source file 34: output/117116/426/jcorranEff.root
hadd Source file 30: output/117116/269/jcorranEff.root
hadd Source file 34: output/117116/276/jcorranEff.root
hadd Source file 38: output/117116/296/jcorranEff.root
hadd Source file 35: output/117116/037/jcorranEff.root
hadd Source file 35: output/117116/527/jcorranEff.root
hadd Source file 39: output/117116/424/jcorranEff.root
hadd Source file 31: output/117116/137/jcorranEff.root
hadd Source file 36: output/117116/168/jcorranEff.root
hadd Source file 40: output/117116/511/jcorranEff.root
hadd Source file 32: output/117116/072/jcorranEff.root
hadd Source file 36: output/117116/153/jcorranEff.root
hadd Source file 33: output/117116/475/jcorranEff.root
hadd Source file 37: output/117116/170/jcorranEff.root
hadd Source file 41: output/117116/096/jcorranEff.root
hadd Source file 38: output/117116/201/jcorranEff.root
hadd Source file 37: output/117116/432/jcorranEff.root
hadd Source file 34: output/117116/162/jcorranEff.root
hadd Source file 39: output/117116/524/jcorranEff.root
hadd Source file 42: output/117116/387/jcorranEff.root
hadd Source file 38: output/117116/041/jcorranEff.root
hadd Source file 43: output/117116/031/jcorranEff.root
hadd Source file 40: output/117116/056/jcorranEff.root
hadd Source file 39: output/117116/102/jcorranEff.root
hadd Source file 44: output/117116/039/jcorranEff.root
hadd Source file 35: output/117116/332/jcorranEff.root
hadd Source file 41: output/117116/300/jcorranEff.root
hadd Source file 45: output/117116/003/jcorranEff.root
hadd Source file 40: output/117116/514/jcorranEff.root
hadd Source file 36: output/117116/183/jcorranEff.root
hadd Source file 42: output/117116/535/jcorranEff.root
hadd Source file 41: output/117116/254/jcorranEff.root
hadd Source file 43: output/117116/291/jcorranEff.root
hadd Source file 46: output/117116/528/jcorranEff.root
hadd Source file 42: output/117116/148/jcorranEff.root
hadd Source file 44: output/117116/384/jcorranEff.root
hadd Source file 37: output/117116/026/jcorranEff.root
hadd Source file 47: output/117116/412/jcorranEff.root
hadd Source file 38: output/117116/401/jcorranEff.root
hadd Source file 45: output/117116/391/jcorranEff.root
hadd Source file 43: output/117116/076/jcorranEff.root
hadd Source file 48: output/117116/222/jcorranEff.root
hadd Source file 39: output/117116/228/jcorranEff.root
hadd Source file 44: output/117116/095/jcorranEff.root
hadd Source file 46: output/117116/274/jcorranEff.root
hadd Source file 49: output/117116/326/jcorranEff.root
hadd Source file 47: output/117116/261/jcorranEff.root
hadd Source file 40: output/117116/023/jcorranEff.root
hadd Source file 45: output/117116/442/jcorranEff.root
hadd Source file 48: output/117116/523/jcorranEff.root
hadd Source file 50: output/117116/279/jcorranEff.root
hadd Source file 41: output/117116/090/jcorranEff.root
hadd Source file 46: output/117116/055/jcorranEff.root
hadd Source file 42: output/117116/260/jcorranEff.root
hadd Target path: /tmp/bschang/batch/PID16213-20140623-114630-merge-list/jcorranEff_117116.list-4968/xac.root:/
hadd Source file 47: output/117116/004/jcorranEff.root
hadd Source file 43: output/117116/435/jcorranEff.root
hadd Target path: /tmp/bschang/batch/PID16213-20140623-114630-merge-list/jcorranEff_117116.list-4968/xac.root:/EffHist
hadd Source file 48: output/117116/464/jcorranEff.root
hadd Source file 49: output/117116/259/jcorranEff.root
hadd Source file 49: output/117116/422/jcorranEff.root
hadd Source file 44: output/117116/409/jcorranEff.root
hadd Source file 50: output/117116/450/jcorranEff.root
hadd Source file 50: output/117116/173/jcorranEff.root
hadd Source file 45: output/117116/248/jcorranEff.root
hadd Target path: /tmp/bschang/batch/PID16213-20140623-114630-merge-list/jcorranEff_117116.list-4968/xad.root:/
hadd Source file 46: output/117116/151/jcorranEff.root
hadd Target path: /tmp/bschang/batch/PID16213-20140623-114630-merge-list/jcorranEff_117116.list-4968/xaa.root:/
hadd Target path: /tmp/bschang/batch/PID16213-20140623-114630-merge-list/jcorranEff_117116.list-4968/xad.root:/EffHist
hadd Target path: /tmp/bschang/batch/PID16213-20140623-114630-merge-list/jcorranEff_117116.list-4968/xaa.root:/EffHist
hadd Source file 47: output/117116/007/jcorranEff.root
hadd Source file 48: output/117116/342/jcorranEff.root
hadd Source file 49: output/117116/328/jcorranEff.root
hadd Source file 50: output/117116/061/jcorranEff.root
hadd Target path: /tmp/bschang/batch/PID16213-20140623-114630-merge-list/jcorranEff_117116.list-4968/xab.root:/
hadd Target path: /tmp/bschang/batch/PID16213-20140623-114630-merge-list/jcorranEff_117116.list-4968/xab.root:/EffHist
hadd Target file: /tmp/bschang/batch/PID16213-20140623-114630-merge-list/jcorranEff_117116.list-4968/xae.root
hadd Source file 1: output/117116/186/jcorranEff.root
hadd Target file: /tmp/bschang/batch/PID16213-20140623-114630-merge-list/jcorranEff_117116.list-4968/xag.root
hadd Source file 1: output/117116/067/jcorranEff.root
hadd Source file 2: output/117116/253/jcorranEff.root
hadd Source file 3: output/117116/195/jcorranEff.root
hadd Source file 2: output/117116/070/jcorranEff.root
hadd Source file 4: output/117116/393/jcorranEff.root
hadd Source file 3: output/117116/069/jcorranEff.root
hadd Source file 4: output/117116/388/jcorranEff.root
hadd Source file 5: output/117116/470/jcorranEff.root
hadd Source file 5: output/117116/185/jcorranEff.root
hadd Source file 6: output/117116/370/jcorranEff.root
hadd Target file: /tmp/bschang/batch/PID16213-20140623-114630-merge-list/jcorranEff_117116.list-4968/xah.root
hadd Source file 6: output/117116/164/jcorranEff.root
hadd Source file 7: output/117116/268/jcorranEff.root
hadd Source file 7: output/117116/453/jcorranEff.root
hadd Target file: /tmp/bschang/batch/PID16213-20140623-114630-merge-list/jcorranEff_117116.list-4968/xaf.root
hadd Source file 8: output/117116/063/jcorranEff.root
hadd Source file 1: output/117116/215/jcorranEff.root
hadd Source file 9: output/117116/335/jcorranEff.root
hadd Source file 1: output/117116/011/jcorranEff.root
hadd Source file 8: output/117116/352/jcorranEff.root
hadd Source file 10: output/117116/484/jcorranEff.root
hadd Source file 11: output/117116/421/jcorranEff.root
hadd Source file 9: output/117116/506/jcorranEff.root
hadd Source file 2: output/117116/166/jcorranEff.root
hadd Source file 10: output/117116/266/jcorranEff.root
hadd Source file 3: output/117116/392/jcorranEff.root
hadd Source file 12: output/117116/510/jcorranEff.root
hadd Source file 11: output/117116/141/jcorranEff.root
hadd Source file 4: output/117116/295/jcorranEff.root
hadd Source file 13: output/117116/128/jcorranEff.root
hadd Source file 12: output/117116/541/jcorranEff.root
hadd Source file 5: output/117116/372/jcorranEff.root
hadd Source file 14: output/117116/008/jcorranEff.root
hadd Source file 13: output/117116/501/jcorranEff.root
hadd Source file 6: output/117116/085/jcorranEff.root
hadd Source file 2: output/117116/425/jcorranEff.root
hadd Source file 7: output/117116/346/jcorranEff.root
hadd Source file 14: output/117116/369/jcorranEff.root
hadd Source file 15: output/117116/307/jcorranEff.root
hadd Source file 8: output/117116/033/jcorranEff.root
hadd Source file 15: output/117116/123/jcorranEff.root
hadd Source file 3: output/117116/309/jcorranEff.root
hadd Source file 16: output/117116/374/jcorranEff.root
hadd Source file 16: output/117116/445/jcorranEff.root
hadd Source file 9: output/117116/327/jcorranEff.root
hadd Source file 4: output/117116/196/jcorranEff.root
hadd Source file 17: output/117116/223/jcorranEff.root
hadd Source file 17: output/117116/191/jcorranEff.root
hadd Source file 10: output/117116/362/jcorranEff.root
hadd Source file 18: output/117116/330/jcorranEff.root
hadd Source file 18: output/117116/413/jcorranEff.root
hadd Source file 19: output/117116/354/jcorranEff.root
hadd Source file 11: output/117116/529/jcorranEff.root
hadd Source file 12: output/117116/459/jcorranEff.root
hadd Source file 5: output/117116/377/jcorranEff.root
hadd Source file 19: output/117116/047/jcorranEff.root
hadd Source file 20: output/117116/505/jcorranEff.root
hadd Source file 20: output/117116/200/jcorranEff.root
hadd Source file 21: output/117116/129/jcorranEff.root
hadd Source file 6: output/117116/192/jcorranEff.root
hadd Source file 13: output/117116/500/jcorranEff.root
hadd Source file 14: output/117116/157/jcorranEff.root
hadd Source file 7: output/117116/239/jcorranEff.root
hadd Source file 22: output/117116/373/jcorranEff.root
hadd Source file 21: output/117116/488/jcorranEff.root
hadd Source file 15: output/117116/142/jcorranEff.root
hadd Source file 23: output/117116/237/jcorranEff.root
hadd Source file 22: output/117116/020/jcorranEff.root
hadd Source file 8: output/117116/152/jcorranEff.root
hadd Source file 23: output/117116/306/jcorranEff.root
hadd Source file 24: output/117116/469/jcorranEff.root
hadd Source file 16: output/117116/262/jcorranEff.root
hadd Source file 24: output/117116/314/jcorranEff.root
hadd Source file 9: output/117116/230/jcorranEff.root
hadd Source file 25: output/117116/130/jcorranEff.root
hadd Source file 25: output/117116/218/jcorranEff.root
hadd Source file 17: output/117116/167/jcorranEff.root
hadd Source file 10: output/117116/283/jcorranEff.root
hadd Source file 26: output/117116/420/jcorranEff.root
hadd Source file 26: output/117116/016/jcorranEff.root
hadd Source file 18: output/117116/224/jcorranEff.root
hadd Source file 27: output/117116/533/jcorranEff.root
hadd Source file 11: output/117116/204/jcorranEff.root
hadd Source file 27: output/117116/189/jcorranEff.root
hadd Source file 19: output/117116/431/jcorranEff.root
hadd Source file 28: output/117116/084/jcorranEff.root
hadd Source file 28: output/117116/356/jcorranEff.root
hadd Source file 12: output/117116/526/jcorranEff.root
hadd Source file 20: output/117116/187/jcorranEff.root
hadd Source file 13: output/117116/516/jcorranEff.root
hadd Source file 29: output/117116/197/jcorranEff.root
hadd Source file 21: output/117116/487/jcorranEff.root
hadd Source file 29: output/117116/044/jcorranEff.root
hadd Source file 22: output/117116/208/jcorranEff.root
hadd Source file 30: output/117116/472/jcorranEff.root
hadd Source file 30: output/117116/229/jcorranEff.root
hadd Source file 14: output/117116/317/jcorranEff.root
hadd Source file 23: output/117116/331/jcorranEff.root
hadd Source file 31: output/117116/507/jcorranEff.root
hadd Source file 15: output/117116/347/jcorranEff.root
hadd Source file 31: output/117116/297/jcorranEff.root
hadd Source file 24: output/117116/257/jcorranEff.root
hadd Source file 32: output/117116/213/jcorranEff.root
hadd Source file 16: output/117116/175/jcorranEff.root
hadd Source file 32: output/117116/030/jcorranEff.root
hadd Source file 33: output/117116/052/jcorranEff.root
hadd Source file 33: output/117116/407/jcorranEff.root
hadd Source file 25: output/117116/068/jcorranEff.root
hadd Source file 17: output/117116/351/jcorranEff.root
hadd Source file 34: output/117116/320/jcorranEff.root
hadd Source file 34: output/117116/088/jcorranEff.root
hadd Source file 26: output/117116/383/jcorranEff.root
hadd Source file 35: output/117116/176/jcorranEff.root
hadd Source file 18: output/117116/097/jcorranEff.root
hadd Source file 35: output/117116/449/jcorranEff.root
hadd Source file 27: output/117116/490/jcorranEff.root
hadd Source file 19: output/117116/113/jcorranEff.root
hadd Source file 36: output/117116/211/jcorranEff.root
hadd Source file 36: output/117116/414/jcorranEff.root
hadd Source file 20: output/117116/496/jcorranEff.root
hadd Source file 37: output/117116/013/jcorranEff.root
hadd Source file 28: output/117116/119/jcorranEff.root
hadd Source file 37: output/117116/126/jcorranEff.root
hadd Source file 21: output/117116/080/jcorranEff.root
hadd Source file 38: output/117116/380/jcorranEff.root
hadd Source file 38: output/117116/108/jcorranEff.root
hadd Source file 29: output/117116/094/jcorranEff.root
hadd Source file 22: output/117116/357/jcorranEff.root
hadd Source file 39: output/117116/147/jcorranEff.root
hadd Source file 39: output/117116/530/jcorranEff.root
hadd Source file 30: output/117116/116/jcorranEff.root
hadd Source file 31: output/117116/390/jcorranEff.root
hadd Source file 23: output/117116/522/jcorranEff.root
hadd Source file 40: output/117116/272/jcorranEff.root
hadd Source file 40: output/117116/206/jcorranEff.root
hadd Source file 32: output/117116/322/jcorranEff.root
hadd Source file 24: output/117116/513/jcorranEff.root
hadd Source file 41: output/117116/429/jcorranEff.root
hadd Source file 25: output/117116/258/jcorranEff.root
hadd Source file 41: output/117116/457/jcorranEff.root
hadd Source file 42: output/117116/010/jcorranEff.root
hadd Source file 33: output/117116/360/jcorranEff.root
hadd Source file 26: output/117116/451/jcorranEff.root
hadd Source file 34: output/117116/465/jcorranEff.root
hadd Source file 27: output/117116/121/jcorranEff.root
hadd Source file 43: output/117116/234/jcorranEff.root
hadd Source file 42: output/117116/118/jcorranEff.root
hadd Source file 35: output/117116/405/jcorranEff.root
hadd Source file 44: output/117116/120/jcorranEff.root
hadd Source file 43: output/117116/455/jcorranEff.root
hadd Source file 28: output/117116/321/jcorranEff.root
hadd Source file 45: output/117116/171/jcorranEff.root
hadd Source file 36: output/117116/371/jcorranEff.root
hadd Source file 29: output/117116/174/jcorranEff.root
hadd Source file 44: output/117116/281/jcorranEff.root
hadd Source file 37: output/117116/271/jcorranEff.root
hadd Source file 30: output/117116/265/jcorranEff.root
hadd Source file 45: output/117116/292/jcorranEff.root
hadd Source file 46: output/117116/038/jcorranEff.root
hadd Source file 47: output/117116/060/jcorranEff.root
hadd Source file 31: output/117116/536/jcorranEff.root
hadd Source file 46: output/117116/006/jcorranEff.root
hadd Source file 38: output/117116/367/jcorranEff.root
hadd Source file 47: output/117116/293/jcorranEff.root
hadd Source file 48: output/117116/476/jcorranEff.root
hadd Source file 32: output/117116/350/jcorranEff.root
hadd Source file 39: output/117116/338/jcorranEff.root
hadd Source file 48: output/117116/135/jcorranEff.root
hadd Source file 49: output/117116/154/jcorranEff.root
hadd Source file 40: output/117116/403/jcorranEff.root
hadd Source file 33: output/117116/466/jcorranEff.root
hadd Source file 49: output/117116/404/jcorranEff.root
hadd Source file 50: output/117116/290/jcorranEff.root
hadd Source file 41: output/117116/009/jcorranEff.root
hadd Source file 34: output/117116/479/jcorranEff.root
hadd Source file 50: output/117116/082/jcorranEff.root
hadd Source file 42: output/117116/361/jcorranEff.root
hadd Source file 35: output/117116/219/jcorranEff.root
hadd Target path: /tmp/bschang/batch/PID16213-20140623-114630-merge-list/jcorranEff_117116.list-4968/xae.root:/
hadd Source file 36: output/117116/012/jcorranEff.root
hadd Target path: /tmp/bschang/batch/PID16213-20140623-114630-merge-list/jcorranEff_117116.list-4968/xae.root:/EffHist
hadd Target path: /tmp/bschang/batch/PID16213-20140623-114630-merge-list/jcorranEff_117116.list-4968/xag.root:/
hadd Target path: /tmp/bschang/batch/PID16213-20140623-114630-merge-list/jcorranEff_117116.list-4968/xag.root:/EffHist
hadd Source file 43: output/117116/531/jcorranEff.root
hadd Source file 37: output/117116/439/jcorranEff.root
hadd Source file 44: output/117116/240/jcorranEff.root
hadd Source file 38: output/117116/544/jcorranEff.root
hadd Source file 39: output/117116/243/jcorranEff.root
hadd Source file 40: output/117116/375/jcorranEff.root
hadd Source file 45: output/117116/073/jcorranEff.root
hadd Source file 46: output/117116/443/jcorranEff.root
hadd Source file 41: output/117116/312/jcorranEff.root
hadd Source file 47: output/117116/287/jcorranEff.root
hadd Source file 42: output/117116/101/jcorranEff.root
hadd Source file 48: output/117116/091/jcorranEff.root
hadd Source file 43: output/117116/074/jcorranEff.root
hadd Source file 49: output/117116/304/jcorranEff.root
hadd Source file 44: output/117116/169/jcorranEff.root
hadd Source file 50: output/117116/518/jcorranEff.root
hadd Source file 45: output/117116/366/jcorranEff.root
hadd Target path: /tmp/bschang/batch/PID16213-20140623-114630-merge-list/jcorranEff_117116.list-4968/xah.root:/
hadd Source file 46: output/117116/093/jcorranEff.root
hadd Target path: /tmp/bschang/batch/PID16213-20140623-114630-merge-list/jcorranEff_117116.list-4968/xah.root:/EffHist
hadd Source file 47: output/117116/263/jcorranEff.root
hadd Source file 48: output/117116/156/jcorranEff.root
hadd Source file 49: output/117116/396/jcorranEff.root
hadd Source file 50: output/117116/437/jcorranEff.root
hadd Target path: /tmp/bschang/batch/PID16213-20140623-114630-merge-list/jcorranEff_117116.list-4968/xaf.root:/
hadd Target path: /tmp/bschang/batch/PID16213-20140623-114630-merge-list/jcorranEff_117116.list-4968/xaf.root:/EffHist
hadd Target file: /tmp/bschang/batch/PID16213-20140623-114630-merge-list/jcorranEff_117116.list-4968/xaj.root
hadd Target file: /tmp/bschang/batch/PID16213-20140623-114630-merge-list/jcorranEff_117116.list-4968/xai.root
hadd Source file 1: output/117116/198/jcorranEff.root
hadd Source file 1: output/117116/483/jcorranEff.root
hadd Source file 2: output/117116/021/jcorranEff.root
hadd Source file 3: output/117116/481/jcorranEff.root
hadd Source file 4: output/117116/136/jcorranEff.root
hadd Source file 5: output/117116/336/jcorranEff.root
hadd Source file 6: output/117116/353/jcorranEff.root
hadd Source file 7: output/117116/058/jcorranEff.root
hadd Source file 8: output/117116/399/jcorranEff.root
hadd Source file 2: output/117116/027/jcorranEff.root
hadd Source file 9: output/117116/389/jcorranEff.root
hadd Source file 10: output/117116/415/jcorranEff.root
hadd Source file 3: output/117116/492/jcorranEff.root
hadd Source file 11: output/117116/155/jcorranEff.root
hadd Source file 12: output/117116/112/jcorranEff.root
hadd Source file 4: output/117116/537/jcorranEff.root
hadd Source file 5: output/117116/199/jcorranEff.root
hadd Source file 13: output/117116/250/jcorranEff.root
hadd Source file 6: output/117116/494/jcorranEff.root
hadd Source file 7: output/117116/149/jcorranEff.root
hadd Source file 14: output/117116/042/jcorranEff.root
hadd Source file 8: output/117116/503/jcorranEff.root
hadd Source file 9: output/117116/035/jcorranEff.root
hadd Source file 10: output/117116/177/jcorranEff.root
hadd Source file 15: output/117116/363/jcorranEff.root
hadd Source file 11: output/117116/115/jcorranEff.root
hadd Source file 16: output/117116/014/jcorranEff.root
hadd Source file 12: output/117116/323/jcorranEff.root
hadd Source file 17: output/117116/202/jcorranEff.root
hadd Source file 13: output/117116/233/jcorranEff.root
hadd Source file 18: output/117116/098/jcorranEff.root
hadd Source file 14: output/117116/140/jcorranEff.root
hadd Source file 19: output/117116/364/jcorranEff.root
hadd Source file 15: output/117116/288/jcorranEff.root
hadd Source file 20: output/117116/519/jcorranEff.root
hadd Source file 16: output/117116/489/jcorranEff.root
hadd Source file 21: output/117116/086/jcorranEff.root
hadd Target file: /tmp/bschang/batch/PID16213-20140623-114630-merge-list/jcorranEff_117116.list-4968/xak.root
hadd Source file 17: output/117116/285/jcorranEff.root
hadd Source file 22: output/117116/143/jcorranEff.root
hadd Source file 18: output/117116/538/jcorranEff.root
hadd Source file 23: output/117116/461/jcorranEff.root
hadd Source file 1: output/117116/416/jcorranEff.root
hadd Source file 24: output/117116/286/jcorranEff.root
hadd Source file 19: output/117116/015/jcorranEff.root
hadd Source file 25: output/117116/238/jcorranEff.root
hadd Source file 2: output/117116/150/jcorranEff.root
hadd Source file 3: output/117116/395/jcorranEff.root
hadd Source file 20: output/117116/216/jcorranEff.root
hadd Source file 26: output/117116/275/jcorranEff.root
hadd Source file 21: output/117116/246/jcorranEff.root
hadd Source file 4: output/117116/316/jcorranEff.root
hadd Source file 22: output/117116/408/jcorranEff.root
hadd Source file 27: output/117116/355/jcorranEff.root
hadd Source file 5: output/117116/473/jcorranEff.root
hadd Source file 23: output/117116/163/jcorranEff.root
hadd Source file 24: output/117116/242/jcorranEff.root
hadd Source file 28: output/117116/255/jcorranEff.root
hadd Source file 6: output/117116/127/jcorranEff.root
hadd Source file 29: output/117116/534/jcorranEff.root
hadd Source file 25: output/117116/205/jcorranEff.root
hadd Source file 26: output/117116/482/jcorranEff.root
hadd Source file 7: output/117116/117/jcorranEff.root
hadd Source file 8: output/117116/349/jcorranEff.root
hadd Source file 27: output/117116/032/jcorranEff.root
hadd Source file 28: output/117116/270/jcorranEff.root
hadd Source file 30: output/117116/497/jcorranEff.root
hadd Source file 9: output/117116/386/jcorranEff.root
hadd Source file 10: output/117116/334/jcorranEff.root
hadd Source file 29: output/117116/525/jcorranEff.root
hadd Source file 31: output/117116/324/jcorranEff.root
hadd Source file 32: output/117116/477/jcorranEff.root
hadd Source file 30: output/117116/045/jcorranEff.root
hadd Source file 31: output/117116/280/jcorranEff.root
hadd Source file 33: output/117116/062/jcorranEff.root
hadd Source file 11: output/117116/448/jcorranEff.root
hadd Source file 32: output/117116/379/jcorranEff.root
hadd Source file 12: output/117116/138/jcorranEff.root
hadd Source file 34: output/117116/040/jcorranEff.root
hadd Source file 13: output/117116/348/jcorranEff.root
hadd Source file 35: output/117116/105/jcorranEff.root
hadd Source file 33: output/117116/381/jcorranEff.root
hadd Source file 14: output/117116/532/jcorranEff.root
hadd Source file 34: output/117116/210/jcorranEff.root
hadd Source file 36: output/117116/194/jcorranEff.root
hadd Source file 15: output/117116/345/jcorranEff.root
hadd Source file 37: output/117116/456/jcorranEff.root
hadd Source file 35: output/117116/471/jcorranEff.root
hadd Source file 16: output/117116/315/jcorranEff.root
hadd Source file 36: output/117116/441/jcorranEff.root
hadd Source file 38: output/117116/427/jcorranEff.root
hadd Source file 17: output/117116/402/jcorranEff.root
hadd Source file 37: output/117116/029/jcorranEff.root
hadd Source file 39: output/117116/034/jcorranEff.root
hadd Source file 18: output/117116/358/jcorranEff.root
hadd Source file 38: output/117116/078/jcorranEff.root
hadd Source file 19: output/117116/235/jcorranEff.root
hadd Source file 40: output/117116/400/jcorranEff.root
hadd Source file 39: output/117116/081/jcorranEff.root
hadd Source file 20: output/117116/053/jcorranEff.root
hadd Source file 41: output/117116/160/jcorranEff.root
hadd Source file 40: output/117116/217/jcorranEff.root
hadd Source file 21: output/117116/299/jcorranEff.root
hadd Source file 41: output/117116/460/jcorranEff.root
hadd Source file 42: output/117116/463/jcorranEff.root
hadd Source file 42: output/117116/515/jcorranEff.root
hadd Source file 22: output/117116/110/jcorranEff.root
hadd Source file 43: output/117116/075/jcorranEff.root
hadd Source file 43: output/117116/193/jcorranEff.root
hadd Source file 44: output/117116/077/jcorranEff.root
hadd Source file 23: output/117116/064/jcorranEff.root
hadd Source file 45: output/117116/499/jcorranEff.root
hadd Source file 44: output/117116/057/jcorranEff.root
hadd Source file 24: output/117116/282/jcorranEff.root
hadd Source file 46: output/117116/179/jcorranEff.root
hadd Source file 45: output/117116/245/jcorranEff.root
hadd Source file 25: output/117116/232/jcorranEff.root
hadd Source file 47: output/117116/161/jcorranEff.root
hadd Source file 26: output/117116/225/jcorranEff.root
hadd Source file 46: output/117116/359/jcorranEff.root
hadd Source file 47: output/117116/071/jcorranEff.root
hadd Source file 27: output/117116/249/jcorranEff.root
hadd Source file 48: output/117116/376/jcorranEff.root
hadd Source file 48: output/117116/433/jcorranEff.root
hadd Source file 49: output/117116/440/jcorranEff.root
hadd Source file 28: output/117116/311/jcorranEff.root
hadd Source file 49: output/117116/025/jcorranEff.root
hadd Source file 29: output/117116/146/jcorranEff.root
hadd Source file 50: output/117116/318/jcorranEff.root
hadd Source file 50: output/117116/509/jcorranEff.root
hadd Source file 30: output/117116/144/jcorranEff.root
hadd Target path: /tmp/bschang/batch/PID16213-20140623-114630-merge-list/jcorranEff_117116.list-4968/xaj.root:/
hadd Target path: /tmp/bschang/batch/PID16213-20140623-114630-merge-list/jcorranEff_117116.list-4968/xai.root:/
hadd Source file 31: output/117116/024/jcorranEff.root
hadd Target path: /tmp/bschang/batch/PID16213-20140623-114630-merge-list/jcorranEff_117116.list-4968/xaj.root:/EffHist
hadd Target path: /tmp/bschang/batch/PID16213-20140623-114630-merge-list/jcorranEff_117116.list-4968/xai.root:/EffHist
hadd Source file 32: output/117116/226/jcorranEff.root
hadd Source file 33: output/117116/046/jcorranEff.root
hadd Source file 34: output/117116/438/jcorranEff.root
hadd Source file 35: output/117116/079/jcorranEff.root
hadd Source file 36: output/117116/092/jcorranEff.root
hadd Target path: /tmp/bschang/batch/PID16213-20140623-114630-merge-list/jcorranEff_117116.list-4968/xak.root:/
hadd Target path: /tmp/bschang/batch/PID16213-20140623-114630-merge-list/jcorranEff_117116.list-4968/xak.root:/EffHist
hadd Target file: merged/jcorranEff_117116.list.root
hadd Source file 1: /tmp/bschang/batch/PID16213-20140623-114630-merge-list/jcorranEff_117116.list-4968/xaa.root
hadd Source file 2: /tmp/bschang/batch/PID16213-20140623-114630-merge-list/jcorranEff_117116.list-4968/xab.root
hadd Source file 3: /tmp/bschang/batch/PID16213-20140623-114630-merge-list/jcorranEff_117116.list-4968/xac.root
hadd Source file 4: /tmp/bschang/batch/PID16213-20140623-114630-merge-list/jcorranEff_117116.list-4968/xad.root
hadd Source file 5: /tmp/bschang/batch/PID16213-20140623-114630-merge-list/jcorranEff_117116.list-4968/xae.root
hadd Source file 6: /tmp/bschang/batch/PID16213-20140623-114630-merge-list/jcorranEff_117116.list-4968/xaf.root
hadd Source file 7: /tmp/bschang/batch/PID16213-20140623-114630-merge-list/jcorranEff_117116.list-4968/xag.root
hadd Source file 8: /tmp/bschang/batch/PID16213-20140623-114630-merge-list/jcorranEff_117116.list-4968/xah.root
hadd Source file 9: /tmp/bschang/batch/PID16213-20140623-114630-merge-list/jcorranEff_117116.list-4968/xai.root
hadd Source file 10: /tmp/bschang/batch/PID16213-20140623-114630-merge-list/jcorranEff_117116.list-4968/xaj.root
hadd Source file 11: /tmp/bschang/batch/PID16213-20140623-114630-merge-list/jcorranEff_117116.list-4968/xak.root
hadd Target path: merged/jcorranEff_117116.list.root:/
hadd Target path: merged/jcorranEff_117116.list.root:/EffHist
Mon Jun 23 11:46:44 EEST 2014
==== Time : 14
