INPUT : list/jcorranEff_116571.list
OUTPUT : merged/jcorranEff_116571.list.root
NCores : 4
13339
Mon Jun 23 11:44:22 EEST 2014
hadd Target file: /tmp/bschang/batch/PID13339-20140623-114422-merge-list/jcorranEff_116571.list-7641/xaa.root
hadd Target file: /tmp/bschang/batch/PID13339-20140623-114422-merge-list/jcorranEff_116571.list-7641/xab.root
hadd Source file 1: output/116571/094/jcorranEff.root
hadd Source file 1: output/116571/051/jcorranEff.root
hadd Source file 2: output/116571/044/jcorranEff.root
hadd Source file 3: output/116571/035/jcorranEff.root
hadd Source file 4: output/116571/034/jcorranEff.root
hadd Source file 5: output/116571/018/jcorranEff.root
hadd Source file 6: output/116571/043/jcorranEff.root
hadd Source file 2: output/116571/038/jcorranEff.root
hadd Source file 7: output/116571/072/jcorranEff.root
hadd Source file 8: output/116571/037/jcorranEff.root
hadd Source file 3: output/116571/009/jcorranEff.root
hadd Source file 4: output/116571/091/jcorranEff.root
hadd Source file 9: output/116571/055/jcorranEff.root
hadd Source file 5: output/116571/053/jcorranEff.root
hadd Source file 10: output/116571/083/jcorranEff.root
hadd Source file 6: output/116571/045/jcorranEff.root
hadd Source file 11: output/116571/027/jcorranEff.root
hadd Source file 7: output/116571/057/jcorranEff.root
hadd Source file 8: output/116571/046/jcorranEff.root
hadd Source file 12: output/116571/026/jcorranEff.root
hadd Source file 9: output/116571/085/jcorranEff.root
hadd Source file 10: output/116571/039/jcorranEff.root
hadd Source file 13: output/116571/014/jcorranEff.root
hadd Source file 14: output/116571/077/jcorranEff.root
hadd Source file 11: output/116571/098/jcorranEff.root
hadd Source file 12: output/116571/097/jcorranEff.root
hadd Source file 15: output/116571/052/jcorranEff.root
hadd Source file 13: output/116571/093/jcorranEff.root
hadd Source file 16: output/116571/029/jcorranEff.root
hadd Source file 17: output/116571/042/jcorranEff.root
hadd Source file 18: output/116571/082/jcorranEff.root
hadd Source file 14: output/116571/047/jcorranEff.root
hadd Source file 19: output/116571/075/jcorranEff.root
hadd Source file 15: output/116571/067/jcorranEff.root
hadd Source file 20: output/116571/013/jcorranEff.root
hadd Source file 16: output/116571/002/jcorranEff.root
hadd Source file 17: output/116571/056/jcorranEff.root
hadd Source file 21: output/116571/069/jcorranEff.root
hadd Source file 18: output/116571/095/jcorranEff.root
hadd Source file 22: output/116571/078/jcorranEff.root
hadd Source file 19: output/116571/059/jcorranEff.root
hadd Source file 23: output/116571/003/jcorranEff.root
hadd Source file 20: output/116571/080/jcorranEff.root
hadd Source file 21: output/116571/015/jcorranEff.root
hadd Source file 24: output/116571/084/jcorranEff.root
hadd Source file 25: output/116571/081/jcorranEff.root
hadd Source file 22: output/116571/063/jcorranEff.root
hadd Source file 23: output/116571/073/jcorranEff.root
hadd Source file 26: output/116571/058/jcorranEff.root
hadd Source file 27: output/116571/017/jcorranEff.root
hadd Source file 24: output/116571/036/jcorranEff.root
hadd Source file 28: output/116571/065/jcorranEff.root
hadd Source file 25: output/116571/086/jcorranEff.root
hadd Source file 29: output/116571/004/jcorranEff.root
hadd Source file 26: output/116571/020/jcorranEff.root
hadd Source file 30: output/116571/019/jcorranEff.root
hadd Source file 31: output/116571/064/jcorranEff.root
hadd Source file 27: output/116571/054/jcorranEff.root
hadd Source file 28: output/116571/001/jcorranEff.root
hadd Source file 29: output/116571/031/jcorranEff.root
hadd Source file 32: output/116571/030/jcorranEff.root
hadd Source file 30: output/116571/076/jcorranEff.root
hadd Source file 33: output/116571/050/jcorranEff.root
hadd Source file 31: output/116571/068/jcorranEff.root
hadd Source file 32: output/116571/028/jcorranEff.root
hadd Source file 33: output/116571/087/jcorranEff.root
hadd Source file 34: output/116571/071/jcorranEff.root
hadd Source file 34: output/116571/092/jcorranEff.root
hadd Source file 35: output/116571/060/jcorranEff.root
hadd Source file 35: output/116571/049/jcorranEff.root
hadd Source file 36: output/116571/010/jcorranEff.root
hadd Source file 36: output/116571/024/jcorranEff.root
hadd Source file 37: output/116571/008/jcorranEff.root
hadd Source file 37: output/116571/006/jcorranEff.root
hadd Source file 38: output/116571/022/jcorranEff.root
hadd Source file 38: output/116571/062/jcorranEff.root
hadd Source file 39: output/116571/074/jcorranEff.root
hadd Source file 39: output/116571/048/jcorranEff.root
hadd Source file 40: output/116571/096/jcorranEff.root
hadd Source file 40: output/116571/089/jcorranEff.root
hadd Source file 41: output/116571/066/jcorranEff.root
hadd Source file 41: output/116571/016/jcorranEff.root
hadd Source file 42: output/116571/011/jcorranEff.root
hadd Source file 42: output/116571/088/jcorranEff.root
hadd Source file 43: output/116571/041/jcorranEff.root
hadd Source file 43: output/116571/032/jcorranEff.root
hadd Source file 44: output/116571/021/jcorranEff.root
hadd Source file 44: output/116571/070/jcorranEff.root
hadd Source file 45: output/116571/023/jcorranEff.root
hadd Source file 46: output/116571/061/jcorranEff.root
hadd Target path: /tmp/bschang/batch/PID13339-20140623-114422-merge-list/jcorranEff_116571.list-7641/xab.root:/
hadd Source file 47: output/116571/007/jcorranEff.root
hadd Target path: /tmp/bschang/batch/PID13339-20140623-114422-merge-list/jcorranEff_116571.list-7641/xab.root:/EffHist
hadd Source file 48: output/116571/090/jcorranEff.root
hadd Source file 49: output/116571/079/jcorranEff.root
hadd Source file 50: output/116571/033/jcorranEff.root
hadd Target path: /tmp/bschang/batch/PID13339-20140623-114422-merge-list/jcorranEff_116571.list-7641/xaa.root:/
hadd Target path: /tmp/bschang/batch/PID13339-20140623-114422-merge-list/jcorranEff_116571.list-7641/xaa.root:/EffHist
hadd Target file: merged/jcorranEff_116571.list.root
hadd Source file 1: /tmp/bschang/batch/PID13339-20140623-114422-merge-list/jcorranEff_116571.list-7641/xaa.root
hadd Source file 2: /tmp/bschang/batch/PID13339-20140623-114422-merge-list/jcorranEff_116571.list-7641/xab.root
hadd Target path: merged/jcorranEff_116571.list.root:/
hadd Target path: merged/jcorranEff_116571.list.root:/EffHist
Mon Jun 23 11:44:28 EEST 2014
==== Time : 6
