INPUT : list/jcorranEff_116288.list
OUTPUT : merged/jcorranEff_116288.list.root
NCores : 4
12691
Mon Jun 23 11:43:53 EEST 2014
hadd Target file: /tmp/bschang/batch/PID12691-20140623-114353-merge-list/jcorranEff_116288.list-20801/xac.root
hadd Source file 1: output/116288/072/jcorranEff.root
hadd Target file: /tmp/bschang/batch/PID12691-20140623-114353-merge-list/jcorranEff_116288.list-20801/xab.root
hadd Target file: /tmp/bschang/batch/PID12691-20140623-114353-merge-list/jcorranEff_116288.list-20801/xad.root
hadd Target file: /tmp/bschang/batch/PID12691-20140623-114353-merge-list/jcorranEff_116288.list-20801/xaa.root
hadd Source file 1: output/116288/037/jcorranEff.root
hadd Source file 1: output/116288/193/jcorranEff.root
hadd Source file 1: output/116288/149/jcorranEff.root
hadd Source file 2: output/116288/003/jcorranEff.root
hadd Source file 3: output/116288/018/jcorranEff.root
hadd Source file 4: output/116288/051/jcorranEff.root
hadd Source file 5: output/116288/161/jcorranEff.root
hadd Source file 6: output/116288/113/jcorranEff.root
hadd Source file 7: output/116288/215/jcorranEff.root
hadd Source file 2: output/116288/049/jcorranEff.root
hadd Source file 2: output/116288/063/jcorranEff.root
hadd Source file 2: output/116288/139/jcorranEff.root
hadd Source file 3: output/116288/171/jcorranEff.root
hadd Source file 4: output/116288/085/jcorranEff.root
hadd Source file 3: output/116288/112/jcorranEff.root
hadd Source file 4: output/116288/188/jcorranEff.root
hadd Source file 5: output/116288/075/jcorranEff.root
hadd Source file 6: output/116288/195/jcorranEff.root
hadd Source file 5: output/116288/004/jcorranEff.root
hadd Source file 3: output/116288/187/jcorranEff.root
hadd Source file 8: output/116288/183/jcorranEff.root
hadd Source file 7: output/116288/083/jcorranEff.root
hadd Source file 6: output/116288/158/jcorranEff.root
hadd Source file 4: output/116288/100/jcorranEff.root
hadd Source file 5: output/116288/029/jcorranEff.root
hadd Source file 8: output/116288/191/jcorranEff.root
hadd Source file 9: output/116288/061/jcorranEff.root
hadd Source file 7: output/116288/108/jcorranEff.root
hadd Source file 6: output/116288/180/jcorranEff.root
hadd Source file 10: output/116288/106/jcorranEff.root
hadd Source file 9: output/116288/104/jcorranEff.root
hadd Source file 8: output/116288/128/jcorranEff.root
hadd Source file 7: output/116288/144/jcorranEff.root
hadd Source file 11: output/116288/015/jcorranEff.root
hadd Source file 10: output/116288/052/jcorranEff.root
hadd Source file 9: output/116288/092/jcorranEff.root
hadd Source file 12: output/116288/097/jcorranEff.root
hadd Source file 10: output/116288/165/jcorranEff.root
hadd Source file 11: output/116288/115/jcorranEff.root
hadd Source file 13: output/116288/102/jcorranEff.root
hadd Source file 8: output/116288/025/jcorranEff.root
hadd Source file 11: output/116288/177/jcorranEff.root
hadd Source file 12: output/116288/201/jcorranEff.root
hadd Source file 14: output/116288/045/jcorranEff.root
hadd Source file 12: output/116288/039/jcorranEff.root
hadd Source file 15: output/116288/084/jcorranEff.root
hadd Source file 9: output/116288/021/jcorranEff.root
hadd Source file 16: output/116288/065/jcorranEff.root
hadd Source file 13: output/116288/154/jcorranEff.root
hadd Source file 10: output/116288/184/jcorranEff.root
hadd Source file 13: output/116288/024/jcorranEff.root
hadd Source file 17: output/116288/064/jcorranEff.root
hadd Source file 14: output/116288/066/jcorranEff.root
hadd Source file 14: output/116288/194/jcorranEff.root
hadd Source file 11: output/116288/173/jcorranEff.root
hadd Source file 18: output/116288/002/jcorranEff.root
hadd Source file 12: output/116288/050/jcorranEff.root
hadd Source file 15: output/116288/058/jcorranEff.root
hadd Source file 15: output/116288/200/jcorranEff.root
hadd Source file 13: output/116288/054/jcorranEff.root
hadd Source file 19: output/116288/119/jcorranEff.root
hadd Source file 16: output/116288/001/jcorranEff.root
hadd Source file 20: output/116288/153/jcorranEff.root
hadd Source file 14: output/116288/074/jcorranEff.root
hadd Source file 17: output/116288/101/jcorranEff.root
hadd Source file 21: output/116288/010/jcorranEff.root
hadd Source file 16: output/116288/204/jcorranEff.root
hadd Source file 15: output/116288/008/jcorranEff.root
hadd Source file 17: output/116288/205/jcorranEff.root
hadd Source file 22: output/116288/160/jcorranEff.root
hadd Source file 16: output/116288/094/jcorranEff.root
hadd Source file 17: output/116288/040/jcorranEff.root
hadd Source file 18: output/116288/023/jcorranEff.root
hadd Source file 18: output/116288/013/jcorranEff.root
hadd Source file 23: output/116288/145/jcorranEff.root
hadd Source file 19: output/116288/090/jcorranEff.root
hadd Source file 20: output/116288/017/jcorranEff.root
hadd Source file 18: output/116288/207/jcorranEff.root
hadd Source file 19: output/116288/041/jcorranEff.root
hadd Source file 19: output/116288/196/jcorranEff.root
hadd Source file 24: output/116288/030/jcorranEff.root
hadd Source file 21: output/116288/044/jcorranEff.root
hadd Source file 20: output/116288/042/jcorranEff.root
hadd Source file 20: output/116288/164/jcorranEff.root
hadd Source file 21: output/116288/142/jcorranEff.root
hadd Source file 22: output/116288/071/jcorranEff.root
hadd Source file 25: output/116288/123/jcorranEff.root
hadd Source file 21: output/116288/107/jcorranEff.root
hadd Source file 22: output/116288/077/jcorranEff.root
hadd Source file 23: output/116288/178/jcorranEff.root
hadd Source file 22: output/116288/005/jcorranEff.root
hadd Source file 26: output/116288/014/jcorranEff.root
hadd Source file 24: output/116288/146/jcorranEff.root
hadd Source file 23: output/116288/053/jcorranEff.root
hadd Source file 23: output/116288/150/jcorranEff.root
hadd Source file 27: output/116288/027/jcorranEff.root
hadd Source file 25: output/116288/189/jcorranEff.root
hadd Source file 28: output/116288/098/jcorranEff.root
hadd Source file 24: output/116288/047/jcorranEff.root
hadd Source file 25: output/116288/214/jcorranEff.root
hadd Source file 24: output/116288/202/jcorranEff.root
hadd Source file 26: output/116288/009/jcorranEff.root
hadd Source file 29: output/116288/087/jcorranEff.root
hadd Source file 26: output/116288/118/jcorranEff.root
hadd Source file 25: output/116288/140/jcorranEff.root
hadd Source file 30: output/116288/169/jcorranEff.root
hadd Source file 27: output/116288/036/jcorranEff.root
hadd Source file 26: output/116288/175/jcorranEff.root
hadd Source file 27: output/116288/185/jcorranEff.root
hadd Source file 28: output/116288/019/jcorranEff.root
hadd Source file 31: output/116288/088/jcorranEff.root
hadd Source file 28: output/116288/209/jcorranEff.root
hadd Source file 27: output/116288/117/jcorranEff.root
hadd Source file 29: output/116288/174/jcorranEff.root
hadd Source file 32: output/116288/131/jcorranEff.root
hadd Source file 29: output/116288/093/jcorranEff.root
hadd Source file 28: output/116288/176/jcorranEff.root
hadd Source file 33: output/116288/127/jcorranEff.root
hadd Source file 30: output/116288/211/jcorranEff.root
hadd Source file 34: output/116288/166/jcorranEff.root
hadd Source file 31: output/116288/220/jcorranEff.root
hadd Source file 29: output/116288/114/jcorranEff.root
hadd Source file 30: output/116288/070/jcorranEff.root
hadd Source file 32: output/116288/170/jcorranEff.root
hadd Source file 35: output/116288/221/jcorranEff.root
hadd Source file 33: output/116288/086/jcorranEff.root
hadd Source file 30: output/116288/212/jcorranEff.root
hadd Source file 36: output/116288/206/jcorranEff.root
hadd Source file 31: output/116288/099/jcorranEff.root
hadd Source file 34: output/116288/105/jcorranEff.root
hadd Source file 31: output/116288/219/jcorranEff.root
hadd Source file 32: output/116288/167/jcorranEff.root
hadd Source file 37: output/116288/181/jcorranEff.root
hadd Source file 33: output/116288/122/jcorranEff.root
hadd Source file 32: output/116288/138/jcorranEff.root
hadd Source file 35: output/116288/141/jcorranEff.root
hadd Source file 36: output/116288/192/jcorranEff.root
hadd Source file 33: output/116288/012/jcorranEff.root
hadd Source file 34: output/116288/208/jcorranEff.root
hadd Source file 38: output/116288/182/jcorranEff.root
hadd Source file 35: output/116288/046/jcorranEff.root
hadd Source file 37: output/116288/078/jcorranEff.root
hadd Source file 39: output/116288/096/jcorranEff.root
hadd Source file 36: output/116288/055/jcorranEff.root
hadd Source file 38: output/116288/022/jcorranEff.root
hadd Source file 34: output/116288/060/jcorranEff.root
hadd Source file 40: output/116288/026/jcorranEff.root
hadd Source file 37: output/116288/011/jcorranEff.root
hadd Source file 41: output/116288/163/jcorranEff.root
hadd Source file 35: output/116288/157/jcorranEff.root
hadd Source file 38: output/116288/134/jcorranEff.root
hadd Source file 39: output/116288/056/jcorranEff.root
hadd Source file 42: output/116288/081/jcorranEff.root
hadd Source file 36: output/116288/197/jcorranEff.root
hadd Source file 39: output/116288/007/jcorranEff.root
hadd Source file 43: output/116288/186/jcorranEff.root
hadd Source file 37: output/116288/121/jcorranEff.root
hadd Source file 40: output/116288/016/jcorranEff.root
hadd Source file 44: output/116288/059/jcorranEff.root
hadd Source file 40: output/116288/034/jcorranEff.root
hadd Source file 38: output/116288/120/jcorranEff.root
hadd Source file 41: output/116288/168/jcorranEff.root
hadd Source file 45: output/116288/130/jcorranEff.root
hadd Source file 41: output/116288/116/jcorranEff.root
hadd Source file 39: output/116288/020/jcorranEff.root
hadd Source file 42: output/116288/079/jcorranEff.root
hadd Source file 42: output/116288/162/jcorranEff.root
hadd Source file 46: output/116288/148/jcorranEff.root
hadd Source file 40: output/116288/199/jcorranEff.root
hadd Source file 43: output/116288/124/jcorranEff.root
hadd Source file 43: output/116288/068/jcorranEff.root
hadd Source file 47: output/116288/126/jcorranEff.root
hadd Source file 41: output/116288/125/jcorranEff.root
hadd Source file 44: output/116288/057/jcorranEff.root
hadd Source file 44: output/116288/082/jcorranEff.root
hadd Source file 42: output/116288/080/jcorranEff.root
hadd Source file 45: output/116288/103/jcorranEff.root
hadd Source file 48: output/116288/062/jcorranEff.root
hadd Source file 43: output/116288/135/jcorranEff.root
hadd Source file 45: output/116288/210/jcorranEff.root
hadd Source file 46: output/116288/109/jcorranEff.root
hadd Source file 44: output/116288/091/jcorranEff.root
hadd Source file 49: output/116288/006/jcorranEff.root
hadd Source file 50: output/116288/111/jcorranEff.root
hadd Source file 47: output/116288/132/jcorranEff.root
hadd Source file 45: output/116288/095/jcorranEff.root
hadd Source file 46: output/116288/129/jcorranEff.root
hadd Target path: /tmp/bschang/batch/PID12691-20140623-114353-merge-list/jcorranEff_116288.list-20801/xac.root:/
hadd Source file 48: output/116288/038/jcorranEff.root
hadd Source file 46: output/116288/035/jcorranEff.root
hadd Target path: /tmp/bschang/batch/PID12691-20140623-114353-merge-list/jcorranEff_116288.list-20801/xac.root:/EffHist
hadd Source file 47: output/116288/143/jcorranEff.root
hadd Source file 49: output/116288/073/jcorranEff.root
hadd Source file 48: output/116288/136/jcorranEff.root
hadd Source file 49: output/116288/213/jcorranEff.root
hadd Source file 47: output/116288/028/jcorranEff.root
hadd Source file 50: output/116288/156/jcorranEff.root
hadd Target path: /tmp/bschang/batch/PID12691-20140623-114353-merge-list/jcorranEff_116288.list-20801/xad.root:/
hadd Source file 48: output/116288/031/jcorranEff.root
hadd Source file 50: output/116288/110/jcorranEff.root
hadd Source file 49: output/116288/137/jcorranEff.root
hadd Target path: /tmp/bschang/batch/PID12691-20140623-114353-merge-list/jcorranEff_116288.list-20801/xad.root:/EffHist
hadd Target path: /tmp/bschang/batch/PID12691-20140623-114353-merge-list/jcorranEff_116288.list-20801/xab.root:/
hadd Source file 50: output/116288/089/jcorranEff.root
hadd Target path: /tmp/bschang/batch/PID12691-20140623-114353-merge-list/jcorranEff_116288.list-20801/xab.root:/EffHist
hadd Target path: /tmp/bschang/batch/PID12691-20140623-114353-merge-list/jcorranEff_116288.list-20801/xaa.root:/
hadd Target path: /tmp/bschang/batch/PID12691-20140623-114353-merge-list/jcorranEff_116288.list-20801/xaa.root:/EffHist
hadd Target file: /tmp/bschang/batch/PID12691-20140623-114353-merge-list/jcorranEff_116288.list-20801/xae.root
hadd Source file 1: output/116288/179/jcorranEff.root
hadd Source file 2: output/116288/043/jcorranEff.root
hadd Source file 3: output/116288/203/jcorranEff.root
hadd Source file 4: output/116288/067/jcorranEff.root
hadd Source file 5: output/116288/033/jcorranEff.root
hadd Source file 6: output/116288/069/jcorranEff.root
hadd Source file 7: output/116288/048/jcorranEff.root
hadd Source file 8: output/116288/076/jcorranEff.root
hadd Source file 9: output/116288/152/jcorranEff.root
hadd Source file 10: output/116288/172/jcorranEff.root
hadd Source file 11: output/116288/159/jcorranEff.root
hadd Source file 12: output/116288/190/jcorranEff.root
hadd Source file 13: output/116288/198/jcorranEff.root
hadd Source file 14: output/116288/155/jcorranEff.root
hadd Source file 15: output/116288/151/jcorranEff.root
hadd Source file 16: output/116288/147/jcorranEff.root
hadd Source file 17: output/116288/133/jcorranEff.root
hadd Target path: /tmp/bschang/batch/PID12691-20140623-114353-merge-list/jcorranEff_116288.list-20801/xae.root:/
hadd Target path: /tmp/bschang/batch/PID12691-20140623-114353-merge-list/jcorranEff_116288.list-20801/xae.root:/EffHist
hadd Target file: merged/jcorranEff_116288.list.root
hadd Source file 1: /tmp/bschang/batch/PID12691-20140623-114353-merge-list/jcorranEff_116288.list-20801/xaa.root
hadd Source file 2: /tmp/bschang/batch/PID12691-20140623-114353-merge-list/jcorranEff_116288.list-20801/xab.root
hadd Source file 3: /tmp/bschang/batch/PID12691-20140623-114353-merge-list/jcorranEff_116288.list-20801/xac.root
hadd Source file 4: /tmp/bschang/batch/PID12691-20140623-114353-merge-list/jcorranEff_116288.list-20801/xad.root
hadd Source file 5: /tmp/bschang/batch/PID12691-20140623-114353-merge-list/jcorranEff_116288.list-20801/xae.root
hadd Target path: merged/jcorranEff_116288.list.root:/
hadd Target path: merged/jcorranEff_116288.list.root:/EffHist
Mon Jun 23 11:44:02 EEST 2014
==== Time : 9
