INPUT : list/jcorranEff_117060.list
OUTPUT : merged/jcorranEff_117060.list.root
NCores : 4
14897
Mon Jun 23 11:45:28 EEST 2014
hadd Target file: /tmp/bschang/batch/PID14897-20140623-114528-merge-list/jcorranEff_117060.list-19590/xac.root
hadd Target file: /tmp/bschang/batch/PID14897-20140623-114528-merge-list/jcorranEff_117060.list-19590/xad.root
hadd Target file: /tmp/bschang/batch/PID14897-20140623-114528-merge-list/jcorranEff_117060.list-19590/xab.root
hadd Target file: /tmp/bschang/batch/PID14897-20140623-114528-merge-list/jcorranEff_117060.list-19590/xaa.root
hadd Source file 1: output/117060/017/jcorranEff.root
hadd Source file 1: output/117060/277/jcorranEff.root
hadd Source file 1: output/117060/163/jcorranEff.root
hadd Source file 1: output/117060/066/jcorranEff.root
hadd Source file 2: output/117060/182/jcorranEff.root
hadd Source file 3: output/117060/172/jcorranEff.root
hadd Source file 2: output/117060/191/jcorranEff.root
hadd Source file 4: output/117060/333/jcorranEff.root
hadd Source file 2: output/117060/135/jcorranEff.root
hadd Source file 3: output/117060/028/jcorranEff.root
hadd Source file 2: output/117060/123/jcorranEff.root
hadd Source file 5: output/117060/225/jcorranEff.root
hadd Source file 4: output/117060/122/jcorranEff.root
hadd Source file 6: output/117060/162/jcorranEff.root
hadd Source file 3: output/117060/227/jcorranEff.root
hadd Source file 3: output/117060/280/jcorranEff.root
hadd Source file 5: output/117060/299/jcorranEff.root
hadd Source file 7: output/117060/232/jcorranEff.root
hadd Source file 4: output/117060/325/jcorranEff.root
hadd Source file 5: output/117060/121/jcorranEff.root
hadd Source file 6: output/117060/278/jcorranEff.root
hadd Source file 4: output/117060/293/jcorranEff.root
hadd Source file 8: output/117060/253/jcorranEff.root
hadd Source file 6: output/117060/284/jcorranEff.root
hadd Source file 5: output/117060/039/jcorranEff.root
hadd Source file 7: output/117060/064/jcorranEff.root
hadd Source file 9: output/117060/324/jcorranEff.root
hadd Source file 7: output/117060/137/jcorranEff.root
hadd Source file 6: output/117060/023/jcorranEff.root
hadd Source file 8: output/117060/207/jcorranEff.root
hadd Source file 8: output/117060/094/jcorranEff.root
hadd Source file 10: output/117060/092/jcorranEff.root
hadd Source file 9: output/117060/209/jcorranEff.root
hadd Source file 7: output/117060/076/jcorranEff.root
hadd Source file 11: output/117060/047/jcorranEff.root
hadd Source file 8: output/117060/246/jcorranEff.root
hadd Source file 10: output/117060/247/jcorranEff.root
hadd Source file 9: output/117060/303/jcorranEff.root
hadd Source file 12: output/117060/036/jcorranEff.root
hadd Source file 11: output/117060/335/jcorranEff.root
hadd Source file 9: output/117060/169/jcorranEff.root
hadd Source file 10: output/117060/237/jcorranEff.root
hadd Source file 13: output/117060/311/jcorranEff.root
hadd Source file 12: output/117060/013/jcorranEff.root
hadd Source file 11: output/117060/111/jcorranEff.root
hadd Source file 14: output/117060/186/jcorranEff.root
hadd Source file 10: output/117060/228/jcorranEff.root
hadd Source file 13: output/117060/010/jcorranEff.root
hadd Source file 12: output/117060/201/jcorranEff.root
hadd Source file 15: output/117060/251/jcorranEff.root
hadd Source file 11: output/117060/189/jcorranEff.root
hadd Source file 14: output/117060/234/jcorranEff.root
hadd Source file 16: output/117060/312/jcorranEff.root
hadd Source file 13: output/117060/007/jcorranEff.root
hadd Source file 15: output/117060/005/jcorranEff.root
hadd Source file 12: output/117060/213/jcorranEff.root
hadd Source file 17: output/117060/113/jcorranEff.root
hadd Source file 14: output/117060/018/jcorranEff.root
hadd Source file 16: output/117060/175/jcorranEff.root
hadd Source file 18: output/117060/081/jcorranEff.root
hadd Source file 13: output/117060/272/jcorranEff.root
hadd Source file 17: output/117060/009/jcorranEff.root
hadd Source file 15: output/117060/306/jcorranEff.root
hadd Source file 19: output/117060/008/jcorranEff.root
hadd Source file 18: output/117060/174/jcorranEff.root
hadd Source file 20: output/117060/115/jcorranEff.root
hadd Source file 16: output/117060/099/jcorranEff.root
hadd Source file 19: output/117060/152/jcorranEff.root
hadd Source file 14: output/117060/242/jcorranEff.root
hadd Source file 21: output/117060/245/jcorranEff.root
hadd Source file 20: output/117060/248/jcorranEff.root
hadd Source file 15: output/117060/168/jcorranEff.root
hadd Source file 21: output/117060/230/jcorranEff.root
hadd Source file 22: output/117060/334/jcorranEff.root
hadd Source file 16: output/117060/340/jcorranEff.root
hadd Source file 17: output/117060/276/jcorranEff.root
hadd Source file 22: output/117060/320/jcorranEff.root
hadd Source file 23: output/117060/198/jcorranEff.root
hadd Source file 17: output/117060/059/jcorranEff.root
hadd Source file 18: output/117060/143/jcorranEff.root
hadd Source file 23: output/117060/098/jcorranEff.root
hadd Source file 19: output/117060/286/jcorranEff.root
hadd Source file 18: output/117060/273/jcorranEff.root
hadd Source file 24: output/117060/151/jcorranEff.root
hadd Source file 19: output/117060/088/jcorranEff.root
hadd Source file 24: output/117060/129/jcorranEff.root
hadd Source file 20: output/117060/117/jcorranEff.root
hadd Source file 25: output/117060/103/jcorranEff.root
hadd Source file 25: output/117060/058/jcorranEff.root
hadd Source file 20: output/117060/016/jcorranEff.root
hadd Source file 21: output/117060/204/jcorranEff.root
hadd Source file 26: output/117060/307/jcorranEff.root
hadd Source file 26: output/117060/267/jcorranEff.root
hadd Source file 21: output/117060/002/jcorranEff.root
hadd Source file 27: output/117060/205/jcorranEff.root
hadd Source file 27: output/117060/165/jcorranEff.root
hadd Source file 22: output/117060/216/jcorranEff.root
hadd Source file 28: output/117060/072/jcorranEff.root
hadd Source file 23: output/117060/100/jcorranEff.root
hadd Source file 22: output/117060/090/jcorranEff.root
hadd Source file 28: output/117060/188/jcorranEff.root
hadd Source file 29: output/117060/155/jcorranEff.root
hadd Source file 24: output/117060/020/jcorranEff.root
hadd Source file 23: output/117060/338/jcorranEff.root
hadd Source file 29: output/117060/160/jcorranEff.root
hadd Source file 25: output/117060/294/jcorranEff.root
hadd Source file 24: output/117060/130/jcorranEff.root
hadd Source file 26: output/117060/156/jcorranEff.root
hadd Source file 30: output/117060/258/jcorranEff.root
hadd Source file 30: output/117060/194/jcorranEff.root
hadd Source file 25: output/117060/193/jcorranEff.root
hadd Source file 31: output/117060/279/jcorranEff.root
hadd Source file 31: output/117060/150/jcorranEff.root
hadd Source file 27: output/117060/159/jcorranEff.root
hadd Source file 32: output/117060/063/jcorranEff.root
hadd Source file 26: output/117060/040/jcorranEff.root
hadd Source file 32: output/117060/061/jcorranEff.root
hadd Source file 28: output/117060/164/jcorranEff.root
hadd Source file 27: output/117060/120/jcorranEff.root
hadd Source file 33: output/117060/149/jcorranEff.root
hadd Source file 33: output/117060/236/jcorranEff.root
hadd Source file 29: output/117060/108/jcorranEff.root
hadd Source file 34: output/117060/318/jcorranEff.root
hadd Source file 30: output/117060/327/jcorranEff.root
hadd Source file 34: output/117060/302/jcorranEff.root
hadd Source file 28: output/117060/260/jcorranEff.root
hadd Source file 35: output/117060/132/jcorranEff.root
hadd Source file 36: output/117060/052/jcorranEff.root
hadd Source file 29: output/117060/102/jcorranEff.root
hadd Source file 35: output/117060/275/jcorranEff.root
hadd Source file 31: output/117060/315/jcorranEff.root
hadd Source file 37: output/117060/222/jcorranEff.root
hadd Source file 30: output/117060/243/jcorranEff.root
hadd Source file 36: output/117060/270/jcorranEff.root
hadd Source file 32: output/117060/288/jcorranEff.root
hadd Source file 31: output/117060/268/jcorranEff.root
hadd Source file 33: output/117060/241/jcorranEff.root
hadd Source file 38: output/117060/161/jcorranEff.root
hadd Source file 37: output/117060/125/jcorranEff.root
hadd Source file 32: output/117060/336/jcorranEff.root
hadd Source file 34: output/117060/073/jcorranEff.root
hadd Source file 38: output/117060/147/jcorranEff.root
hadd Source file 39: output/117060/146/jcorranEff.root
hadd Source file 33: output/117060/101/jcorranEff.root
hadd Source file 35: output/117060/045/jcorranEff.root
hadd Source file 39: output/117060/290/jcorranEff.root
hadd Source file 40: output/117060/011/jcorranEff.root
hadd Source file 36: output/117060/224/jcorranEff.root
hadd Source file 40: output/117060/196/jcorranEff.root
hadd Source file 34: output/117060/109/jcorranEff.root
hadd Source file 41: output/117060/051/jcorranEff.root
hadd Source file 41: output/117060/269/jcorranEff.root
hadd Source file 37: output/117060/083/jcorranEff.root
hadd Source file 42: output/117060/178/jcorranEff.root
hadd Source file 35: output/117060/118/jcorranEff.root
hadd Source file 42: output/117060/283/jcorranEff.root
hadd Source file 43: output/117060/055/jcorranEff.root
hadd Source file 38: output/117060/261/jcorranEff.root
hadd Source file 39: output/117060/089/jcorranEff.root
hadd Source file 43: output/117060/304/jcorranEff.root
hadd Source file 36: output/117060/305/jcorranEff.root
hadd Source file 44: output/117060/317/jcorranEff.root
hadd Source file 45: output/117060/035/jcorranEff.root
hadd Source file 44: output/117060/313/jcorranEff.root
hadd Source file 40: output/117060/029/jcorranEff.root
hadd Source file 37: output/117060/339/jcorranEff.root
hadd Source file 46: output/117060/067/jcorranEff.root
hadd Source file 41: output/117060/229/jcorranEff.root
hadd Source file 38: output/117060/238/jcorranEff.root
hadd Source file 42: output/117060/154/jcorranEff.root
hadd Source file 47: output/117060/206/jcorranEff.root
hadd Source file 45: output/117060/124/jcorranEff.root
hadd Source file 43: output/117060/171/jcorranEff.root
hadd Source file 39: output/117060/331/jcorranEff.root
hadd Source file 40: output/117060/116/jcorranEff.root
hadd Source file 46: output/117060/300/jcorranEff.root
hadd Source file 48: output/117060/085/jcorranEff.root
hadd Source file 44: output/117060/021/jcorranEff.root
hadd Source file 41: output/117060/211/jcorranEff.root
hadd Source file 49: output/117060/297/jcorranEff.root
hadd Source file 47: output/117060/197/jcorranEff.root
hadd Source file 45: output/117060/190/jcorranEff.root
hadd Source file 50: output/117060/217/jcorranEff.root
hadd Source file 48: output/117060/112/jcorranEff.root
hadd Source file 42: output/117060/235/jcorranEff.root
hadd Source file 49: output/117060/328/jcorranEff.root
hadd Source file 46: output/117060/264/jcorranEff.root
hadd Target path: /tmp/bschang/batch/PID14897-20140623-114528-merge-list/jcorranEff_117060.list-19590/xac.root:/
hadd Source file 43: output/117060/330/jcorranEff.root
hadd Source file 47: output/117060/054/jcorranEff.root
hadd Target path: /tmp/bschang/batch/PID14897-20140623-114528-merge-list/jcorranEff_117060.list-19590/xac.root:/EffHist
hadd Source file 50: output/117060/075/jcorranEff.root
hadd Target path: /tmp/bschang/batch/PID14897-20140623-114528-merge-list/jcorranEff_117060.list-19590/xad.root:/
hadd Source file 44: output/117060/096/jcorranEff.root
hadd Target path: /tmp/bschang/batch/PID14897-20140623-114528-merge-list/jcorranEff_117060.list-19590/xad.root:/EffHist
hadd Source file 45: output/117060/024/jcorranEff.root
hadd Source file 48: output/117060/034/jcorranEff.root
hadd Source file 46: output/117060/139/jcorranEff.root
hadd Source file 49: output/117060/104/jcorranEff.root
hadd Source file 47: output/117060/093/jcorranEff.root
hadd Source file 50: output/117060/177/jcorranEff.root
hadd Target path: /tmp/bschang/batch/PID14897-20140623-114528-merge-list/jcorranEff_117060.list-19590/xab.root:/
hadd Source file 48: output/117060/254/jcorranEff.root
hadd Target path: /tmp/bschang/batch/PID14897-20140623-114528-merge-list/jcorranEff_117060.list-19590/xab.root:/EffHist
hadd Source file 49: output/117060/274/jcorranEff.root
hadd Source file 50: output/117060/316/jcorranEff.root
hadd Target path: /tmp/bschang/batch/PID14897-20140623-114528-merge-list/jcorranEff_117060.list-19590/xaa.root:/
hadd Target path: /tmp/bschang/batch/PID14897-20140623-114528-merge-list/jcorranEff_117060.list-19590/xaa.root:/EffHist
hadd Target file: /tmp/bschang/batch/PID14897-20140623-114528-merge-list/jcorranEff_117060.list-19590/xae.root
hadd Source file 1: output/117060/097/jcorranEff.root
hadd Target file: /tmp/bschang/batch/PID14897-20140623-114528-merge-list/jcorranEff_117060.list-19590/xaf.root
hadd Source file 1: output/117060/255/jcorranEff.root
hadd Source file 2: output/117060/179/jcorranEff.root
hadd Source file 3: output/117060/025/jcorranEff.root
hadd Source file 4: output/117060/037/jcorranEff.root
hadd Source file 5: output/117060/078/jcorranEff.root
hadd Source file 6: output/117060/292/jcorranEff.root
hadd Source file 2: output/117060/308/jcorranEff.root
hadd Source file 3: output/117060/319/jcorranEff.root
hadd Source file 7: output/117060/183/jcorranEff.root
hadd Source file 4: output/117060/033/jcorranEff.root
hadd Source file 8: output/117060/136/jcorranEff.root
hadd Source file 5: output/117060/195/jcorranEff.root
hadd Source file 9: output/117060/062/jcorranEff.root
hadd Source file 6: output/117060/176/jcorranEff.root
hadd Source file 10: output/117060/212/jcorranEff.root
hadd Source file 7: output/117060/223/jcorranEff.root
hadd Source file 11: output/117060/106/jcorranEff.root
hadd Source file 8: output/117060/295/jcorranEff.root
hadd Source file 12: output/117060/210/jcorranEff.root
hadd Source file 9: output/117060/342/jcorranEff.root
hadd Source file 13: output/117060/144/jcorranEff.root
hadd Source file 10: output/117060/105/jcorranEff.root
hadd Source file 14: output/117060/157/jcorranEff.root
hadd Source file 11: output/117060/019/jcorranEff.root
hadd Source file 15: output/117060/142/jcorranEff.root
hadd Source file 12: output/117060/057/jcorranEff.root
hadd Source file 16: output/117060/148/jcorranEff.root
hadd Source file 17: output/117060/187/jcorranEff.root
hadd Source file 13: output/117060/282/jcorranEff.root
hadd Source file 18: output/117060/309/jcorranEff.root
hadd Source file 14: output/117060/071/jcorranEff.root
hadd Source file 19: output/117060/141/jcorranEff.root
hadd Source file 15: output/117060/185/jcorranEff.root
hadd Source file 20: output/117060/218/jcorranEff.root
hadd Source file 16: output/117060/126/jcorranEff.root
hadd Target file: /tmp/bschang/batch/PID14897-20140623-114528-merge-list/jcorranEff_117060.list-19590/xag.root
hadd Source file 17: output/117060/006/jcorranEff.root
hadd Source file 18: output/117060/181/jcorranEff.root
hadd Source file 21: output/117060/180/jcorranEff.root
hadd Source file 19: output/117060/291/jcorranEff.root
hadd Source file 22: output/117060/271/jcorranEff.root
hadd Source file 1: output/117060/060/jcorranEff.root
hadd Source file 23: output/117060/080/jcorranEff.root
hadd Source file 24: output/117060/091/jcorranEff.root
hadd Source file 20: output/117060/003/jcorranEff.root
hadd Source file 21: output/117060/287/jcorranEff.root
hadd Source file 25: output/117060/128/jcorranEff.root
hadd Source file 22: output/117060/233/jcorranEff.root
hadd Source file 26: output/117060/153/jcorranEff.root
hadd Source file 27: output/117060/133/jcorranEff.root
hadd Source file 23: output/117060/114/jcorranEff.root
hadd Source file 28: output/117060/259/jcorranEff.root
hadd Source file 24: output/117060/239/jcorranEff.root
hadd Source file 29: output/117060/068/jcorranEff.root
hadd Source file 2: output/117060/107/jcorranEff.root
hadd Source file 25: output/117060/215/jcorranEff.root
hadd Source file 30: output/117060/332/jcorranEff.root
hadd Source file 26: output/117060/145/jcorranEff.root
hadd Source file 3: output/117060/310/jcorranEff.root
hadd Source file 27: output/117060/219/jcorranEff.root
hadd Source file 4: output/117060/056/jcorranEff.root
hadd Source file 31: output/117060/012/jcorranEff.root
hadd Source file 28: output/117060/322/jcorranEff.root
hadd Source file 32: output/117060/231/jcorranEff.root
hadd Source file 29: output/117060/298/jcorranEff.root
hadd Source file 33: output/117060/323/jcorranEff.root
hadd Source file 34: output/117060/053/jcorranEff.root
hadd Source file 5: output/117060/158/jcorranEff.root
hadd Source file 30: output/117060/329/jcorranEff.root
hadd Source file 35: output/117060/289/jcorranEff.root
hadd Source file 6: output/117060/001/jcorranEff.root
hadd Source file 31: output/117060/265/jcorranEff.root
hadd Source file 32: output/117060/074/jcorranEff.root
hadd Source file 7: output/117060/015/jcorranEff.root
hadd Source file 36: output/117060/038/jcorranEff.root
hadd Source file 8: output/117060/281/jcorranEff.root
hadd Source file 33: output/117060/167/jcorranEff.root
hadd Source file 37: output/117060/014/jcorranEff.root
hadd Source file 9: output/117060/131/jcorranEff.root
hadd Source file 34: output/117060/022/jcorranEff.root
hadd Source file 10: output/117060/285/jcorranEff.root
hadd Source file 38: output/117060/203/jcorranEff.root
hadd Source file 35: output/117060/046/jcorranEff.root
hadd Source file 11: output/117060/050/jcorranEff.root
hadd Source file 39: output/117060/065/jcorranEff.root
hadd Source file 12: output/117060/119/jcorranEff.root
hadd Source file 13: output/117060/084/jcorranEff.root
hadd Source file 40: output/117060/192/jcorranEff.root
hadd Source file 36: output/117060/321/jcorranEff.root
hadd Source file 14: output/117060/184/jcorranEff.root
hadd Source file 37: output/117060/044/jcorranEff.root
hadd Source file 41: output/117060/337/jcorranEff.root
hadd Source file 42: output/117060/077/jcorranEff.root
hadd Source file 38: output/117060/049/jcorranEff.root
hadd Source file 15: output/117060/031/jcorranEff.root
hadd Source file 43: output/117060/221/jcorranEff.root
hadd Source file 44: output/117060/041/jcorranEff.root
hadd Source file 16: output/117060/138/jcorranEff.root
hadd Source file 39: output/117060/069/jcorranEff.root
hadd Source file 45: output/117060/026/jcorranEff.root
hadd Source file 17: output/117060/127/jcorranEff.root
hadd Source file 40: output/117060/079/jcorranEff.root
hadd Source file 46: output/117060/202/jcorranEff.root
hadd Source file 41: output/117060/262/jcorranEff.root
hadd Source file 18: output/117060/208/jcorranEff.root
hadd Source file 42: output/117060/199/jcorranEff.root
hadd Source file 19: output/117060/134/jcorranEff.root
hadd Source file 43: output/117060/244/jcorranEff.root
hadd Source file 20: output/117060/200/jcorranEff.root
hadd Source file 47: output/117060/070/jcorranEff.root
hadd Source file 44: output/117060/110/jcorranEff.root
hadd Source file 21: output/117060/004/jcorranEff.root
hadd Source file 45: output/117060/214/jcorranEff.root
hadd Source file 22: output/117060/263/jcorranEff.root
hadd Source file 48: output/117060/166/jcorranEff.root
hadd Source file 23: output/117060/173/jcorranEff.root
hadd Source file 46: output/117060/256/jcorranEff.root
hadd Source file 49: output/117060/086/jcorranEff.root
hadd Source file 24: output/117060/220/jcorranEff.root
hadd Source file 47: output/117060/140/jcorranEff.root
hadd Source file 25: output/117060/341/jcorranEff.root
hadd Source file 50: output/117060/226/jcorranEff.root
hadd Source file 48: output/117060/170/jcorranEff.root
hadd Source file 26: output/117060/042/jcorranEff.root
hadd Target path: /tmp/bschang/batch/PID14897-20140623-114528-merge-list/jcorranEff_117060.list-19590/xae.root:/
hadd Source file 49: output/117060/252/jcorranEff.root
hadd Target path: /tmp/bschang/batch/PID14897-20140623-114528-merge-list/jcorranEff_117060.list-19590/xae.root:/EffHist
hadd Source file 27: output/117060/240/jcorranEff.root
hadd Source file 50: output/117060/027/jcorranEff.root
hadd Source file 28: output/117060/030/jcorranEff.root
hadd Target path: /tmp/bschang/batch/PID14897-20140623-114528-merge-list/jcorranEff_117060.list-19590/xaf.root:/
hadd Source file 29: output/117060/301/jcorranEff.root
hadd Target path: /tmp/bschang/batch/PID14897-20140623-114528-merge-list/jcorranEff_117060.list-19590/xaf.root:/EffHist
hadd Source file 30: output/117060/296/jcorranEff.root
hadd Source file 31: output/117060/048/jcorranEff.root
hadd Source file 32: output/117060/266/jcorranEff.root
hadd Source file 33: output/117060/082/jcorranEff.root
hadd Source file 34: output/117060/249/jcorranEff.root
hadd Source file 35: output/117060/257/jcorranEff.root
hadd Source file 36: output/117060/043/jcorranEff.root
hadd Source file 37: output/117060/087/jcorranEff.root
hadd Target path: /tmp/bschang/batch/PID14897-20140623-114528-merge-list/jcorranEff_117060.list-19590/xag.root:/
hadd Target path: /tmp/bschang/batch/PID14897-20140623-114528-merge-list/jcorranEff_117060.list-19590/xag.root:/EffHist
hadd Target file: merged/jcorranEff_117060.list.root
hadd Source file 1: /tmp/bschang/batch/PID14897-20140623-114528-merge-list/jcorranEff_117060.list-19590/xaa.root
hadd Source file 2: /tmp/bschang/batch/PID14897-20140623-114528-merge-list/jcorranEff_117060.list-19590/xab.root
hadd Source file 3: /tmp/bschang/batch/PID14897-20140623-114528-merge-list/jcorranEff_117060.list-19590/xac.root
hadd Source file 4: /tmp/bschang/batch/PID14897-20140623-114528-merge-list/jcorranEff_117060.list-19590/xad.root
hadd Source file 5: /tmp/bschang/batch/PID14897-20140623-114528-merge-list/jcorranEff_117060.list-19590/xae.root
hadd Source file 6: /tmp/bschang/batch/PID14897-20140623-114528-merge-list/jcorranEff_117060.list-19590/xaf.root
hadd Source file 7: /tmp/bschang/batch/PID14897-20140623-114528-merge-list/jcorranEff_117060.list-19590/xag.root
hadd Target path: merged/jcorranEff_117060.list.root:/
hadd Target path: merged/jcorranEff_117060.list.root:/EffHist
Mon Jun 23 11:45:39 EEST 2014
==== Time : 11
