INPUT : list/jcorranEff_115186.list
OUTPUT : merged/jcorranEff_115186.list.root
NCores : 4
11926
Mon Jun 23 11:43:15 EEST 2014
hadd Target file: /tmp/bschang/batch/PID11926-20140623-114315-merge-list/jcorranEff_115186.list-20613/xab.root
hadd Target file: /tmp/bschang/batch/PID11926-20140623-114315-merge-list/jcorranEff_115186.list-20613/xaa.root
hadd Source file 1: output/115186/030/jcorranEff.root
hadd Source file 1: output/115186/044/jcorranEff.root
hadd Source file 2: output/115186/036/jcorranEff.root
hadd Source file 2: output/115186/041/jcorranEff.root
hadd Source file 3: output/115186/047/jcorranEff.root
hadd Source file 3: output/115186/039/jcorranEff.root
hadd Source file 4: output/115186/026/jcorranEff.root
hadd Source file 4: output/115186/006/jcorranEff.root
hadd Source file 5: output/115186/010/jcorranEff.root
hadd Source file 5: output/115186/062/jcorranEff.root
hadd Source file 6: output/115186/019/jcorranEff.root
hadd Source file 6: output/115186/042/jcorranEff.root
hadd Source file 7: output/115186/018/jcorranEff.root
hadd Source file 7: output/115186/009/jcorranEff.root
hadd Source file 8: output/115186/024/jcorranEff.root
hadd Source file 9: output/115186/016/jcorranEff.root
hadd Source file 8: output/115186/015/jcorranEff.root
hadd Source file 10: output/115186/049/jcorranEff.root
hadd Source file 9: output/115186/021/jcorranEff.root
hadd Source file 11: output/115186/050/jcorranEff.root
hadd Source file 10: output/115186/054/jcorranEff.root
hadd Source file 12: output/115186/055/jcorranEff.root
hadd Source file 11: output/115186/048/jcorranEff.root
hadd Source file 13: output/115186/017/jcorranEff.root
hadd Source file 12: output/115186/037/jcorranEff.root
hadd Source file 13: output/115186/008/jcorranEff.root
hadd Source file 14: output/115186/038/jcorranEff.root
hadd Source file 14: output/115186/064/jcorranEff.root
hadd Target path: /tmp/bschang/batch/PID11926-20140623-114315-merge-list/jcorranEff_115186.list-20613/xab.root:/
hadd Source file 15: output/115186/059/jcorranEff.root
hadd Source file 16: output/115186/031/jcorranEff.root
hadd Target path: /tmp/bschang/batch/PID11926-20140623-114315-merge-list/jcorranEff_115186.list-20613/xab.root:/EffHist
hadd Source file 17: output/115186/022/jcorranEff.root
hadd Source file 18: output/115186/046/jcorranEff.root
hadd Source file 19: output/115186/056/jcorranEff.root
hadd Source file 20: output/115186/023/jcorranEff.root
hadd Source file 21: output/115186/040/jcorranEff.root
hadd Source file 22: output/115186/052/jcorranEff.root
hadd Source file 23: output/115186/004/jcorranEff.root
hadd Source file 24: output/115186/011/jcorranEff.root
hadd Source file 25: output/115186/058/jcorranEff.root
hadd Source file 26: output/115186/035/jcorranEff.root
hadd Source file 27: output/115186/053/jcorranEff.root
hadd Source file 28: output/115186/007/jcorranEff.root
hadd Source file 29: output/115186/033/jcorranEff.root
hadd Source file 30: output/115186/043/jcorranEff.root
hadd Source file 31: output/115186/029/jcorranEff.root
hadd Source file 32: output/115186/020/jcorranEff.root
hadd Source file 33: output/115186/051/jcorranEff.root
hadd Source file 34: output/115186/003/jcorranEff.root
hadd Source file 35: output/115186/045/jcorranEff.root
hadd Source file 36: output/115186/057/jcorranEff.root
hadd Source file 37: output/115186/005/jcorranEff.root
hadd Source file 38: output/115186/060/jcorranEff.root
hadd Source file 39: output/115186/013/jcorranEff.root
hadd Source file 40: output/115186/061/jcorranEff.root
hadd Source file 41: output/115186/063/jcorranEff.root
hadd Source file 42: output/115186/001/jcorranEff.root
hadd Source file 43: output/115186/012/jcorranEff.root
hadd Source file 44: output/115186/028/jcorranEff.root
hadd Source file 45: output/115186/034/jcorranEff.root
hadd Source file 46: output/115186/002/jcorranEff.root
hadd Source file 47: output/115186/027/jcorranEff.root
hadd Source file 48: output/115186/025/jcorranEff.root
hadd Source file 49: output/115186/032/jcorranEff.root
hadd Source file 50: output/115186/014/jcorranEff.root
hadd Target path: /tmp/bschang/batch/PID11926-20140623-114315-merge-list/jcorranEff_115186.list-20613/xaa.root:/
hadd Target path: /tmp/bschang/batch/PID11926-20140623-114315-merge-list/jcorranEff_115186.list-20613/xaa.root:/EffHist
hadd Target file: merged/jcorranEff_115186.list.root
hadd Source file 1: /tmp/bschang/batch/PID11926-20140623-114315-merge-list/jcorranEff_115186.list-20613/xaa.root
hadd Source file 2: /tmp/bschang/batch/PID11926-20140623-114315-merge-list/jcorranEff_115186.list-20613/xab.root
hadd Target path: merged/jcorranEff_115186.list.root:/
hadd Target path: merged/jcorranEff_115186.list.root:/EffHist
Mon Jun 23 11:43:22 EEST 2014
==== Time : 7
