INPUT : list/jcorranEff_117099.list
OUTPUT : merged/jcorranEff_117099.list.root
NCores : 4
15393
Mon Jun 23 11:45:52 EEST 2014
hadd Target file: /tmp/bschang/batch/PID15393-20140623-114552-merge-list/jcorranEff_117099.list-7565/xaa.root
hadd Target file: /tmp/bschang/batch/PID15393-20140623-114552-merge-list/jcorranEff_117099.list-7565/xab.root
hadd Source file 1: output/117099/450/jcorranEff.root
hadd Target file: /tmp/bschang/batch/PID15393-20140623-114552-merge-list/jcorranEff_117099.list-7565/xac.root
hadd Source file 1: output/117099/108/jcorranEff.root
hadd Target file: /tmp/bschang/batch/PID15393-20140623-114552-merge-list/jcorranEff_117099.list-7565/xad.root
hadd Source file 1: output/117099/335/jcorranEff.root
hadd Source file 2: output/117099/343/jcorranEff.root
hadd Source file 1: output/117099/391/jcorranEff.root
hadd Source file 3: output/117099/264/jcorranEff.root
hadd Source file 4: output/117099/340/jcorranEff.root
hadd Source file 5: output/117099/289/jcorranEff.root
hadd Source file 6: output/117099/137/jcorranEff.root
hadd Source file 2: output/117099/447/jcorranEff.root
hadd Source file 7: output/117099/480/jcorranEff.root
hadd Source file 3: output/117099/236/jcorranEff.root
hadd Source file 2: output/117099/134/jcorranEff.root
hadd Source file 2: output/117099/408/jcorranEff.root
hadd Source file 4: output/117099/516/jcorranEff.root
hadd Source file 8: output/117099/089/jcorranEff.root
hadd Source file 3: output/117099/039/jcorranEff.root
hadd Source file 3: output/117099/306/jcorranEff.root
hadd Source file 5: output/117099/023/jcorranEff.root
hadd Source file 4: output/117099/387/jcorranEff.root
hadd Source file 4: output/117099/244/jcorranEff.root
hadd Source file 6: output/117099/530/jcorranEff.root
hadd Source file 9: output/117099/061/jcorranEff.root
hadd Source file 7: output/117099/191/jcorranEff.root
hadd Source file 5: output/117099/102/jcorranEff.root
hadd Source file 10: output/117099/422/jcorranEff.root
hadd Source file 6: output/117099/308/jcorranEff.root
hadd Source file 8: output/117099/095/jcorranEff.root
hadd Source file 5: output/117099/510/jcorranEff.root
hadd Source file 11: output/117099/385/jcorranEff.root
hadd Source file 7: output/117099/054/jcorranEff.root
hadd Source file 12: output/117099/212/jcorranEff.root
hadd Source file 8: output/117099/261/jcorranEff.root
hadd Source file 9: output/117099/113/jcorranEff.root
hadd Source file 6: output/117099/522/jcorranEff.root
hadd Source file 9: output/117099/131/jcorranEff.root
hadd Source file 13: output/117099/151/jcorranEff.root
hadd Source file 10: output/117099/521/jcorranEff.root
hadd Source file 10: output/117099/326/jcorranEff.root
hadd Source file 7: output/117099/044/jcorranEff.root
hadd Source file 11: output/117099/504/jcorranEff.root
hadd Source file 14: output/117099/374/jcorranEff.root
hadd Source file 8: output/117099/007/jcorranEff.root
hadd Source file 11: output/117099/478/jcorranEff.root
hadd Source file 12: output/117099/378/jcorranEff.root
hadd Source file 15: output/117099/170/jcorranEff.root
hadd Source file 9: output/117099/059/jcorranEff.root
hadd Source file 12: output/117099/207/jcorranEff.root
hadd Source file 16: output/117099/165/jcorranEff.root
hadd Source file 13: output/117099/508/jcorranEff.root
hadd Source file 10: output/117099/284/jcorranEff.root
hadd Source file 13: output/117099/004/jcorranEff.root
hadd Source file 17: output/117099/430/jcorranEff.root
hadd Source file 14: output/117099/423/jcorranEff.root
hadd Source file 14: output/117099/072/jcorranEff.root
hadd Source file 11: output/117099/196/jcorranEff.root
hadd Source file 15: output/117099/153/jcorranEff.root
hadd Source file 18: output/117099/065/jcorranEff.root
hadd Source file 12: output/117099/178/jcorranEff.root
hadd Source file 16: output/117099/426/jcorranEff.root
hadd Source file 19: output/117099/524/jcorranEff.root
hadd Source file 13: output/117099/099/jcorranEff.root
hadd Source file 15: output/117099/037/jcorranEff.root
hadd Source file 14: output/117099/043/jcorranEff.root
hadd Source file 20: output/117099/495/jcorranEff.root
hadd Source file 17: output/117099/038/jcorranEff.root
hadd Source file 15: output/117099/313/jcorranEff.root
hadd Source file 16: output/117099/124/jcorranEff.root
hadd Source file 16: output/117099/301/jcorranEff.root
hadd Source file 21: output/117099/442/jcorranEff.root
hadd Source file 18: output/117099/180/jcorranEff.root
hadd Source file 17: output/117099/003/jcorranEff.root
hadd Source file 17: output/117099/247/jcorranEff.root
hadd Source file 22: output/117099/319/jcorranEff.root
hadd Source file 18: output/117099/339/jcorranEff.root
hadd Source file 18: output/117099/181/jcorranEff.root
hadd Source file 19: output/117099/090/jcorranEff.root
hadd Source file 19: output/117099/517/jcorranEff.root
hadd Source file 23: output/117099/513/jcorranEff.root
hadd Source file 19: output/117099/013/jcorranEff.root
hadd Source file 24: output/117099/421/jcorranEff.root
hadd Source file 20: output/117099/241/jcorranEff.root
hadd Source file 21: output/117099/412/jcorranEff.root
hadd Source file 20: output/117099/273/jcorranEff.root
hadd Source file 20: output/117099/470/jcorranEff.root
hadd Source file 25: output/117099/020/jcorranEff.root
hadd Source file 21: output/117099/145/jcorranEff.root
hadd Source file 22: output/117099/512/jcorranEff.root
hadd Source file 26: output/117099/175/jcorranEff.root
hadd Source file 21: output/117099/231/jcorranEff.root
hadd Source file 23: output/117099/031/jcorranEff.root
hadd Source file 27: output/117099/502/jcorranEff.root
hadd Source file 22: output/117099/300/jcorranEff.root
hadd Source file 24: output/117099/410/jcorranEff.root
hadd Source file 22: output/117099/087/jcorranEff.root
hadd Source file 23: output/117099/347/jcorranEff.root
hadd Source file 23: output/117099/428/jcorranEff.root
hadd Source file 28: output/117099/451/jcorranEff.root
hadd Source file 25: output/117099/228/jcorranEff.root
hadd Source file 24: output/117099/106/jcorranEff.root
hadd Source file 29: output/117099/200/jcorranEff.root
hadd Source file 24: output/117099/002/jcorranEff.root
hadd Source file 26: output/117099/130/jcorranEff.root
hadd Source file 30: output/117099/476/jcorranEff.root
hadd Source file 25: output/117099/474/jcorranEff.root
hadd Source file 27: output/117099/328/jcorranEff.root
hadd Source file 31: output/117099/344/jcorranEff.root
hadd Source file 25: output/117099/041/jcorranEff.root
hadd Source file 26: output/117099/310/jcorranEff.root
hadd Source file 26: output/117099/269/jcorranEff.root
hadd Source file 28: output/117099/341/jcorranEff.root
hadd Source file 32: output/117099/413/jcorranEff.root
hadd Source file 27: output/117099/290/jcorranEff.root
hadd Source file 29: output/117099/496/jcorranEff.root
hadd Source file 27: output/117099/209/jcorranEff.root
hadd Source file 28: output/117099/132/jcorranEff.root
hadd Source file 28: output/117099/467/jcorranEff.root
hadd Source file 30: output/117099/111/jcorranEff.root
hadd Source file 33: output/117099/109/jcorranEff.root
hadd Source file 31: output/117099/307/jcorranEff.root
hadd Source file 34: output/117099/320/jcorranEff.root
hadd Source file 29: output/117099/256/jcorranEff.root
hadd Source file 29: output/117099/274/jcorranEff.root
hadd Source file 32: output/117099/128/jcorranEff.root
hadd Source file 35: output/117099/382/jcorranEff.root
hadd Source file 36: output/117099/464/jcorranEff.root
hadd Source file 30: output/117099/195/jcorranEff.root
hadd Source file 30: output/117099/055/jcorranEff.root
hadd Source file 37: output/117099/220/jcorranEff.root
hadd Source file 31: output/117099/398/jcorranEff.root
hadd Source file 33: output/117099/211/jcorranEff.root
hadd Source file 38: output/117099/520/jcorranEff.root
hadd Source file 31: output/117099/052/jcorranEff.root
hadd Source file 34: output/117099/050/jcorranEff.root
hadd Source file 32: output/117099/454/jcorranEff.root
hadd Source file 39: output/117099/424/jcorranEff.root
hadd Source file 35: output/117099/018/jcorranEff.root
hadd Source file 33: output/117099/173/jcorranEff.root
hadd Source file 32: output/117099/016/jcorranEff.root
hadd Source file 40: output/117099/239/jcorranEff.root
hadd Source file 34: output/117099/276/jcorranEff.root
hadd Source file 36: output/117099/186/jcorranEff.root
hadd Source file 33: output/117099/171/jcorranEff.root
hadd Source file 41: output/117099/351/jcorranEff.root
hadd Source file 37: output/117099/268/jcorranEff.root
hadd Source file 34: output/117099/462/jcorranEff.root
hadd Source file 38: output/117099/294/jcorranEff.root
hadd Source file 35: output/117099/498/jcorranEff.root
hadd Source file 42: output/117099/121/jcorranEff.root
hadd Source file 39: output/117099/303/jcorranEff.root
hadd Source file 40: output/117099/329/jcorranEff.root
hadd Source file 36: output/117099/184/jcorranEff.root
hadd Source file 35: output/117099/365/jcorranEff.root
hadd Source file 41: output/117099/122/jcorranEff.root
hadd Source file 36: output/117099/227/jcorranEff.root
hadd Source file 42: output/117099/252/jcorranEff.root
hadd Source file 37: output/117099/154/jcorranEff.root
hadd Source file 37: output/117099/321/jcorranEff.root
hadd Source file 43: output/117099/429/jcorranEff.root
hadd Source file 43: output/117099/332/jcorranEff.root
hadd Source file 38: output/117099/159/jcorranEff.root
hadd Source file 44: output/117099/527/jcorranEff.root
hadd Source file 44: output/117099/357/jcorranEff.root
hadd Source file 38: output/117099/278/jcorranEff.root
hadd Source file 39: output/117099/005/jcorranEff.root
hadd Source file 45: output/117099/049/jcorranEff.root
hadd Source file 45: output/117099/010/jcorranEff.root
hadd Source file 40: output/117099/296/jcorranEff.root
hadd Source file 46: output/117099/182/jcorranEff.root
hadd Source file 46: output/117099/298/jcorranEff.root
hadd Source file 41: output/117099/452/jcorranEff.root
hadd Source file 39: output/117099/528/jcorranEff.root
hadd Source file 47: output/117099/297/jcorranEff.root
hadd Source file 47: output/117099/254/jcorranEff.root
hadd Source file 42: output/117099/114/jcorranEff.root
hadd Source file 40: output/117099/260/jcorranEff.root
hadd Source file 48: output/117099/272/jcorranEff.root
hadd Source file 48: output/117099/051/jcorranEff.root
hadd Source file 43: output/117099/213/jcorranEff.root
hadd Source file 41: output/117099/190/jcorranEff.root
hadd Source file 44: output/117099/133/jcorranEff.root
hadd Source file 49: output/117099/291/jcorranEff.root
hadd Source file 49: output/117099/214/jcorranEff.root
hadd Source file 42: output/117099/446/jcorranEff.root
hadd Source file 50: output/117099/019/jcorranEff.root
hadd Source file 45: output/117099/011/jcorranEff.root
hadd Target path: /tmp/bschang/batch/PID15393-20140623-114552-merge-list/jcorranEff_117099.list-7565/xac.root:/
hadd Source file 46: output/117099/434/jcorranEff.root
hadd Source file 50: output/117099/107/jcorranEff.root
hadd Target path: /tmp/bschang/batch/PID15393-20140623-114552-merge-list/jcorranEff_117099.list-7565/xac.root:/EffHist
hadd Source file 43: output/117099/204/jcorranEff.root
hadd Target path: /tmp/bschang/batch/PID15393-20140623-114552-merge-list/jcorranEff_117099.list-7565/xab.root:/
hadd Source file 44: output/117099/104/jcorranEff.root
hadd Source file 47: output/117099/188/jcorranEff.root
hadd Target path: /tmp/bschang/batch/PID15393-20140623-114552-merge-list/jcorranEff_117099.list-7565/xab.root:/EffHist
hadd Source file 45: output/117099/458/jcorranEff.root
hadd Source file 48: output/117099/444/jcorranEff.root
hadd Source file 46: output/117099/103/jcorranEff.root
hadd Source file 49: output/117099/253/jcorranEff.root
hadd Source file 50: output/117099/309/jcorranEff.root
hadd Source file 47: output/117099/230/jcorranEff.root
hadd Target path: /tmp/bschang/batch/PID15393-20140623-114552-merge-list/jcorranEff_117099.list-7565/xad.root:/
hadd Source file 48: output/117099/514/jcorranEff.root
hadd Target path: /tmp/bschang/batch/PID15393-20140623-114552-merge-list/jcorranEff_117099.list-7565/xad.root:/EffHist
hadd Source file 49: output/117099/022/jcorranEff.root
hadd Source file 50: output/117099/221/jcorranEff.root
hadd Target path: /tmp/bschang/batch/PID15393-20140623-114552-merge-list/jcorranEff_117099.list-7565/xaa.root:/
hadd Target path: /tmp/bschang/batch/PID15393-20140623-114552-merge-list/jcorranEff_117099.list-7565/xaa.root:/EffHist
hadd Target file: /tmp/bschang/batch/PID15393-20140623-114552-merge-list/jcorranEff_117099.list-7565/xae.root
hadd Source file 1: output/117099/172/jcorranEff.root
hadd Target file: /tmp/bschang/batch/PID15393-20140623-114552-merge-list/jcorranEff_117099.list-7565/xag.root
hadd Target file: /tmp/bschang/batch/PID15393-20140623-114552-merge-list/jcorranEff_117099.list-7565/xaf.root
hadd Source file 1: output/117099/299/jcorranEff.root
hadd Source file 1: output/117099/036/jcorranEff.root
hadd Source file 2: output/117099/302/jcorranEff.root
hadd Source file 2: output/117099/473/jcorranEff.root
hadd Source file 3: output/117099/047/jcorranEff.root
hadd Source file 3: output/117099/034/jcorranEff.root
hadd Source file 2: output/117099/337/jcorranEff.root
hadd Source file 4: output/117099/066/jcorranEff.root
hadd Source file 3: output/117099/229/jcorranEff.root
hadd Source file 4: output/117099/453/jcorranEff.root
hadd Source file 5: output/117099/168/jcorranEff.root
hadd Source file 4: output/117099/436/jcorranEff.root
hadd Source file 6: output/117099/183/jcorranEff.root
hadd Source file 5: output/117099/316/jcorranEff.root
hadd Source file 7: output/117099/017/jcorranEff.root
hadd Source file 6: output/117099/140/jcorranEff.root
hadd Source file 5: output/117099/152/jcorranEff.root
hadd Source file 8: output/117099/125/jcorranEff.root
hadd Source file 6: output/117099/234/jcorranEff.root
hadd Source file 9: output/117099/222/jcorranEff.root
hadd Source file 10: output/117099/139/jcorranEff.root
hadd Source file 7: output/117099/370/jcorranEff.root
hadd Source file 11: output/117099/394/jcorranEff.root
hadd Target file: /tmp/bschang/batch/PID15393-20140623-114552-merge-list/jcorranEff_117099.list-7565/xah.root
hadd Source file 8: output/117099/283/jcorranEff.root
hadd Source file 9: output/117099/325/jcorranEff.root
hadd Source file 10: output/117099/488/jcorranEff.root
hadd Source file 1: output/117099/194/jcorranEff.root
hadd Source file 11: output/117099/401/jcorranEff.root
hadd Source file 12: output/117099/432/jcorranEff.root
hadd Source file 12: output/117099/096/jcorranEff.root
hadd Source file 13: output/117099/076/jcorranEff.root
hadd Source file 7: output/117099/501/jcorranEff.root
hadd Source file 14: output/117099/001/jcorranEff.root
hadd Source file 8: output/117099/117/jcorranEff.root
hadd Source file 13: output/117099/468/jcorranEff.root
hadd Source file 15: output/117099/491/jcorranEff.root
hadd Source file 9: output/117099/445/jcorranEff.root
hadd Source file 14: output/117099/201/jcorranEff.root
hadd Source file 10: output/117099/223/jcorranEff.root
hadd Source file 16: output/117099/008/jcorranEff.root
hadd Source file 15: output/117099/485/jcorranEff.root
hadd Source file 2: output/117099/392/jcorranEff.root
hadd Source file 11: output/117099/330/jcorranEff.root
hadd Source file 17: output/117099/523/jcorranEff.root
hadd Source file 3: output/117099/295/jcorranEff.root
hadd Source file 16: output/117099/406/jcorranEff.root
hadd Source file 12: output/117099/354/jcorranEff.root
hadd Source file 18: output/117099/120/jcorranEff.root
hadd Source file 4: output/117099/085/jcorranEff.root
hadd Source file 19: output/117099/419/jcorranEff.root
hadd Source file 5: output/117099/346/jcorranEff.root
hadd Source file 13: output/117099/505/jcorranEff.root
hadd Source file 6: output/117099/327/jcorranEff.root
hadd Source file 17: output/117099/342/jcorranEff.root
hadd Source file 14: output/117099/129/jcorranEff.root
hadd Source file 20: output/117099/028/jcorranEff.root
hadd Source file 7: output/117099/110/jcorranEff.root
hadd Source file 21: output/117099/411/jcorranEff.root
hadd Source file 15: output/117099/373/jcorranEff.root
hadd Source file 22: output/117099/248/jcorranEff.root
hadd Source file 8: output/117099/529/jcorranEff.root
hadd Source file 16: output/117099/469/jcorranEff.root
hadd Source file 9: output/117099/459/jcorranEff.root
hadd Source file 18: output/117099/393/jcorranEff.root
hadd Source file 23: output/117099/026/jcorranEff.root
hadd Source file 19: output/117099/251/jcorranEff.root
hadd Source file 17: output/117099/218/jcorranEff.root
hadd Source file 10: output/117099/500/jcorranEff.root
hadd Source file 20: output/117099/148/jcorranEff.root
hadd Source file 18: output/117099/420/jcorranEff.root
hadd Source file 11: output/117099/157/jcorranEff.root
hadd Source file 19: output/117099/100/jcorranEff.root
hadd Source file 24: output/117099/384/jcorranEff.root
hadd Source file 21: output/117099/435/jcorranEff.root
hadd Source file 12: output/117099/142/jcorranEff.root
hadd Source file 25: output/117099/056/jcorranEff.root
hadd Source file 20: output/117099/492/jcorranEff.root
hadd Source file 26: output/117099/162/jcorranEff.root
hadd Source file 13: output/117099/262/jcorranEff.root
hadd Source file 21: output/117099/189/jcorranEff.root
hadd Source file 27: output/117099/314/jcorranEff.root
hadd Source file 14: output/117099/345/jcorranEff.root
hadd Source file 22: output/117099/356/jcorranEff.root
hadd Source file 22: output/117099/077/jcorranEff.root
hadd Source file 23: output/117099/225/jcorranEff.root
hadd Source file 15: output/117099/224/jcorranEff.root
hadd Source file 28: output/117099/425/jcorranEff.root
hadd Source file 24: output/117099/507/jcorranEff.root
hadd Source file 23: output/117099/174/jcorranEff.root
hadd Source file 29: output/117099/158/jcorranEff.root
hadd Source file 16: output/117099/431/jcorranEff.root
hadd Source file 30: output/117099/097/jcorranEff.root
hadd Source file 25: output/117099/078/jcorranEff.root
hadd Source file 24: output/117099/163/jcorranEff.root
hadd Source file 17: output/117099/233/jcorranEff.root
hadd Source file 31: output/117099/258/jcorranEff.root
hadd Source file 26: output/117099/358/jcorranEff.root
hadd Source file 18: output/117099/208/jcorranEff.root
hadd Source file 32: output/117099/192/jcorranEff.root
hadd Source file 27: output/117099/493/jcorranEff.root
hadd Source file 25: output/117099/265/jcorranEff.root
hadd Source file 33: output/117099/397/jcorranEff.root
hadd Source file 28: output/117099/088/jcorranEff.root
hadd Source file 34: output/117099/259/jcorranEff.root
hadd Source file 19: output/117099/331/jcorranEff.root
hadd Source file 26: output/117099/471/jcorranEff.root
hadd Source file 35: output/117099/317/jcorranEff.root
hadd Source file 20: output/117099/257/jcorranEff.root
hadd Source file 29: output/117099/176/jcorranEff.root
hadd Source file 27: output/117099/350/jcorranEff.root
hadd Source file 36: output/117099/511/jcorranEff.root
hadd Source file 21: output/117099/068/jcorranEff.root
hadd Source file 30: output/117099/245/jcorranEff.root
hadd Source file 28: output/117099/334/jcorranEff.root
hadd Source file 31: output/117099/126/jcorranEff.root
hadd Source file 37: output/117099/083/jcorranEff.root
hadd Source file 22: output/117099/383/jcorranEff.root
hadd Source file 23: output/117099/490/jcorranEff.root
hadd Source file 38: output/117099/060/jcorranEff.root
hadd Source file 32: output/117099/147/jcorranEff.root
hadd Source file 33: output/117099/149/jcorranEff.root
hadd Source file 29: output/117099/161/jcorranEff.root
hadd Source file 39: output/117099/080/jcorranEff.root
hadd Source file 24: output/117099/119/jcorranEff.root
hadd Source file 40: output/117099/475/jcorranEff.root
hadd Source file 30: output/117099/456/jcorranEff.root
hadd Source file 41: output/117099/486/jcorranEff.root
hadd Source file 25: output/117099/094/jcorranEff.root
hadd Source file 34: output/117099/457/jcorranEff.root
hadd Source file 31: output/117099/438/jcorranEff.root
hadd Source file 26: output/117099/053/jcorranEff.root
hadd Source file 42: output/117099/449/jcorranEff.root
hadd Source file 32: output/117099/479/jcorranEff.root
hadd Source file 35: output/117099/075/jcorranEff.root
hadd Source file 43: output/117099/368/jcorranEff.root
hadd Source file 33: output/117099/427/jcorranEff.root
hadd Source file 34: output/117099/219/jcorranEff.root
hadd Source file 27: output/117099/116/jcorranEff.root
hadd Source file 36: output/117099/455/jcorranEff.root
hadd Source file 35: output/117099/375/jcorranEff.root
hadd Source file 44: output/117099/333/jcorranEff.root
hadd Source file 28: output/117099/390/jcorranEff.root
hadd Source file 45: output/117099/203/jcorranEff.root
hadd Source file 36: output/117099/232/jcorranEff.root
hadd Source file 29: output/117099/322/jcorranEff.root
hadd Source file 37: output/117099/281/jcorranEff.root
hadd Source file 46: output/117099/377/jcorranEff.root
hadd Source file 30: output/117099/193/jcorranEff.root
hadd Source file 37: output/117099/101/jcorranEff.root
hadd Source file 47: output/117099/063/jcorranEff.root
hadd Source file 31: output/117099/489/jcorranEff.root
hadd Source file 38: output/117099/029/jcorranEff.root
hadd Source file 38: output/117099/146/jcorranEff.root
hadd Source file 48: output/117099/084/jcorranEff.root
hadd Source file 39: output/117099/074/jcorranEff.root
hadd Source file 39: output/117099/006/jcorranEff.root
hadd Source file 40: output/117099/144/jcorranEff.root
hadd Source file 49: output/117099/305/jcorranEff.root
hadd Source file 32: output/117099/371/jcorranEff.root
hadd Source file 41: output/117099/210/jcorranEff.root
hadd Source file 40: output/117099/417/jcorranEff.root
hadd Source file 33: output/117099/367/jcorranEff.root
hadd Source file 50: output/117099/048/jcorranEff.root
hadd Source file 41: output/117099/179/jcorranEff.root
hadd Target path: /tmp/bschang/batch/PID15393-20140623-114552-merge-list/jcorranEff_117099.list-7565/xae.root:/
hadd Source file 42: output/117099/135/jcorranEff.root
hadd Source file 34: output/117099/338/jcorranEff.root
hadd Source file 42: output/117099/249/jcorranEff.root
hadd Target path: /tmp/bschang/batch/PID15393-20140623-114552-merge-list/jcorranEff_117099.list-7565/xae.root:/EffHist
hadd Source file 43: output/117099/499/jcorranEff.root
hadd Source file 35: output/117099/318/jcorranEff.root
hadd Source file 43: output/117099/437/jcorranEff.root
hadd Source file 44: output/117099/064/jcorranEff.root
hadd Source file 36: output/117099/386/jcorranEff.root
hadd Source file 44: output/117099/067/jcorranEff.root
hadd Source file 37: output/117099/009/jcorranEff.root
hadd Source file 45: output/117099/404/jcorranEff.root
hadd Source file 45: output/117099/070/jcorranEff.root
hadd Source file 38: output/117099/361/jcorranEff.root
hadd Source file 46: output/117099/416/jcorranEff.root
hadd Source file 46: output/117099/069/jcorranEff.root
hadd Source file 47: output/117099/082/jcorranEff.root
hadd Source file 47: output/117099/388/jcorranEff.root
hadd Source file 48: output/117099/381/jcorranEff.root
hadd Source file 48: output/117099/185/jcorranEff.root
hadd Source file 39: output/117099/240/jcorranEff.root
hadd Source file 49: output/117099/166/jcorranEff.root
hadd Source file 50: output/117099/024/jcorranEff.root
hadd Source file 49: output/117099/164/jcorranEff.root
hadd Source file 40: output/117099/073/jcorranEff.root
hadd Target path: /tmp/bschang/batch/PID15393-20140623-114552-merge-list/jcorranEff_117099.list-7565/xag.root:/
hadd Source file 50: output/117099/199/jcorranEff.root
hadd Source file 41: output/117099/443/jcorranEff.root
hadd Target path: /tmp/bschang/batch/PID15393-20140623-114552-merge-list/jcorranEff_117099.list-7565/xag.root:/EffHist
hadd Target path: /tmp/bschang/batch/PID15393-20140623-114552-merge-list/jcorranEff_117099.list-7565/xaf.root:/
hadd Source file 42: output/117099/287/jcorranEff.root
hadd Target path: /tmp/bschang/batch/PID15393-20140623-114552-merge-list/jcorranEff_117099.list-7565/xaf.root:/EffHist
hadd Source file 43: output/117099/091/jcorranEff.root
hadd Source file 44: output/117099/304/jcorranEff.root
hadd Source file 45: output/117099/198/jcorranEff.root
hadd Source file 46: output/117099/481/jcorranEff.root
hadd Source file 47: output/117099/349/jcorranEff.root
hadd Source file 48: output/117099/433/jcorranEff.root
hadd Source file 49: output/117099/379/jcorranEff.root
hadd Source file 50: output/117099/515/jcorranEff.root
hadd Target path: /tmp/bschang/batch/PID15393-20140623-114552-merge-list/jcorranEff_117099.list-7565/xah.root:/
hadd Target path: /tmp/bschang/batch/PID15393-20140623-114552-merge-list/jcorranEff_117099.list-7565/xah.root:/EffHist
hadd Target file: /tmp/bschang/batch/PID15393-20140623-114552-merge-list/jcorranEff_117099.list-7565/xai.root
hadd Target file: /tmp/bschang/batch/PID15393-20140623-114552-merge-list/jcorranEff_117099.list-7565/xaj.root
hadd Source file 1: output/117099/380/jcorranEff.root
hadd Source file 1: output/117099/177/jcorranEff.root
hadd Source file 2: output/117099/396/jcorranEff.root
hadd Source file 3: output/117099/237/jcorranEff.root
hadd Source file 4: output/117099/312/jcorranEff.root
hadd Source file 2: output/117099/336/jcorranEff.root
hadd Source file 5: output/117099/118/jcorranEff.root
hadd Source file 3: output/117099/353/jcorranEff.root
hadd Source file 6: output/117099/035/jcorranEff.root
hadd Target file: /tmp/bschang/batch/PID15393-20140623-114552-merge-list/jcorranEff_117099.list-7565/xak.root
hadd Source file 4: output/117099/525/jcorranEff.root
hadd Source file 1: output/117099/448/jcorranEff.root
hadd Source file 7: output/117099/352/jcorranEff.root
hadd Source file 5: output/117099/058/jcorranEff.root
hadd Source file 6: output/117099/046/jcorranEff.root
hadd Source file 8: output/117099/293/jcorranEff.root
hadd Source file 7: output/117099/482/jcorranEff.root
hadd Source file 8: output/117099/399/jcorranEff.root
hadd Source file 9: output/117099/439/jcorranEff.root
hadd Source file 9: output/117099/389/jcorranEff.root
hadd Source file 10: output/117099/205/jcorranEff.root
hadd Source file 11: output/117099/315/jcorranEff.root
hadd Source file 10: output/117099/509/jcorranEff.root
hadd Source file 12: output/117099/030/jcorranEff.root
hadd Source file 2: output/117099/092/jcorranEff.root
hadd Source file 13: output/117099/033/jcorranEff.root
hadd Source file 11: output/117099/311/jcorranEff.root
hadd Source file 14: output/117099/360/jcorranEff.root
hadd Source file 3: output/117099/364/jcorranEff.root
hadd Source file 15: output/117099/115/jcorranEff.root
hadd Source file 4: output/117099/506/jcorranEff.root
hadd Source file 12: output/117099/155/jcorranEff.root
hadd Source file 13: output/117099/057/jcorranEff.root
hadd Source file 5: output/117099/081/jcorranEff.root
hadd Source file 16: output/117099/167/jcorranEff.root
hadd Source file 14: output/117099/441/jcorranEff.root
hadd Source file 17: output/117099/235/jcorranEff.root
hadd Source file 6: output/117099/238/jcorranEff.root
hadd Source file 7: output/117099/285/jcorranEff.root
hadd Source file 15: output/117099/112/jcorranEff.root
hadd Source file 18: output/117099/395/jcorranEff.root
hadd Source file 8: output/117099/324/jcorranEff.root
hadd Source file 16: output/117099/242/jcorranEff.root
hadd Source file 17: output/117099/440/jcorranEff.root
hadd Source file 18: output/117099/042/jcorranEff.root
hadd Source file 9: output/117099/369/jcorranEff.root
hadd Source file 19: output/117099/363/jcorranEff.root
hadd Source file 19: output/117099/206/jcorranEff.root
hadd Source file 10: output/117099/466/jcorranEff.root
hadd Source file 20: output/117099/150/jcorranEff.root
hadd Source file 11: output/117099/243/jcorranEff.root
hadd Source file 20: output/117099/014/jcorranEff.root
hadd Source file 21: output/117099/494/jcorranEff.root
hadd Source file 12: output/117099/414/jcorranEff.root
hadd Source file 21: output/117099/250/jcorranEff.root
hadd Source file 22: output/117099/202/jcorranEff.root
hadd Source file 22: output/117099/403/jcorranEff.root
hadd Source file 23: output/117099/402/jcorranEff.root
hadd Source file 23: output/117099/263/jcorranEff.root
hadd Source file 13: output/117099/286/jcorranEff.root
hadd Source file 24: output/117099/138/jcorranEff.root
hadd Source file 24: output/117099/127/jcorranEff.root
hadd Source file 14: output/117099/012/jcorranEff.root
hadd Source file 25: output/117099/519/jcorranEff.root
hadd Source file 25: output/117099/362/jcorranEff.root
hadd Source file 15: output/117099/376/jcorranEff.root
hadd Source file 26: output/117099/216/jcorranEff.root
hadd Source file 26: output/117099/021/jcorranEff.root
hadd Source file 16: output/117099/215/jcorranEff.root
hadd Source file 27: output/117099/086/jcorranEff.root
hadd Source file 27: output/117099/266/jcorranEff.root
hadd Source file 17: output/117099/246/jcorranEff.root
hadd Source file 28: output/117099/187/jcorranEff.root
hadd Source file 18: output/117099/217/jcorranEff.root
hadd Source file 29: output/117099/366/jcorranEff.root
hadd Source file 28: output/117099/071/jcorranEff.root
hadd Target path: /tmp/bschang/batch/PID15393-20140623-114552-merge-list/jcorranEff_117099.list-7565/xak.root:/
hadd Source file 30: output/117099/355/jcorranEff.root
hadd Source file 29: output/117099/143/jcorranEff.root
hadd Source file 31: output/117099/123/jcorranEff.root
hadd Target path: /tmp/bschang/batch/PID15393-20140623-114552-merge-list/jcorranEff_117099.list-7565/xak.root:/EffHist
hadd Source file 30: output/117099/015/jcorranEff.root
hadd Source file 32: output/117099/407/jcorranEff.root
hadd Source file 31: output/117099/418/jcorranEff.root
hadd Source file 33: output/117099/405/jcorranEff.root
hadd Source file 32: output/117099/461/jcorranEff.root
hadd Source file 34: output/117099/270/jcorranEff.root
hadd Source file 35: output/117099/169/jcorranEff.root
hadd Source file 33: output/117099/255/jcorranEff.root
hadd Source file 36: output/117099/323/jcorranEff.root
hadd Source file 34: output/117099/497/jcorranEff.root
hadd Source file 37: output/117099/226/jcorranEff.root
hadd Source file 38: output/117099/280/jcorranEff.root
hadd Source file 35: output/117099/477/jcorranEff.root
hadd Source file 39: output/117099/288/jcorranEff.root
hadd Source file 40: output/117099/098/jcorranEff.root
hadd Source file 36: output/117099/062/jcorranEff.root
hadd Source file 41: output/117099/271/jcorranEff.root
hadd Source file 37: output/117099/040/jcorranEff.root
hadd Source file 38: output/117099/400/jcorranEff.root
hadd Source file 42: output/117099/359/jcorranEff.root
hadd Source file 39: output/117099/105/jcorranEff.root
hadd Source file 43: output/117099/348/jcorranEff.root
hadd Source file 44: output/117099/460/jcorranEff.root
hadd Source file 40: output/117099/136/jcorranEff.root
hadd Source file 45: output/117099/141/jcorranEff.root
hadd Source file 41: output/117099/156/jcorranEff.root
hadd Source file 46: output/117099/483/jcorranEff.root
hadd Source file 42: output/117099/292/jcorranEff.root
hadd Source file 47: output/117099/045/jcorranEff.root
hadd Source file 43: output/117099/503/jcorranEff.root
hadd Source file 48: output/117099/372/jcorranEff.root
hadd Source file 44: output/117099/032/jcorranEff.root
hadd Source file 49: output/117099/025/jcorranEff.root
hadd Source file 45: output/117099/197/jcorranEff.root
hadd Source file 50: output/117099/093/jcorranEff.root
hadd Source file 46: output/117099/518/jcorranEff.root
hadd Source file 47: output/117099/160/jcorranEff.root
hadd Target path: /tmp/bschang/batch/PID15393-20140623-114552-merge-list/jcorranEff_117099.list-7565/xaj.root:/
hadd Source file 48: output/117099/415/jcorranEff.root
hadd Target path: /tmp/bschang/batch/PID15393-20140623-114552-merge-list/jcorranEff_117099.list-7565/xaj.root:/EffHist
hadd Source file 49: output/117099/487/jcorranEff.root
hadd Source file 50: output/117099/472/jcorranEff.root
hadd Target path: /tmp/bschang/batch/PID15393-20140623-114552-merge-list/jcorranEff_117099.list-7565/xai.root:/
hadd Target path: /tmp/bschang/batch/PID15393-20140623-114552-merge-list/jcorranEff_117099.list-7565/xai.root:/EffHist
hadd Target file: merged/jcorranEff_117099.list.root
hadd Source file 1: /tmp/bschang/batch/PID15393-20140623-114552-merge-list/jcorranEff_117099.list-7565/xaa.root
hadd Source file 2: /tmp/bschang/batch/PID15393-20140623-114552-merge-list/jcorranEff_117099.list-7565/xab.root
hadd Source file 3: /tmp/bschang/batch/PID15393-20140623-114552-merge-list/jcorranEff_117099.list-7565/xac.root
hadd Source file 4: /tmp/bschang/batch/PID15393-20140623-114552-merge-list/jcorranEff_117099.list-7565/xad.root
hadd Source file 5: /tmp/bschang/batch/PID15393-20140623-114552-merge-list/jcorranEff_117099.list-7565/xae.root
hadd Source file 6: /tmp/bschang/batch/PID15393-20140623-114552-merge-list/jcorranEff_117099.list-7565/xaf.root
hadd Source file 7: /tmp/bschang/batch/PID15393-20140623-114552-merge-list/jcorranEff_117099.list-7565/xag.root
hadd Source file 8: /tmp/bschang/batch/PID15393-20140623-114552-merge-list/jcorranEff_117099.list-7565/xah.root
hadd Source file 9: /tmp/bschang/batch/PID15393-20140623-114552-merge-list/jcorranEff_117099.list-7565/xai.root
hadd Source file 10: /tmp/bschang/batch/PID15393-20140623-114552-merge-list/jcorranEff_117099.list-7565/xaj.root
hadd Source file 11: /tmp/bschang/batch/PID15393-20140623-114552-merge-list/jcorranEff_117099.list-7565/xak.root
hadd Target path: merged/jcorranEff_117099.list.root:/
hadd Target path: merged/jcorranEff_117099.list.root:/EffHist
Mon Jun 23 11:46:05 EEST 2014
==== Time : 13
