INPUT : list/jcorranEff_116102.list
OUTPUT : merged/jcorranEff_116102.list.root
NCores : 4
12585
Mon Jun 23 11:43:47 EEST 2014
hadd Target file: /tmp/bschang/batch/PID12585-20140623-114347-merge-list/jcorranEff_116102.list-20163/xaa.root
hadd Target file: /tmp/bschang/batch/PID12585-20140623-114347-merge-list/jcorranEff_116102.list-20163/xab.root
hadd Source file 1: output/116102/009/jcorranEff.root
hadd Source file 1: output/116102/076/jcorranEff.root
hadd Target file: /tmp/bschang/batch/PID12585-20140623-114347-merge-list/jcorranEff_116102.list-20163/xac.root
hadd Source file 1: output/116102/063/jcorranEff.root
hadd Source file 2: output/116102/058/jcorranEff.root
hadd Source file 3: output/116102/047/jcorranEff.root
hadd Source file 4: output/116102/080/jcorranEff.root
hadd Source file 2: output/116102/069/jcorranEff.root
hadd Source file 5: output/116102/071/jcorranEff.root
hadd Source file 3: output/116102/097/jcorranEff.root
hadd Source file 6: output/116102/096/jcorranEff.root
hadd Source file 4: output/116102/114/jcorranEff.root
hadd Source file 2: output/116102/099/jcorranEff.root
hadd Source file 7: output/116102/038/jcorranEff.root
hadd Source file 5: output/116102/065/jcorranEff.root
hadd Source file 3: output/116102/017/jcorranEff.root
hadd Source file 8: output/116102/054/jcorranEff.root
hadd Source file 6: output/116102/053/jcorranEff.root
hadd Source file 4: output/116102/111/jcorranEff.root
hadd Source file 9: output/116102/013/jcorranEff.root
hadd Source file 7: output/116102/024/jcorranEff.root
hadd Source file 10: output/116102/117/jcorranEff.root
hadd Source file 5: output/116102/084/jcorranEff.root
hadd Source file 8: output/116102/091/jcorranEff.root
hadd Source file 6: output/116102/044/jcorranEff.root
hadd Source file 11: output/116102/042/jcorranEff.root
hadd Source file 7: output/116102/001/jcorranEff.root
hadd Source file 9: output/116102/035/jcorranEff.root
hadd Source file 12: output/116102/109/jcorranEff.root
hadd Source file 10: output/116102/061/jcorranEff.root
hadd Source file 13: output/116102/055/jcorranEff.root
hadd Source file 8: output/116102/006/jcorranEff.root
hadd Source file 14: output/116102/107/jcorranEff.root
hadd Source file 11: output/116102/085/jcorranEff.root
hadd Source file 9: output/116102/029/jcorranEff.root
hadd Source file 15: output/116102/015/jcorranEff.root
hadd Source file 12: output/116102/034/jcorranEff.root
hadd Source file 16: output/116102/083/jcorranEff.root
hadd Source file 10: output/116102/040/jcorranEff.root
hadd Source file 17: output/116102/028/jcorranEff.root
hadd Source file 18: output/116102/086/jcorranEff.root
hadd Source file 11: output/116102/100/jcorranEff.root
hadd Source file 19: output/116102/033/jcorranEff.root
hadd Source file 12: output/116102/026/jcorranEff.root
hadd Source file 13: output/116102/079/jcorranEff.root
hadd Source file 20: output/116102/050/jcorranEff.root
hadd Source file 13: output/116102/094/jcorranEff.root
hadd Source file 14: output/116102/102/jcorranEff.root
hadd Source file 21: output/116102/089/jcorranEff.root
hadd Source file 14: output/116102/005/jcorranEff.root
hadd Source file 15: output/116102/103/jcorranEff.root
hadd Source file 22: output/116102/041/jcorranEff.root
hadd Source file 15: output/116102/098/jcorranEff.root
hadd Source file 16: output/116102/060/jcorranEff.root
hadd Source file 23: output/116102/116/jcorranEff.root
hadd Source file 16: output/116102/078/jcorranEff.root
hadd Source file 17: output/116102/002/jcorranEff.root
hadd Source file 18: output/116102/031/jcorranEff.root
hadd Target path: /tmp/bschang/batch/PID12585-20140623-114347-merge-list/jcorranEff_116102.list-20163/xac.root:/
hadd Source file 24: output/116102/008/jcorranEff.root
hadd Source file 19: output/116102/073/jcorranEff.root
hadd Target path: /tmp/bschang/batch/PID12585-20140623-114347-merge-list/jcorranEff_116102.list-20163/xac.root:/EffHist
hadd Source file 25: output/116102/039/jcorranEff.root
hadd Source file 20: output/116102/022/jcorranEff.root
hadd Source file 26: output/116102/010/jcorranEff.root
hadd Source file 27: output/116102/104/jcorranEff.root
hadd Source file 21: output/116102/004/jcorranEff.root
hadd Source file 22: output/116102/016/jcorranEff.root
hadd Source file 28: output/116102/108/jcorranEff.root
hadd Source file 23: output/116102/025/jcorranEff.root
hadd Source file 29: output/116102/082/jcorranEff.root
hadd Source file 24: output/116102/070/jcorranEff.root
hadd Source file 30: output/116102/115/jcorranEff.root
hadd Source file 25: output/116102/072/jcorranEff.root
hadd Source file 31: output/116102/105/jcorranEff.root
hadd Source file 26: output/116102/027/jcorranEff.root
hadd Source file 32: output/116102/066/jcorranEff.root
hadd Source file 27: output/116102/075/jcorranEff.root
hadd Source file 33: output/116102/062/jcorranEff.root
hadd Source file 28: output/116102/093/jcorranEff.root
hadd Source file 34: output/116102/101/jcorranEff.root
hadd Source file 29: output/116102/110/jcorranEff.root
hadd Source file 35: output/116102/088/jcorranEff.root
hadd Source file 30: output/116102/037/jcorranEff.root
hadd Source file 31: output/116102/074/jcorranEff.root
hadd Source file 36: output/116102/014/jcorranEff.root
hadd Source file 32: output/116102/112/jcorranEff.root
hadd Source file 33: output/116102/106/jcorranEff.root
hadd Source file 37: output/116102/011/jcorranEff.root
hadd Source file 34: output/116102/019/jcorranEff.root
hadd Source file 38: output/116102/056/jcorranEff.root
hadd Source file 39: output/116102/052/jcorranEff.root
hadd Source file 40: output/116102/081/jcorranEff.root
hadd Source file 35: output/116102/049/jcorranEff.root
hadd Source file 41: output/116102/012/jcorranEff.root
hadd Source file 42: output/116102/048/jcorranEff.root
hadd Source file 36: output/116102/007/jcorranEff.root
hadd Source file 37: output/116102/051/jcorranEff.root
hadd Source file 38: output/116102/023/jcorranEff.root
hadd Source file 43: output/116102/020/jcorranEff.root
hadd Source file 44: output/116102/059/jcorranEff.root
hadd Source file 39: output/116102/045/jcorranEff.root
hadd Source file 45: output/116102/087/jcorranEff.root
hadd Source file 40: output/116102/092/jcorranEff.root
hadd Source file 46: output/116102/090/jcorranEff.root
hadd Source file 41: output/116102/095/jcorranEff.root
hadd Source file 47: output/116102/036/jcorranEff.root
hadd Source file 42: output/116102/046/jcorranEff.root
hadd Source file 43: output/116102/077/jcorranEff.root
hadd Source file 48: output/116102/032/jcorranEff.root
hadd Source file 49: output/116102/018/jcorranEff.root
hadd Source file 44: output/116102/113/jcorranEff.root
hadd Source file 50: output/116102/003/jcorranEff.root
hadd Source file 45: output/116102/064/jcorranEff.root
hadd Target path: /tmp/bschang/batch/PID12585-20140623-114347-merge-list/jcorranEff_116102.list-20163/xaa.root:/
hadd Source file 46: output/116102/030/jcorranEff.root
hadd Source file 47: output/116102/021/jcorranEff.root
hadd Target path: /tmp/bschang/batch/PID12585-20140623-114347-merge-list/jcorranEff_116102.list-20163/xaa.root:/EffHist
hadd Source file 48: output/116102/057/jcorranEff.root
hadd Source file 49: output/116102/067/jcorranEff.root
hadd Source file 50: output/116102/043/jcorranEff.root
hadd Target path: /tmp/bschang/batch/PID12585-20140623-114347-merge-list/jcorranEff_116102.list-20163/xab.root:/
hadd Target path: /tmp/bschang/batch/PID12585-20140623-114347-merge-list/jcorranEff_116102.list-20163/xab.root:/EffHist
hadd Target file: merged/jcorranEff_116102.list.root
hadd Source file 1: /tmp/bschang/batch/PID12585-20140623-114347-merge-list/jcorranEff_116102.list-20163/xaa.root
hadd Source file 2: /tmp/bschang/batch/PID12585-20140623-114347-merge-list/jcorranEff_116102.list-20163/xab.root
hadd Source file 3: /tmp/bschang/batch/PID12585-20140623-114347-merge-list/jcorranEff_116102.list-20163/xac.root
hadd Target path: merged/jcorranEff_116102.list.root:/
hadd Target path: merged/jcorranEff_116102.list.root:/EffHist
Mon Jun 23 11:43:53 EEST 2014
==== Time : 6
