INPUT : list/jcorranEff_117092.list
OUTPUT : merged/jcorranEff_117092.list.root
NCores : 4
15285
Mon Jun 23 11:45:46 EEST 2014
hadd Target file: /tmp/bschang/batch/PID15285-20140623-114546-merge-list/jcorranEff_117092.list-13457/xad.root
hadd Target file: /tmp/bschang/batch/PID15285-20140623-114546-merge-list/jcorranEff_117092.list-13457/xab.root
hadd Target file: /tmp/bschang/batch/PID15285-20140623-114546-merge-list/jcorranEff_117092.list-13457/xaa.root
hadd Source file 1: output/117092/151/jcorranEff.root
hadd Target file: /tmp/bschang/batch/PID15285-20140623-114546-merge-list/jcorranEff_117092.list-13457/xac.root
hadd Source file 1: output/117092/167/jcorranEff.root
hadd Source file 1: output/117092/012/jcorranEff.root
hadd Source file 1: output/117092/172/jcorranEff.root
hadd Source file 2: output/117092/010/jcorranEff.root
hadd Source file 3: output/117092/005/jcorranEff.root
hadd Source file 4: output/117092/191/jcorranEff.root
hadd Source file 2: output/117092/041/jcorranEff.root
hadd Source file 5: output/117092/117/jcorranEff.root
hadd Source file 2: output/117092/076/jcorranEff.root
hadd Source file 6: output/117092/030/jcorranEff.root
hadd Source file 3: output/117092/101/jcorranEff.root
hadd Source file 7: output/117092/045/jcorranEff.root
hadd Source file 3: output/117092/110/jcorranEff.root
hadd Source file 4: output/117092/114/jcorranEff.root
hadd Source file 8: output/117092/059/jcorranEff.root
hadd Source file 4: output/117092/146/jcorranEff.root
hadd Source file 5: output/117092/144/jcorranEff.root
hadd Source file 6: output/117092/053/jcorranEff.root
hadd Source file 2: output/117092/176/jcorranEff.root
hadd Source file 9: output/117092/125/jcorranEff.root
hadd Source file 5: output/117092/181/jcorranEff.root
hadd Source file 3: output/117092/056/jcorranEff.root
hadd Source file 10: output/117092/029/jcorranEff.root
hadd Source file 7: output/117092/082/jcorranEff.root
hadd Source file 4: output/117092/124/jcorranEff.root
hadd Source file 8: output/117092/026/jcorranEff.root
hadd Source file 5: output/117092/133/jcorranEff.root
hadd Source file 11: output/117092/071/jcorranEff.root
hadd Source file 6: output/117092/050/jcorranEff.root
hadd Source file 9: output/117092/150/jcorranEff.root
hadd Source file 7: output/117092/051/jcorranEff.root
hadd Source file 12: output/117092/180/jcorranEff.root
hadd Source file 8: output/117092/189/jcorranEff.root
hadd Source file 10: output/117092/072/jcorranEff.root
hadd Source file 9: output/117092/198/jcorranEff.root
hadd Source file 11: output/117092/025/jcorranEff.root
hadd Source file 6: output/117092/173/jcorranEff.root
hadd Source file 13: output/117092/104/jcorranEff.root
hadd Source file 10: output/117092/094/jcorranEff.root
hadd Source file 14: output/117092/018/jcorranEff.root
hadd Source file 15: output/117092/055/jcorranEff.root
hadd Source file 7: output/117092/147/jcorranEff.root
hadd Source file 12: output/117092/130/jcorranEff.root
hadd Source file 16: output/117092/095/jcorranEff.root
hadd Source file 8: output/117092/197/jcorranEff.root
hadd Source file 11: output/117092/007/jcorranEff.root
hadd Source file 13: output/117092/121/jcorranEff.root
hadd Source file 9: output/117092/090/jcorranEff.root
hadd Source file 12: output/117092/166/jcorranEff.root
hadd Source file 14: output/117092/177/jcorranEff.root
hadd Source file 17: output/117092/085/jcorranEff.root
hadd Source file 13: output/117092/081/jcorranEff.root
hadd Source file 10: output/117092/175/jcorranEff.root
hadd Source file 15: output/117092/087/jcorranEff.root
hadd Source file 18: output/117092/068/jcorranEff.root
hadd Source file 16: output/117092/070/jcorranEff.root
hadd Source file 14: output/117092/193/jcorranEff.root
hadd Source file 11: output/117092/129/jcorranEff.root
hadd Source file 19: output/117092/027/jcorranEff.root
hadd Source file 17: output/117092/065/jcorranEff.root
hadd Source file 15: output/117092/158/jcorranEff.root
hadd Source file 20: output/117092/183/jcorranEff.root
hadd Source file 18: output/117092/112/jcorranEff.root
hadd Source file 12: output/117092/036/jcorranEff.root
hadd Source file 16: output/117092/083/jcorranEff.root
hadd Source file 19: output/117092/040/jcorranEff.root
hadd Source file 13: output/117092/052/jcorranEff.root
hadd Source file 17: output/117092/004/jcorranEff.root
hadd Source file 20: output/117092/170/jcorranEff.root
hadd Source file 14: output/117092/084/jcorranEff.root
hadd Source file 21: output/117092/168/jcorranEff.root
hadd Source file 18: output/117092/178/jcorranEff.root
hadd Source file 21: output/117092/122/jcorranEff.root
hadd Source file 15: output/117092/195/jcorranEff.root
hadd Source file 22: output/117092/118/jcorranEff.root
hadd Source file 22: output/117092/028/jcorranEff.root
hadd Source file 19: output/117092/015/jcorranEff.root
hadd Source file 23: output/117092/037/jcorranEff.root
hadd Source file 16: output/117092/153/jcorranEff.root
hadd Source file 20: output/117092/096/jcorranEff.root
hadd Source file 23: output/117092/138/jcorranEff.root
hadd Source file 17: output/117092/142/jcorranEff.root
hadd Source file 24: output/117092/049/jcorranEff.root
hadd Source file 24: output/117092/116/jcorranEff.root
hadd Source file 18: output/117092/103/jcorranEff.root
hadd Source file 21: output/117092/098/jcorranEff.root
hadd Source file 25: output/117092/141/jcorranEff.root
hadd Source file 25: output/117092/006/jcorranEff.root
hadd Source file 26: output/117092/061/jcorranEff.root
hadd Source file 19: output/117092/102/jcorranEff.root
hadd Source file 22: output/117092/161/jcorranEff.root
hadd Source file 27: output/117092/119/jcorranEff.root
hadd Source file 26: output/117092/093/jcorranEff.root
hadd Source file 28: output/117092/079/jcorranEff.root
hadd Source file 23: output/117092/137/jcorranEff.root
hadd Source file 20: output/117092/069/jcorranEff.root
hadd Source file 27: output/117092/097/jcorranEff.root
hadd Source file 24: output/117092/064/jcorranEff.root
hadd Source file 29: output/117092/016/jcorranEff.root
hadd Source file 25: output/117092/182/jcorranEff.root
hadd Source file 21: output/117092/003/jcorranEff.root
hadd Source file 28: output/117092/088/jcorranEff.root
hadd Source file 22: output/117092/157/jcorranEff.root
hadd Source file 30: output/117092/099/jcorranEff.root
hadd Source file 29: output/117092/057/jcorranEff.root
hadd Source file 31: output/117092/152/jcorranEff.root
hadd Source file 26: output/117092/038/jcorranEff.root
hadd Source file 23: output/117092/008/jcorranEff.root
hadd Source file 32: output/117092/031/jcorranEff.root
hadd Source file 24: output/117092/020/jcorranEff.root
hadd Source file 30: output/117092/080/jcorranEff.root
hadd Source file 27: output/117092/196/jcorranEff.root
hadd Source file 33: output/117092/022/jcorranEff.root
hadd Source file 28: output/117092/078/jcorranEff.root
hadd Source file 25: output/117092/148/jcorranEff.root
hadd Source file 31: output/117092/066/jcorranEff.root
hadd Source file 34: output/117092/011/jcorranEff.root
hadd Source file 29: output/117092/171/jcorranEff.root
hadd Source file 32: output/117092/155/jcorranEff.root
hadd Source file 26: output/117092/046/jcorranEff.root
hadd Source file 30: output/117092/113/jcorranEff.root
hadd Source file 33: output/117092/023/jcorranEff.root
hadd Source file 35: output/117092/159/jcorranEff.root
hadd Source file 34: output/117092/132/jcorranEff.root
hadd Source file 31: output/117092/169/jcorranEff.root
hadd Source file 27: output/117092/086/jcorranEff.root
hadd Source file 32: output/117092/140/jcorranEff.root
hadd Source file 35: output/117092/043/jcorranEff.root
hadd Source file 36: output/117092/024/jcorranEff.root
hadd Source file 37: output/117092/062/jcorranEff.root
hadd Source file 33: output/117092/073/jcorranEff.root
hadd Source file 28: output/117092/131/jcorranEff.root
hadd Source file 36: output/117092/060/jcorranEff.root
hadd Source file 29: output/117092/179/jcorranEff.root
hadd Source file 38: output/117092/154/jcorranEff.root
hadd Source file 34: output/117092/089/jcorranEff.root
hadd Source file 37: output/117092/109/jcorranEff.root
hadd Source file 38: output/117092/019/jcorranEff.root
hadd Source file 39: output/117092/033/jcorranEff.root
hadd Source file 35: output/117092/156/jcorranEff.root
hadd Source file 30: output/117092/042/jcorranEff.root
hadd Source file 40: output/117092/034/jcorranEff.root
hadd Source file 39: output/117092/192/jcorranEff.root
hadd Source file 36: output/117092/128/jcorranEff.root
hadd Source file 31: output/117092/106/jcorranEff.root
hadd Source file 41: output/117092/111/jcorranEff.root
hadd Source file 37: output/117092/115/jcorranEff.root
hadd Source file 40: output/117092/162/jcorranEff.root
hadd Source file 42: output/117092/048/jcorranEff.root
hadd Source file 32: output/117092/002/jcorranEff.root
hadd Source file 38: output/117092/187/jcorranEff.root
hadd Source file 33: output/117092/032/jcorranEff.root
hadd Source file 43: output/117092/186/jcorranEff.root
hadd Source file 41: output/117092/143/jcorranEff.root
hadd Source file 39: output/117092/017/jcorranEff.root
hadd Source file 42: output/117092/035/jcorranEff.root
hadd Source file 40: output/117092/123/jcorranEff.root
hadd Source file 44: output/117092/185/jcorranEff.root
hadd Source file 43: output/117092/074/jcorranEff.root
hadd Source file 34: output/117092/135/jcorranEff.root
hadd Source file 45: output/117092/044/jcorranEff.root
hadd Source file 41: output/117092/077/jcorranEff.root
hadd Source file 46: output/117092/174/jcorranEff.root
hadd Source file 35: output/117092/165/jcorranEff.root
hadd Target path: /tmp/bschang/batch/PID15285-20140623-114546-merge-list/jcorranEff_117092.list-13457/xad.root:/
hadd Source file 42: output/117092/021/jcorranEff.root
hadd Target path: /tmp/bschang/batch/PID15285-20140623-114546-merge-list/jcorranEff_117092.list-13457/xad.root:/EffHist
hadd Source file 47: output/117092/145/jcorranEff.root
hadd Source file 36: output/117092/149/jcorranEff.root
hadd Source file 43: output/117092/164/jcorranEff.root
hadd Source file 48: output/117092/163/jcorranEff.root
hadd Source file 44: output/117092/063/jcorranEff.root
hadd Source file 49: output/117092/134/jcorranEff.root
hadd Source file 37: output/117092/190/jcorranEff.root
hadd Source file 45: output/117092/139/jcorranEff.root
hadd Source file 46: output/117092/136/jcorranEff.root
hadd Source file 38: output/117092/058/jcorranEff.root
hadd Source file 50: output/117092/047/jcorranEff.root
hadd Target path: /tmp/bschang/batch/PID15285-20140623-114546-merge-list/jcorranEff_117092.list-13457/xac.root:/
hadd Source file 47: output/117092/107/jcorranEff.root
hadd Source file 39: output/117092/160/jcorranEff.root
hadd Target path: /tmp/bschang/batch/PID15285-20140623-114546-merge-list/jcorranEff_117092.list-13457/xac.root:/EffHist
hadd Source file 48: output/117092/091/jcorranEff.root
hadd Source file 40: output/117092/067/jcorranEff.root
hadd Source file 49: output/117092/120/jcorranEff.root
hadd Source file 41: output/117092/054/jcorranEff.root
hadd Source file 42: output/117092/009/jcorranEff.root
hadd Source file 50: output/117092/100/jcorranEff.root
hadd Target path: /tmp/bschang/batch/PID15285-20140623-114546-merge-list/jcorranEff_117092.list-13457/xab.root:/
hadd Source file 43: output/117092/013/jcorranEff.root
hadd Source file 44: output/117092/108/jcorranEff.root
hadd Target path: /tmp/bschang/batch/PID15285-20140623-114546-merge-list/jcorranEff_117092.list-13457/xab.root:/EffHist
hadd Source file 45: output/117092/092/jcorranEff.root
hadd Source file 46: output/117092/014/jcorranEff.root
hadd Source file 47: output/117092/188/jcorranEff.root
hadd Source file 48: output/117092/039/jcorranEff.root
hadd Source file 49: output/117092/194/jcorranEff.root
hadd Source file 50: output/117092/075/jcorranEff.root
hadd Target path: /tmp/bschang/batch/PID15285-20140623-114546-merge-list/jcorranEff_117092.list-13457/xaa.root:/
hadd Target path: /tmp/bschang/batch/PID15285-20140623-114546-merge-list/jcorranEff_117092.list-13457/xaa.root:/EffHist
hadd Target file: merged/jcorranEff_117092.list.root
hadd Source file 1: /tmp/bschang/batch/PID15285-20140623-114546-merge-list/jcorranEff_117092.list-13457/xaa.root
hadd Source file 2: /tmp/bschang/batch/PID15285-20140623-114546-merge-list/jcorranEff_117092.list-13457/xab.root
hadd Source file 3: /tmp/bschang/batch/PID15285-20140623-114546-merge-list/jcorranEff_117092.list-13457/xac.root
hadd Source file 4: /tmp/bschang/batch/PID15285-20140623-114546-merge-list/jcorranEff_117092.list-13457/xad.root
hadd Target path: merged/jcorranEff_117092.list.root:/
hadd Target path: merged/jcorranEff_117092.list.root:/EffHist
Mon Jun 23 11:45:52 EEST 2014
==== Time : 6
