INPUT : list/jcorranEff_117063.list
OUTPUT : merged/jcorranEff_117063.list.root
NCores : 4
15142
Mon Jun 23 11:45:39 EEST 2014
hadd Target file: /tmp/bschang/batch/PID15142-20140623-114539-merge-list/jcorranEff_117063.list-8935/xaa.root
hadd Target file: /tmp/bschang/batch/PID15142-20140623-114539-merge-list/jcorranEff_117063.list-8935/xad.root
hadd Target file: /tmp/bschang/batch/PID15142-20140623-114539-merge-list/jcorranEff_117063.list-8935/xab.root
hadd Target file: /tmp/bschang/batch/PID15142-20140623-114539-merge-list/jcorranEff_117063.list-8935/xac.root
hadd Source file 1: output/117063/113/jcorranEff.root
hadd Source file 1: output/117063/156/jcorranEff.root
hadd Source file 1: output/117063/058/jcorranEff.root
hadd Source file 1: output/117063/141/jcorranEff.root
hadd Source file 2: output/117063/019/jcorranEff.root
hadd Source file 2: output/117063/140/jcorranEff.root
hadd Source file 2: output/117063/147/jcorranEff.root
hadd Source file 3: output/117063/128/jcorranEff.root
hadd Source file 2: output/117063/031/jcorranEff.root
hadd Source file 3: output/117063/066/jcorranEff.root
hadd Source file 3: output/117063/157/jcorranEff.root
hadd Source file 4: output/117063/134/jcorranEff.root
hadd Source file 3: output/117063/036/jcorranEff.root
hadd Source file 4: output/117063/120/jcorranEff.root
hadd Source file 5: output/117063/175/jcorranEff.root
hadd Source file 4: output/117063/004/jcorranEff.root
hadd Source file 4: output/117063/001/jcorranEff.root
hadd Source file 6: output/117063/081/jcorranEff.root
hadd Source file 5: output/117063/107/jcorranEff.root
hadd Source file 5: output/117063/098/jcorranEff.root
hadd Source file 5: output/117063/056/jcorranEff.root
hadd Source file 6: output/117063/076/jcorranEff.root
hadd Source file 6: output/117063/122/jcorranEff.root
hadd Source file 7: output/117063/096/jcorranEff.root
hadd Source file 6: output/117063/073/jcorranEff.root
hadd Source file 8: output/117063/071/jcorranEff.root
hadd Source file 7: output/117063/158/jcorranEff.root
hadd Source file 7: output/117063/026/jcorranEff.root
hadd Source file 7: output/117063/085/jcorranEff.root
hadd Source file 8: output/117063/139/jcorranEff.root
hadd Source file 8: output/117063/062/jcorranEff.root
hadd Source file 9: output/117063/148/jcorranEff.root
hadd Source file 8: output/117063/135/jcorranEff.root
hadd Source file 9: output/117063/015/jcorranEff.root
hadd Source file 9: output/117063/079/jcorranEff.root
hadd Source file 10: output/117063/127/jcorranEff.root
hadd Source file 9: output/117063/136/jcorranEff.root
hadd Source file 11: output/117063/040/jcorranEff.root
hadd Source file 10: output/117063/116/jcorranEff.root
hadd Source file 10: output/117063/161/jcorranEff.root
hadd Source file 11: output/117063/154/jcorranEff.root
hadd Source file 10: output/117063/006/jcorranEff.root
hadd Source file 11: output/117063/078/jcorranEff.root
hadd Source file 12: output/117063/074/jcorranEff.root
hadd Source file 12: output/117063/165/jcorranEff.root
hadd Source file 11: output/117063/133/jcorranEff.root
hadd Source file 12: output/117063/067/jcorranEff.root
hadd Source file 13: output/117063/173/jcorranEff.root
hadd Source file 13: output/117063/172/jcorranEff.root
hadd Source file 12: output/117063/110/jcorranEff.root
hadd Source file 13: output/117063/070/jcorranEff.root
hadd Source file 14: output/117063/086/jcorranEff.root
hadd Source file 14: output/117063/163/jcorranEff.root
hadd Source file 14: output/117063/103/jcorranEff.root
hadd Source file 13: output/117063/183/jcorranEff.root
hadd Source file 15: output/117063/025/jcorranEff.root
hadd Source file 15: output/117063/186/jcorranEff.root
hadd Source file 14: output/117063/029/jcorranEff.root
hadd Source file 15: output/117063/152/jcorranEff.root
hadd Source file 16: output/117063/041/jcorranEff.root
hadd Source file 16: output/117063/023/jcorranEff.root
hadd Source file 15: output/117063/105/jcorranEff.root
hadd Source file 16: output/117063/060/jcorranEff.root
hadd Source file 17: output/117063/146/jcorranEff.root
hadd Source file 17: output/117063/155/jcorranEff.root
hadd Source file 17: output/117063/068/jcorranEff.root
hadd Source file 16: output/117063/114/jcorranEff.root
hadd Source file 18: output/117063/028/jcorranEff.root
hadd Source file 18: output/117063/126/jcorranEff.root
hadd Source file 18: output/117063/130/jcorranEff.root
hadd Source file 19: output/117063/187/jcorranEff.root
hadd Source file 17: output/117063/162/jcorranEff.root
hadd Source file 19: output/117063/167/jcorranEff.root
hadd Source file 20: output/117063/169/jcorranEff.root
hadd Source file 20: output/117063/138/jcorranEff.root
hadd Source file 19: output/117063/097/jcorranEff.root
hadd Source file 18: output/117063/101/jcorranEff.root
hadd Source file 21: output/117063/030/jcorranEff.root
hadd Source file 21: output/117063/053/jcorranEff.root
hadd Source file 20: output/117063/159/jcorranEff.root
hadd Source file 22: output/117063/027/jcorranEff.root
hadd Source file 22: output/117063/035/jcorranEff.root
hadd Source file 19: output/117063/050/jcorranEff.root
hadd Source file 21: output/117063/125/jcorranEff.root
hadd Source file 23: output/117063/111/jcorranEff.root
hadd Source file 20: output/117063/063/jcorranEff.root
hadd Source file 23: output/117063/045/jcorranEff.root
hadd Source file 22: output/117063/034/jcorranEff.root
hadd Source file 24: output/117063/065/jcorranEff.root
hadd Source file 21: output/117063/011/jcorranEff.root
hadd Source file 24: output/117063/132/jcorranEff.root
hadd Source file 25: output/117063/055/jcorranEff.root
hadd Source file 22: output/117063/124/jcorranEff.root
hadd Source file 23: output/117063/021/jcorranEff.root
hadd Source file 25: output/117063/099/jcorranEff.root
hadd Source file 24: output/117063/168/jcorranEff.root
hadd Source file 26: output/117063/084/jcorranEff.root
hadd Source file 26: output/117063/145/jcorranEff.root
hadd Source file 27: output/117063/090/jcorranEff.root
hadd Source file 25: output/117063/164/jcorranEff.root
hadd Source file 23: output/117063/083/jcorranEff.root
hadd Source file 24: output/117063/007/jcorranEff.root
hadd Source file 28: output/117063/179/jcorranEff.root
hadd Source file 26: output/117063/049/jcorranEff.root
hadd Source file 27: output/117063/022/jcorranEff.root
hadd Source file 28: output/117063/018/jcorranEff.root
hadd Source file 25: output/117063/144/jcorranEff.root
hadd Source file 27: output/117063/048/jcorranEff.root
hadd Source file 29: output/117063/123/jcorranEff.root
hadd Source file 28: output/117063/038/jcorranEff.root
hadd Source file 29: output/117063/151/jcorranEff.root
hadd Source file 26: output/117063/013/jcorranEff.root
hadd Source file 30: output/117063/153/jcorranEff.root
hadd Source file 29: output/117063/093/jcorranEff.root
hadd Source file 30: output/117063/024/jcorranEff.root
hadd Source file 27: output/117063/089/jcorranEff.root
hadd Source file 31: output/117063/137/jcorranEff.root
hadd Source file 31: output/117063/017/jcorranEff.root
hadd Source file 30: output/117063/129/jcorranEff.root
hadd Source file 28: output/117063/092/jcorranEff.root
hadd Source file 32: output/117063/185/jcorranEff.root
hadd Source file 33: output/117063/075/jcorranEff.root
hadd Source file 32: output/117063/037/jcorranEff.root
hadd Source file 31: output/117063/005/jcorranEff.root
hadd Source file 34: output/117063/042/jcorranEff.root
hadd Source file 33: output/117063/177/jcorranEff.root
hadd Source file 32: output/117063/171/jcorranEff.root
hadd Source file 29: output/117063/052/jcorranEff.root
hadd Source file 34: output/117063/108/jcorranEff.root
hadd Source file 35: output/117063/180/jcorranEff.root
hadd Source file 30: output/117063/131/jcorranEff.root
hadd Source file 33: output/117063/008/jcorranEff.root
hadd Source file 31: output/117063/032/jcorranEff.root
hadd Source file 35: output/117063/064/jcorranEff.root
hadd Source file 34: output/117063/182/jcorranEff.root
hadd Source file 36: output/117063/100/jcorranEff.root
hadd Target path: /tmp/bschang/batch/PID15142-20140623-114539-merge-list/jcorranEff_117063.list-8935/xad.root:/
hadd Source file 32: output/117063/072/jcorranEff.root
hadd Source file 37: output/117063/104/jcorranEff.root
hadd Target path: /tmp/bschang/batch/PID15142-20140623-114539-merge-list/jcorranEff_117063.list-8935/xad.root:/EffHist
hadd Source file 35: output/117063/082/jcorranEff.root
hadd Source file 33: output/117063/118/jcorranEff.root
hadd Source file 38: output/117063/044/jcorranEff.root
hadd Source file 34: output/117063/112/jcorranEff.root
hadd Source file 39: output/117063/184/jcorranEff.root
hadd Source file 36: output/117063/069/jcorranEff.root
hadd Source file 35: output/117063/088/jcorranEff.root
hadd Source file 40: output/117063/012/jcorranEff.root
hadd Source file 37: output/117063/020/jcorranEff.root
hadd Source file 36: output/117063/051/jcorranEff.root
hadd Source file 41: output/117063/176/jcorranEff.root
hadd Source file 38: output/117063/160/jcorranEff.root
hadd Source file 37: output/117063/149/jcorranEff.root
hadd Source file 42: output/117063/142/jcorranEff.root
hadd Source file 39: output/117063/009/jcorranEff.root
hadd Source file 43: output/117063/095/jcorranEff.root
hadd Source file 40: output/117063/150/jcorranEff.root
hadd Source file 38: output/117063/010/jcorranEff.root
hadd Source file 44: output/117063/043/jcorranEff.root
hadd Source file 41: output/117063/109/jcorranEff.root
hadd Source file 39: output/117063/115/jcorranEff.root
hadd Source file 45: output/117063/170/jcorranEff.root
hadd Source file 42: output/117063/077/jcorranEff.root
hadd Source file 40: output/117063/094/jcorranEff.root
hadd Source file 46: output/117063/059/jcorranEff.root
hadd Source file 43: output/117063/046/jcorranEff.root
hadd Source file 41: output/117063/166/jcorranEff.root
hadd Source file 47: output/117063/143/jcorranEff.root
hadd Source file 42: output/117063/039/jcorranEff.root
hadd Source file 43: output/117063/117/jcorranEff.root
hadd Source file 44: output/117063/174/jcorranEff.root
hadd Source file 48: output/117063/061/jcorranEff.root
hadd Source file 49: output/117063/106/jcorranEff.root
hadd Source file 45: output/117063/054/jcorranEff.root
hadd Source file 44: output/117063/057/jcorranEff.root
hadd Source file 50: output/117063/003/jcorranEff.root
hadd Source file 46: output/117063/087/jcorranEff.root
hadd Source file 45: output/117063/181/jcorranEff.root
hadd Source file 46: output/117063/080/jcorranEff.root
hadd Target path: /tmp/bschang/batch/PID15142-20140623-114539-merge-list/jcorranEff_117063.list-8935/xab.root:/
hadd Source file 47: output/117063/121/jcorranEff.root
hadd Target path: /tmp/bschang/batch/PID15142-20140623-114539-merge-list/jcorranEff_117063.list-8935/xab.root:/EffHist
hadd Source file 48: output/117063/102/jcorranEff.root
hadd Source file 47: output/117063/016/jcorranEff.root
hadd Source file 48: output/117063/033/jcorranEff.root
hadd Source file 49: output/117063/119/jcorranEff.root
hadd Source file 49: output/117063/091/jcorranEff.root
hadd Source file 50: output/117063/014/jcorranEff.root
hadd Target path: /tmp/bschang/batch/PID15142-20140623-114539-merge-list/jcorranEff_117063.list-8935/xaa.root:/
hadd Source file 50: output/117063/047/jcorranEff.root
hadd Target path: /tmp/bschang/batch/PID15142-20140623-114539-merge-list/jcorranEff_117063.list-8935/xaa.root:/EffHist
hadd Target path: /tmp/bschang/batch/PID15142-20140623-114539-merge-list/jcorranEff_117063.list-8935/xac.root:/
hadd Target path: /tmp/bschang/batch/PID15142-20140623-114539-merge-list/jcorranEff_117063.list-8935/xac.root:/EffHist
hadd Target file: merged/jcorranEff_117063.list.root
hadd Source file 1: /tmp/bschang/batch/PID15142-20140623-114539-merge-list/jcorranEff_117063.list-8935/xaa.root
hadd Source file 2: /tmp/bschang/batch/PID15142-20140623-114539-merge-list/jcorranEff_117063.list-8935/xab.root
hadd Source file 3: /tmp/bschang/batch/PID15142-20140623-114539-merge-list/jcorranEff_117063.list-8935/xac.root
hadd Source file 4: /tmp/bschang/batch/PID15142-20140623-114539-merge-list/jcorranEff_117063.list-8935/xad.root
hadd Target path: merged/jcorranEff_117063.list.root:/
hadd Target path: merged/jcorranEff_117063.list.root:/EffHist
Mon Jun 23 11:45:46 EEST 2014
==== Time : 7
