INPUT : list/jcorranEff_116562.list
OUTPUT : merged/jcorranEff_116562.list.root
NCores : 4
13206
Mon Jun 23 11:44:15 EEST 2014
hadd Target file: /tmp/bschang/batch/PID13206-20140623-114415-merge-list/jcorranEff_116562.list-5880/xaa.root
hadd Target file: /tmp/bschang/batch/PID13206-20140623-114415-merge-list/jcorranEff_116562.list-5880/xab.root
hadd Target file: /tmp/bschang/batch/PID13206-20140623-114415-merge-list/jcorranEff_116562.list-5880/xac.root
hadd Target file: /tmp/bschang/batch/PID13206-20140623-114415-merge-list/jcorranEff_116562.list-5880/xad.root
hadd Source file 1: output/116562/114/jcorranEff.root
hadd Source file 1: output/116562/096/jcorranEff.root
hadd Source file 1: output/116562/152/jcorranEff.root
hadd Source file 1: output/116562/117/jcorranEff.root
hadd Source file 2: output/116562/148/jcorranEff.root
hadd Source file 3: output/116562/088/jcorranEff.root
hadd Source file 4: output/116562/111/jcorranEff.root
hadd Source file 2: output/116562/016/jcorranEff.root
hadd Source file 2: output/116562/045/jcorranEff.root
hadd Source file 2: output/116562/156/jcorranEff.root
hadd Source file 3: output/116562/086/jcorranEff.root
hadd Source file 5: output/116562/147/jcorranEff.root
hadd Source file 3: output/116562/067/jcorranEff.root
hadd Source file 4: output/116562/055/jcorranEff.root
hadd Source file 4: output/116562/039/jcorranEff.root
hadd Source file 3: output/116562/032/jcorranEff.root
hadd Source file 5: output/116562/104/jcorranEff.root
hadd Source file 6: output/116562/139/jcorranEff.root
hadd Source file 5: output/116562/082/jcorranEff.root
hadd Source file 7: output/116562/099/jcorranEff.root
hadd Source file 6: output/116562/133/jcorranEff.root
hadd Source file 8: output/116562/092/jcorranEff.root
hadd Source file 4: output/116562/150/jcorranEff.root
hadd Source file 9: output/116562/059/jcorranEff.root
hadd Source file 10: output/116562/005/jcorranEff.root
hadd Source file 7: output/116562/060/jcorranEff.root
hadd Source file 6: output/116562/058/jcorranEff.root
hadd Source file 11: output/116562/063/jcorranEff.root
hadd Source file 7: output/116562/138/jcorranEff.root
hadd Source file 8: output/116562/023/jcorranEff.root
hadd Source file 12: output/116562/140/jcorranEff.root
hadd Source file 5: output/116562/020/jcorranEff.root
hadd Source file 8: output/116562/103/jcorranEff.root
hadd Source file 13: output/116562/127/jcorranEff.root
hadd Source file 9: output/116562/006/jcorranEff.root
hadd Target path: /tmp/bschang/batch/PID13206-20140623-114415-merge-list/jcorranEff_116562.list-5880/xad.root:/
hadd Source file 14: output/116562/009/jcorranEff.root
hadd Target path: /tmp/bschang/batch/PID13206-20140623-114415-merge-list/jcorranEff_116562.list-5880/xad.root:/EffHist
hadd Source file 9: output/116562/034/jcorranEff.root
hadd Source file 15: output/116562/101/jcorranEff.root
hadd Source file 10: output/116562/154/jcorranEff.root
hadd Source file 11: output/116562/021/jcorranEff.root
hadd Source file 10: output/116562/054/jcorranEff.root
hadd Source file 16: output/116562/091/jcorranEff.root
hadd Source file 17: output/116562/029/jcorranEff.root
hadd Source file 12: output/116562/019/jcorranEff.root
hadd Source file 11: output/116562/157/jcorranEff.root
hadd Source file 18: output/116562/038/jcorranEff.root
hadd Source file 12: output/116562/078/jcorranEff.root
hadd Source file 19: output/116562/107/jcorranEff.root
hadd Source file 13: output/116562/105/jcorranEff.root
hadd Source file 20: output/116562/031/jcorranEff.root
hadd Source file 13: output/116562/052/jcorranEff.root
hadd Source file 21: output/116562/028/jcorranEff.root
hadd Source file 14: output/116562/043/jcorranEff.root
hadd Source file 14: output/116562/145/jcorranEff.root
hadd Source file 15: output/116562/077/jcorranEff.root
hadd Source file 22: output/116562/057/jcorranEff.root
hadd Source file 15: output/116562/071/jcorranEff.root
hadd Source file 16: output/116562/110/jcorranEff.root
hadd Source file 23: output/116562/094/jcorranEff.root
hadd Source file 24: output/116562/119/jcorranEff.root
hadd Source file 17: output/116562/146/jcorranEff.root
hadd Source file 16: output/116562/075/jcorranEff.root
hadd Source file 18: output/116562/048/jcorranEff.root
hadd Source file 25: output/116562/003/jcorranEff.root
hadd Source file 19: output/116562/137/jcorranEff.root
hadd Source file 17: output/116562/136/jcorranEff.root
hadd Source file 20: output/116562/155/jcorranEff.root
hadd Source file 18: output/116562/134/jcorranEff.root
hadd Source file 26: output/116562/051/jcorranEff.root
hadd Source file 21: output/116562/097/jcorranEff.root
hadd Source file 22: output/116562/053/jcorranEff.root
hadd Source file 27: output/116562/072/jcorranEff.root
hadd Source file 23: output/116562/128/jcorranEff.root
hadd Source file 19: output/116562/151/jcorranEff.root
hadd Source file 24: output/116562/049/jcorranEff.root
hadd Source file 25: output/116562/074/jcorranEff.root
hadd Source file 20: output/116562/025/jcorranEff.root
hadd Source file 28: output/116562/118/jcorranEff.root
hadd Source file 21: output/116562/040/jcorranEff.root
hadd Source file 22: output/116562/142/jcorranEff.root
hadd Source file 26: output/116562/036/jcorranEff.root
hadd Source file 29: output/116562/083/jcorranEff.root
hadd Source file 27: output/116562/144/jcorranEff.root
hadd Source file 23: output/116562/014/jcorranEff.root
hadd Source file 30: output/116562/065/jcorranEff.root
hadd Source file 28: output/116562/124/jcorranEff.root
hadd Source file 24: output/116562/010/jcorranEff.root
hadd Source file 31: output/116562/002/jcorranEff.root
hadd Source file 29: output/116562/056/jcorranEff.root
hadd Source file 32: output/116562/068/jcorranEff.root
hadd Source file 25: output/116562/135/jcorranEff.root
hadd Source file 26: output/116562/100/jcorranEff.root
hadd Source file 30: output/116562/093/jcorranEff.root
hadd Source file 33: output/116562/076/jcorranEff.root
hadd Source file 31: output/116562/084/jcorranEff.root
hadd Source file 27: output/116562/132/jcorranEff.root
hadd Source file 34: output/116562/046/jcorranEff.root
hadd Source file 32: output/116562/149/jcorranEff.root
hadd Source file 35: output/116562/122/jcorranEff.root
hadd Source file 36: output/116562/007/jcorranEff.root
hadd Source file 37: output/116562/115/jcorranEff.root
hadd Source file 28: output/116562/079/jcorranEff.root
hadd Source file 33: output/116562/081/jcorranEff.root
hadd Source file 38: output/116562/085/jcorranEff.root
hadd Source file 29: output/116562/116/jcorranEff.root
hadd Source file 34: output/116562/018/jcorranEff.root
hadd Source file 39: output/116562/095/jcorranEff.root
hadd Source file 35: output/116562/121/jcorranEff.root
hadd Source file 30: output/116562/024/jcorranEff.root
hadd Source file 40: output/116562/030/jcorranEff.root
hadd Source file 36: output/116562/069/jcorranEff.root
hadd Source file 31: output/116562/027/jcorranEff.root
hadd Source file 41: output/116562/047/jcorranEff.root
hadd Source file 37: output/116562/143/jcorranEff.root
hadd Source file 32: output/116562/004/jcorranEff.root
hadd Source file 38: output/116562/015/jcorranEff.root
hadd Source file 42: output/116562/131/jcorranEff.root
hadd Source file 33: output/116562/102/jcorranEff.root
hadd Source file 43: output/116562/123/jcorranEff.root
hadd Source file 39: output/116562/042/jcorranEff.root
hadd Source file 34: output/116562/126/jcorranEff.root
hadd Source file 40: output/116562/044/jcorranEff.root
hadd Source file 44: output/116562/113/jcorranEff.root
hadd Source file 35: output/116562/008/jcorranEff.root
hadd Source file 45: output/116562/001/jcorranEff.root
hadd Source file 41: output/116562/026/jcorranEff.root
hadd Source file 36: output/116562/098/jcorranEff.root
hadd Source file 46: output/116562/062/jcorranEff.root
hadd Source file 47: output/116562/090/jcorranEff.root
hadd Source file 42: output/116562/153/jcorranEff.root
hadd Source file 48: output/116562/112/jcorranEff.root
hadd Source file 43: output/116562/012/jcorranEff.root
hadd Source file 37: output/116562/108/jcorranEff.root
hadd Source file 49: output/116562/129/jcorranEff.root
hadd Source file 44: output/116562/064/jcorranEff.root
hadd Source file 38: output/116562/011/jcorranEff.root
hadd Source file 50: output/116562/087/jcorranEff.root
hadd Target path: /tmp/bschang/batch/PID13206-20140623-114415-merge-list/jcorranEff_116562.list-5880/xab.root:/
hadd Source file 39: output/116562/106/jcorranEff.root
hadd Source file 45: output/116562/130/jcorranEff.root
hadd Source file 40: output/116562/050/jcorranEff.root
hadd Target path: /tmp/bschang/batch/PID13206-20140623-114415-merge-list/jcorranEff_116562.list-5880/xab.root:/EffHist
hadd Source file 41: output/116562/022/jcorranEff.root
hadd Source file 46: output/116562/037/jcorranEff.root
hadd Source file 42: output/116562/120/jcorranEff.root
hadd Source file 47: output/116562/013/jcorranEff.root
hadd Source file 43: output/116562/109/jcorranEff.root
hadd Source file 44: output/116562/066/jcorranEff.root
hadd Source file 48: output/116562/035/jcorranEff.root
hadd Source file 45: output/116562/141/jcorranEff.root
hadd Source file 49: output/116562/033/jcorranEff.root
hadd Source file 46: output/116562/041/jcorranEff.root
hadd Source file 47: output/116562/061/jcorranEff.root
hadd Source file 50: output/116562/125/jcorranEff.root
hadd Target path: /tmp/bschang/batch/PID13206-20140623-114415-merge-list/jcorranEff_116562.list-5880/xac.root:/
hadd Source file 48: output/116562/080/jcorranEff.root
hadd Target path: /tmp/bschang/batch/PID13206-20140623-114415-merge-list/jcorranEff_116562.list-5880/xac.root:/EffHist
hadd Source file 49: output/116562/089/jcorranEff.root
hadd Source file 50: output/116562/017/jcorranEff.root
hadd Target path: /tmp/bschang/batch/PID13206-20140623-114415-merge-list/jcorranEff_116562.list-5880/xaa.root:/
hadd Target path: /tmp/bschang/batch/PID13206-20140623-114415-merge-list/jcorranEff_116562.list-5880/xaa.root:/EffHist
hadd Target file: merged/jcorranEff_116562.list.root
hadd Source file 1: /tmp/bschang/batch/PID13206-20140623-114415-merge-list/jcorranEff_116562.list-5880/xaa.root
hadd Source file 2: /tmp/bschang/batch/PID13206-20140623-114415-merge-list/jcorranEff_116562.list-5880/xab.root
hadd Source file 3: /tmp/bschang/batch/PID13206-20140623-114415-merge-list/jcorranEff_116562.list-5880/xac.root
hadd Source file 4: /tmp/bschang/batch/PID13206-20140623-114415-merge-list/jcorranEff_116562.list-5880/xad.root
hadd Target path: merged/jcorranEff_116562.list.root:/
hadd Target path: merged/jcorranEff_116562.list.root:/EffHist
Mon Jun 23 11:44:22 EEST 2014
==== Time : 7
