INPUT : list/jcorranEff_117048.list
OUTPUT : merged/jcorranEff_117048.list.root
NCores : 4
13699
Mon Jun 23 11:44:48 EEST 2014
hadd Target file: /tmp/bschang/batch/PID13699-20140623-114447-merge-list/jcorranEff_117048.list-19690/xaa.root
hadd Source file 1: output/117048/190/jcorranEff.root
hadd Target file: /tmp/bschang/batch/PID13699-20140623-114447-merge-list/jcorranEff_117048.list-19690/xad.root
hadd Source file 2: output/117048/317/jcorranEff.root
hadd Source file 1: output/117048/023/jcorranEff.root
hadd Target file: /tmp/bschang/batch/PID13699-20140623-114447-merge-list/jcorranEff_117048.list-19690/xac.root
hadd Source file 3: output/117048/184/jcorranEff.root
hadd Source file 1: output/117048/351/jcorranEff.root
hadd Source file 2: output/117048/050/jcorranEff.root
hadd Source file 4: output/117048/181/jcorranEff.root
hadd Source file 3: output/117048/247/jcorranEff.root
hadd Source file 5: output/117048/039/jcorranEff.root
hadd Source file 4: output/117048/213/jcorranEff.root
hadd Source file 6: output/117048/259/jcorranEff.root
hadd Source file 5: output/117048/251/jcorranEff.root
hadd Source file 6: output/117048/182/jcorranEff.root
hadd Source file 7: output/117048/139/jcorranEff.root
hadd Source file 8: output/117048/296/jcorranEff.root
hadd Source file 7: output/117048/087/jcorranEff.root
hadd Source file 9: output/117048/284/jcorranEff.root
hadd Source file 10: output/117048/044/jcorranEff.root
hadd Source file 2: output/117048/038/jcorranEff.root
hadd Source file 8: output/117048/313/jcorranEff.root
hadd Source file 3: output/117048/056/jcorranEff.root
hadd Source file 11: output/117048/152/jcorranEff.root
hadd Source file 12: output/117048/297/jcorranEff.root
hadd Source file 9: output/117048/013/jcorranEff.root
hadd Source file 10: output/117048/051/jcorranEff.root
hadd Source file 4: output/117048/273/jcorranEff.root
hadd Source file 13: output/117048/010/jcorranEff.root
hadd Target file: /tmp/bschang/batch/PID13699-20140623-114447-merge-list/jcorranEff_117048.list-19690/xab.root
hadd Source file 5: output/117048/170/jcorranEff.root
hadd Source file 6: output/117048/001/jcorranEff.root
hadd Source file 14: output/117048/227/jcorranEff.root
hadd Source file 11: output/117048/347/jcorranEff.root
hadd Source file 1: output/117048/192/jcorranEff.root
hadd Source file 12: output/117048/207/jcorranEff.root
hadd Source file 15: output/117048/308/jcorranEff.root
hadd Source file 7: output/117048/244/jcorranEff.root
hadd Source file 16: output/117048/048/jcorranEff.root
hadd Source file 13: output/117048/011/jcorranEff.root
hadd Source file 8: output/117048/186/jcorranEff.root
hadd Source file 14: output/117048/309/jcorranEff.root
hadd Source file 17: output/117048/109/jcorranEff.root
hadd Source file 9: output/117048/214/jcorranEff.root
hadd Source file 2: output/117048/130/jcorranEff.root
hadd Source file 15: output/117048/041/jcorranEff.root
hadd Source file 18: output/117048/031/jcorranEff.root
hadd Source file 10: output/117048/328/jcorranEff.root
hadd Source file 16: output/117048/107/jcorranEff.root
hadd Source file 3: output/117048/004/jcorranEff.root
hadd Source file 19: output/117048/241/jcorranEff.root
hadd Source file 11: output/117048/066/jcorranEff.root
hadd Source file 4: output/117048/319/jcorranEff.root
hadd Source file 17: output/117048/125/jcorranEff.root
hadd Source file 20: output/117048/236/jcorranEff.root
hadd Source file 12: output/117048/114/jcorranEff.root
hadd Source file 5: output/117048/096/jcorranEff.root
hadd Source file 18: output/117048/095/jcorranEff.root
hadd Source file 13: output/117048/137/jcorranEff.root
hadd Source file 21: output/117048/026/jcorranEff.root
hadd Source file 6: output/117048/017/jcorranEff.root
hadd Source file 14: output/117048/290/jcorranEff.root
hadd Source file 22: output/117048/211/jcorranEff.root
hadd Source file 7: output/117048/302/jcorranEff.root
hadd Source file 19: output/117048/337/jcorranEff.root
hadd Source file 20: output/117048/254/jcorranEff.root
hadd Source file 23: output/117048/204/jcorranEff.root
hadd Source file 15: output/117048/333/jcorranEff.root
hadd Source file 8: output/117048/180/jcorranEff.root
hadd Source file 16: output/117048/063/jcorranEff.root
hadd Source file 24: output/117048/279/jcorranEff.root
hadd Source file 9: output/117048/178/jcorranEff.root
hadd Source file 21: output/117048/332/jcorranEff.root
hadd Source file 10: output/117048/124/jcorranEff.root
hadd Source file 17: output/117048/300/jcorranEff.root
hadd Source file 11: output/117048/059/jcorranEff.root
hadd Source file 18: output/117048/201/jcorranEff.root
hadd Source file 25: output/117048/278/jcorranEff.root
hadd Source file 12: output/117048/076/jcorranEff.root
hadd Source file 22: output/117048/307/jcorranEff.root
hadd Source file 19: output/117048/008/jcorranEff.root
hadd Source file 26: output/117048/148/jcorranEff.root
hadd Source file 13: output/117048/234/jcorranEff.root
hadd Source file 27: output/117048/037/jcorranEff.root
hadd Source file 20: output/117048/320/jcorranEff.root
hadd Source file 23: output/117048/306/jcorranEff.root
hadd Source file 28: output/117048/090/jcorranEff.root
hadd Source file 14: output/117048/342/jcorranEff.root
hadd Source file 24: output/117048/133/jcorranEff.root
hadd Source file 15: output/117048/072/jcorranEff.root
hadd Source file 29: output/117048/007/jcorranEff.root
hadd Source file 25: output/117048/196/jcorranEff.root
hadd Source file 21: output/117048/267/jcorranEff.root
hadd Source file 16: output/117048/329/jcorranEff.root
hadd Source file 26: output/117048/131/jcorranEff.root
hadd Source file 17: output/117048/173/jcorranEff.root
hadd Source file 30: output/117048/168/jcorranEff.root
hadd Source file 22: output/117048/188/jcorranEff.root
hadd Source file 27: output/117048/314/jcorranEff.root
hadd Source file 31: output/117048/261/jcorranEff.root
hadd Source file 23: output/117048/159/jcorranEff.root
hadd Source file 28: output/117048/291/jcorranEff.root
hadd Source file 32: output/117048/165/jcorranEff.root
hadd Source file 24: output/117048/047/jcorranEff.root
hadd Source file 29: output/117048/231/jcorranEff.root
hadd Source file 18: output/117048/260/jcorranEff.root
hadd Source file 25: output/117048/301/jcorranEff.root
hadd Source file 33: output/117048/228/jcorranEff.root
hadd Source file 19: output/117048/089/jcorranEff.root
hadd Source file 30: output/117048/106/jcorranEff.root
hadd Source file 20: output/117048/060/jcorranEff.root
hadd Source file 34: output/117048/036/jcorranEff.root
hadd Source file 26: output/117048/102/jcorranEff.root
hadd Source file 27: output/117048/200/jcorranEff.root
hadd Source file 35: output/117048/274/jcorranEff.root
hadd Source file 21: output/117048/220/jcorranEff.root
hadd Source file 31: output/117048/084/jcorranEff.root
hadd Source file 36: output/117048/122/jcorranEff.root
hadd Source file 22: output/117048/099/jcorranEff.root
hadd Source file 28: output/117048/151/jcorranEff.root
hadd Source file 29: output/117048/283/jcorranEff.root
hadd Source file 32: output/117048/229/jcorranEff.root
hadd Source file 23: output/117048/162/jcorranEff.root
hadd Source file 24: output/117048/175/jcorranEff.root
hadd Source file 30: output/117048/269/jcorranEff.root
hadd Source file 33: output/117048/065/jcorranEff.root
hadd Source file 31: output/117048/019/jcorranEff.root
hadd Source file 25: output/117048/272/jcorranEff.root
hadd Source file 34: output/117048/153/jcorranEff.root
hadd Source file 32: output/117048/003/jcorranEff.root
hadd Source file 26: output/117048/222/jcorranEff.root
hadd Source file 37: output/117048/203/jcorranEff.root
hadd Source file 33: output/117048/221/jcorranEff.root
hadd Source file 35: output/117048/326/jcorranEff.root
hadd Source file 27: output/117048/061/jcorranEff.root
hadd Source file 38: output/117048/209/jcorranEff.root
hadd Source file 39: output/117048/043/jcorranEff.root
hadd Source file 28: output/117048/305/jcorranEff.root
hadd Source file 36: output/117048/195/jcorranEff.root
hadd Source file 29: output/117048/264/jcorranEff.root
hadd Source file 40: output/117048/018/jcorranEff.root
hadd Source file 34: output/117048/132/jcorranEff.root
hadd Source file 37: output/117048/097/jcorranEff.root
hadd Source file 41: output/117048/054/jcorranEff.root
hadd Source file 35: output/117048/294/jcorranEff.root
hadd Source file 30: output/117048/055/jcorranEff.root
hadd Source file 42: output/117048/158/jcorranEff.root
hadd Source file 36: output/117048/340/jcorranEff.root
hadd Source file 37: output/117048/276/jcorranEff.root
hadd Source file 38: output/117048/113/jcorranEff.root
hadd Source file 31: output/117048/083/jcorranEff.root
hadd Source file 43: output/117048/103/jcorranEff.root
hadd Source file 32: output/117048/016/jcorranEff.root
hadd Source file 44: output/117048/230/jcorranEff.root
hadd Source file 39: output/117048/080/jcorranEff.root
hadd Source file 38: output/117048/022/jcorranEff.root
hadd Source file 33: output/117048/172/jcorranEff.root
hadd Source file 40: output/117048/258/jcorranEff.root
hadd Source file 34: output/117048/128/jcorranEff.root
hadd Source file 45: output/117048/108/jcorranEff.root
hadd Source file 39: output/117048/104/jcorranEff.root
hadd Source file 35: output/117048/239/jcorranEff.root
hadd Source file 46: output/117048/171/jcorranEff.root
hadd Source file 36: output/117048/134/jcorranEff.root
hadd Source file 40: output/117048/049/jcorranEff.root
hadd Source file 47: output/117048/120/jcorranEff.root
hadd Source file 37: output/117048/183/jcorranEff.root
hadd Source file 41: output/117048/303/jcorranEff.root
hadd Source file 38: output/117048/343/jcorranEff.root
hadd Source file 48: output/117048/052/jcorranEff.root
hadd Source file 41: output/117048/121/jcorranEff.root
hadd Source file 42: output/117048/154/jcorranEff.root
hadd Source file 49: output/117048/005/jcorranEff.root
hadd Source file 42: output/117048/321/jcorranEff.root
hadd Source file 43: output/117048/028/jcorranEff.root
hadd Source file 39: output/117048/365/jcorranEff.root
hadd Source file 50: output/117048/325/jcorranEff.root
hadd Source file 44: output/117048/020/jcorranEff.root
hadd Source file 43: output/117048/077/jcorranEff.root
hadd Source file 40: output/117048/212/jcorranEff.root
hadd Source file 44: output/117048/174/jcorranEff.root
hadd Source file 45: output/117048/145/jcorranEff.root
hadd Source file 41: output/117048/002/jcorranEff.root
hadd Source file 46: output/117048/111/jcorranEff.root
hadd Source file 45: output/117048/205/jcorranEff.root
hadd Target path: /tmp/bschang/batch/PID13699-20140623-114447-merge-list/jcorranEff_117048.list-19690/xaa.root:/
hadd Source file 42: output/117048/344/jcorranEff.root
hadd Source file 46: output/117048/163/jcorranEff.root
hadd Target path: /tmp/bschang/batch/PID13699-20140623-114447-merge-list/jcorranEff_117048.list-19690/xaa.root:/EffHist
hadd Source file 47: output/117048/310/jcorranEff.root
hadd Source file 47: output/117048/265/jcorranEff.root
hadd Source file 48: output/117048/368/jcorranEff.root
hadd Source file 43: output/117048/335/jcorranEff.root
hadd Source file 48: output/117048/350/jcorranEff.root
hadd Source file 44: output/117048/253/jcorranEff.root
hadd Source file 49: output/117048/268/jcorranEff.root
hadd Source file 49: output/117048/334/jcorranEff.root
hadd Source file 45: output/117048/248/jcorranEff.root
hadd Source file 50: output/117048/298/jcorranEff.root
hadd Source file 46: output/117048/252/jcorranEff.root
hadd Source file 50: output/117048/161/jcorranEff.root
hadd Source file 47: output/117048/341/jcorranEff.root
hadd Target path: /tmp/bschang/batch/PID13699-20140623-114447-merge-list/jcorranEff_117048.list-19690/xac.root:/
hadd Source file 48: output/117048/339/jcorranEff.root
hadd Target path: /tmp/bschang/batch/PID13699-20140623-114447-merge-list/jcorranEff_117048.list-19690/xac.root:/EffHist
hadd Source file 49: output/117048/277/jcorranEff.root
hadd Target path: /tmp/bschang/batch/PID13699-20140623-114447-merge-list/jcorranEff_117048.list-19690/xad.root:/
hadd Target path: /tmp/bschang/batch/PID13699-20140623-114447-merge-list/jcorranEff_117048.list-19690/xad.root:/EffHist
hadd Source file 50: output/117048/191/jcorranEff.root
hadd Target path: /tmp/bschang/batch/PID13699-20140623-114447-merge-list/jcorranEff_117048.list-19690/xab.root:/
hadd Target path: /tmp/bschang/batch/PID13699-20140623-114447-merge-list/jcorranEff_117048.list-19690/xab.root:/EffHist
hadd Target file: /tmp/bschang/batch/PID13699-20140623-114447-merge-list/jcorranEff_117048.list-19690/xae.root
hadd Source file 1: output/117048/219/jcorranEff.root
hadd Target file: /tmp/bschang/batch/PID13699-20140623-114447-merge-list/jcorranEff_117048.list-19690/xag.root
hadd Source file 1: output/117048/160/jcorranEff.root
hadd Source file 2: output/117048/322/jcorranEff.root
hadd Source file 3: output/117048/360/jcorranEff.root
hadd Source file 4: output/117048/193/jcorranEff.root
hadd Source file 5: output/117048/271/jcorranEff.root
hadd Source file 2: output/117048/243/jcorranEff.root
hadd Target file: /tmp/bschang/batch/PID13699-20140623-114447-merge-list/jcorranEff_117048.list-19690/xaf.root
hadd Source file 6: output/117048/367/jcorranEff.root
hadd Source file 7: output/117048/338/jcorranEff.root
hadd Source file 3: output/117048/232/jcorranEff.root
hadd Source file 8: output/117048/282/jcorranEff.root
hadd Target file: /tmp/bschang/batch/PID13699-20140623-114447-merge-list/jcorranEff_117048.list-19690/xah.root
hadd Source file 4: output/117048/312/jcorranEff.root
hadd Source file 1: output/117048/358/jcorranEff.root
hadd Source file 9: output/117048/323/jcorranEff.root
hadd Source file 1: output/117048/324/jcorranEff.root
hadd Source file 10: output/117048/246/jcorranEff.root
hadd Source file 11: output/117048/318/jcorranEff.root
hadd Source file 5: output/117048/101/jcorranEff.root
hadd Source file 12: output/117048/009/jcorranEff.root
hadd Source file 2: output/117048/088/jcorranEff.root
hadd Source file 6: output/117048/348/jcorranEff.root
hadd Source file 13: output/117048/361/jcorranEff.root
hadd Source file 3: output/117048/176/jcorranEff.root
hadd Source file 7: output/117048/359/jcorranEff.root
hadd Source file 4: output/117048/245/jcorranEff.root
hadd Source file 14: output/117048/073/jcorranEff.root
hadd Source file 8: output/117048/029/jcorranEff.root
hadd Source file 5: output/117048/045/jcorranEff.root
hadd Source file 15: output/117048/287/jcorranEff.root
hadd Source file 9: output/117048/074/jcorranEff.root
hadd Source file 10: output/117048/169/jcorranEff.root
hadd Source file 6: output/117048/126/jcorranEff.root
hadd Source file 16: output/117048/091/jcorranEff.root
hadd Source file 2: output/117048/062/jcorranEff.root
hadd Source file 7: output/117048/147/jcorranEff.root
hadd Source file 17: output/117048/304/jcorranEff.root
hadd Source file 11: output/117048/366/jcorranEff.root
hadd Source file 8: output/117048/226/jcorranEff.root
hadd Source file 18: output/117048/198/jcorranEff.root
hadd Source file 12: output/117048/144/jcorranEff.root
hadd Source file 3: output/117048/040/jcorranEff.root
hadd Source file 19: output/117048/021/jcorranEff.root
hadd Source file 9: output/117048/206/jcorranEff.root
hadd Source file 13: output/117048/093/jcorranEff.root
hadd Source file 20: output/117048/079/jcorranEff.root
hadd Source file 4: output/117048/105/jcorranEff.root
hadd Source file 14: output/117048/210/jcorranEff.root
hadd Source file 21: output/117048/136/jcorranEff.root
hadd Source file 10: output/117048/149/jcorranEff.root
hadd Source file 5: output/117048/012/jcorranEff.root
hadd Source file 15: output/117048/263/jcorranEff.root
hadd Source file 22: output/117048/349/jcorranEff.root
hadd Source file 11: output/117048/280/jcorranEff.root
hadd Source file 12: output/117048/075/jcorranEff.root
hadd Source file 16: output/117048/156/jcorranEff.root
hadd Source file 6: output/117048/046/jcorranEff.root
hadd Source file 13: output/117048/118/jcorranEff.root
hadd Source file 23: output/117048/177/jcorranEff.root
hadd Source file 24: output/117048/336/jcorranEff.root
hadd Source file 7: output/117048/242/jcorranEff.root
hadd Source file 14: output/117048/281/jcorranEff.root
hadd Source file 17: output/117048/249/jcorranEff.root
hadd Source file 25: output/117048/353/jcorranEff.root
hadd Source file 8: output/117048/331/jcorranEff.root
hadd Source file 15: output/117048/146/jcorranEff.root
hadd Source file 16: output/117048/292/jcorranEff.root
hadd Source file 9: output/117048/270/jcorranEff.root
hadd Source file 26: output/117048/058/jcorranEff.root
hadd Source file 17: output/117048/006/jcorranEff.root
hadd Source file 18: output/117048/067/jcorranEff.root
hadd Source file 27: output/117048/311/jcorranEff.root
hadd Source file 10: output/117048/064/jcorranEff.root
hadd Source file 11: output/117048/240/jcorranEff.root
hadd Source file 28: output/117048/155/jcorranEff.root
hadd Source file 18: output/117048/293/jcorranEff.root
hadd Source file 19: output/117048/070/jcorranEff.root
hadd Source file 19: output/117048/179/jcorranEff.root
hadd Source file 12: output/117048/357/jcorranEff.root
hadd Source file 29: output/117048/025/jcorranEff.root
hadd Source file 20: output/117048/069/jcorranEff.root
hadd Source file 30: output/117048/057/jcorranEff.root
hadd Source file 20: output/117048/285/jcorranEff.root
hadd Source file 21: output/117048/185/jcorranEff.root
hadd Source file 13: output/117048/238/jcorranEff.root
hadd Source file 31: output/117048/112/jcorranEff.root
hadd Source file 14: output/117048/053/jcorranEff.root
hadd Source file 21: output/117048/135/jcorranEff.root
hadd Source file 15: output/117048/014/jcorranEff.root
hadd Source file 22: output/117048/164/jcorranEff.root
hadd Source file 22: output/117048/092/jcorranEff.root
hadd Source file 32: output/117048/250/jcorranEff.root
hadd Source file 16: output/117048/266/jcorranEff.root
hadd Source file 23: output/117048/235/jcorranEff.root
hadd Source file 23: output/117048/199/jcorranEff.root
hadd Source file 24: output/117048/082/jcorranEff.root
hadd Source file 17: output/117048/257/jcorranEff.root
hadd Source file 33: output/117048/042/jcorranEff.root
hadd Source file 24: output/117048/299/jcorranEff.root
hadd Target path: /tmp/bschang/batch/PID13699-20140623-114447-merge-list/jcorranEff_117048.list-19690/xah.root:/
hadd Source file 25: output/117048/215/jcorranEff.root
hadd Source file 34: output/117048/363/jcorranEff.root
hadd Source file 25: output/117048/034/jcorranEff.root
hadd Target path: /tmp/bschang/batch/PID13699-20140623-114447-merge-list/jcorranEff_117048.list-19690/xah.root:/EffHist
hadd Source file 26: output/117048/166/jcorranEff.root
hadd Source file 26: output/117048/352/jcorranEff.root
hadd Source file 35: output/117048/202/jcorranEff.root
hadd Source file 27: output/117048/316/jcorranEff.root
hadd Source file 36: output/117048/138/jcorranEff.root
hadd Source file 28: output/117048/315/jcorranEff.root
hadd Source file 29: output/117048/141/jcorranEff.root
hadd Source file 27: output/117048/024/jcorranEff.root
hadd Source file 37: output/117048/098/jcorranEff.root
hadd Source file 30: output/117048/140/jcorranEff.root
hadd Source file 38: output/117048/364/jcorranEff.root
hadd Source file 31: output/117048/369/jcorranEff.root
hadd Source file 28: output/117048/032/jcorranEff.root
hadd Source file 39: output/117048/217/jcorranEff.root
hadd Source file 32: output/117048/123/jcorranEff.root
hadd Source file 29: output/117048/027/jcorranEff.root
hadd Source file 40: output/117048/216/jcorranEff.root
hadd Source file 33: output/117048/117/jcorranEff.root
hadd Source file 30: output/117048/194/jcorranEff.root
hadd Source file 41: output/117048/086/jcorranEff.root
hadd Source file 34: output/117048/223/jcorranEff.root
hadd Source file 42: output/117048/071/jcorranEff.root
hadd Source file 31: output/117048/295/jcorranEff.root
hadd Source file 43: output/117048/143/jcorranEff.root
hadd Source file 35: output/117048/330/jcorranEff.root
hadd Source file 36: output/117048/354/jcorranEff.root
hadd Source file 44: output/117048/150/jcorranEff.root
hadd Source file 37: output/117048/129/jcorranEff.root
hadd Source file 32: output/117048/085/jcorranEff.root
hadd Source file 45: output/117048/015/jcorranEff.root
hadd Source file 38: output/117048/237/jcorranEff.root
hadd Source file 46: output/117048/127/jcorranEff.root
hadd Source file 33: output/117048/346/jcorranEff.root
hadd Source file 47: output/117048/286/jcorranEff.root
hadd Source file 39: output/117048/288/jcorranEff.root
hadd Source file 34: output/117048/033/jcorranEff.root
hadd Source file 48: output/117048/275/jcorranEff.root
hadd Source file 40: output/117048/081/jcorranEff.root
hadd Source file 35: output/117048/327/jcorranEff.root
hadd Source file 49: output/117048/355/jcorranEff.root
hadd Source file 41: output/117048/035/jcorranEff.root
hadd Source file 36: output/117048/362/jcorranEff.root
hadd Source file 50: output/117048/255/jcorranEff.root
hadd Source file 42: output/117048/218/jcorranEff.root
hadd Source file 43: output/117048/100/jcorranEff.root
hadd Source file 37: output/117048/110/jcorranEff.root
hadd Target path: /tmp/bschang/batch/PID13699-20140623-114447-merge-list/jcorranEff_117048.list-19690/xag.root:/
hadd Source file 44: output/117048/189/jcorranEff.root
hadd Source file 45: output/117048/356/jcorranEff.root
hadd Target path: /tmp/bschang/batch/PID13699-20140623-114447-merge-list/jcorranEff_117048.list-19690/xag.root:/EffHist
hadd Source file 38: output/117048/157/jcorranEff.root
hadd Source file 46: output/117048/225/jcorranEff.root
hadd Source file 39: output/117048/142/jcorranEff.root
hadd Source file 47: output/117048/197/jcorranEff.root
hadd Source file 40: output/117048/262/jcorranEff.root
hadd Source file 48: output/117048/078/jcorranEff.root
hadd Source file 41: output/117048/167/jcorranEff.root
hadd Source file 42: output/117048/345/jcorranEff.root
hadd Source file 49: output/117048/030/jcorranEff.root
hadd Source file 50: output/117048/115/jcorranEff.root
hadd Source file 43: output/117048/224/jcorranEff.root
hadd Target path: /tmp/bschang/batch/PID13699-20140623-114447-merge-list/jcorranEff_117048.list-19690/xae.root:/
hadd Source file 44: output/117048/187/jcorranEff.root
hadd Target path: /tmp/bschang/batch/PID13699-20140623-114447-merge-list/jcorranEff_117048.list-19690/xae.root:/EffHist
hadd Source file 45: output/117048/233/jcorranEff.root
hadd Source file 46: output/117048/208/jcorranEff.root
hadd Source file 47: output/117048/068/jcorranEff.root
hadd Source file 48: output/117048/119/jcorranEff.root
hadd Source file 49: output/117048/094/jcorranEff.root
hadd Source file 50: output/117048/116/jcorranEff.root
hadd Target path: /tmp/bschang/batch/PID13699-20140623-114447-merge-list/jcorranEff_117048.list-19690/xaf.root:/
hadd Target path: /tmp/bschang/batch/PID13699-20140623-114447-merge-list/jcorranEff_117048.list-19690/xaf.root:/EffHist
hadd Target file: merged/jcorranEff_117048.list.root
hadd Source file 1: /tmp/bschang/batch/PID13699-20140623-114447-merge-list/jcorranEff_117048.list-19690/xaa.root
hadd Source file 2: /tmp/bschang/batch/PID13699-20140623-114447-merge-list/jcorranEff_117048.list-19690/xab.root
hadd Source file 3: /tmp/bschang/batch/PID13699-20140623-114447-merge-list/jcorranEff_117048.list-19690/xac.root
hadd Source file 4: /tmp/bschang/batch/PID13699-20140623-114447-merge-list/jcorranEff_117048.list-19690/xad.root
hadd Source file 5: /tmp/bschang/batch/PID13699-20140623-114447-merge-list/jcorranEff_117048.list-19690/xae.root
hadd Source file 6: /tmp/bschang/batch/PID13699-20140623-114447-merge-list/jcorranEff_117048.list-19690/xaf.root
hadd Source file 7: /tmp/bschang/batch/PID13699-20140623-114447-merge-list/jcorranEff_117048.list-19690/xag.root
hadd Source file 8: /tmp/bschang/batch/PID13699-20140623-114447-merge-list/jcorranEff_117048.list-19690/xah.root
hadd Target path: merged/jcorranEff_117048.list.root:/
hadd Target path: merged/jcorranEff_117048.list.root:/EffHist
Mon Jun 23 11:44:57 EEST 2014
==== Time : 9
