INPUT : list/jcorranEff_116645.list
OUTPUT : merged/jcorranEff_116645.list.root
NCores : 4
13608
Mon Jun 23 11:44:41 EEST 2014
hadd Target file: /tmp/bschang/batch/PID13608-20140623-114441-merge-list/jcorranEff_116645.list-9844/xaa.root
hadd Target file: /tmp/bschang/batch/PID13608-20140623-114441-merge-list/jcorranEff_116645.list-9844/xab.root
hadd Source file 1: output/116645/039/jcorranEff.root
hadd Source file 1: output/116645/066/jcorranEff.root
hadd Source file 2: output/116645/072/jcorranEff.root
hadd Source file 3: output/116645/044/jcorranEff.root
hadd Source file 2: output/116645/060/jcorranEff.root
hadd Source file 4: output/116645/065/jcorranEff.root
hadd Source file 3: output/116645/077/jcorranEff.root
hadd Source file 5: output/116645/075/jcorranEff.root
hadd Source file 4: output/116645/012/jcorranEff.root
hadd Source file 5: output/116645/031/jcorranEff.root
hadd Source file 6: output/116645/062/jcorranEff.root
hadd Source file 6: output/116645/050/jcorranEff.root
hadd Source file 7: output/116645/028/jcorranEff.root
hadd Source file 7: output/116645/010/jcorranEff.root
hadd Source file 8: output/116645/056/jcorranEff.root
hadd Source file 8: output/116645/013/jcorranEff.root
hadd Source file 9: output/116645/042/jcorranEff.root
hadd Source file 9: output/116645/080/jcorranEff.root
hadd Source file 10: output/116645/041/jcorranEff.root
hadd Source file 10: output/116645/052/jcorranEff.root
hadd Source file 11: output/116645/079/jcorranEff.root
hadd Source file 11: output/116645/030/jcorranEff.root
hadd Source file 12: output/116645/070/jcorranEff.root
hadd Source file 13: output/116645/018/jcorranEff.root
hadd Source file 12: output/116645/001/jcorranEff.root
hadd Source file 14: output/116645/003/jcorranEff.root
hadd Source file 13: output/116645/055/jcorranEff.root
hadd Source file 15: output/116645/049/jcorranEff.root
hadd Source file 16: output/116645/084/jcorranEff.root
hadd Source file 17: output/116645/005/jcorranEff.root
hadd Source file 14: output/116645/054/jcorranEff.root
hadd Source file 15: output/116645/061/jcorranEff.root
hadd Source file 18: output/116645/006/jcorranEff.root
hadd Source file 16: output/116645/040/jcorranEff.root
hadd Source file 19: output/116645/034/jcorranEff.root
hadd Source file 20: output/116645/068/jcorranEff.root
hadd Source file 17: output/116645/014/jcorranEff.root
hadd Source file 18: output/116645/032/jcorranEff.root
hadd Source file 21: output/116645/053/jcorranEff.root
hadd Source file 19: output/116645/046/jcorranEff.root
hadd Source file 22: output/116645/047/jcorranEff.root
hadd Source file 20: output/116645/071/jcorranEff.root
hadd Source file 23: output/116645/027/jcorranEff.root
hadd Source file 21: output/116645/081/jcorranEff.root
hadd Source file 24: output/116645/058/jcorranEff.root
hadd Source file 22: output/116645/015/jcorranEff.root
hadd Source file 25: output/116645/033/jcorranEff.root
hadd Source file 26: output/116645/035/jcorranEff.root
hadd Source file 23: output/116645/074/jcorranEff.root
hadd Source file 27: output/116645/057/jcorranEff.root
hadd Source file 24: output/116645/086/jcorranEff.root
hadd Source file 28: output/116645/017/jcorranEff.root
hadd Source file 25: output/116645/002/jcorranEff.root
hadd Source file 26: output/116645/063/jcorranEff.root
hadd Source file 29: output/116645/067/jcorranEff.root
hadd Source file 27: output/116645/082/jcorranEff.root
hadd Source file 28: output/116645/008/jcorranEff.root
hadd Source file 29: output/116645/023/jcorranEff.root
hadd Source file 30: output/116645/025/jcorranEff.root
hadd Source file 31: output/116645/029/jcorranEff.root
hadd Source file 30: output/116645/004/jcorranEff.root
hadd Source file 31: output/116645/069/jcorranEff.root
hadd Source file 32: output/116645/043/jcorranEff.root
hadd Source file 33: output/116645/076/jcorranEff.root
hadd Source file 32: output/116645/045/jcorranEff.root
hadd Source file 33: output/116645/083/jcorranEff.root
hadd Target path: /tmp/bschang/batch/PID13608-20140623-114441-merge-list/jcorranEff_116645.list-9844/xab.root:/
hadd Target path: /tmp/bschang/batch/PID13608-20140623-114441-merge-list/jcorranEff_116645.list-9844/xab.root:/EffHist
hadd Source file 34: output/116645/021/jcorranEff.root
hadd Source file 35: output/116645/064/jcorranEff.root
hadd Source file 36: output/116645/026/jcorranEff.root
hadd Source file 37: output/116645/011/jcorranEff.root
hadd Source file 38: output/116645/051/jcorranEff.root
hadd Source file 39: output/116645/007/jcorranEff.root
hadd Source file 40: output/116645/038/jcorranEff.root
hadd Source file 41: output/116645/009/jcorranEff.root
hadd Source file 42: output/116645/024/jcorranEff.root
hadd Source file 43: output/116645/078/jcorranEff.root
hadd Source file 44: output/116645/037/jcorranEff.root
hadd Source file 45: output/116645/059/jcorranEff.root
hadd Source file 46: output/116645/048/jcorranEff.root
hadd Source file 47: output/116645/073/jcorranEff.root
hadd Source file 48: output/116645/019/jcorranEff.root
hadd Source file 49: output/116645/036/jcorranEff.root
hadd Source file 50: output/116645/020/jcorranEff.root
hadd Target path: /tmp/bschang/batch/PID13608-20140623-114441-merge-list/jcorranEff_116645.list-9844/xaa.root:/
hadd Target path: /tmp/bschang/batch/PID13608-20140623-114441-merge-list/jcorranEff_116645.list-9844/xaa.root:/EffHist
hadd Target file: merged/jcorranEff_116645.list.root
hadd Source file 1: /tmp/bschang/batch/PID13608-20140623-114441-merge-list/jcorranEff_116645.list-9844/xaa.root
hadd Source file 2: /tmp/bschang/batch/PID13608-20140623-114441-merge-list/jcorranEff_116645.list-9844/xab.root
hadd Target path: merged/jcorranEff_116645.list.root:/
hadd Target path: merged/jcorranEff_116645.list.root:/EffHist
Mon Jun 23 11:44:47 EEST 2014
==== Time : 6
