INPUT : list/jcorranEff_117112.list
OUTPUT : merged/jcorranEff_117112.list.root
NCores : 4
15937
Mon Jun 23 11:46:15 EEST 2014
hadd Target file: /tmp/bschang/batch/PID15937-20140623-114615-merge-list/jcorranEff_117112.list-30725/xaa.root
hadd Source file 1: output/117112/357/jcorranEff.root
hadd Target file: /tmp/bschang/batch/PID15937-20140623-114615-merge-list/jcorranEff_117112.list-30725/xab.root
hadd Target file: /tmp/bschang/batch/PID15937-20140623-114615-merge-list/jcorranEff_117112.list-30725/xac.root
hadd Source file 1: output/117112/508/jcorranEff.root
hadd Source file 1: output/117112/103/jcorranEff.root
hadd Source file 2: output/117112/200/jcorranEff.root
hadd Source file 2: output/117112/553/jcorranEff.root
hadd Source file 3: output/117112/122/jcorranEff.root
hadd Source file 4: output/117112/056/jcorranEff.root
hadd Source file 3: output/117112/447/jcorranEff.root
hadd Source file 5: output/117112/514/jcorranEff.root
hadd Source file 4: output/117112/231/jcorranEff.root
hadd Source file 6: output/117112/382/jcorranEff.root
hadd Source file 2: output/117112/128/jcorranEff.root
hadd Source file 7: output/117112/043/jcorranEff.root
hadd Source file 3: output/117112/268/jcorranEff.root
hadd Source file 5: output/117112/151/jcorranEff.root
hadd Source file 8: output/117112/435/jcorranEff.root
hadd Source file 6: output/117112/239/jcorranEff.root
hadd Source file 4: output/117112/423/jcorranEff.root
hadd Source file 9: output/117112/095/jcorranEff.root
hadd Source file 7: output/117112/370/jcorranEff.root
hadd Source file 5: output/117112/502/jcorranEff.root
hadd Source file 8: output/117112/368/jcorranEff.root
hadd Source file 9: output/117112/203/jcorranEff.root
hadd Source file 6: output/117112/413/jcorranEff.root
hadd Source file 10: output/117112/036/jcorranEff.root
hadd Source file 11: output/117112/059/jcorranEff.root
hadd Source file 7: output/117112/008/jcorranEff.root
hadd Source file 12: output/117112/523/jcorranEff.root
hadd Source file 8: output/117112/321/jcorranEff.root
hadd Source file 13: output/117112/454/jcorranEff.root
hadd Source file 10: output/117112/252/jcorranEff.root
hadd Source file 9: output/117112/467/jcorranEff.root
hadd Source file 14: output/117112/260/jcorranEff.root
hadd Source file 10: output/117112/089/jcorranEff.root
hadd Source file 11: output/117112/575/jcorranEff.root
hadd Source file 15: output/117112/114/jcorranEff.root
hadd Source file 11: output/117112/159/jcorranEff.root
hadd Source file 16: output/117112/063/jcorranEff.root
hadd Source file 12: output/117112/542/jcorranEff.root
hadd Source file 12: output/117112/207/jcorranEff.root
hadd Source file 13: output/117112/258/jcorranEff.root
hadd Source file 17: output/117112/306/jcorranEff.root
hadd Source file 14: output/117112/462/jcorranEff.root
hadd Source file 13: output/117112/478/jcorranEff.root
hadd Source file 18: output/117112/130/jcorranEff.root
hadd Source file 14: output/117112/491/jcorranEff.root
hadd Source file 15: output/117112/277/jcorranEff.root
hadd Source file 15: output/117112/341/jcorranEff.root
hadd Source file 19: output/117112/333/jcorranEff.root
hadd Source file 16: output/117112/251/jcorranEff.root
hadd Source file 16: output/117112/480/jcorranEff.root
hadd Target file: /tmp/bschang/batch/PID15937-20140623-114615-merge-list/jcorranEff_117112.list-30725/xad.root
hadd Source file 17: output/117112/052/jcorranEff.root
hadd Source file 20: output/117112/107/jcorranEff.root
hadd Source file 18: output/117112/559/jcorranEff.root
hadd Source file 1: output/117112/329/jcorranEff.root
hadd Source file 21: output/117112/158/jcorranEff.root
hadd Source file 22: output/117112/026/jcorranEff.root
hadd Source file 17: output/117112/430/jcorranEff.root
hadd Source file 19: output/117112/055/jcorranEff.root
hadd Source file 23: output/117112/298/jcorranEff.root
hadd Source file 20: output/117112/301/jcorranEff.root
hadd Source file 18: output/117112/552/jcorranEff.root
hadd Source file 24: output/117112/563/jcorranEff.root
hadd Source file 19: output/117112/038/jcorranEff.root
hadd Source file 2: output/117112/162/jcorranEff.root
hadd Source file 25: output/117112/195/jcorranEff.root
hadd Source file 20: output/117112/256/jcorranEff.root
hadd Source file 21: output/117112/540/jcorranEff.root
hadd Source file 26: output/117112/289/jcorranEff.root
hadd Source file 3: output/117112/522/jcorranEff.root
hadd Source file 21: output/117112/562/jcorranEff.root
hadd Source file 22: output/117112/504/jcorranEff.root
hadd Source file 22: output/117112/137/jcorranEff.root
hadd Source file 27: output/117112/048/jcorranEff.root
hadd Source file 23: output/117112/411/jcorranEff.root
hadd Source file 4: output/117112/595/jcorranEff.root
hadd Source file 28: output/117112/244/jcorranEff.root
hadd Source file 23: output/117112/320/jcorranEff.root
hadd Source file 24: output/117112/050/jcorranEff.root
hadd Source file 29: output/117112/180/jcorranEff.root
hadd Source file 5: output/117112/278/jcorranEff.root
hadd Source file 24: output/117112/421/jcorranEff.root
hadd Source file 25: output/117112/344/jcorranEff.root
hadd Source file 30: output/117112/272/jcorranEff.root
hadd Source file 6: output/117112/530/jcorranEff.root
hadd Source file 31: output/117112/548/jcorranEff.root
hadd Source file 25: output/117112/191/jcorranEff.root
hadd Source file 26: output/117112/017/jcorranEff.root
hadd Source file 7: output/117112/512/jcorranEff.root
hadd Source file 32: output/117112/475/jcorranEff.root
hadd Source file 26: output/117112/018/jcorranEff.root
hadd Source file 27: output/117112/432/jcorranEff.root
hadd Source file 27: output/117112/526/jcorranEff.root
hadd Source file 33: output/117112/387/jcorranEff.root
hadd Source file 8: output/117112/229/jcorranEff.root
hadd Source file 34: output/117112/422/jcorranEff.root
hadd Source file 28: output/117112/474/jcorranEff.root
hadd Source file 28: output/117112/573/jcorranEff.root
hadd Source file 9: output/117112/495/jcorranEff.root
hadd Source file 35: output/117112/234/jcorranEff.root
hadd Source file 29: output/117112/201/jcorranEff.root
hadd Source file 29: output/117112/168/jcorranEff.root
hadd Source file 10: output/117112/076/jcorranEff.root
hadd Source file 36: output/117112/284/jcorranEff.root
hadd Source file 30: output/117112/003/jcorranEff.root
hadd Source file 11: output/117112/484/jcorranEff.root
hadd Source file 37: output/117112/080/jcorranEff.root
hadd Source file 30: output/117112/186/jcorranEff.root
hadd Source file 12: output/117112/393/jcorranEff.root
hadd Source file 31: output/117112/545/jcorranEff.root
hadd Source file 38: output/117112/120/jcorranEff.root
hadd Source file 13: output/117112/590/jcorranEff.root
hadd Source file 31: output/117112/398/jcorranEff.root
hadd Source file 32: output/117112/347/jcorranEff.root
hadd Source file 39: output/117112/535/jcorranEff.root
hadd Source file 32: output/117112/228/jcorranEff.root
hadd Source file 33: output/117112/106/jcorranEff.root
hadd Source file 40: output/117112/533/jcorranEff.root
hadd Source file 33: output/117112/051/jcorranEff.root
hadd Source file 41: output/117112/259/jcorranEff.root
hadd Source file 34: output/117112/204/jcorranEff.root
hadd Source file 14: output/117112/296/jcorranEff.root
hadd Source file 34: output/117112/513/jcorranEff.root
hadd Source file 42: output/117112/314/jcorranEff.root
hadd Source file 15: output/117112/099/jcorranEff.root
hadd Source file 35: output/117112/020/jcorranEff.root
hadd Source file 35: output/117112/096/jcorranEff.root
hadd Source file 43: output/117112/408/jcorranEff.root
hadd Source file 16: output/117112/261/jcorranEff.root
hadd Source file 36: output/117112/109/jcorranEff.root
hadd Source file 36: output/117112/300/jcorranEff.root
hadd Source file 44: output/117112/273/jcorranEff.root
hadd Source file 17: output/117112/028/jcorranEff.root
hadd Source file 45: output/117112/011/jcorranEff.root
hadd Source file 37: output/117112/209/jcorranEff.root
hadd Source file 18: output/117112/124/jcorranEff.root
hadd Source file 46: output/117112/412/jcorranEff.root
hadd Source file 38: output/117112/125/jcorranEff.root
hadd Source file 37: output/117112/419/jcorranEff.root
hadd Source file 19: output/117112/527/jcorranEff.root
hadd Source file 39: output/117112/488/jcorranEff.root
hadd Source file 20: output/117112/131/jcorranEff.root
hadd Source file 47: output/117112/342/jcorranEff.root
hadd Source file 40: output/117112/066/jcorranEff.root
hadd Source file 38: output/117112/572/jcorranEff.root
hadd Source file 48: output/117112/214/jcorranEff.root
hadd Source file 21: output/117112/121/jcorranEff.root
hadd Source file 41: output/117112/335/jcorranEff.root
hadd Source file 49: output/117112/023/jcorranEff.root
hadd Source file 22: output/117112/436/jcorranEff.root
hadd Source file 39: output/117112/279/jcorranEff.root
hadd Source file 42: output/117112/302/jcorranEff.root
hadd Source file 23: output/117112/190/jcorranEff.root
hadd Source file 50: output/117112/297/jcorranEff.root
hadd Source file 43: output/117112/212/jcorranEff.root
hadd Source file 24: output/117112/434/jcorranEff.root
hadd Source file 40: output/117112/227/jcorranEff.root
hadd Source file 44: output/117112/152/jcorranEff.root
hadd Source file 25: output/117112/049/jcorranEff.root
hadd Source file 41: output/117112/047/jcorranEff.root
hadd Target path: /tmp/bschang/batch/PID15937-20140623-114615-merge-list/jcorranEff_117112.list-30725/xaa.root:/
hadd Source file 45: output/117112/222/jcorranEff.root
hadd Source file 42: output/117112/248/jcorranEff.root
hadd Source file 43: output/117112/019/jcorranEff.root
hadd Target path: /tmp/bschang/batch/PID15937-20140623-114615-merge-list/jcorranEff_117112.list-30725/xaa.root:/EffHist
hadd Source file 26: output/117112/230/jcorranEff.root
hadd Source file 44: output/117112/449/jcorranEff.root
hadd Source file 46: output/117112/283/jcorranEff.root
hadd Source file 27: output/117112/153/jcorranEff.root
hadd Source file 45: output/117112/568/jcorranEff.root
hadd Source file 47: output/117112/002/jcorranEff.root
hadd Source file 46: output/117112/486/jcorranEff.root
hadd Source file 28: output/117112/328/jcorranEff.root
hadd Source file 48: output/117112/016/jcorranEff.root
hadd Source file 47: output/117112/337/jcorranEff.root
hadd Source file 29: output/117112/406/jcorranEff.root
hadd Source file 48: output/117112/425/jcorranEff.root
hadd Source file 49: output/117112/111/jcorranEff.root
hadd Source file 30: output/117112/178/jcorranEff.root
hadd Source file 49: output/117112/485/jcorranEff.root
hadd Source file 31: output/117112/172/jcorranEff.root
hadd Source file 50: output/117112/184/jcorranEff.root
hadd Source file 50: output/117112/377/jcorranEff.root
hadd Source file 32: output/117112/139/jcorranEff.root
hadd Target path: /tmp/bschang/batch/PID15937-20140623-114615-merge-list/jcorranEff_117112.list-30725/xab.root:/
hadd Source file 33: output/117112/444/jcorranEff.root
hadd Target path: /tmp/bschang/batch/PID15937-20140623-114615-merge-list/jcorranEff_117112.list-30725/xab.root:/EffHist
hadd Target path: /tmp/bschang/batch/PID15937-20140623-114615-merge-list/jcorranEff_117112.list-30725/xac.root:/
hadd Source file 34: output/117112/594/jcorranEff.root
hadd Target path: /tmp/bschang/batch/PID15937-20140623-114615-merge-list/jcorranEff_117112.list-30725/xac.root:/EffHist
hadd Source file 35: output/117112/424/jcorranEff.root
hadd Source file 36: output/117112/254/jcorranEff.root
hadd Source file 37: output/117112/007/jcorranEff.root
hadd Source file 38: output/117112/428/jcorranEff.root
hadd Source file 39: output/117112/181/jcorranEff.root
hadd Source file 40: output/117112/108/jcorranEff.root
hadd Source file 41: output/117112/511/jcorranEff.root
hadd Source file 42: output/117112/267/jcorranEff.root
hadd Source file 43: output/117112/097/jcorranEff.root
hadd Source file 44: output/117112/104/jcorranEff.root
hadd Source file 45: output/117112/578/jcorranEff.root
hadd Source file 46: output/117112/384/jcorranEff.root
hadd Source file 47: output/117112/022/jcorranEff.root
hadd Source file 48: output/117112/054/jcorranEff.root
hadd Source file 49: output/117112/145/jcorranEff.root
hadd Source file 50: output/117112/516/jcorranEff.root
hadd Target path: /tmp/bschang/batch/PID15937-20140623-114615-merge-list/jcorranEff_117112.list-30725/xad.root:/
hadd Target path: /tmp/bschang/batch/PID15937-20140623-114615-merge-list/jcorranEff_117112.list-30725/xad.root:/EffHist
hadd Target file: /tmp/bschang/batch/PID15937-20140623-114615-merge-list/jcorranEff_117112.list-30725/xae.root
hadd Source file 1: output/117112/220/jcorranEff.root
hadd Source file 2: output/117112/290/jcorranEff.root
hadd Source file 3: output/117112/171/jcorranEff.root
hadd Source file 4: output/117112/276/jcorranEff.root
hadd Source file 5: output/117112/374/jcorranEff.root
hadd Source file 6: output/117112/307/jcorranEff.root
hadd Target file: /tmp/bschang/batch/PID15937-20140623-114615-merge-list/jcorranEff_117112.list-30725/xaf.root
hadd Source file 7: output/117112/211/jcorranEff.root
hadd Source file 8: output/117112/173/jcorranEff.root
hadd Source file 1: output/117112/241/jcorranEff.root
hadd Source file 9: output/117112/429/jcorranEff.root
hadd Source file 10: output/117112/192/jcorranEff.root
hadd Source file 11: output/117112/569/jcorranEff.root
hadd Source file 12: output/117112/310/jcorranEff.root
hadd Source file 13: output/117112/521/jcorranEff.root
hadd Source file 14: output/117112/546/jcorranEff.root
hadd Source file 15: output/117112/039/jcorranEff.root
hadd Source file 2: output/117112/060/jcorranEff.root
hadd Source file 3: output/117112/087/jcorranEff.root
hadd Source file 16: output/117112/090/jcorranEff.root
hadd Source file 4: output/117112/446/jcorranEff.root
hadd Source file 17: output/117112/520/jcorranEff.root
hadd Source file 5: output/117112/319/jcorranEff.root
hadd Source file 18: output/117112/566/jcorranEff.root
hadd Source file 6: output/117112/175/jcorranEff.root
hadd Source file 7: output/117112/305/jcorranEff.root
hadd Source file 19: output/117112/154/jcorranEff.root
hadd Source file 8: output/117112/013/jcorranEff.root
hadd Source file 20: output/117112/385/jcorranEff.root
hadd Target file: /tmp/bschang/batch/PID15937-20140623-114615-merge-list/jcorranEff_117112.list-30725/xag.root
hadd Source file 9: output/117112/539/jcorranEff.root
hadd Source file 21: output/117112/294/jcorranEff.root
hadd Source file 10: output/117112/309/jcorranEff.root
hadd Source file 22: output/117112/442/jcorranEff.root
hadd Source file 11: output/117112/253/jcorranEff.root
hadd Source file 1: output/117112/517/jcorranEff.root
hadd Source file 23: output/117112/596/jcorranEff.root
hadd Source file 12: output/117112/326/jcorranEff.root
hadd Source file 24: output/117112/397/jcorranEff.root
hadd Source file 13: output/117112/340/jcorranEff.root
hadd Source file 25: output/117112/188/jcorranEff.root
hadd Source file 14: output/117112/044/jcorranEff.root
hadd Source file 26: output/117112/113/jcorranEff.root
hadd Source file 15: output/117112/133/jcorranEff.root
hadd Source file 27: output/117112/332/jcorranEff.root
hadd Source file 16: output/117112/593/jcorranEff.root
hadd Source file 17: output/117112/588/jcorranEff.root
hadd Source file 28: output/117112/394/jcorranEff.root
hadd Source file 18: output/117112/269/jcorranEff.root
hadd Source file 19: output/117112/001/jcorranEff.root
hadd Source file 29: output/117112/005/jcorranEff.root
hadd Target file: /tmp/bschang/batch/PID15937-20140623-114615-merge-list/jcorranEff_117112.list-30725/xah.root
hadd Source file 20: output/117112/450/jcorranEff.root
hadd Source file 2: output/117112/528/jcorranEff.root
hadd Source file 30: output/117112/084/jcorranEff.root
hadd Source file 21: output/117112/426/jcorranEff.root
hadd Source file 31: output/117112/061/jcorranEff.root
hadd Source file 3: output/117112/313/jcorranEff.root
hadd Source file 1: output/117112/507/jcorranEff.root
hadd Source file 22: output/117112/041/jcorranEff.root
hadd Source file 32: output/117112/010/jcorranEff.root
hadd Source file 4: output/117112/247/jcorranEff.root
hadd Source file 33: output/117112/498/jcorranEff.root
hadd Source file 23: output/117112/183/jcorranEff.root
hadd Source file 5: output/117112/196/jcorranEff.root
hadd Source file 24: output/117112/236/jcorranEff.root
hadd Source file 34: output/117112/037/jcorranEff.root
hadd Source file 25: output/117112/543/jcorranEff.root
hadd Source file 35: output/117112/213/jcorranEff.root
hadd Source file 6: output/117112/077/jcorranEff.root
hadd Source file 26: output/117112/343/jcorranEff.root
hadd Source file 36: output/117112/291/jcorranEff.root
hadd Source file 7: output/117112/585/jcorranEff.root
hadd Source file 27: output/117112/351/jcorranEff.root
hadd Source file 37: output/117112/004/jcorranEff.root
hadd Source file 8: output/117112/163/jcorranEff.root
hadd Source file 38: output/117112/303/jcorranEff.root
hadd Source file 9: output/117112/536/jcorranEff.root
hadd Source file 28: output/117112/468/jcorranEff.root
hadd Source file 39: output/117112/134/jcorranEff.root
hadd Source file 40: output/117112/221/jcorranEff.root
hadd Source file 10: output/117112/334/jcorranEff.root
hadd Source file 2: output/117112/078/jcorranEff.root
hadd Source file 29: output/117112/102/jcorranEff.root
hadd Source file 11: output/117112/456/jcorranEff.root
hadd Source file 3: output/117112/030/jcorranEff.root
hadd Source file 12: output/117112/438/jcorranEff.root
hadd Source file 41: output/117112/148/jcorranEff.root
hadd Source file 4: output/117112/115/jcorranEff.root
hadd Source file 42: output/117112/589/jcorranEff.root
hadd Source file 30: output/117112/476/jcorranEff.root
hadd Source file 13: output/117112/466/jcorranEff.root
hadd Source file 5: output/117112/571/jcorranEff.root
hadd Source file 6: output/117112/556/jcorranEff.root
hadd Source file 14: output/117112/479/jcorranEff.root
hadd Source file 31: output/117112/339/jcorranEff.root
hadd Source file 43: output/117112/378/jcorranEff.root
hadd Source file 7: output/117112/414/jcorranEff.root
hadd Source file 32: output/117112/547/jcorranEff.root
hadd Source file 44: output/117112/365/jcorranEff.root
hadd Source file 8: output/117112/245/jcorranEff.root
hadd Source file 45: output/117112/451/jcorranEff.root
hadd Source file 15: output/117112/219/jcorranEff.root
hadd Source file 33: output/117112/458/jcorranEff.root
hadd Source file 16: output/117112/439/jcorranEff.root
hadd Source file 34: output/117112/325/jcorranEff.root
hadd Source file 9: output/117112/126/jcorranEff.root
hadd Source file 17: output/117112/243/jcorranEff.root
hadd Source file 35: output/117112/452/jcorranEff.root
hadd Source file 46: output/117112/524/jcorranEff.root
hadd Source file 10: output/117112/226/jcorranEff.root
hadd Source file 18: output/117112/375/jcorranEff.root
hadd Source file 36: output/117112/401/jcorranEff.root
hadd Source file 47: output/117112/274/jcorranEff.root
hadd Source file 11: output/117112/206/jcorranEff.root
hadd Source file 19: output/117112/101/jcorranEff.root
hadd Source file 37: output/117112/317/jcorranEff.root
hadd Source file 48: output/117112/410/jcorranEff.root
hadd Source file 12: output/117112/149/jcorranEff.root
hadd Source file 20: output/117112/348/jcorranEff.root
hadd Source file 49: output/117112/584/jcorranEff.root
hadd Source file 38: output/117112/496/jcorranEff.root
hadd Source file 21: output/117112/359/jcorranEff.root
hadd Source file 39: output/117112/391/jcorranEff.root
hadd Source file 13: output/117112/561/jcorranEff.root
hadd Source file 50: output/117112/065/jcorranEff.root
hadd Source file 14: output/117112/457/jcorranEff.root
hadd Source file 40: output/117112/510/jcorranEff.root
hadd Target path: /tmp/bschang/batch/PID15937-20140623-114615-merge-list/jcorranEff_117112.list-30725/xae.root:/
hadd Source file 22: output/117112/029/jcorranEff.root
hadd Source file 23: output/117112/169/jcorranEff.root
hadd Target path: /tmp/bschang/batch/PID15937-20140623-114615-merge-list/jcorranEff_117112.list-30725/xae.root:/EffHist
hadd Source file 15: output/117112/118/jcorranEff.root
hadd Source file 41: output/117112/308/jcorranEff.root
hadd Source file 16: output/117112/455/jcorranEff.root
hadd Source file 24: output/117112/592/jcorranEff.root
hadd Source file 42: output/117112/083/jcorranEff.root
hadd Source file 17: output/117112/292/jcorranEff.root
hadd Source file 25: output/117112/366/jcorranEff.root
hadd Source file 43: output/117112/170/jcorranEff.root
hadd Source file 18: output/117112/006/jcorranEff.root
hadd Source file 26: output/117112/144/jcorranEff.root
hadd Source file 44: output/117112/165/jcorranEff.root
hadd Source file 27: output/117112/093/jcorranEff.root
hadd Source file 19: output/117112/483/jcorranEff.root
hadd Source file 45: output/117112/470/jcorranEff.root
hadd Source file 28: output/117112/210/jcorranEff.root
hadd Source file 46: output/117112/031/jcorranEff.root
hadd Source file 20: output/117112/293/jcorranEff.root
hadd Source file 29: output/117112/249/jcorranEff.root
hadd Source file 47: output/117112/072/jcorranEff.root
hadd Source file 21: output/117112/417/jcorranEff.root
hadd Source file 48: output/117112/264/jcorranEff.root
hadd Source file 30: output/117112/437/jcorranEff.root
hadd Source file 49: output/117112/182/jcorranEff.root
hadd Source file 22: output/117112/235/jcorranEff.root
hadd Source file 31: output/117112/067/jcorranEff.root
hadd Source file 50: output/117112/564/jcorranEff.root
hadd Source file 32: output/117112/069/jcorranEff.root
hadd Source file 23: output/117112/404/jcorranEff.root
hadd Source file 24: output/117112/416/jcorranEff.root
hadd Target path: /tmp/bschang/batch/PID15937-20140623-114615-merge-list/jcorranEff_117112.list-30725/xaf.root:/
hadd Source file 25: output/117112/082/jcorranEff.root
hadd Source file 33: output/117112/185/jcorranEff.root
hadd Target path: /tmp/bschang/batch/PID15937-20140623-114615-merge-list/jcorranEff_117112.list-30725/xaf.root:/EffHist
hadd Source file 34: output/117112/164/jcorranEff.root
hadd Source file 35: output/117112/473/jcorranEff.root
hadd Source file 36: output/117112/352/jcorranEff.root
hadd Source file 26: output/117112/215/jcorranEff.root
hadd Source file 37: output/117112/503/jcorranEff.root
hadd Source file 27: output/117112/381/jcorranEff.root
hadd Source file 38: output/117112/583/jcorranEff.root
hadd Source file 28: output/117112/166/jcorranEff.root
hadd Source file 29: output/117112/024/jcorranEff.root
hadd Source file 30: output/117112/032/jcorranEff.root
hadd Source file 31: output/117112/027/jcorranEff.root
hadd Source file 39: output/117112/266/jcorranEff.root
hadd Source file 40: output/117112/587/jcorranEff.root
hadd Source file 32: output/117112/194/jcorranEff.root
hadd Source file 41: output/117112/445/jcorranEff.root
hadd Source file 42: output/117112/223/jcorranEff.root
hadd Source file 33: output/117112/295/jcorranEff.root
hadd Source file 34: output/117112/085/jcorranEff.root
hadd Source file 35: output/117112/574/jcorranEff.root
hadd Source file 43: output/117112/354/jcorranEff.root
hadd Source file 44: output/117112/129/jcorranEff.root
hadd Source file 36: output/117112/346/jcorranEff.root
hadd Source file 45: output/117112/373/jcorranEff.root
hadd Source file 46: output/117112/538/jcorranEff.root
hadd Source file 37: output/117112/033/jcorranEff.root
hadd Source file 38: output/117112/327/jcorranEff.root
hadd Source file 47: output/117112/081/jcorranEff.root
hadd Source file 39: output/117112/529/jcorranEff.root
hadd Source file 48: output/117112/035/jcorranEff.root
hadd Source file 40: output/117112/459/jcorranEff.root
hadd Source file 49: output/117112/197/jcorranEff.root
hadd Source file 50: output/117112/472/jcorranEff.root
hadd Source file 41: output/117112/500/jcorranEff.root
hadd Target path: /tmp/bschang/batch/PID15937-20140623-114615-merge-list/jcorranEff_117112.list-30725/xag.root:/
hadd Source file 42: output/117112/157/jcorranEff.root
hadd Target path: /tmp/bschang/batch/PID15937-20140623-114615-merge-list/jcorranEff_117112.list-30725/xag.root:/EffHist
hadd Source file 43: output/117112/551/jcorranEff.root
hadd Source file 44: output/117112/262/jcorranEff.root
hadd Source file 45: output/117112/345/jcorranEff.root
hadd Source file 46: output/117112/224/jcorranEff.root
hadd Source file 47: output/117112/431/jcorranEff.root
hadd Source file 48: output/117112/487/jcorranEff.root
hadd Source file 49: output/117112/208/jcorranEff.root
hadd Source file 50: output/117112/331/jcorranEff.root
hadd Target path: /tmp/bschang/batch/PID15937-20140623-114615-merge-list/jcorranEff_117112.list-30725/xah.root:/
hadd Target path: /tmp/bschang/batch/PID15937-20140623-114615-merge-list/jcorranEff_117112.list-30725/xah.root:/EffHist
hadd Target file: /tmp/bschang/batch/PID15937-20140623-114615-merge-list/jcorranEff_117112.list-30725/xai.root
hadd Source file 1: output/117112/257/jcorranEff.root
hadd Source file 2: output/117112/560/jcorranEff.root
hadd Source file 3: output/117112/490/jcorranEff.root
hadd Target file: /tmp/bschang/batch/PID15937-20140623-114615-merge-list/jcorranEff_117112.list-30725/xaj.root
hadd Source file 1: output/117112/441/jcorranEff.root
hadd Source file 4: output/117112/119/jcorranEff.root
hadd Source file 5: output/117112/053/jcorranEff.root
hadd Source file 6: output/117112/116/jcorranEff.root
hadd Source file 2: output/117112/112/jcorranEff.root
hadd Source file 7: output/117112/160/jcorranEff.root
hadd Source file 3: output/117112/440/jcorranEff.root
hadd Source file 4: output/117112/250/jcorranEff.root
hadd Source file 8: output/117112/558/jcorranEff.root
hadd Source file 5: output/117112/014/jcorranEff.root
hadd Source file 9: output/117112/448/jcorranEff.root
hadd Source file 10: output/117112/322/jcorranEff.root
hadd Source file 6: output/117112/494/jcorranEff.root
hadd Source file 7: output/117112/138/jcorranEff.root
hadd Source file 11: output/117112/360/jcorranEff.root
hadd Source file 8: output/117112/098/jcorranEff.root
hadd Source file 12: output/117112/465/jcorranEff.root
hadd Source file 9: output/117112/364/jcorranEff.root
hadd Source file 13: output/117112/193/jcorranEff.root
hadd Source file 10: output/117112/217/jcorranEff.root
hadd Source file 14: output/117112/405/jcorranEff.root
hadd Source file 11: output/117112/519/jcorranEff.root
hadd Source file 15: output/117112/371/jcorranEff.root
hadd Source file 16: output/117112/271/jcorranEff.root
hadd Source file 12: output/117112/216/jcorranEff.root
hadd Source file 17: output/117112/367/jcorranEff.root
hadd Source file 13: output/117112/086/jcorranEff.root
hadd Source file 18: output/117112/338/jcorranEff.root
hadd Source file 19: output/117112/282/jcorranEff.root
hadd Source file 14: output/117112/071/jcorranEff.root
hadd Source file 20: output/117112/591/jcorranEff.root
hadd Source file 15: output/117112/150/jcorranEff.root
hadd Source file 21: output/117112/557/jcorranEff.root
hadd Source file 16: output/117112/418/jcorranEff.root
hadd Source file 22: output/117112/323/jcorranEff.root
hadd Source file 17: output/117112/461/jcorranEff.root
hadd Source file 23: output/117112/246/jcorranEff.root
hadd Source file 24: output/117112/318/jcorranEff.root
hadd Source file 18: output/117112/286/jcorranEff.root
hadd Source file 25: output/117112/386/jcorranEff.root
hadd Source file 26: output/117112/361/jcorranEff.root
hadd Source file 19: output/117112/275/jcorranEff.root
hadd Source file 20: output/117112/355/jcorranEff.root
hadd Source file 27: output/117112/240/jcorranEff.root
hadd Source file 21: output/117112/534/jcorranEff.root
hadd Source file 28: output/117112/073/jcorranEff.root
hadd Source file 22: output/117112/497/jcorranEff.root
hadd Source file 29: output/117112/270/jcorranEff.root
hadd Source file 23: output/117112/582/jcorranEff.root
hadd Source file 30: output/117112/443/jcorranEff.root
hadd Target file: /tmp/bschang/batch/PID15937-20140623-114615-merge-list/jcorranEff_117112.list-30725/xak.root
hadd Source file 31: output/117112/287/jcorranEff.root
hadd Source file 24: output/117112/477/jcorranEff.root
hadd Source file 25: output/117112/062/jcorranEff.root
hadd Source file 1: output/117112/471/jcorranEff.root
hadd Source file 26: output/117112/105/jcorranEff.root
hadd Source file 27: output/117112/094/jcorranEff.root
hadd Source file 32: output/117112/091/jcorranEff.root
hadd Source file 28: output/117112/363/jcorranEff.root
hadd Source file 33: output/117112/304/jcorranEff.root
hadd Source file 2: output/117112/263/jcorranEff.root
hadd Source file 34: output/117112/518/jcorranEff.root
hadd Source file 29: output/117112/501/jcorranEff.root
hadd Source file 3: output/117112/576/jcorranEff.root
hadd Source file 30: output/117112/117/jcorranEff.root
hadd Source file 4: output/117112/544/jcorranEff.root
hadd Source file 35: output/117112/021/jcorranEff.root
hadd Source file 36: output/117112/481/jcorranEff.root
hadd Source file 31: output/117112/353/jcorranEff.root
hadd Source file 5: output/117112/255/jcorranEff.root
hadd Source file 32: output/117112/232/jcorranEff.root
hadd Source file 37: output/117112/079/jcorranEff.root
hadd Source file 6: output/117112/025/jcorranEff.root
hadd Source file 33: output/117112/311/jcorranEff.root
hadd Source file 38: output/117112/136/jcorranEff.root
hadd Source file 39: output/117112/349/jcorranEff.root
hadd Source file 34: output/117112/499/jcorranEff.root
hadd Source file 40: output/117112/177/jcorranEff.root
hadd Target file: /tmp/bschang/batch/PID15937-20140623-114615-merge-list/jcorranEff_117112.list-30725/xal.root
hadd Source file 7: output/117112/392/jcorranEff.root
hadd Source file 41: output/117112/336/jcorranEff.root
hadd Source file 35: output/117112/555/jcorranEff.root
hadd Source file 8: output/117112/187/jcorranEff.root
hadd Source file 42: output/117112/460/jcorranEff.root
hadd Source file 9: output/117112/237/jcorranEff.root
hadd Source file 36: output/117112/312/jcorranEff.root
hadd Source file 1: output/117112/453/jcorranEff.root
hadd Source file 37: output/117112/147/jcorranEff.root
hadd Source file 10: output/117112/376/jcorranEff.root
hadd Source file 43: output/117112/525/jcorranEff.root
hadd Source file 38: output/117112/046/jcorranEff.root
hadd Source file 11: output/117112/179/jcorranEff.root
hadd Source file 44: output/117112/482/jcorranEff.root
hadd Source file 39: output/117112/075/jcorranEff.root
hadd Source file 12: output/117112/316/jcorranEff.root
hadd Source file 40: output/117112/155/jcorranEff.root
hadd Source file 45: output/117112/399/jcorranEff.root
hadd Source file 2: output/117112/379/jcorranEff.root
hadd Source file 13: output/117112/531/jcorranEff.root
hadd Source file 41: output/117112/565/jcorranEff.root
hadd Source file 14: output/117112/362/jcorranEff.root
hadd Source file 15: output/117112/396/jcorranEff.root
hadd Source file 42: output/117112/176/jcorranEff.root
hadd Source file 3: output/117112/218/jcorranEff.root
hadd Source file 46: output/117112/586/jcorranEff.root
hadd Source file 16: output/117112/015/jcorranEff.root
hadd Source file 4: output/117112/189/jcorranEff.root
hadd Source file 47: output/117112/389/jcorranEff.root
hadd Source file 17: output/117112/199/jcorranEff.root
hadd Source file 43: output/117112/174/jcorranEff.root
hadd Source file 48: output/117112/581/jcorranEff.root
hadd Source file 5: output/117112/493/jcorranEff.root
hadd Source file 44: output/117112/554/jcorranEff.root
hadd Source file 18: output/117112/407/jcorranEff.root
hadd Source file 49: output/117112/570/jcorranEff.root
hadd Source file 19: output/117112/427/jcorranEff.root
hadd Source file 6: output/117112/265/jcorranEff.root
hadd Source file 45: output/117112/380/jcorranEff.root
hadd Source file 20: output/117112/463/jcorranEff.root
hadd Source file 50: output/117112/415/jcorranEff.root
hadd Source file 46: output/117112/110/jcorranEff.root
hadd Source file 7: output/117112/299/jcorranEff.root
hadd Source file 47: output/117112/395/jcorranEff.root
hadd Source file 8: output/117112/040/jcorranEff.root
hadd Target path: /tmp/bschang/batch/PID15937-20140623-114615-merge-list/jcorranEff_117112.list-30725/xai.root:/
hadd Source file 48: output/117112/233/jcorranEff.root
hadd Source file 21: output/117112/156/jcorranEff.root
hadd Source file 49: output/117112/012/jcorranEff.root
hadd Target path: /tmp/bschang/batch/PID15937-20140623-114615-merge-list/jcorranEff_117112.list-30725/xai.root:/EffHist
hadd Source file 9: output/117112/433/jcorranEff.root
hadd Source file 50: output/117112/167/jcorranEff.root
hadd Source file 22: output/117112/281/jcorranEff.root
hadd Source file 23: output/117112/356/jcorranEff.root
hadd Source file 10: output/117112/537/jcorranEff.root
hadd Target path: /tmp/bschang/batch/PID15937-20140623-114615-merge-list/jcorranEff_117112.list-30725/xaj.root:/
hadd Source file 11: output/117112/388/jcorranEff.root
hadd Source file 24: output/117112/058/jcorranEff.root
hadd Target path: /tmp/bschang/batch/PID15937-20140623-114615-merge-list/jcorranEff_117112.list-30725/xaj.root:/EffHist
hadd Source file 25: output/117112/515/jcorranEff.root
hadd Source file 12: output/117112/579/jcorranEff.root
hadd Source file 26: output/117112/489/jcorranEff.root
hadd Source file 13: output/117112/238/jcorranEff.root
hadd Source file 27: output/117112/541/jcorranEff.root
hadd Source file 14: output/117112/225/jcorranEff.root
hadd Source file 15: output/117112/532/jcorranEff.root
hadd Source file 28: output/117112/057/jcorranEff.root
hadd Source file 16: output/117112/092/jcorranEff.root
hadd Source file 29: output/117112/068/jcorranEff.root
hadd Source file 17: output/117112/242/jcorranEff.root
hadd Source file 30: output/117112/135/jcorranEff.root
hadd Source file 18: output/117112/064/jcorranEff.root
hadd Source file 19: output/117112/358/jcorranEff.root
hadd Source file 31: output/117112/402/jcorranEff.root
hadd Source file 20: output/117112/198/jcorranEff.root
hadd Source file 32: output/117112/202/jcorranEff.root
hadd Source file 33: output/117112/142/jcorranEff.root
hadd Source file 21: output/117112/390/jcorranEff.root
hadd Source file 34: output/117112/088/jcorranEff.root
hadd Source file 22: output/117112/146/jcorranEff.root
hadd Source file 23: output/117112/580/jcorranEff.root
hadd Source file 35: output/117112/280/jcorranEff.root
hadd Source file 24: output/117112/161/jcorranEff.root
hadd Source file 36: output/117112/140/jcorranEff.root
hadd Source file 25: output/117112/045/jcorranEff.root
hadd Source file 37: output/117112/285/jcorranEff.root
hadd Source file 26: output/117112/034/jcorranEff.root
hadd Source file 27: output/117112/372/jcorranEff.root
hadd Source file 38: output/117112/509/jcorranEff.root
hadd Source file 28: output/117112/315/jcorranEff.root
hadd Source file 39: output/117112/288/jcorranEff.root
hadd Source file 29: output/117112/383/jcorranEff.root
hadd Source file 40: output/117112/070/jcorranEff.root
hadd Source file 30: output/117112/100/jcorranEff.root
hadd Source file 41: output/117112/400/jcorranEff.root
hadd Source file 31: output/117112/567/jcorranEff.root
hadd Source file 42: output/117112/330/jcorranEff.root
hadd Source file 43: output/117112/074/jcorranEff.root
hadd Source file 32: output/117112/350/jcorranEff.root
hadd Source file 44: output/117112/369/jcorranEff.root
hadd Source file 33: output/117112/205/jcorranEff.root
hadd Source file 34: output/117112/505/jcorranEff.root
hadd Source file 45: output/117112/403/jcorranEff.root
hadd Source file 46: output/117112/009/jcorranEff.root
hadd Source file 35: output/117112/324/jcorranEff.root
hadd Source file 47: output/117112/127/jcorranEff.root
hadd Source file 36: output/117112/042/jcorranEff.root
hadd Source file 37: output/117112/469/jcorranEff.root
hadd Source file 48: output/117112/506/jcorranEff.root
hadd Source file 49: output/117112/143/jcorranEff.root
hadd Source file 38: output/117112/420/jcorranEff.root
hadd Source file 50: output/117112/492/jcorranEff.root
hadd Source file 39: output/117112/141/jcorranEff.root
hadd Target path: /tmp/bschang/batch/PID15937-20140623-114615-merge-list/jcorranEff_117112.list-30725/xak.root:/
hadd Target path: /tmp/bschang/batch/PID15937-20140623-114615-merge-list/jcorranEff_117112.list-30725/xal.root:/
hadd Target path: /tmp/bschang/batch/PID15937-20140623-114615-merge-list/jcorranEff_117112.list-30725/xak.root:/EffHist
hadd Target path: /tmp/bschang/batch/PID15937-20140623-114615-merge-list/jcorranEff_117112.list-30725/xal.root:/EffHist
hadd Target file: merged/jcorranEff_117112.list.root
hadd Source file 1: /tmp/bschang/batch/PID15937-20140623-114615-merge-list/jcorranEff_117112.list-30725/xaa.root
hadd Source file 2: /tmp/bschang/batch/PID15937-20140623-114615-merge-list/jcorranEff_117112.list-30725/xab.root
hadd Source file 3: /tmp/bschang/batch/PID15937-20140623-114615-merge-list/jcorranEff_117112.list-30725/xac.root
hadd Source file 4: /tmp/bschang/batch/PID15937-20140623-114615-merge-list/jcorranEff_117112.list-30725/xad.root
hadd Source file 5: /tmp/bschang/batch/PID15937-20140623-114615-merge-list/jcorranEff_117112.list-30725/xae.root
hadd Source file 6: /tmp/bschang/batch/PID15937-20140623-114615-merge-list/jcorranEff_117112.list-30725/xaf.root
hadd Source file 7: /tmp/bschang/batch/PID15937-20140623-114615-merge-list/jcorranEff_117112.list-30725/xag.root
hadd Source file 8: /tmp/bschang/batch/PID15937-20140623-114615-merge-list/jcorranEff_117112.list-30725/xah.root
hadd Source file 9: /tmp/bschang/batch/PID15937-20140623-114615-merge-list/jcorranEff_117112.list-30725/xai.root
hadd Source file 10: /tmp/bschang/batch/PID15937-20140623-114615-merge-list/jcorranEff_117112.list-30725/xaj.root
hadd Source file 11: /tmp/bschang/batch/PID15937-20140623-114615-merge-list/jcorranEff_117112.list-30725/xak.root
hadd Source file 12: /tmp/bschang/batch/PID15937-20140623-114615-merge-list/jcorranEff_117112.list-30725/xal.root
hadd Target path: merged/jcorranEff_117112.list.root:/
hadd Target path: merged/jcorranEff_117112.list.root:/EffHist
Mon Jun 23 11:46:30 EEST 2014
==== Time : 15
