INPUT : list/jcorranEff_117220.list
OUTPUT : merged/jcorranEff_117220.list.root
NCores : 4
16490
Mon Jun 23 11:46:45 EEST 2014
hadd Target file: /tmp/bschang/batch/PID16490-20140623-114644-merge-list/jcorranEff_117220.list-15838/xad.root
hadd Target file: /tmp/bschang/batch/PID16490-20140623-114644-merge-list/jcorranEff_117220.list-15838/xac.root
hadd Target file: /tmp/bschang/batch/PID16490-20140623-114644-merge-list/jcorranEff_117220.list-15838/xab.root
hadd Target file: /tmp/bschang/batch/PID16490-20140623-114644-merge-list/jcorranEff_117220.list-15838/xaa.root
hadd Source file 1: output/117220/011/jcorranEff.root
hadd Source file 1: output/117220/297/jcorranEff.root
hadd Source file 1: output/117220/260/jcorranEff.root
hadd Source file 1: output/117220/342/jcorranEff.root
hadd Source file 2: output/117220/252/jcorranEff.root
hadd Source file 2: output/117220/306/jcorranEff.root
hadd Source file 2: output/117220/152/jcorranEff.root
hadd Source file 2: output/117220/264/jcorranEff.root
hadd Source file 3: output/117220/211/jcorranEff.root
hadd Source file 3: output/117220/296/jcorranEff.root
hadd Source file 3: output/117220/220/jcorranEff.root
hadd Source file 3: output/117220/171/jcorranEff.root
hadd Source file 4: output/117220/267/jcorranEff.root
hadd Source file 4: output/117220/036/jcorranEff.root
hadd Source file 4: output/117220/134/jcorranEff.root
hadd Source file 4: output/117220/256/jcorranEff.root
hadd Source file 5: output/117220/170/jcorranEff.root
hadd Source file 5: output/117220/309/jcorranEff.root
hadd Source file 5: output/117220/083/jcorranEff.root
hadd Source file 6: output/117220/037/jcorranEff.root
hadd Source file 6: output/117220/191/jcorranEff.root
hadd Source file 7: output/117220/234/jcorranEff.root
hadd Source file 6: output/117220/339/jcorranEff.root
hadd Source file 5: output/117220/326/jcorranEff.root
hadd Source file 7: output/117220/298/jcorranEff.root
hadd Source file 8: output/117220/302/jcorranEff.root
hadd Source file 8: output/117220/038/jcorranEff.root
hadd Source file 7: output/117220/089/jcorranEff.root
hadd Source file 6: output/117220/244/jcorranEff.root
hadd Source file 7: output/117220/013/jcorranEff.root
hadd Source file 9: output/117220/096/jcorranEff.root
hadd Source file 8: output/117220/181/jcorranEff.root
hadd Source file 10: output/117220/279/jcorranEff.root
hadd Source file 9: output/117220/145/jcorranEff.root
hadd Source file 9: output/117220/151/jcorranEff.root
hadd Source file 11: output/117220/186/jcorranEff.root
hadd Source file 8: output/117220/333/jcorranEff.root
hadd Source file 12: output/117220/248/jcorranEff.root
hadd Source file 9: output/117220/130/jcorranEff.root
hadd Source file 10: output/117220/056/jcorranEff.root
hadd Source file 13: output/117220/010/jcorranEff.root
hadd Source file 10: output/117220/277/jcorranEff.root
hadd Source file 10: output/117220/278/jcorranEff.root
hadd Source file 11: output/117220/109/jcorranEff.root
hadd Source file 14: output/117220/341/jcorranEff.root
hadd Source file 11: output/117220/283/jcorranEff.root
hadd Source file 11: output/117220/168/jcorranEff.root
hadd Source file 12: output/117220/344/jcorranEff.root
hadd Source file 12: output/117220/247/jcorranEff.root
hadd Source file 15: output/117220/196/jcorranEff.root
hadd Source file 12: output/117220/340/jcorranEff.root
hadd Source file 13: output/117220/251/jcorranEff.root
hadd Source file 13: output/117220/107/jcorranEff.root
hadd Source file 13: output/117220/153/jcorranEff.root
hadd Source file 16: output/117220/095/jcorranEff.root
hadd Source file 14: output/117220/274/jcorranEff.root
hadd Source file 14: output/117220/253/jcorranEff.root
hadd Source file 14: output/117220/335/jcorranEff.root
hadd Source file 17: output/117220/284/jcorranEff.root
hadd Source file 15: output/117220/008/jcorranEff.root
hadd Source file 18: output/117220/122/jcorranEff.root
hadd Source file 15: output/117220/158/jcorranEff.root
hadd Source file 19: output/117220/052/jcorranEff.root
hadd Source file 15: output/117220/204/jcorranEff.root
hadd Source file 16: output/117220/044/jcorranEff.root
hadd Source file 16: output/117220/227/jcorranEff.root
hadd Source file 16: output/117220/131/jcorranEff.root
hadd Source file 17: output/117220/072/jcorranEff.root
hadd Source file 17: output/117220/059/jcorranEff.root
hadd Source file 20: output/117220/132/jcorranEff.root
hadd Source file 18: output/117220/028/jcorranEff.root
hadd Source file 17: output/117220/172/jcorranEff.root
hadd Source file 18: output/117220/023/jcorranEff.root
hadd Source file 21: output/117220/102/jcorranEff.root
hadd Source file 19: output/117220/231/jcorranEff.root
hadd Source file 18: output/117220/273/jcorranEff.root
hadd Source file 20: output/117220/137/jcorranEff.root
hadd Source file 19: output/117220/133/jcorranEff.root
hadd Source file 22: output/117220/148/jcorranEff.root
hadd Source file 19: output/117220/039/jcorranEff.root
hadd Source file 21: output/117220/272/jcorranEff.root
hadd Source file 20: output/117220/308/jcorranEff.root
hadd Source file 20: output/117220/300/jcorranEff.root
hadd Source file 23: output/117220/254/jcorranEff.root
hadd Source file 21: output/117220/054/jcorranEff.root
hadd Source file 21: output/117220/305/jcorranEff.root
hadd Source file 24: output/117220/337/jcorranEff.root
hadd Source file 22: output/117220/209/jcorranEff.root
hadd Source file 22: output/117220/183/jcorranEff.root
hadd Source file 22: output/117220/002/jcorranEff.root
hadd Source file 23: output/117220/214/jcorranEff.root
hadd Source file 25: output/117220/154/jcorranEff.root
hadd Source file 23: output/117220/301/jcorranEff.root
hadd Source file 23: output/117220/007/jcorranEff.root
hadd Source file 26: output/117220/328/jcorranEff.root
hadd Source file 24: output/117220/207/jcorranEff.root
hadd Source file 24: output/117220/103/jcorranEff.root
hadd Source file 27: output/117220/063/jcorranEff.root
hadd Source file 24: output/117220/087/jcorranEff.root
hadd Source file 25: output/117220/236/jcorranEff.root
hadd Source file 25: output/117220/351/jcorranEff.root
hadd Source file 25: output/117220/076/jcorranEff.root
hadd Source file 28: output/117220/195/jcorranEff.root
hadd Source file 26: output/117220/104/jcorranEff.root
hadd Source file 26: output/117220/055/jcorranEff.root
hadd Source file 26: output/117220/180/jcorranEff.root
hadd Source file 29: output/117220/020/jcorranEff.root
hadd Source file 27: output/117220/047/jcorranEff.root
hadd Source file 27: output/117220/184/jcorranEff.root
hadd Source file 27: output/117220/001/jcorranEff.root
hadd Source file 30: output/117220/329/jcorranEff.root
hadd Source file 28: output/117220/239/jcorranEff.root
hadd Source file 28: output/117220/003/jcorranEff.root
hadd Source file 31: output/117220/061/jcorranEff.root
hadd Source file 28: output/117220/090/jcorranEff.root
hadd Source file 32: output/117220/241/jcorranEff.root
hadd Source file 33: output/117220/017/jcorranEff.root
hadd Source file 29: output/117220/175/jcorranEff.root
hadd Source file 34: output/117220/213/jcorranEff.root
hadd Source file 29: output/117220/031/jcorranEff.root
hadd Source file 29: output/117220/043/jcorranEff.root
hadd Source file 30: output/117220/347/jcorranEff.root
hadd Source file 35: output/117220/291/jcorranEff.root
hadd Source file 30: output/117220/261/jcorranEff.root
hadd Source file 30: output/117220/106/jcorranEff.root
hadd Source file 36: output/117220/066/jcorranEff.root
hadd Source file 31: output/117220/114/jcorranEff.root
hadd Source file 31: output/117220/314/jcorranEff.root
hadd Source file 31: output/117220/212/jcorranEff.root
hadd Source file 32: output/117220/229/jcorranEff.root
hadd Source file 32: output/117220/203/jcorranEff.root
hadd Source file 37: output/117220/230/jcorranEff.root
hadd Source file 32: output/117220/289/jcorranEff.root
hadd Source file 33: output/117220/221/jcorranEff.root
hadd Source file 33: output/117220/019/jcorranEff.root
hadd Source file 38: output/117220/124/jcorranEff.root
hadd Source file 34: output/117220/319/jcorranEff.root
hadd Source file 34: output/117220/099/jcorranEff.root
hadd Source file 35: output/117220/201/jcorranEff.root
hadd Source file 33: output/117220/173/jcorranEff.root
hadd Source file 39: output/117220/268/jcorranEff.root
hadd Source file 40: output/117220/294/jcorranEff.root
hadd Source file 36: output/117220/139/jcorranEff.root
hadd Source file 41: output/117220/259/jcorranEff.root
hadd Source file 35: output/117220/178/jcorranEff.root
hadd Source file 37: output/117220/022/jcorranEff.root
hadd Source file 34: output/117220/097/jcorranEff.root
hadd Source file 38: output/117220/162/jcorranEff.root
hadd Source file 42: output/117220/188/jcorranEff.root
hadd Source file 36: output/117220/276/jcorranEff.root
hadd Source file 35: output/117220/113/jcorranEff.root
hadd Source file 43: output/117220/317/jcorranEff.root
hadd Source file 39: output/117220/343/jcorranEff.root
hadd Source file 37: output/117220/084/jcorranEff.root
hadd Source file 44: output/117220/060/jcorranEff.root
hadd Source file 36: output/117220/080/jcorranEff.root
hadd Source file 40: output/117220/269/jcorranEff.root
hadd Source file 45: output/117220/016/jcorranEff.root
hadd Source file 38: output/117220/182/jcorranEff.root
hadd Source file 46: output/117220/050/jcorranEff.root
hadd Source file 41: output/117220/128/jcorranEff.root
hadd Source file 37: output/117220/357/jcorranEff.root
hadd Source file 47: output/117220/310/jcorranEff.root
hadd Source file 39: output/117220/200/jcorranEff.root
hadd Source file 42: output/117220/320/jcorranEff.root
hadd Source file 48: output/117220/120/jcorranEff.root
hadd Source file 38: output/117220/258/jcorranEff.root
hadd Source file 40: output/117220/307/jcorranEff.root
hadd Source file 49: output/117220/048/jcorranEff.root
hadd Source file 43: output/117220/018/jcorranEff.root
hadd Source file 41: output/117220/165/jcorranEff.root
hadd Source file 42: output/117220/041/jcorranEff.root
hadd Source file 44: output/117220/108/jcorranEff.root
hadd Source file 50: output/117220/190/jcorranEff.root
hadd Source file 39: output/117220/121/jcorranEff.root
hadd Source file 43: output/117220/290/jcorranEff.root
hadd Target path: /tmp/bschang/batch/PID16490-20140623-114644-merge-list/jcorranEff_117220.list-15838/xac.root:/
hadd Source file 45: output/117220/125/jcorranEff.root
hadd Source file 40: output/117220/321/jcorranEff.root
hadd Source file 44: output/117220/303/jcorranEff.root
hadd Target path: /tmp/bschang/batch/PID16490-20140623-114644-merge-list/jcorranEff_117220.list-15838/xac.root:/EffHist
hadd Source file 46: output/117220/005/jcorranEff.root
hadd Source file 41: output/117220/077/jcorranEff.root
hadd Source file 45: output/117220/004/jcorranEff.root
hadd Source file 42: output/117220/174/jcorranEff.root
hadd Source file 47: output/117220/159/jcorranEff.root
hadd Source file 43: output/117220/205/jcorranEff.root
hadd Source file 46: output/117220/228/jcorranEff.root
hadd Source file 44: output/117220/163/jcorranEff.root
hadd Source file 47: output/117220/051/jcorranEff.root
hadd Source file 48: output/117220/065/jcorranEff.root
hadd Source file 45: output/117220/265/jcorranEff.root
hadd Source file 48: output/117220/111/jcorranEff.root
hadd Source file 46: output/117220/350/jcorranEff.root
hadd Source file 49: output/117220/325/jcorranEff.root
hadd Source file 47: output/117220/334/jcorranEff.root
hadd Source file 49: output/117220/222/jcorranEff.root
hadd Source file 48: output/117220/161/jcorranEff.root
hadd Source file 50: output/117220/192/jcorranEff.root
hadd Source file 50: output/117220/332/jcorranEff.root
hadd Target path: /tmp/bschang/batch/PID16490-20140623-114644-merge-list/jcorranEff_117220.list-15838/xab.root:/
hadd Source file 49: output/117220/219/jcorranEff.root
hadd Target path: /tmp/bschang/batch/PID16490-20140623-114644-merge-list/jcorranEff_117220.list-15838/xab.root:/EffHist
hadd Target path: /tmp/bschang/batch/PID16490-20140623-114644-merge-list/jcorranEff_117220.list-15838/xaa.root:/
hadd Source file 50: output/117220/012/jcorranEff.root
hadd Target path: /tmp/bschang/batch/PID16490-20140623-114644-merge-list/jcorranEff_117220.list-15838/xaa.root:/EffHist
hadd Target path: /tmp/bschang/batch/PID16490-20140623-114644-merge-list/jcorranEff_117220.list-15838/xad.root:/
hadd Target path: /tmp/bschang/batch/PID16490-20140623-114644-merge-list/jcorranEff_117220.list-15838/xad.root:/EffHist
hadd Target file: /tmp/bschang/batch/PID16490-20140623-114644-merge-list/jcorranEff_117220.list-15838/xae.root
hadd Source file 1: output/117220/243/jcorranEff.root
hadd Target file: /tmp/bschang/batch/PID16490-20140623-114644-merge-list/jcorranEff_117220.list-15838/xag.root
hadd Source file 1: output/117220/318/jcorranEff.root
hadd Target file: /tmp/bschang/batch/PID16490-20140623-114644-merge-list/jcorranEff_117220.list-15838/xaf.root
hadd Source file 2: output/117220/232/jcorranEff.root
hadd Source file 1: output/117220/149/jcorranEff.root
hadd Source file 3: output/117220/312/jcorranEff.root
hadd Source file 4: output/117220/101/jcorranEff.root
hadd Source file 2: output/117220/009/jcorranEff.root
hadd Source file 3: output/117220/361/jcorranEff.root
hadd Source file 2: output/117220/075/jcorranEff.root
hadd Source file 4: output/117220/240/jcorranEff.root
hadd Source file 3: output/117220/118/jcorranEff.root
hadd Source file 5: output/117220/348/jcorranEff.root
hadd Source file 5: output/117220/073/jcorranEff.root
hadd Source file 4: output/117220/281/jcorranEff.root
hadd Source file 6: output/117220/359/jcorranEff.root
hadd Source file 5: output/117220/146/jcorranEff.root
hadd Source file 6: output/117220/270/jcorranEff.root
hadd Source file 6: output/117220/292/jcorranEff.root
hadd Source file 7: output/117220/293/jcorranEff.root
hadd Source file 7: output/117220/091/jcorranEff.root
hadd Source file 7: output/117220/029/jcorranEff.root
hadd Source file 8: output/117220/179/jcorranEff.root
hadd Source file 8: output/117220/074/jcorranEff.root
hadd Source file 8: output/117220/304/jcorranEff.root
hadd Source file 9: output/117220/285/jcorranEff.root
hadd Source file 9: output/117220/169/jcorranEff.root
hadd Source file 9: output/117220/021/jcorranEff.root
hadd Source file 10: output/117220/144/jcorranEff.root
hadd Source file 10: output/117220/079/jcorranEff.root
hadd Source file 10: output/117220/135/jcorranEff.root
hadd Source file 11: output/117220/093/jcorranEff.root
hadd Source file 12: output/117220/249/jcorranEff.root
hadd Source file 11: output/117220/136/jcorranEff.root
hadd Source file 11: output/117220/064/jcorranEff.root
hadd Source file 12: output/117220/349/jcorranEff.root
hadd Source file 13: output/117220/067/jcorranEff.root
hadd Source file 13: output/117220/177/jcorranEff.root
hadd Source file 14: output/117220/070/jcorranEff.root
hadd Source file 14: output/117220/336/jcorranEff.root
hadd Source file 12: output/117220/092/jcorranEff.root
hadd Source file 15: output/117220/353/jcorranEff.root
hadd Source file 15: output/117220/069/jcorranEff.root
hadd Source file 16: output/117220/058/jcorranEff.root
hadd Target file: /tmp/bschang/batch/PID16490-20140623-114644-merge-list/jcorranEff_117220.list-15838/xah.root
hadd Source file 16: output/117220/185/jcorranEff.root
hadd Source file 13: output/117220/235/jcorranEff.root
hadd Source file 17: output/117220/046/jcorranEff.root
hadd Source file 1: output/117220/014/jcorranEff.root
hadd Source file 14: output/117220/082/jcorranEff.root
hadd Source file 17: output/117220/164/jcorranEff.root
hadd Source file 15: output/117220/215/jcorranEff.root
hadd Source file 16: output/117220/166/jcorranEff.root
hadd Source file 18: output/117220/311/jcorranEff.root
hadd Source file 18: output/117220/199/jcorranEff.root
hadd Source file 19: output/117220/299/jcorranEff.root
hadd Source file 19: output/117220/155/jcorranEff.root
hadd Source file 17: output/117220/024/jcorranEff.root
hadd Source file 20: output/117220/034/jcorranEff.root
hadd Source file 18: output/117220/032/jcorranEff.root
hadd Source file 21: output/117220/352/jcorranEff.root
hadd Source file 20: output/117220/025/jcorranEff.root
hadd Source file 22: output/117220/316/jcorranEff.root
hadd Source file 19: output/117220/027/jcorranEff.root
hadd Source file 21: output/117220/057/jcorranEff.root
hadd Source file 23: output/117220/266/jcorranEff.root
hadd Source file 20: output/117220/194/jcorranEff.root
hadd Source file 22: output/117220/112/jcorranEff.root
hadd Source file 2: output/117220/287/jcorranEff.root
hadd Source file 3: output/117220/156/jcorranEff.root
hadd Source file 21: output/117220/295/jcorranEff.root
hadd Source file 24: output/117220/141/jcorranEff.root
hadd Source file 4: output/117220/315/jcorranEff.root
hadd Source file 22: output/117220/085/jcorranEff.root
hadd Source file 23: output/117220/242/jcorranEff.root
hadd Source file 25: output/117220/123/jcorranEff.root
hadd Source file 5: output/117220/140/jcorranEff.root
hadd Source file 26: output/117220/223/jcorranEff.root
hadd Source file 27: output/117220/330/jcorranEff.root
hadd Source file 23: output/117220/346/jcorranEff.root
hadd Source file 6: output/117220/094/jcorranEff.root
hadd Source file 28: output/117220/354/jcorranEff.root
hadd Source file 24: output/117220/033/jcorranEff.root
hadd Source file 29: output/117220/129/jcorranEff.root
hadd Source file 24: output/117220/250/jcorranEff.root
hadd Source file 7: output/117220/198/jcorranEff.root
hadd Source file 25: output/117220/327/jcorranEff.root
hadd Source file 25: output/117220/042/jcorranEff.root
hadd Target path: /tmp/bschang/batch/PID16490-20140623-114644-merge-list/jcorranEff_117220.list-15838/xah.root:/
hadd Source file 30: output/117220/237/jcorranEff.root
hadd Source file 26: output/117220/362/jcorranEff.root
hadd Source file 26: output/117220/363/jcorranEff.root
hadd Target path: /tmp/bschang/batch/PID16490-20140623-114644-merge-list/jcorranEff_117220.list-15838/xah.root:/EffHist
hadd Source file 27: output/117220/202/jcorranEff.root
hadd Source file 27: output/117220/110/jcorranEff.root
hadd Source file 31: output/117220/288/jcorranEff.root
hadd Source file 28: output/117220/138/jcorranEff.root
hadd Source file 32: output/117220/081/jcorranEff.root
hadd Source file 29: output/117220/098/jcorranEff.root
hadd Source file 28: output/117220/157/jcorranEff.root
hadd Source file 30: output/117220/217/jcorranEff.root
hadd Source file 29: output/117220/142/jcorranEff.root
hadd Source file 33: output/117220/035/jcorranEff.root
hadd Source file 31: output/117220/216/jcorranEff.root
hadd Source file 30: output/117220/262/jcorranEff.root
hadd Source file 32: output/117220/086/jcorranEff.root
hadd Source file 34: output/117220/218/jcorranEff.root
hadd Source file 31: output/117220/167/jcorranEff.root
hadd Source file 35: output/117220/100/jcorranEff.root
hadd Source file 33: output/117220/071/jcorranEff.root
hadd Source file 36: output/117220/189/jcorranEff.root
hadd Source file 32: output/117220/345/jcorranEff.root
hadd Source file 34: output/117220/143/jcorranEff.root
hadd Source file 37: output/117220/356/jcorranEff.root
hadd Source file 33: output/117220/224/jcorranEff.root
hadd Source file 35: output/117220/150/jcorranEff.root
hadd Source file 38: output/117220/225/jcorranEff.root
hadd Source file 36: output/117220/015/jcorranEff.root
hadd Source file 34: output/117220/187/jcorranEff.root
hadd Source file 37: output/117220/127/jcorranEff.root
hadd Source file 39: output/117220/197/jcorranEff.root
hadd Source file 35: output/117220/233/jcorranEff.root
hadd Source file 36: output/117220/208/jcorranEff.root
hadd Source file 38: output/117220/286/jcorranEff.root
hadd Source file 40: output/117220/078/jcorranEff.root
hadd Source file 39: output/117220/238/jcorranEff.root
hadd Source file 37: output/117220/331/jcorranEff.root
hadd Source file 41: output/117220/030/jcorranEff.root
hadd Source file 40: output/117220/275/jcorranEff.root
hadd Source file 38: output/117220/257/jcorranEff.root
hadd Source file 42: output/117220/358/jcorranEff.root
hadd Source file 39: output/117220/068/jcorranEff.root
hadd Source file 41: output/117220/355/jcorranEff.root
hadd Source file 40: output/117220/119/jcorranEff.root
hadd Source file 42: output/117220/255/jcorranEff.root
hadd Source file 43: output/117220/088/jcorranEff.root
hadd Source file 41: output/117220/053/jcorranEff.root
hadd Source file 43: output/117220/324/jcorranEff.root
hadd Source file 44: output/117220/176/jcorranEff.root
hadd Source file 44: output/117220/062/jcorranEff.root
hadd Source file 45: output/117220/245/jcorranEff.root
hadd Source file 42: output/117220/116/jcorranEff.root
hadd Source file 46: output/117220/045/jcorranEff.root
hadd Source file 43: output/117220/160/jcorranEff.root
hadd Source file 47: output/117220/126/jcorranEff.root
hadd Source file 45: output/117220/040/jcorranEff.root
hadd Source file 44: output/117220/322/jcorranEff.root
hadd Source file 46: output/117220/105/jcorranEff.root
hadd Source file 48: output/117220/147/jcorranEff.root
hadd Source file 47: output/117220/117/jcorranEff.root
hadd Source file 45: output/117220/193/jcorranEff.root
hadd Source file 49: output/117220/226/jcorranEff.root
hadd Source file 48: output/117220/006/jcorranEff.root
hadd Source file 46: output/117220/271/jcorranEff.root
hadd Source file 49: output/117220/210/jcorranEff.root
hadd Source file 50: output/117220/115/jcorranEff.root
hadd Source file 50: output/117220/206/jcorranEff.root
hadd Target path: /tmp/bschang/batch/PID16490-20140623-114644-merge-list/jcorranEff_117220.list-15838/xae.root:/
hadd Target path: /tmp/bschang/batch/PID16490-20140623-114644-merge-list/jcorranEff_117220.list-15838/xag.root:/
hadd Target path: /tmp/bschang/batch/PID16490-20140623-114644-merge-list/jcorranEff_117220.list-15838/xae.root:/EffHist
hadd Source file 47: output/117220/338/jcorranEff.root
hadd Target path: /tmp/bschang/batch/PID16490-20140623-114644-merge-list/jcorranEff_117220.list-15838/xag.root:/EffHist
hadd Source file 48: output/117220/282/jcorranEff.root
hadd Source file 49: output/117220/323/jcorranEff.root
hadd Source file 50: output/117220/246/jcorranEff.root
hadd Target path: /tmp/bschang/batch/PID16490-20140623-114644-merge-list/jcorranEff_117220.list-15838/xaf.root:/
hadd Target path: /tmp/bschang/batch/PID16490-20140623-114644-merge-list/jcorranEff_117220.list-15838/xaf.root:/EffHist
hadd Target file: merged/jcorranEff_117220.list.root
hadd Source file 1: /tmp/bschang/batch/PID16490-20140623-114644-merge-list/jcorranEff_117220.list-15838/xaa.root
hadd Source file 2: /tmp/bschang/batch/PID16490-20140623-114644-merge-list/jcorranEff_117220.list-15838/xab.root
hadd Source file 3: /tmp/bschang/batch/PID16490-20140623-114644-merge-list/jcorranEff_117220.list-15838/xac.root
hadd Source file 4: /tmp/bschang/batch/PID16490-20140623-114644-merge-list/jcorranEff_117220.list-15838/xad.root
hadd Source file 5: /tmp/bschang/batch/PID16490-20140623-114644-merge-list/jcorranEff_117220.list-15838/xae.root
hadd Source file 6: /tmp/bschang/batch/PID16490-20140623-114644-merge-list/jcorranEff_117220.list-15838/xaf.root
hadd Source file 7: /tmp/bschang/batch/PID16490-20140623-114644-merge-list/jcorranEff_117220.list-15838/xag.root
hadd Source file 8: /tmp/bschang/batch/PID16490-20140623-114644-merge-list/jcorranEff_117220.list-15838/xah.root
hadd Target path: merged/jcorranEff_117220.list.root:/
hadd Target path: merged/jcorranEff_117220.list.root:/EffHist
Mon Jun 23 11:46:55 EEST 2014
==== Time : 11
