INPUT : list/jcorranEff_117053.list
OUTPUT : merged/jcorranEff_117053.list.root
NCores : 4
14423
Mon Jun 23 11:45:12 EEST 2014
hadd Target file: /tmp/bschang/batch/PID14423-20140623-114512-merge-list/jcorranEff_117053.list-22197/xac.root
hadd Target file: /tmp/bschang/batch/PID14423-20140623-114512-merge-list/jcorranEff_117053.list-22197/xaa.root
hadd Target file: /tmp/bschang/batch/PID14423-20140623-114512-merge-list/jcorranEff_117053.list-22197/xad.root
hadd Target file: /tmp/bschang/batch/PID14423-20140623-114512-merge-list/jcorranEff_117053.list-22197/xab.root
hadd Source file 1: output/117053/065/jcorranEff.root
hadd Source file 1: output/117053/093/jcorranEff.root
hadd Source file 1: output/117053/291/jcorranEff.root
hadd Source file 1: output/117053/164/jcorranEff.root
hadd Source file 2: output/117053/180/jcorranEff.root
hadd Source file 2: output/117053/060/jcorranEff.root
hadd Source file 3: output/117053/189/jcorranEff.root
hadd Source file 4: output/117053/138/jcorranEff.root
hadd Source file 3: output/117053/284/jcorranEff.root
hadd Source file 2: output/117053/241/jcorranEff.root
hadd Source file 5: output/117053/030/jcorranEff.root
hadd Source file 3: output/117053/015/jcorranEff.root
hadd Source file 4: output/117053/246/jcorranEff.root
hadd Source file 6: output/117053/067/jcorranEff.root
hadd Source file 7: output/117053/149/jcorranEff.root
hadd Source file 5: output/117053/194/jcorranEff.root
hadd Source file 4: output/117053/035/jcorranEff.root
hadd Source file 2: output/117053/290/jcorranEff.root
hadd Source file 8: output/117053/020/jcorranEff.root
hadd Source file 6: output/117053/243/jcorranEff.root
hadd Source file 3: output/117053/099/jcorranEff.root
hadd Source file 5: output/117053/165/jcorranEff.root
hadd Source file 7: output/117053/009/jcorranEff.root
hadd Source file 9: output/117053/047/jcorranEff.root
hadd Source file 4: output/117053/151/jcorranEff.root
hadd Source file 6: output/117053/106/jcorranEff.root
hadd Source file 8: output/117053/121/jcorranEff.root
hadd Source file 10: output/117053/016/jcorranEff.root
hadd Source file 5: output/117053/237/jcorranEff.root
hadd Source file 7: output/117053/198/jcorranEff.root
hadd Source file 9: output/117053/108/jcorranEff.root
hadd Source file 8: output/117053/110/jcorranEff.root
hadd Source file 11: output/117053/131/jcorranEff.root
hadd Source file 10: output/117053/228/jcorranEff.root
hadd Source file 9: output/117053/084/jcorranEff.root
hadd Source file 11: output/117053/111/jcorranEff.root
hadd Source file 6: output/117053/250/jcorranEff.root
hadd Source file 12: output/117053/230/jcorranEff.root
hadd Source file 10: output/117053/002/jcorranEff.root
hadd Source file 7: output/117053/229/jcorranEff.root
hadd Source file 12: output/117053/048/jcorranEff.root
hadd Source file 13: output/117053/071/jcorranEff.root
hadd Source file 11: output/117053/167/jcorranEff.root
hadd Source file 12: output/117053/086/jcorranEff.root
hadd Source file 13: output/117053/083/jcorranEff.root
hadd Source file 8: output/117053/044/jcorranEff.root
hadd Source file 14: output/117053/280/jcorranEff.root
hadd Source file 9: output/117053/147/jcorranEff.root
hadd Source file 13: output/117053/132/jcorranEff.root
hadd Source file 15: output/117053/251/jcorranEff.root
hadd Source file 14: output/117053/288/jcorranEff.root
hadd Source file 15: output/117053/279/jcorranEff.root
hadd Source file 16: output/117053/224/jcorranEff.root
hadd Source file 10: output/117053/223/jcorranEff.root
hadd Source file 14: output/117053/105/jcorranEff.root
hadd Source file 16: output/117053/300/jcorranEff.root
hadd Source file 17: output/117053/150/jcorranEff.root
hadd Source file 11: output/117053/262/jcorranEff.root
hadd Source file 17: output/117053/007/jcorranEff.root
hadd Source file 15: output/117053/070/jcorranEff.root
hadd Source file 12: output/117053/184/jcorranEff.root
hadd Source file 18: output/117053/296/jcorranEff.root
hadd Source file 18: output/117053/166/jcorranEff.root
hadd Source file 19: output/117053/239/jcorranEff.root
hadd Source file 13: output/117053/238/jcorranEff.root
hadd Source file 19: output/117053/055/jcorranEff.root
hadd Source file 16: output/117053/039/jcorranEff.root
hadd Source file 14: output/117053/148/jcorranEff.root
hadd Source file 20: output/117053/095/jcorranEff.root
hadd Source file 20: output/117053/119/jcorranEff.root
hadd Source file 15: output/117053/056/jcorranEff.root
hadd Source file 21: output/117053/069/jcorranEff.root
hadd Source file 16: output/117053/289/jcorranEff.root
hadd Source file 17: output/117053/199/jcorranEff.root
hadd Source file 17: output/117053/124/jcorranEff.root
hadd Source file 22: output/117053/152/jcorranEff.root
hadd Source file 21: output/117053/255/jcorranEff.root
hadd Source file 22: output/117053/277/jcorranEff.root
hadd Source file 18: output/117053/235/jcorranEff.root
hadd Source file 18: output/117053/171/jcorranEff.root
hadd Source file 23: output/117053/088/jcorranEff.root
hadd Source file 23: output/117053/211/jcorranEff.root
hadd Source file 19: output/117053/160/jcorranEff.root
hadd Source file 19: output/117053/128/jcorranEff.root
hadd Source file 24: output/117053/092/jcorranEff.root
hadd Source file 24: output/117053/005/jcorranEff.root
hadd Source file 20: output/117053/260/jcorranEff.root
hadd Source file 25: output/117053/062/jcorranEff.root
hadd Source file 25: output/117053/025/jcorranEff.root
hadd Source file 20: output/117053/225/jcorranEff.root
hadd Source file 21: output/117053/107/jcorranEff.root
hadd Source file 26: output/117053/175/jcorranEff.root
hadd Source file 21: output/117053/222/jcorranEff.root
hadd Source file 26: output/117053/179/jcorranEff.root
hadd Source file 22: output/117053/063/jcorranEff.root
hadd Source file 23: output/117053/215/jcorranEff.root
hadd Source file 27: output/117053/142/jcorranEff.root
hadd Source file 22: output/117053/097/jcorranEff.root
hadd Source file 27: output/117053/292/jcorranEff.root
hadd Source file 28: output/117053/012/jcorranEff.root
hadd Source file 24: output/117053/014/jcorranEff.root
hadd Source file 28: output/117053/298/jcorranEff.root
hadd Source file 23: output/117053/003/jcorranEff.root
hadd Source file 25: output/117053/170/jcorranEff.root
hadd Source file 29: output/117053/141/jcorranEff.root
hadd Source file 29: output/117053/274/jcorranEff.root
hadd Source file 24: output/117053/029/jcorranEff.root
hadd Source file 30: output/117053/073/jcorranEff.root
hadd Source file 26: output/117053/283/jcorranEff.root
hadd Source file 30: output/117053/117/jcorranEff.root
hadd Source file 31: output/117053/206/jcorranEff.root
hadd Source file 25: output/117053/253/jcorranEff.root
hadd Source file 32: output/117053/161/jcorranEff.root
hadd Source file 31: output/117053/049/jcorranEff.root
hadd Source file 27: output/117053/087/jcorranEff.root
hadd Source file 33: output/117053/115/jcorranEff.root
hadd Source file 26: output/117053/146/jcorranEff.root
hadd Source file 32: output/117053/018/jcorranEff.root
hadd Source file 28: output/117053/263/jcorranEff.root
hadd Source file 27: output/117053/036/jcorranEff.root
hadd Source file 34: output/117053/200/jcorranEff.root
hadd Source file 33: output/117053/126/jcorranEff.root
hadd Source file 28: output/117053/157/jcorranEff.root
hadd Source file 29: output/117053/231/jcorranEff.root
hadd Source file 35: output/117053/177/jcorranEff.root
hadd Source file 29: output/117053/091/jcorranEff.root
hadd Source file 34: output/117053/221/jcorranEff.root
hadd Source file 30: output/117053/053/jcorranEff.root
hadd Source file 36: output/117053/136/jcorranEff.root
hadd Source file 30: output/117053/258/jcorranEff.root
hadd Source file 37: output/117053/135/jcorranEff.root
hadd Source file 31: output/117053/188/jcorranEff.root
hadd Source file 31: output/117053/264/jcorranEff.root
hadd Source file 35: output/117053/058/jcorranEff.root
hadd Source file 36: output/117053/114/jcorranEff.root
hadd Source file 32: output/117053/242/jcorranEff.root
hadd Source file 38: output/117053/295/jcorranEff.root
hadd Source file 32: output/117053/272/jcorranEff.root
hadd Source file 33: output/117053/085/jcorranEff.root
hadd Source file 39: output/117053/183/jcorranEff.root
hadd Source file 37: output/117053/008/jcorranEff.root
hadd Source file 33: output/117053/226/jcorranEff.root
hadd Source file 38: output/117053/281/jcorranEff.root
hadd Source file 40: output/117053/202/jcorranEff.root
hadd Source file 34: output/117053/145/jcorranEff.root
hadd Source file 34: output/117053/304/jcorranEff.root
hadd Source file 41: output/117053/019/jcorranEff.root
hadd Source file 39: output/117053/017/jcorranEff.root
hadd Source file 35: output/117053/042/jcorranEff.root
hadd Source file 36: output/117053/046/jcorranEff.root
hadd Source file 35: output/117053/156/jcorranEff.root
hadd Source file 42: output/117053/113/jcorranEff.root
hadd Source file 40: output/117053/212/jcorranEff.root
hadd Source file 37: output/117053/116/jcorranEff.root
hadd Source file 43: output/117053/103/jcorranEff.root
hadd Source file 41: output/117053/074/jcorranEff.root
hadd Source file 44: output/117053/240/jcorranEff.root
hadd Source file 42: output/117053/205/jcorranEff.root
hadd Source file 38: output/117053/033/jcorranEff.root
hadd Source file 36: output/117053/210/jcorranEff.root
hadd Source file 45: output/117053/185/jcorranEff.root
hadd Source file 39: output/117053/144/jcorranEff.root
hadd Source file 37: output/117053/120/jcorranEff.root
hadd Source file 43: output/117053/217/jcorranEff.root
hadd Source file 44: output/117053/201/jcorranEff.root
hadd Source file 46: output/117053/125/jcorranEff.root
hadd Source file 40: output/117053/190/jcorranEff.root
hadd Source file 45: output/117053/233/jcorranEff.root
hadd Source file 38: output/117053/267/jcorranEff.root
hadd Source file 47: output/117053/302/jcorranEff.root
hadd Source file 41: output/117053/031/jcorranEff.root
hadd Source file 46: output/117053/182/jcorranEff.root
hadd Source file 39: output/117053/285/jcorranEff.root
hadd Source file 48: output/117053/076/jcorranEff.root
hadd Source file 42: output/117053/244/jcorranEff.root
hadd Source file 47: output/117053/006/jcorranEff.root
hadd Source file 40: output/117053/271/jcorranEff.root
hadd Source file 49: output/117053/275/jcorranEff.root
hadd Source file 43: output/117053/174/jcorranEff.root
hadd Source file 50: output/117053/034/jcorranEff.root
hadd Source file 48: output/117053/001/jcorranEff.root
hadd Source file 41: output/117053/057/jcorranEff.root
hadd Source file 44: output/117053/021/jcorranEff.root
hadd Source file 42: output/117053/252/jcorranEff.root
hadd Source file 49: output/117053/024/jcorranEff.root
hadd Source file 45: output/117053/247/jcorranEff.root
hadd Target path: /tmp/bschang/batch/PID14423-20140623-114512-merge-list/jcorranEff_117053.list-22197/xac.root:/
hadd Source file 50: output/117053/276/jcorranEff.root
hadd Source file 43: output/117053/192/jcorranEff.root
hadd Target path: /tmp/bschang/batch/PID14423-20140623-114512-merge-list/jcorranEff_117053.list-22197/xac.root:/EffHist
hadd Source file 46: output/117053/248/jcorranEff.root
hadd Target path: /tmp/bschang/batch/PID14423-20140623-114512-merge-list/jcorranEff_117053.list-22197/xaa.root:/
hadd Source file 44: output/117053/094/jcorranEff.root
hadd Target path: /tmp/bschang/batch/PID14423-20140623-114512-merge-list/jcorranEff_117053.list-22197/xaa.root:/EffHist
hadd Source file 47: output/117053/168/jcorranEff.root
hadd Source file 48: output/117053/261/jcorranEff.root
hadd Source file 45: output/117053/098/jcorranEff.root
hadd Source file 46: output/117053/256/jcorranEff.root
hadd Source file 49: output/117053/214/jcorranEff.root
hadd Source file 50: output/117053/137/jcorranEff.root
hadd Source file 47: output/117053/220/jcorranEff.root
hadd Target path: /tmp/bschang/batch/PID14423-20140623-114512-merge-list/jcorranEff_117053.list-22197/xad.root:/
hadd Target path: /tmp/bschang/batch/PID14423-20140623-114512-merge-list/jcorranEff_117053.list-22197/xad.root:/EffHist
hadd Source file 48: output/117053/265/jcorranEff.root
hadd Source file 49: output/117053/197/jcorranEff.root
hadd Source file 50: output/117053/176/jcorranEff.root
hadd Target path: /tmp/bschang/batch/PID14423-20140623-114512-merge-list/jcorranEff_117053.list-22197/xab.root:/
hadd Target path: /tmp/bschang/batch/PID14423-20140623-114512-merge-list/jcorranEff_117053.list-22197/xab.root:/EffHist
hadd Target file: /tmp/bschang/batch/PID14423-20140623-114512-merge-list/jcorranEff_117053.list-22197/xaf.root
hadd Target file: /tmp/bschang/batch/PID14423-20140623-114512-merge-list/jcorranEff_117053.list-22197/xae.root
hadd Source file 1: output/117053/173/jcorranEff.root
hadd Source file 1: output/117053/061/jcorranEff.root
hadd Source file 2: output/117053/159/jcorranEff.root
hadd Source file 3: output/117053/041/jcorranEff.root
hadd Source file 2: output/117053/026/jcorranEff.root
hadd Source file 3: output/117053/305/jcorranEff.root
hadd Source file 4: output/117053/172/jcorranEff.root
hadd Source file 4: output/117053/209/jcorranEff.root
hadd Source file 5: output/117053/127/jcorranEff.root
hadd Source file 5: output/117053/064/jcorranEff.root
hadd Source file 6: output/117053/054/jcorranEff.root
hadd Source file 6: output/117053/301/jcorranEff.root
hadd Source file 7: output/117053/232/jcorranEff.root
hadd Source file 8: output/117053/278/jcorranEff.root
hadd Source file 9: output/117053/129/jcorranEff.root
hadd Source file 7: output/117053/299/jcorranEff.root
hadd Source file 10: output/117053/178/jcorranEff.root
hadd Source file 8: output/117053/004/jcorranEff.root
hadd Source file 9: output/117053/203/jcorranEff.root
hadd Source file 11: output/117053/080/jcorranEff.root
hadd Source file 10: output/117053/096/jcorranEff.root
hadd Source file 11: output/117053/254/jcorranEff.root
hadd Source file 12: output/117053/101/jcorranEff.root
hadd Source file 12: output/117053/050/jcorranEff.root
hadd Source file 13: output/117053/102/jcorranEff.root
hadd Source file 13: output/117053/089/jcorranEff.root
hadd Source file 14: output/117053/218/jcorranEff.root
hadd Source file 14: output/117053/195/jcorranEff.root
hadd Source file 15: output/117053/219/jcorranEff.root
hadd Source file 15: output/117053/059/jcorranEff.root
hadd Source file 16: output/117053/133/jcorranEff.root
hadd Source file 16: output/117053/286/jcorranEff.root
hadd Source file 17: output/117053/158/jcorranEff.root
hadd Source file 17: output/117053/134/jcorranEff.root
hadd Source file 18: output/117053/090/jcorranEff.root
hadd Source file 19: output/117053/079/jcorranEff.root
hadd Source file 18: output/117053/118/jcorranEff.root
hadd Source file 19: output/117053/191/jcorranEff.root
hadd Source file 20: output/117053/075/jcorranEff.root
hadd Source file 20: output/117053/139/jcorranEff.root
hadd Source file 21: output/117053/257/jcorranEff.root
hadd Source file 21: output/117053/294/jcorranEff.root
hadd Source file 22: output/117053/163/jcorranEff.root
hadd Source file 22: output/117053/040/jcorranEff.root
hadd Source file 23: output/117053/287/jcorranEff.root
hadd Source file 23: output/117053/112/jcorranEff.root
hadd Source file 24: output/117053/077/jcorranEff.root
hadd Source file 25: output/117053/196/jcorranEff.root
hadd Source file 24: output/117053/270/jcorranEff.root
hadd Source file 26: output/117053/109/jcorranEff.root
hadd Source file 27: output/117053/023/jcorranEff.root
hadd Source file 25: output/117053/122/jcorranEff.root
hadd Source file 28: output/117053/297/jcorranEff.root
hadd Source file 26: output/117053/234/jcorranEff.root
hadd Source file 27: output/117053/293/jcorranEff.root
hadd Source file 28: output/117053/204/jcorranEff.root
hadd Source file 29: output/117053/123/jcorranEff.root
hadd Source file 29: output/117053/207/jcorranEff.root
hadd Source file 30: output/117053/028/jcorranEff.root
hadd Source file 31: output/117053/068/jcorranEff.root
hadd Source file 30: output/117053/072/jcorranEff.root
hadd Source file 31: output/117053/216/jcorranEff.root
hadd Source file 32: output/117053/154/jcorranEff.root
hadd Source file 33: output/117053/066/jcorranEff.root
hadd Source file 32: output/117053/045/jcorranEff.root
hadd Source file 34: output/117053/268/jcorranEff.root
hadd Source file 35: output/117053/043/jcorranEff.root
hadd Source file 33: output/117053/100/jcorranEff.root
hadd Source file 34: output/117053/052/jcorranEff.root
hadd Source file 36: output/117053/022/jcorranEff.root
hadd Source file 35: output/117053/181/jcorranEff.root
hadd Source file 37: output/117053/082/jcorranEff.root
hadd Source file 36: output/117053/140/jcorranEff.root
hadd Source file 38: output/117053/010/jcorranEff.root
hadd Source file 37: output/117053/032/jcorranEff.root
hadd Source file 39: output/117053/051/jcorranEff.root
hadd Source file 38: output/117053/249/jcorranEff.root
hadd Source file 40: output/117053/155/jcorranEff.root
hadd Source file 41: output/117053/130/jcorranEff.root
hadd Source file 39: output/117053/213/jcorranEff.root
hadd Source file 42: output/117053/266/jcorranEff.root
hadd Source file 40: output/117053/037/jcorranEff.root
hadd Source file 41: output/117053/187/jcorranEff.root
hadd Source file 43: output/117053/013/jcorranEff.root
hadd Source file 42: output/117053/303/jcorranEff.root
hadd Source file 44: output/117053/269/jcorranEff.root
hadd Source file 43: output/117053/259/jcorranEff.root
hadd Source file 45: output/117053/078/jcorranEff.root
hadd Source file 44: output/117053/162/jcorranEff.root
hadd Source file 46: output/117053/038/jcorranEff.root
hadd Source file 45: output/117053/245/jcorranEff.root
hadd Source file 47: output/117053/169/jcorranEff.root
hadd Source file 46: output/117053/193/jcorranEff.root
hadd Source file 48: output/117053/186/jcorranEff.root
hadd Source file 47: output/117053/081/jcorranEff.root
hadd Source file 49: output/117053/011/jcorranEff.root
hadd Source file 50: output/117053/027/jcorranEff.root
hadd Target path: /tmp/bschang/batch/PID14423-20140623-114512-merge-list/jcorranEff_117053.list-22197/xaf.root:/
hadd Target path: /tmp/bschang/batch/PID14423-20140623-114512-merge-list/jcorranEff_117053.list-22197/xaf.root:/EffHist
hadd Target path: /tmp/bschang/batch/PID14423-20140623-114512-merge-list/jcorranEff_117053.list-22197/xae.root:/
hadd Target path: /tmp/bschang/batch/PID14423-20140623-114512-merge-list/jcorranEff_117053.list-22197/xae.root:/EffHist
hadd Target file: merged/jcorranEff_117053.list.root
hadd Source file 1: /tmp/bschang/batch/PID14423-20140623-114512-merge-list/jcorranEff_117053.list-22197/xaa.root
hadd Source file 2: /tmp/bschang/batch/PID14423-20140623-114512-merge-list/jcorranEff_117053.list-22197/xab.root
hadd Source file 3: /tmp/bschang/batch/PID14423-20140623-114512-merge-list/jcorranEff_117053.list-22197/xac.root
hadd Source file 4: /tmp/bschang/batch/PID14423-20140623-114512-merge-list/jcorranEff_117053.list-22197/xad.root
hadd Source file 5: /tmp/bschang/batch/PID14423-20140623-114512-merge-list/jcorranEff_117053.list-22197/xae.root
hadd Source file 6: /tmp/bschang/batch/PID14423-20140623-114512-merge-list/jcorranEff_117053.list-22197/xaf.root
hadd Target path: merged/jcorranEff_117053.list.root:/
hadd Target path: merged/jcorranEff_117053.list.root:/EffHist
Mon Jun 23 11:45:22 EEST 2014
==== Time : 10
