INPUT : list/jcorranEff_115401.list
OUTPUT : merged/jcorranEff_115401.list.root
NCores : 4
12180
Mon Jun 23 11:43:31 EEST 2014
hadd Target file: /tmp/bschang/batch/PID12180-20140623-114331-merge-list/jcorranEff_115401.list-103/xaa.root
hadd Target file: /tmp/bschang/batch/PID12180-20140623-114331-merge-list/jcorranEff_115401.list-103/xac.root
hadd Target file: /tmp/bschang/batch/PID12180-20140623-114331-merge-list/jcorranEff_115401.list-103/xad.root
hadd Target file: /tmp/bschang/batch/PID12180-20140623-114331-merge-list/jcorranEff_115401.list-103/xab.root
hadd Source file 1: output/115401/208/jcorranEff.root
hadd Source file 1: output/115401/109/jcorranEff.root
hadd Source file 1: output/115401/088/jcorranEff.root
hadd Source file 1: output/115401/250/jcorranEff.root
hadd Source file 2: output/115401/263/jcorranEff.root
hadd Source file 2: output/115401/019/jcorranEff.root
hadd Source file 3: output/115401/285/jcorranEff.root
hadd Source file 4: output/115401/207/jcorranEff.root
hadd Source file 3: output/115401/011/jcorranEff.root
hadd Source file 2: output/115401/300/jcorranEff.root
hadd Source file 5: output/115401/126/jcorranEff.root
hadd Source file 2: output/115401/044/jcorranEff.root
hadd Source file 3: output/115401/027/jcorranEff.root
hadd Source file 4: output/115401/329/jcorranEff.root
hadd Source file 5: output/115401/305/jcorranEff.root
hadd Source file 4: output/115401/262/jcorranEff.root
hadd Source file 5: output/115401/181/jcorranEff.root
hadd Source file 6: output/115401/097/jcorranEff.root
hadd Source file 6: output/115401/249/jcorranEff.root
hadd Source file 3: output/115401/175/jcorranEff.root
hadd Source file 7: output/115401/112/jcorranEff.root
hadd Source file 6: output/115401/124/jcorranEff.root
hadd Source file 4: output/115401/206/jcorranEff.root
hadd Source file 8: output/115401/179/jcorranEff.root
hadd Source file 5: output/115401/144/jcorranEff.root
hadd Source file 7: output/115401/327/jcorranEff.root
hadd Source file 6: output/115401/283/jcorranEff.root
hadd Source file 8: output/115401/288/jcorranEff.root
hadd Source file 7: output/115401/194/jcorranEff.root
hadd Source file 7: output/115401/003/jcorranEff.root
hadd Source file 9: output/115401/014/jcorranEff.root
hadd Source file 8: output/115401/277/jcorranEff.root
hadd Source file 8: output/115401/061/jcorranEff.root
hadd Source file 9: output/115401/091/jcorranEff.root
hadd Source file 9: output/115401/268/jcorranEff.root
hadd Source file 10: output/115401/017/jcorranEff.root
hadd Source file 10: output/115401/279/jcorranEff.root
hadd Source file 11: output/115401/155/jcorranEff.root
hadd Source file 11: output/115401/232/jcorranEff.root
hadd Source file 10: output/115401/058/jcorranEff.root
hadd Source file 12: output/115401/146/jcorranEff.root
hadd Source file 12: output/115401/085/jcorranEff.root
hadd Source file 13: output/115401/090/jcorranEff.root
hadd Source file 13: output/115401/104/jcorranEff.root
hadd Source file 9: output/115401/078/jcorranEff.root
hadd Source file 14: output/115401/012/jcorranEff.root
hadd Source file 11: output/115401/282/jcorranEff.root
hadd Source file 10: output/115401/025/jcorranEff.root
hadd Source file 12: output/115401/080/jcorranEff.root
hadd Source file 11: output/115401/259/jcorranEff.root
hadd Source file 14: output/115401/045/jcorranEff.root
hadd Source file 13: output/115401/252/jcorranEff.root
hadd Source file 15: output/115401/015/jcorranEff.root
hadd Source file 12: output/115401/100/jcorranEff.root
hadd Source file 13: output/115401/092/jcorranEff.root
hadd Source file 16: output/115401/224/jcorranEff.root
hadd Source file 14: output/115401/056/jcorranEff.root
hadd Source file 15: output/115401/189/jcorranEff.root
hadd Source file 14: output/115401/070/jcorranEff.root
hadd Source file 17: output/115401/198/jcorranEff.root
hadd Source file 16: output/115401/254/jcorranEff.root
hadd Source file 15: output/115401/225/jcorranEff.root
hadd Source file 15: output/115401/117/jcorranEff.root
hadd Source file 18: output/115401/163/jcorranEff.root
hadd Source file 16: output/115401/162/jcorranEff.root
hadd Source file 19: output/115401/138/jcorranEff.root
hadd Source file 17: output/115401/164/jcorranEff.root
hadd Source file 17: output/115401/312/jcorranEff.root
hadd Source file 20: output/115401/037/jcorranEff.root
hadd Source file 16: output/115401/119/jcorranEff.root
hadd Source file 17: output/115401/086/jcorranEff.root
hadd Source file 21: output/115401/332/jcorranEff.root
hadd Source file 18: output/115401/222/jcorranEff.root
hadd Source file 18: output/115401/320/jcorranEff.root
hadd Source file 22: output/115401/174/jcorranEff.root
hadd Source file 19: output/115401/068/jcorranEff.root
hadd Source file 23: output/115401/171/jcorranEff.root
hadd Source file 19: output/115401/020/jcorranEff.root
hadd Source file 20: output/115401/113/jcorranEff.root
hadd Source file 24: output/115401/298/jcorranEff.root
hadd Source file 20: output/115401/212/jcorranEff.root
hadd Source file 21: output/115401/076/jcorranEff.root
hadd Source file 25: output/115401/167/jcorranEff.root
hadd Source file 21: output/115401/149/jcorranEff.root
hadd Source file 18: output/115401/188/jcorranEff.root
hadd Source file 22: output/115401/286/jcorranEff.root
hadd Source file 23: output/115401/049/jcorranEff.root
hadd Source file 22: output/115401/309/jcorranEff.root
hadd Source file 24: output/115401/098/jcorranEff.root
hadd Source file 26: output/115401/197/jcorranEff.root
hadd Source file 19: output/115401/166/jcorranEff.root
hadd Source file 23: output/115401/330/jcorranEff.root
hadd Source file 25: output/115401/107/jcorranEff.root
hadd Source file 20: output/115401/053/jcorranEff.root
hadd Source file 26: output/115401/245/jcorranEff.root
hadd Source file 27: output/115401/182/jcorranEff.root
hadd Source file 21: output/115401/315/jcorranEff.root
hadd Source file 24: output/115401/132/jcorranEff.root
hadd Source file 27: output/115401/326/jcorranEff.root
hadd Source file 28: output/115401/229/jcorranEff.root
hadd Source file 22: output/115401/211/jcorranEff.root
hadd Source file 25: output/115401/083/jcorranEff.root
hadd Source file 28: output/115401/290/jcorranEff.root
hadd Source file 23: output/115401/294/jcorranEff.root
hadd Source file 29: output/115401/046/jcorranEff.root
hadd Source file 29: output/115401/073/jcorranEff.root
hadd Source file 26: output/115401/042/jcorranEff.root
hadd Source file 24: output/115401/152/jcorranEff.root
hadd Source file 30: output/115401/201/jcorranEff.root
hadd Source file 30: output/115401/301/jcorranEff.root
hadd Source file 25: output/115401/265/jcorranEff.root
hadd Source file 27: output/115401/065/jcorranEff.root
hadd Source file 31: output/115401/253/jcorranEff.root
hadd Source file 31: output/115401/296/jcorranEff.root
hadd Source file 28: output/115401/139/jcorranEff.root
hadd Source file 32: output/115401/115/jcorranEff.root
hadd Source file 26: output/115401/187/jcorranEff.root
hadd Source file 27: output/115401/307/jcorranEff.root
hadd Source file 33: output/115401/087/jcorranEff.root
hadd Source file 32: output/115401/306/jcorranEff.root
hadd Source file 29: output/115401/105/jcorranEff.root
hadd Source file 28: output/115401/159/jcorranEff.root
hadd Source file 30: output/115401/084/jcorranEff.root
hadd Source file 33: output/115401/195/jcorranEff.root
hadd Source file 34: output/115401/066/jcorranEff.root
hadd Source file 34: output/115401/140/jcorranEff.root
hadd Source file 29: output/115401/228/jcorranEff.root
hadd Source file 31: output/115401/006/jcorranEff.root
hadd Source file 35: output/115401/304/jcorranEff.root
hadd Source file 32: output/115401/157/jcorranEff.root
hadd Source file 36: output/115401/052/jcorranEff.root
hadd Source file 30: output/115401/236/jcorranEff.root
hadd Source file 35: output/115401/242/jcorranEff.root
hadd Source file 37: output/115401/026/jcorranEff.root
hadd Source file 31: output/115401/075/jcorranEff.root
hadd Source file 36: output/115401/094/jcorranEff.root
hadd Source file 33: output/115401/261/jcorranEff.root
hadd Source file 38: output/115401/010/jcorranEff.root
hadd Source file 32: output/115401/077/jcorranEff.root
hadd Source file 37: output/115401/081/jcorranEff.root
hadd Source file 34: output/115401/247/jcorranEff.root
hadd Source file 38: output/115401/217/jcorranEff.root
hadd Source file 33: output/115401/303/jcorranEff.root
hadd Source file 35: output/115401/123/jcorranEff.root
hadd Source file 39: output/115401/133/jcorranEff.root
hadd Source file 39: output/115401/038/jcorranEff.root
hadd Source file 34: output/115401/054/jcorranEff.root
hadd Source file 40: output/115401/134/jcorranEff.root
hadd Source file 36: output/115401/244/jcorranEff.root
hadd Source file 40: output/115401/016/jcorranEff.root
hadd Source file 35: output/115401/227/jcorranEff.root
hadd Source file 41: output/115401/031/jcorranEff.root
hadd Source file 41: output/115401/328/jcorranEff.root
hadd Source file 37: output/115401/311/jcorranEff.root
hadd Source file 36: output/115401/008/jcorranEff.root
hadd Source file 38: output/115401/275/jcorranEff.root
hadd Source file 42: output/115401/314/jcorranEff.root
hadd Source file 42: output/115401/089/jcorranEff.root
hadd Source file 37: output/115401/004/jcorranEff.root
hadd Source file 43: output/115401/036/jcorranEff.root
hadd Source file 39: output/115401/213/jcorranEff.root
hadd Source file 38: output/115401/233/jcorranEff.root
hadd Source file 43: output/115401/299/jcorranEff.root
hadd Source file 44: output/115401/145/jcorranEff.root
hadd Source file 40: output/115401/028/jcorranEff.root
hadd Source file 44: output/115401/106/jcorranEff.root
hadd Source file 39: output/115401/183/jcorranEff.root
hadd Source file 45: output/115401/186/jcorranEff.root
hadd Source file 40: output/115401/165/jcorranEff.root
hadd Source file 41: output/115401/024/jcorranEff.root
hadd Source file 46: output/115401/191/jcorranEff.root
hadd Source file 45: output/115401/148/jcorranEff.root
hadd Source file 42: output/115401/234/jcorranEff.root
hadd Source file 41: output/115401/241/jcorranEff.root
hadd Source file 46: output/115401/034/jcorranEff.root
hadd Source file 43: output/115401/059/jcorranEff.root
hadd Source file 47: output/115401/255/jcorranEff.root
hadd Source file 42: output/115401/321/jcorranEff.root
hadd Source file 47: output/115401/067/jcorranEff.root
hadd Source file 44: output/115401/170/jcorranEff.root
hadd Source file 45: output/115401/151/jcorranEff.root
hadd Source file 48: output/115401/243/jcorranEff.root
hadd Source file 43: output/115401/048/jcorranEff.root
hadd Source file 48: output/115401/063/jcorranEff.root
hadd Source file 46: output/115401/276/jcorranEff.root
hadd Source file 49: output/115401/180/jcorranEff.root
hadd Source file 49: output/115401/172/jcorranEff.root
hadd Source file 44: output/115401/223/jcorranEff.root
hadd Source file 47: output/115401/238/jcorranEff.root
hadd Source file 50: output/115401/156/jcorranEff.root
hadd Target path: /tmp/bschang/batch/PID12180-20140623-114331-merge-list/jcorranEff_115401.list-103/xad.root:/
hadd Source file 48: output/115401/095/jcorranEff.root
hadd Source file 45: output/115401/264/jcorranEff.root
hadd Source file 50: output/115401/318/jcorranEff.root
hadd Target path: /tmp/bschang/batch/PID12180-20140623-114331-merge-list/jcorranEff_115401.list-103/xad.root:/EffHist
hadd Source file 49: output/115401/325/jcorranEff.root
hadd Source file 46: output/115401/160/jcorranEff.root
hadd Target path: /tmp/bschang/batch/PID12180-20140623-114331-merge-list/jcorranEff_115401.list-103/xab.root:/
hadd Source file 47: output/115401/278/jcorranEff.root
hadd Target path: /tmp/bschang/batch/PID12180-20140623-114331-merge-list/jcorranEff_115401.list-103/xab.root:/EffHist
hadd Source file 50: output/115401/331/jcorranEff.root
hadd Source file 48: output/115401/196/jcorranEff.root
hadd Target path: /tmp/bschang/batch/PID12180-20140623-114331-merge-list/jcorranEff_115401.list-103/xaa.root:/
hadd Source file 49: output/115401/082/jcorranEff.root
hadd Target path: /tmp/bschang/batch/PID12180-20140623-114331-merge-list/jcorranEff_115401.list-103/xaa.root:/EffHist
hadd Source file 50: output/115401/257/jcorranEff.root
hadd Target path: /tmp/bschang/batch/PID12180-20140623-114331-merge-list/jcorranEff_115401.list-103/xac.root:/
hadd Target path: /tmp/bschang/batch/PID12180-20140623-114331-merge-list/jcorranEff_115401.list-103/xac.root:/EffHist
hadd Target file: /tmp/bschang/batch/PID12180-20140623-114331-merge-list/jcorranEff_115401.list-103/xaf.root
hadd Source file 1: output/115401/125/jcorranEff.root
hadd Target file: /tmp/bschang/batch/PID12180-20140623-114331-merge-list/jcorranEff_115401.list-103/xae.root
hadd Source file 1: output/115401/033/jcorranEff.root
hadd Source file 2: output/115401/114/jcorranEff.root
hadd Source file 3: output/115401/030/jcorranEff.root
hadd Target file: /tmp/bschang/batch/PID12180-20140623-114331-merge-list/jcorranEff_115401.list-103/xag.root
hadd Source file 2: output/115401/178/jcorranEff.root
hadd Source file 4: output/115401/079/jcorranEff.root
hadd Source file 3: output/115401/039/jcorranEff.root
hadd Source file 5: output/115401/110/jcorranEff.root
hadd Source file 4: output/115401/293/jcorranEff.root
hadd Source file 6: output/115401/216/jcorranEff.root
hadd Source file 1: output/115401/116/jcorranEff.root
hadd Source file 5: output/115401/062/jcorranEff.root
hadd Source file 7: output/115401/319/jcorranEff.root
hadd Source file 6: output/115401/317/jcorranEff.root
hadd Source file 8: output/115401/200/jcorranEff.root
hadd Source file 7: output/115401/193/jcorranEff.root
hadd Source file 9: output/115401/273/jcorranEff.root
hadd Source file 2: output/115401/099/jcorranEff.root
hadd Source file 8: output/115401/141/jcorranEff.root
hadd Source file 9: output/115401/274/jcorranEff.root
hadd Source file 3: output/115401/169/jcorranEff.root
hadd Source file 10: output/115401/231/jcorranEff.root
hadd Source file 11: output/115401/029/jcorranEff.root
hadd Source file 4: output/115401/154/jcorranEff.root
hadd Source file 10: output/115401/205/jcorranEff.root
hadd Source file 5: output/115401/041/jcorranEff.root
hadd Source file 12: output/115401/072/jcorranEff.root
hadd Source file 13: output/115401/248/jcorranEff.root
hadd Source file 6: output/115401/235/jcorranEff.root
hadd Source file 11: output/115401/176/jcorranEff.root
hadd Source file 14: output/115401/102/jcorranEff.root
hadd Source file 7: output/115401/246/jcorranEff.root
hadd Source file 12: output/115401/135/jcorranEff.root
hadd Source file 15: output/115401/122/jcorranEff.root
hadd Source file 13: output/115401/005/jcorranEff.root
hadd Source file 8: output/115401/221/jcorranEff.root
hadd Source file 16: output/115401/302/jcorranEff.root
hadd Source file 9: output/115401/153/jcorranEff.root
hadd Source file 14: output/115401/177/jcorranEff.root
hadd Source file 17: output/115401/292/jcorranEff.root
hadd Source file 10: output/115401/192/jcorranEff.root
hadd Source file 18: output/115401/269/jcorranEff.root
hadd Source file 15: output/115401/173/jcorranEff.root
hadd Source file 19: output/115401/128/jcorranEff.root
hadd Source file 11: output/115401/051/jcorranEff.root
hadd Source file 12: output/115401/251/jcorranEff.root
hadd Source file 16: output/115401/130/jcorranEff.root
hadd Source file 20: output/115401/199/jcorranEff.root
hadd Source file 13: output/115401/071/jcorranEff.root
hadd Source file 17: output/115401/270/jcorranEff.root
hadd Source file 21: output/115401/001/jcorranEff.root
hadd Source file 14: output/115401/214/jcorranEff.root
hadd Source file 22: output/115401/035/jcorranEff.root
hadd Source file 18: output/115401/118/jcorranEff.root
hadd Source file 15: output/115401/147/jcorranEff.root
hadd Source file 19: output/115401/220/jcorranEff.root
hadd Source file 16: output/115401/074/jcorranEff.root
hadd Source file 23: output/115401/111/jcorranEff.root
hadd Source file 20: output/115401/002/jcorranEff.root
hadd Source file 21: output/115401/239/jcorranEff.root
hadd Source file 24: output/115401/271/jcorranEff.root
hadd Source file 17: output/115401/209/jcorranEff.root
hadd Source file 22: output/115401/069/jcorranEff.root
hadd Source file 25: output/115401/108/jcorranEff.root
hadd Source file 18: output/115401/308/jcorranEff.root
hadd Source file 19: output/115401/260/jcorranEff.root
hadd Source file 23: output/115401/226/jcorranEff.root
hadd Source file 26: output/115401/284/jcorranEff.root
hadd Source file 27: output/115401/291/jcorranEff.root
hadd Source file 20: output/115401/013/jcorranEff.root
hadd Source file 24: output/115401/009/jcorranEff.root
hadd Source file 28: output/115401/050/jcorranEff.root
hadd Source file 25: output/115401/185/jcorranEff.root
hadd Source file 21: output/115401/322/jcorranEff.root
hadd Source file 29: output/115401/120/jcorranEff.root
hadd Source file 26: output/115401/219/jcorranEff.root
hadd Source file 22: output/115401/184/jcorranEff.root
hadd Source file 30: output/115401/203/jcorranEff.root
hadd Source file 23: output/115401/150/jcorranEff.root
hadd Source file 31: output/115401/057/jcorranEff.root
hadd Source file 27: output/115401/295/jcorranEff.root
hadd Source file 24: output/115401/297/jcorranEff.root
hadd Source file 32: output/115401/137/jcorranEff.root
hadd Source file 28: output/115401/281/jcorranEff.root
hadd Source file 29: output/115401/136/jcorranEff.root
hadd Source file 30: output/115401/210/jcorranEff.root
hadd Source file 25: output/115401/158/jcorranEff.root
hadd Source file 33: output/115401/258/jcorranEff.root
hadd Source file 31: output/115401/007/jcorranEff.root
hadd Source file 34: output/115401/043/jcorranEff.root
hadd Source file 32: output/115401/313/jcorranEff.root
hadd Target path: /tmp/bschang/batch/PID12180-20140623-114331-merge-list/jcorranEff_115401.list-103/xag.root:/
hadd Source file 35: output/115401/240/jcorranEff.root
hadd Source file 33: output/115401/032/jcorranEff.root
hadd Target path: /tmp/bschang/batch/PID12180-20140623-114331-merge-list/jcorranEff_115401.list-103/xag.root:/EffHist
hadd Source file 36: output/115401/143/jcorranEff.root
hadd Source file 34: output/115401/190/jcorranEff.root
hadd Source file 37: output/115401/127/jcorranEff.root
hadd Source file 35: output/115401/272/jcorranEff.root
hadd Source file 36: output/115401/023/jcorranEff.root
hadd Source file 38: output/115401/129/jcorranEff.root
hadd Source file 39: output/115401/093/jcorranEff.root
hadd Source file 37: output/115401/323/jcorranEff.root
hadd Source file 40: output/115401/202/jcorranEff.root
hadd Source file 38: output/115401/064/jcorranEff.root
hadd Source file 41: output/115401/168/jcorranEff.root
hadd Source file 39: output/115401/267/jcorranEff.root
hadd Source file 42: output/115401/131/jcorranEff.root
hadd Source file 43: output/115401/047/jcorranEff.root
hadd Source file 40: output/115401/018/jcorranEff.root
hadd Source file 44: output/115401/215/jcorranEff.root
hadd Source file 41: output/115401/324/jcorranEff.root
hadd Source file 45: output/115401/266/jcorranEff.root
hadd Source file 46: output/115401/101/jcorranEff.root
hadd Source file 42: output/115401/161/jcorranEff.root
hadd Source file 47: output/115401/022/jcorranEff.root
hadd Source file 43: output/115401/287/jcorranEff.root
hadd Source file 48: output/115401/103/jcorranEff.root
hadd Source file 44: output/115401/142/jcorranEff.root
hadd Source file 45: output/115401/021/jcorranEff.root
hadd Source file 49: output/115401/289/jcorranEff.root
hadd Source file 46: output/115401/204/jcorranEff.root
hadd Source file 50: output/115401/040/jcorranEff.root
hadd Source file 47: output/115401/218/jcorranEff.root
hadd Source file 48: output/115401/060/jcorranEff.root
hadd Target path: /tmp/bschang/batch/PID12180-20140623-114331-merge-list/jcorranEff_115401.list-103/xae.root:/
hadd Source file 49: output/115401/055/jcorranEff.root
hadd Target path: /tmp/bschang/batch/PID12180-20140623-114331-merge-list/jcorranEff_115401.list-103/xae.root:/EffHist
hadd Source file 50: output/115401/230/jcorranEff.root
hadd Target path: /tmp/bschang/batch/PID12180-20140623-114331-merge-list/jcorranEff_115401.list-103/xaf.root:/
hadd Target path: /tmp/bschang/batch/PID12180-20140623-114331-merge-list/jcorranEff_115401.list-103/xaf.root:/EffHist
hadd Target file: merged/jcorranEff_115401.list.root
hadd Source file 1: /tmp/bschang/batch/PID12180-20140623-114331-merge-list/jcorranEff_115401.list-103/xaa.root
hadd Source file 2: /tmp/bschang/batch/PID12180-20140623-114331-merge-list/jcorranEff_115401.list-103/xab.root
hadd Source file 3: /tmp/bschang/batch/PID12180-20140623-114331-merge-list/jcorranEff_115401.list-103/xac.root
hadd Source file 4: /tmp/bschang/batch/PID12180-20140623-114331-merge-list/jcorranEff_115401.list-103/xad.root
hadd Source file 5: /tmp/bschang/batch/PID12180-20140623-114331-merge-list/jcorranEff_115401.list-103/xae.root
hadd Source file 6: /tmp/bschang/batch/PID12180-20140623-114331-merge-list/jcorranEff_115401.list-103/xaf.root
hadd Source file 7: /tmp/bschang/batch/PID12180-20140623-114331-merge-list/jcorranEff_115401.list-103/xag.root
hadd Target path: merged/jcorranEff_115401.list.root:/
hadd Target path: merged/jcorranEff_115401.list.root:/EffHist
Mon Jun 23 11:43:41 EEST 2014
==== Time : 10
