INPUT : list/jcorranEff_115414.list
OUTPUT : merged/jcorranEff_115414.list.root
NCores : 4
12393
Mon Jun 23 11:43:42 EEST 2014
hadd Target file: /tmp/bschang/batch/PID12393-20140623-114341-merge-list/jcorranEff_115414.list-1752/xab.root
hadd Source file 1: output/115414/072/jcorranEff.root
hadd Source file 2: output/115414/061/jcorranEff.root
hadd Source file 3: output/115414/076/jcorranEff.root
hadd Target file: /tmp/bschang/batch/PID12393-20140623-114341-merge-list/jcorranEff_115414.list-1752/xaa.root
hadd Target file: /tmp/bschang/batch/PID12393-20140623-114341-merge-list/jcorranEff_115414.list-1752/xad.root
hadd Source file 4: output/115414/102/jcorranEff.root
hadd Source file 1: output/115414/063/jcorranEff.root
hadd Target file: /tmp/bschang/batch/PID12393-20140623-114341-merge-list/jcorranEff_115414.list-1752/xac.root
hadd Source file 1: output/115414/121/jcorranEff.root
hadd Source file 5: output/115414/125/jcorranEff.root
hadd Source file 6: output/115414/083/jcorranEff.root
hadd Source file 7: output/115414/123/jcorranEff.root
hadd Source file 1: output/115414/106/jcorranEff.root
hadd Source file 2: output/115414/091/jcorranEff.root
hadd Source file 8: output/115414/054/jcorranEff.root
hadd Source file 2: output/115414/017/jcorranEff.root
hadd Source file 3: output/115414/011/jcorranEff.root
hadd Source file 9: output/115414/008/jcorranEff.root
hadd Source file 4: output/115414/026/jcorranEff.root
hadd Source file 5: output/115414/001/jcorranEff.root
hadd Source file 10: output/115414/042/jcorranEff.root
hadd Target path: /tmp/bschang/batch/PID12393-20140623-114341-merge-list/jcorranEff_115414.list-1752/xad.root:/
hadd Source file 11: output/115414/103/jcorranEff.root
hadd Source file 6: output/115414/112/jcorranEff.root
hadd Target path: /tmp/bschang/batch/PID12393-20140623-114341-merge-list/jcorranEff_115414.list-1752/xad.root:/EffHist
hadd Source file 12: output/115414/036/jcorranEff.root
hadd Source file 2: output/115414/027/jcorranEff.root
hadd Source file 7: output/115414/058/jcorranEff.root
hadd Source file 13: output/115414/135/jcorranEff.root
hadd Source file 3: output/115414/070/jcorranEff.root
hadd Source file 8: output/115414/052/jcorranEff.root
hadd Source file 14: output/115414/124/jcorranEff.root
hadd Source file 9: output/115414/021/jcorranEff.root
hadd Source file 4: output/115414/138/jcorranEff.root
hadd Source file 15: output/115414/079/jcorranEff.root
hadd Source file 10: output/115414/115/jcorranEff.root
hadd Source file 16: output/115414/031/jcorranEff.root
hadd Source file 5: output/115414/093/jcorranEff.root
hadd Source file 11: output/115414/128/jcorranEff.root
hadd Source file 6: output/115414/133/jcorranEff.root
hadd Source file 17: output/115414/127/jcorranEff.root
hadd Source file 12: output/115414/016/jcorranEff.root
hadd Source file 7: output/115414/002/jcorranEff.root
hadd Source file 18: output/115414/019/jcorranEff.root
hadd Source file 13: output/115414/105/jcorranEff.root
hadd Source file 19: output/115414/009/jcorranEff.root
hadd Source file 14: output/115414/142/jcorranEff.root
hadd Source file 8: output/115414/116/jcorranEff.root
hadd Source file 20: output/115414/071/jcorranEff.root
hadd Source file 15: output/115414/078/jcorranEff.root
hadd Source file 9: output/115414/068/jcorranEff.root
hadd Source file 16: output/115414/047/jcorranEff.root
hadd Source file 10: output/115414/149/jcorranEff.root
hadd Source file 21: output/115414/094/jcorranEff.root
hadd Source file 11: output/115414/107/jcorranEff.root
hadd Source file 17: output/115414/020/jcorranEff.root
hadd Source file 22: output/115414/014/jcorranEff.root
hadd Source file 18: output/115414/035/jcorranEff.root
hadd Source file 12: output/115414/126/jcorranEff.root
hadd Source file 23: output/115414/143/jcorranEff.root
hadd Source file 13: output/115414/088/jcorranEff.root
hadd Source file 19: output/115414/109/jcorranEff.root
hadd Source file 24: output/115414/055/jcorranEff.root
hadd Source file 14: output/115414/150/jcorranEff.root
hadd Source file 20: output/115414/084/jcorranEff.root
hadd Source file 25: output/115414/129/jcorranEff.root
hadd Source file 15: output/115414/005/jcorranEff.root
hadd Source file 16: output/115414/049/jcorranEff.root
hadd Source file 21: output/115414/092/jcorranEff.root
hadd Source file 26: output/115414/096/jcorranEff.root
hadd Source file 17: output/115414/028/jcorranEff.root
hadd Source file 22: output/115414/041/jcorranEff.root
hadd Source file 27: output/115414/136/jcorranEff.root
hadd Source file 18: output/115414/060/jcorranEff.root
hadd Source file 28: output/115414/032/jcorranEff.root
hadd Source file 23: output/115414/151/jcorranEff.root
hadd Source file 19: output/115414/122/jcorranEff.root
hadd Source file 29: output/115414/034/jcorranEff.root
hadd Source file 20: output/115414/082/jcorranEff.root
hadd Source file 24: output/115414/087/jcorranEff.root
hadd Source file 30: output/115414/067/jcorranEff.root
hadd Source file 25: output/115414/104/jcorranEff.root
hadd Source file 31: output/115414/120/jcorranEff.root
hadd Source file 32: output/115414/077/jcorranEff.root
hadd Source file 26: output/115414/043/jcorranEff.root
hadd Source file 21: output/115414/100/jcorranEff.root
hadd Source file 33: output/115414/010/jcorranEff.root
hadd Source file 22: output/115414/056/jcorranEff.root
hadd Source file 27: output/115414/025/jcorranEff.root
hadd Source file 34: output/115414/089/jcorranEff.root
hadd Source file 35: output/115414/050/jcorranEff.root
hadd Source file 28: output/115414/086/jcorranEff.root
hadd Source file 23: output/115414/037/jcorranEff.root
hadd Source file 36: output/115414/153/jcorranEff.root
hadd Source file 24: output/115414/040/jcorranEff.root
hadd Source file 37: output/115414/044/jcorranEff.root
hadd Source file 29: output/115414/013/jcorranEff.root
hadd Source file 38: output/115414/111/jcorranEff.root
hadd Source file 30: output/115414/140/jcorranEff.root
hadd Source file 25: output/115414/137/jcorranEff.root
hadd Source file 39: output/115414/132/jcorranEff.root
hadd Source file 31: output/115414/113/jcorranEff.root
hadd Source file 40: output/115414/007/jcorranEff.root
hadd Source file 26: output/115414/015/jcorranEff.root
hadd Source file 41: output/115414/018/jcorranEff.root
hadd Source file 32: output/115414/090/jcorranEff.root
hadd Source file 27: output/115414/134/jcorranEff.root
hadd Source file 42: output/115414/003/jcorranEff.root
hadd Source file 28: output/115414/139/jcorranEff.root
hadd Source file 33: output/115414/062/jcorranEff.root
hadd Source file 34: output/115414/024/jcorranEff.root
hadd Source file 43: output/115414/030/jcorranEff.root
hadd Source file 29: output/115414/114/jcorranEff.root
hadd Source file 35: output/115414/029/jcorranEff.root
hadd Source file 44: output/115414/117/jcorranEff.root
hadd Source file 30: output/115414/053/jcorranEff.root
hadd Source file 45: output/115414/131/jcorranEff.root
hadd Source file 36: output/115414/108/jcorranEff.root
hadd Source file 46: output/115414/081/jcorranEff.root
hadd Source file 37: output/115414/074/jcorranEff.root
hadd Source file 31: output/115414/065/jcorranEff.root
hadd Source file 38: output/115414/080/jcorranEff.root
hadd Source file 32: output/115414/051/jcorranEff.root
hadd Source file 39: output/115414/057/jcorranEff.root
hadd Source file 47: output/115414/012/jcorranEff.root
hadd Source file 33: output/115414/048/jcorranEff.root
hadd Source file 40: output/115414/145/jcorranEff.root
hadd Source file 34: output/115414/066/jcorranEff.root
hadd Source file 48: output/115414/118/jcorranEff.root
hadd Source file 41: output/115414/004/jcorranEff.root
hadd Source file 35: output/115414/006/jcorranEff.root
hadd Source file 49: output/115414/141/jcorranEff.root
hadd Source file 50: output/115414/097/jcorranEff.root
hadd Source file 36: output/115414/022/jcorranEff.root
hadd Source file 42: output/115414/064/jcorranEff.root
hadd Source file 37: output/115414/110/jcorranEff.root
hadd Target path: /tmp/bschang/batch/PID12393-20140623-114341-merge-list/jcorranEff_115414.list-1752/xab.root:/
hadd Source file 43: output/115414/099/jcorranEff.root
hadd Source file 38: output/115414/046/jcorranEff.root
hadd Target path: /tmp/bschang/batch/PID12393-20140623-114341-merge-list/jcorranEff_115414.list-1752/xab.root:/EffHist
hadd Source file 39: output/115414/073/jcorranEff.root
hadd Source file 44: output/115414/039/jcorranEff.root
hadd Source file 45: output/115414/069/jcorranEff.root
hadd Source file 40: output/115414/059/jcorranEff.root
hadd Source file 41: output/115414/085/jcorranEff.root
hadd Source file 42: output/115414/119/jcorranEff.root
hadd Source file 46: output/115414/148/jcorranEff.root
hadd Source file 43: output/115414/152/jcorranEff.root
hadd Source file 47: output/115414/075/jcorranEff.root
hadd Source file 44: output/115414/095/jcorranEff.root
hadd Source file 45: output/115414/101/jcorranEff.root
hadd Source file 48: output/115414/038/jcorranEff.root
hadd Source file 46: output/115414/146/jcorranEff.root
hadd Source file 49: output/115414/098/jcorranEff.root
hadd Source file 47: output/115414/130/jcorranEff.root
hadd Source file 48: output/115414/045/jcorranEff.root
hadd Source file 50: output/115414/033/jcorranEff.root
hadd Source file 49: output/115414/147/jcorranEff.root
hadd Target path: /tmp/bschang/batch/PID12393-20140623-114341-merge-list/jcorranEff_115414.list-1752/xaa.root:/
hadd Target path: /tmp/bschang/batch/PID12393-20140623-114341-merge-list/jcorranEff_115414.list-1752/xaa.root:/EffHist
hadd Source file 50: output/115414/144/jcorranEff.root
hadd Target path: /tmp/bschang/batch/PID12393-20140623-114341-merge-list/jcorranEff_115414.list-1752/xac.root:/
hadd Target path: /tmp/bschang/batch/PID12393-20140623-114341-merge-list/jcorranEff_115414.list-1752/xac.root:/EffHist
hadd Target file: merged/jcorranEff_115414.list.root
hadd Source file 1: /tmp/bschang/batch/PID12393-20140623-114341-merge-list/jcorranEff_115414.list-1752/xaa.root
hadd Source file 2: /tmp/bschang/batch/PID12393-20140623-114341-merge-list/jcorranEff_115414.list-1752/xab.root
hadd Source file 3: /tmp/bschang/batch/PID12393-20140623-114341-merge-list/jcorranEff_115414.list-1752/xac.root
hadd Source file 4: /tmp/bschang/batch/PID12393-20140623-114341-merge-list/jcorranEff_115414.list-1752/xad.root
hadd Target path: merged/jcorranEff_115414.list.root:/
hadd Target path: merged/jcorranEff_115414.list.root:/EffHist
Mon Jun 23 11:43:47 EEST 2014
==== Time : 5
