INPUT : list/jcorranEff_116574.list
OUTPUT : merged/jcorranEff_116574.list.root
NCores : 4
13438
Mon Jun 23 11:44:28 EEST 2014
hadd Target file: /tmp/bschang/batch/PID13438-20140623-114428-merge-list/jcorranEff_116574.list-24164/xaa.root
hadd Target file: /tmp/bschang/batch/PID13438-20140623-114428-merge-list/jcorranEff_116574.list-24164/xac.root
hadd Source file 1: output/116574/195/jcorranEff.root
hadd Source file 1: output/116574/065/jcorranEff.root
hadd Source file 2: output/116574/041/jcorranEff.root
hadd Source file 3: output/116574/167/jcorranEff.root
hadd Source file 4: output/116574/192/jcorranEff.root
hadd Source file 5: output/116574/147/jcorranEff.root
hadd Source file 6: output/116574/016/jcorranEff.root
hadd Source file 7: output/116574/085/jcorranEff.root
hadd Source file 2: output/116574/014/jcorranEff.root
hadd Source file 3: output/116574/077/jcorranEff.root
hadd Source file 8: output/116574/130/jcorranEff.root
hadd Source file 9: output/116574/020/jcorranEff.root
hadd Source file 4: output/116574/003/jcorranEff.root
hadd Source file 5: output/116574/125/jcorranEff.root
hadd Source file 10: output/116574/119/jcorranEff.root
hadd Source file 6: output/116574/030/jcorranEff.root
hadd Source file 7: output/116574/072/jcorranEff.root
hadd Source file 11: output/116574/050/jcorranEff.root
hadd Source file 8: output/116574/078/jcorranEff.root
hadd Source file 12: output/116574/194/jcorranEff.root
hadd Source file 9: output/116574/051/jcorranEff.root
hadd Source file 13: output/116574/054/jcorranEff.root
hadd Source file 10: output/116574/122/jcorranEff.root
hadd Source file 11: output/116574/089/jcorranEff.root
hadd Source file 14: output/116574/023/jcorranEff.root
hadd Source file 12: output/116574/007/jcorranEff.root
hadd Source file 15: output/116574/131/jcorranEff.root
hadd Source file 13: output/116574/025/jcorranEff.root
hadd Source file 14: output/116574/185/jcorranEff.root
hadd Source file 15: output/116574/008/jcorranEff.root
hadd Source file 16: output/116574/092/jcorranEff.root
hadd Source file 17: output/116574/190/jcorranEff.root
hadd Source file 16: output/116574/160/jcorranEff.root
hadd Source file 18: output/116574/176/jcorranEff.root
hadd Source file 19: output/116574/126/jcorranEff.root
hadd Source file 17: output/116574/173/jcorranEff.root
hadd Source file 20: output/116574/108/jcorranEff.root
hadd Source file 18: output/116574/082/jcorranEff.root
hadd Source file 21: output/116574/046/jcorranEff.root
hadd Source file 19: output/116574/139/jcorranEff.root
hadd Source file 22: output/116574/002/jcorranEff.root
hadd Source file 20: output/116574/038/jcorranEff.root
hadd Source file 21: output/116574/073/jcorranEff.root
hadd Source file 22: output/116574/081/jcorranEff.root
hadd Source file 23: output/116574/111/jcorranEff.root
hadd Source file 23: output/116574/121/jcorranEff.root
hadd Source file 24: output/116574/091/jcorranEff.root
hadd Source file 24: output/116574/144/jcorranEff.root
hadd Source file 25: output/116574/093/jcorranEff.root
hadd Source file 25: output/116574/181/jcorranEff.root
hadd Source file 26: output/116574/158/jcorranEff.root
hadd Source file 26: output/116574/064/jcorranEff.root
hadd Source file 27: output/116574/151/jcorranEff.root
hadd Source file 27: output/116574/112/jcorranEff.root
hadd Source file 28: output/116574/074/jcorranEff.root
hadd Source file 29: output/116574/164/jcorranEff.root
hadd Source file 28: output/116574/021/jcorranEff.root
hadd Source file 29: output/116574/191/jcorranEff.root
hadd Source file 30: output/116574/100/jcorranEff.root
hadd Source file 31: output/116574/141/jcorranEff.root
hadd Source file 30: output/116574/068/jcorranEff.root
hadd Source file 31: output/116574/039/jcorranEff.root
hadd Source file 32: output/116574/118/jcorranEff.root
hadd Source file 32: output/116574/174/jcorranEff.root
hadd Source file 33: output/116574/170/jcorranEff.root
hadd Source file 33: output/116574/001/jcorranEff.root
hadd Source file 34: output/116574/040/jcorranEff.root
hadd Source file 34: output/116574/031/jcorranEff.root
hadd Source file 35: output/116574/159/jcorranEff.root
hadd Source file 35: output/116574/053/jcorranEff.root
hadd Source file 36: output/116574/076/jcorranEff.root
hadd Source file 36: output/116574/009/jcorranEff.root
hadd Source file 37: output/116574/179/jcorranEff.root
hadd Source file 37: output/116574/116/jcorranEff.root
hadd Source file 38: output/116574/052/jcorranEff.root
hadd Source file 38: output/116574/161/jcorranEff.root
hadd Source file 39: output/116574/058/jcorranEff.root
hadd Source file 39: output/116574/106/jcorranEff.root
hadd Source file 40: output/116574/012/jcorranEff.root
hadd Source file 40: output/116574/189/jcorranEff.root
hadd Source file 41: output/116574/138/jcorranEff.root
hadd Source file 41: output/116574/105/jcorranEff.root
hadd Source file 42: output/116574/153/jcorranEff.root
hadd Source file 42: output/116574/137/jcorranEff.root
hadd Source file 43: output/116574/183/jcorranEff.root
hadd Source file 44: output/116574/154/jcorranEff.root
hadd Source file 43: output/116574/066/jcorranEff.root
hadd Source file 45: output/116574/087/jcorranEff.root
hadd Source file 44: output/116574/083/jcorranEff.root
hadd Source file 46: output/116574/175/jcorranEff.root
hadd Source file 45: output/116574/188/jcorranEff.root
hadd Source file 47: output/116574/013/jcorranEff.root
hadd Source file 46: output/116574/024/jcorranEff.root
hadd Source file 47: output/116574/056/jcorranEff.root
hadd Source file 48: output/116574/146/jcorranEff.root
hadd Source file 48: output/116574/028/jcorranEff.root
hadd Target file: /tmp/bschang/batch/PID13438-20140623-114428-merge-list/jcorranEff_116574.list-24164/xad.root
hadd Source file 49: output/116574/037/jcorranEff.root
hadd Source file 49: output/116574/017/jcorranEff.root
hadd Source file 50: output/116574/086/jcorranEff.root
hadd Source file 50: output/116574/186/jcorranEff.root
hadd Source file 1: output/116574/069/jcorranEff.root
hadd Target path: /tmp/bschang/batch/PID13438-20140623-114428-merge-list/jcorranEff_116574.list-24164/xaa.root:/
hadd Target path: /tmp/bschang/batch/PID13438-20140623-114428-merge-list/jcorranEff_116574.list-24164/xac.root:/
hadd Target path: /tmp/bschang/batch/PID13438-20140623-114428-merge-list/jcorranEff_116574.list-24164/xac.root:/EffHist
hadd Target path: /tmp/bschang/batch/PID13438-20140623-114428-merge-list/jcorranEff_116574.list-24164/xaa.root:/EffHist
hadd Target file: /tmp/bschang/batch/PID13438-20140623-114428-merge-list/jcorranEff_116574.list-24164/xab.root
hadd Source file 1: output/116574/098/jcorranEff.root
hadd Source file 2: output/116574/169/jcorranEff.root
hadd Source file 3: output/116574/172/jcorranEff.root
hadd Source file 4: output/116574/101/jcorranEff.root
hadd Source file 5: output/116574/120/jcorranEff.root
hadd Source file 2: output/116574/094/jcorranEff.root
hadd Source file 6: output/116574/088/jcorranEff.root
hadd Source file 3: output/116574/136/jcorranEff.root
hadd Source file 7: output/116574/019/jcorranEff.root
hadd Source file 4: output/116574/097/jcorranEff.root
hadd Source file 8: output/116574/149/jcorranEff.root
hadd Source file 5: output/116574/026/jcorranEff.root
hadd Source file 9: output/116574/145/jcorranEff.root
hadd Source file 6: output/116574/113/jcorranEff.root
hadd Source file 10: output/116574/029/jcorranEff.root
hadd Source file 7: output/116574/022/jcorranEff.root
hadd Source file 11: output/116574/036/jcorranEff.root
hadd Source file 8: output/116574/042/jcorranEff.root
hadd Source file 12: output/116574/035/jcorranEff.root
hadd Source file 9: output/116574/099/jcorranEff.root
hadd Source file 13: output/116574/071/jcorranEff.root
hadd Source file 10: output/116574/155/jcorranEff.root
hadd Source file 14: output/116574/061/jcorranEff.root
hadd Source file 11: output/116574/124/jcorranEff.root
hadd Source file 15: output/116574/152/jcorranEff.root
hadd Source file 16: output/116574/047/jcorranEff.root
hadd Source file 12: output/116574/143/jcorranEff.root
hadd Source file 17: output/116574/133/jcorranEff.root
hadd Source file 13: output/116574/140/jcorranEff.root
hadd Source file 18: output/116574/168/jcorranEff.root
hadd Source file 19: output/116574/109/jcorranEff.root
hadd Source file 14: output/116574/005/jcorranEff.root
hadd Source file 20: output/116574/090/jcorranEff.root
hadd Source file 15: output/116574/162/jcorranEff.root
hadd Source file 16: output/116574/034/jcorranEff.root
hadd Source file 21: output/116574/032/jcorranEff.root
hadd Source file 17: output/116574/096/jcorranEff.root
hadd Source file 22: output/116574/178/jcorranEff.root
hadd Source file 18: output/116574/110/jcorranEff.root
hadd Source file 19: output/116574/142/jcorranEff.root
hadd Source file 20: output/116574/043/jcorranEff.root
hadd Source file 23: output/116574/049/jcorranEff.root
hadd Source file 21: output/116574/157/jcorranEff.root
hadd Source file 22: output/116574/011/jcorranEff.root
hadd Source file 24: output/116574/128/jcorranEff.root
hadd Source file 25: output/116574/062/jcorranEff.root
hadd Source file 23: output/116574/135/jcorranEff.root
hadd Source file 24: output/116574/004/jcorranEff.root
hadd Source file 26: output/116574/063/jcorranEff.root
hadd Source file 27: output/116574/115/jcorranEff.root
hadd Source file 25: output/116574/177/jcorranEff.root
hadd Source file 28: output/116574/165/jcorranEff.root
hadd Source file 26: output/116574/117/jcorranEff.root
hadd Source file 29: output/116574/166/jcorranEff.root
hadd Source file 27: output/116574/070/jcorranEff.root
hadd Source file 30: output/116574/080/jcorranEff.root
hadd Source file 28: output/116574/057/jcorranEff.root
hadd Source file 31: output/116574/150/jcorranEff.root
hadd Source file 29: output/116574/027/jcorranEff.root
hadd Source file 30: output/116574/006/jcorranEff.root
hadd Source file 31: output/116574/127/jcorranEff.root
hadd Source file 32: output/116574/095/jcorranEff.root
hadd Source file 33: output/116574/084/jcorranEff.root
hadd Source file 32: output/116574/184/jcorranEff.root
hadd Source file 33: output/116574/187/jcorranEff.root
hadd Source file 34: output/116574/114/jcorranEff.root
hadd Source file 35: output/116574/163/jcorranEff.root
hadd Source file 34: output/116574/123/jcorranEff.root
hadd Source file 36: output/116574/059/jcorranEff.root
hadd Source file 35: output/116574/129/jcorranEff.root
hadd Source file 37: output/116574/103/jcorranEff.root
hadd Source file 36: output/116574/132/jcorranEff.root
hadd Source file 38: output/116574/044/jcorranEff.root
hadd Source file 39: output/116574/015/jcorranEff.root
hadd Source file 37: output/116574/075/jcorranEff.root
hadd Source file 40: output/116574/134/jcorranEff.root
hadd Source file 38: output/116574/045/jcorranEff.root
hadd Source file 39: output/116574/104/jcorranEff.root
hadd Source file 40: output/116574/180/jcorranEff.root
hadd Source file 41: output/116574/079/jcorranEff.root
hadd Source file 41: output/116574/060/jcorranEff.root
hadd Source file 42: output/116574/148/jcorranEff.root
hadd Target path: /tmp/bschang/batch/PID13438-20140623-114428-merge-list/jcorranEff_116574.list-24164/xad.root:/
hadd Source file 42: output/116574/055/jcorranEff.root
hadd Target path: /tmp/bschang/batch/PID13438-20140623-114428-merge-list/jcorranEff_116574.list-24164/xad.root:/EffHist
hadd Source file 43: output/116574/067/jcorranEff.root
hadd Source file 44: output/116574/033/jcorranEff.root
hadd Source file 45: output/116574/171/jcorranEff.root
hadd Source file 46: output/116574/018/jcorranEff.root
hadd Source file 47: output/116574/048/jcorranEff.root
hadd Source file 48: output/116574/107/jcorranEff.root
hadd Source file 49: output/116574/156/jcorranEff.root
hadd Source file 50: output/116574/102/jcorranEff.root
hadd Target path: /tmp/bschang/batch/PID13438-20140623-114428-merge-list/jcorranEff_116574.list-24164/xab.root:/
hadd Target path: /tmp/bschang/batch/PID13438-20140623-114428-merge-list/jcorranEff_116574.list-24164/xab.root:/EffHist
hadd Target file: merged/jcorranEff_116574.list.root
hadd Source file 1: /tmp/bschang/batch/PID13438-20140623-114428-merge-list/jcorranEff_116574.list-24164/xaa.root
hadd Source file 2: /tmp/bschang/batch/PID13438-20140623-114428-merge-list/jcorranEff_116574.list-24164/xab.root
hadd Source file 3: /tmp/bschang/batch/PID13438-20140623-114428-merge-list/jcorranEff_116574.list-24164/xac.root
hadd Source file 4: /tmp/bschang/batch/PID13438-20140623-114428-merge-list/jcorranEff_116574.list-24164/xad.root
hadd Target path: merged/jcorranEff_116574.list.root:/
hadd Target path: merged/jcorranEff_116574.list.root:/EffHist
Mon Jun 23 11:44:35 EEST 2014
==== Time : 7
