INPUT : list/jcorranEff_117059.list
OUTPUT : merged/jcorranEff_117059.list.root
NCores : 4
14696
Mon Jun 23 11:45:22 EEST 2014
hadd Target file: /tmp/bschang/batch/PID14696-20140623-114522-merge-list/jcorranEff_117059.list-31767/xaa.root
hadd Source file 1: output/117059/143/jcorranEff.root
hadd Target file: /tmp/bschang/batch/PID14696-20140623-114522-merge-list/jcorranEff_117059.list-31767/xad.root
hadd Source file 1: output/117059/063/jcorranEff.root
hadd Target file: /tmp/bschang/batch/PID14696-20140623-114522-merge-list/jcorranEff_117059.list-31767/xac.root
hadd Target file: /tmp/bschang/batch/PID14696-20140623-114522-merge-list/jcorranEff_117059.list-31767/xab.root
hadd Source file 1: output/117059/173/jcorranEff.root
hadd Source file 2: output/117059/043/jcorranEff.root
hadd Source file 1: output/117059/131/jcorranEff.root
hadd Source file 3: output/117059/032/jcorranEff.root
hadd Source file 2: output/117059/126/jcorranEff.root
hadd Source file 4: output/117059/035/jcorranEff.root
hadd Source file 3: output/117059/042/jcorranEff.root
hadd Source file 5: output/117059/092/jcorranEff.root
hadd Source file 4: output/117059/165/jcorranEff.root
hadd Source file 6: output/117059/030/jcorranEff.root
hadd Source file 5: output/117059/136/jcorranEff.root
hadd Source file 2: output/117059/130/jcorranEff.root
hadd Source file 7: output/117059/080/jcorranEff.root
hadd Source file 6: output/117059/159/jcorranEff.root
hadd Source file 3: output/117059/151/jcorranEff.root
hadd Source file 8: output/117059/095/jcorranEff.root
hadd Source file 4: output/117059/106/jcorranEff.root
hadd Source file 7: output/117059/056/jcorranEff.root
hadd Source file 2: output/117059/141/jcorranEff.root
hadd Source file 5: output/117059/028/jcorranEff.root
hadd Source file 8: output/117059/052/jcorranEff.root
hadd Source file 3: output/117059/097/jcorranEff.root
hadd Source file 6: output/117059/123/jcorranEff.root
hadd Source file 9: output/117059/090/jcorranEff.root
hadd Source file 9: output/117059/021/jcorranEff.root
hadd Source file 10: output/117059/108/jcorranEff.root
hadd Source file 4: output/117059/071/jcorranEff.root
hadd Source file 7: output/117059/065/jcorranEff.root
hadd Source file 10: output/117059/001/jcorranEff.root
hadd Source file 11: output/117059/116/jcorranEff.root
hadd Source file 5: output/117059/120/jcorranEff.root
hadd Source file 8: output/117059/041/jcorranEff.root
hadd Source file 11: output/117059/051/jcorranEff.root
hadd Source file 6: output/117059/077/jcorranEff.root
hadd Source file 9: output/117059/142/jcorranEff.root
hadd Source file 12: output/117059/179/jcorranEff.root
hadd Source file 12: output/117059/122/jcorranEff.root
hadd Source file 7: output/117059/083/jcorranEff.root
hadd Source file 13: output/117059/132/jcorranEff.root
hadd Source file 13: output/117059/002/jcorranEff.root
hadd Source file 10: output/117059/010/jcorranEff.root
hadd Source file 14: output/117059/152/jcorranEff.root
hadd Source file 8: output/117059/113/jcorranEff.root
hadd Source file 11: output/117059/058/jcorranEff.root
hadd Source file 15: output/117059/045/jcorranEff.root
hadd Source file 14: output/117059/007/jcorranEff.root
hadd Source file 9: output/117059/169/jcorranEff.root
hadd Source file 12: output/117059/103/jcorranEff.root
hadd Source file 16: output/117059/074/jcorranEff.root
hadd Source file 15: output/117059/037/jcorranEff.root
hadd Source file 10: output/117059/167/jcorranEff.root
hadd Source file 17: output/117059/088/jcorranEff.root
hadd Source file 13: output/117059/102/jcorranEff.root
hadd Source file 11: output/117059/155/jcorranEff.root
hadd Source file 16: output/117059/078/jcorranEff.root
hadd Source file 18: output/117059/163/jcorranEff.root
hadd Source file 12: output/117059/008/jcorranEff.root
hadd Source file 14: output/117059/098/jcorranEff.root
hadd Source file 17: output/117059/093/jcorranEff.root
hadd Source file 19: output/117059/057/jcorranEff.root
hadd Source file 13: output/117059/038/jcorranEff.root
hadd Source file 15: output/117059/129/jcorranEff.root
hadd Source file 18: output/117059/133/jcorranEff.root
hadd Source file 16: output/117059/061/jcorranEff.root
hadd Source file 20: output/117059/156/jcorranEff.root
hadd Source file 17: output/117059/111/jcorranEff.root
hadd Source file 19: output/117059/046/jcorranEff.root
hadd Source file 14: output/117059/139/jcorranEff.root
hadd Source file 20: output/117059/066/jcorranEff.root
hadd Source file 21: output/117059/013/jcorranEff.root
hadd Source file 18: output/117059/109/jcorranEff.root
hadd Source file 15: output/117059/089/jcorranEff.root
hadd Source file 19: output/117059/011/jcorranEff.root
hadd Source file 22: output/117059/059/jcorranEff.root
hadd Source file 21: output/117059/118/jcorranEff.root
hadd Source file 16: output/117059/018/jcorranEff.root
hadd Source file 20: output/117059/075/jcorranEff.root
hadd Source file 23: output/117059/087/jcorranEff.root
hadd Source file 17: output/117059/096/jcorranEff.root
hadd Source file 22: output/117059/162/jcorranEff.root
hadd Source file 21: output/117059/135/jcorranEff.root
hadd Source file 18: output/117059/144/jcorranEff.root
hadd Source file 24: output/117059/049/jcorranEff.root
hadd Source file 23: output/117059/137/jcorranEff.root
hadd Source file 22: output/117059/039/jcorranEff.root
hadd Source file 19: output/117059/160/jcorranEff.root
hadd Source file 24: output/117059/138/jcorranEff.root
hadd Source file 20: output/117059/034/jcorranEff.root
hadd Source file 23: output/117059/115/jcorranEff.root
hadd Source file 25: output/117059/053/jcorranEff.root
hadd Source file 25: output/117059/149/jcorranEff.root
hadd Source file 24: output/117059/055/jcorranEff.root
hadd Source file 21: output/117059/112/jcorranEff.root
hadd Source file 25: output/117059/170/jcorranEff.root
hadd Source file 26: output/117059/174/jcorranEff.root
hadd Source file 26: output/117059/070/jcorranEff.root
hadd Source file 26: output/117059/084/jcorranEff.root
hadd Target path: /tmp/bschang/batch/PID14696-20140623-114522-merge-list/jcorranEff_117059.list-31767/xad.root:/
hadd Target path: /tmp/bschang/batch/PID14696-20140623-114522-merge-list/jcorranEff_117059.list-31767/xad.root:/EffHist
hadd Source file 27: output/117059/027/jcorranEff.root
hadd Source file 22: output/117059/003/jcorranEff.root
hadd Source file 27: output/117059/146/jcorranEff.root
hadd Source file 28: output/117059/091/jcorranEff.root
hadd Source file 23: output/117059/164/jcorranEff.root
hadd Source file 28: output/117059/012/jcorranEff.root
hadd Source file 29: output/117059/154/jcorranEff.root
hadd Source file 29: output/117059/005/jcorranEff.root
hadd Source file 30: output/117059/026/jcorranEff.root
hadd Source file 24: output/117059/079/jcorranEff.root
hadd Source file 30: output/117059/082/jcorranEff.root
hadd Source file 31: output/117059/168/jcorranEff.root
hadd Source file 31: output/117059/019/jcorranEff.root
hadd Source file 25: output/117059/025/jcorranEff.root
hadd Source file 26: output/117059/068/jcorranEff.root
hadd Source file 32: output/117059/172/jcorranEff.root
hadd Source file 32: output/117059/158/jcorranEff.root
hadd Source file 27: output/117059/006/jcorranEff.root
hadd Source file 33: output/117059/140/jcorranEff.root
hadd Source file 28: output/117059/145/jcorranEff.root
hadd Source file 33: output/117059/148/jcorranEff.root
hadd Source file 34: output/117059/024/jcorranEff.root
hadd Source file 29: output/117059/104/jcorranEff.root
hadd Source file 34: output/117059/054/jcorranEff.root
hadd Source file 35: output/117059/073/jcorranEff.root
hadd Source file 35: output/117059/062/jcorranEff.root
hadd Source file 30: output/117059/134/jcorranEff.root
hadd Source file 36: output/117059/117/jcorranEff.root
hadd Source file 31: output/117059/004/jcorranEff.root
hadd Source file 36: output/117059/022/jcorranEff.root
hadd Source file 37: output/117059/176/jcorranEff.root
hadd Source file 32: output/117059/067/jcorranEff.root
hadd Source file 37: output/117059/157/jcorranEff.root
hadd Source file 38: output/117059/119/jcorranEff.root
hadd Source file 33: output/117059/099/jcorranEff.root
hadd Source file 39: output/117059/036/jcorranEff.root
hadd Source file 38: output/117059/081/jcorranEff.root
hadd Source file 34: output/117059/014/jcorranEff.root
hadd Source file 40: output/117059/114/jcorranEff.root
hadd Source file 39: output/117059/100/jcorranEff.root
hadd Source file 35: output/117059/166/jcorranEff.root
hadd Source file 41: output/117059/128/jcorranEff.root
hadd Source file 40: output/117059/033/jcorranEff.root
hadd Source file 42: output/117059/177/jcorranEff.root
hadd Source file 36: output/117059/029/jcorranEff.root
hadd Source file 37: output/117059/180/jcorranEff.root
hadd Source file 41: output/117059/127/jcorranEff.root
hadd Source file 43: output/117059/094/jcorranEff.root
hadd Source file 42: output/117059/020/jcorranEff.root
hadd Source file 44: output/117059/105/jcorranEff.root
hadd Source file 38: output/117059/016/jcorranEff.root
hadd Source file 45: output/117059/147/jcorranEff.root
hadd Source file 43: output/117059/048/jcorranEff.root
hadd Source file 39: output/117059/161/jcorranEff.root
hadd Source file 46: output/117059/017/jcorranEff.root
hadd Source file 47: output/117059/040/jcorranEff.root
hadd Source file 44: output/117059/076/jcorranEff.root
hadd Source file 40: output/117059/175/jcorranEff.root
hadd Source file 41: output/117059/085/jcorranEff.root
hadd Source file 45: output/117059/086/jcorranEff.root
hadd Source file 48: output/117059/150/jcorranEff.root
hadd Source file 46: output/117059/060/jcorranEff.root
hadd Source file 42: output/117059/124/jcorranEff.root
hadd Source file 49: output/117059/009/jcorranEff.root
hadd Source file 43: output/117059/069/jcorranEff.root
hadd Source file 47: output/117059/101/jcorranEff.root
hadd Source file 50: output/117059/015/jcorranEff.root
hadd Source file 44: output/117059/110/jcorranEff.root
hadd Source file 48: output/117059/107/jcorranEff.root
hadd Target path: /tmp/bschang/batch/PID14696-20140623-114522-merge-list/jcorranEff_117059.list-31767/xac.root:/
hadd Source file 49: output/117059/023/jcorranEff.root
hadd Source file 45: output/117059/072/jcorranEff.root
hadd Target path: /tmp/bschang/batch/PID14696-20140623-114522-merge-list/jcorranEff_117059.list-31767/xac.root:/EffHist
hadd Source file 50: output/117059/171/jcorranEff.root
hadd Source file 46: output/117059/050/jcorranEff.root
hadd Target path: /tmp/bschang/batch/PID14696-20140623-114522-merge-list/jcorranEff_117059.list-31767/xaa.root:/
hadd Source file 47: output/117059/044/jcorranEff.root
hadd Target path: /tmp/bschang/batch/PID14696-20140623-114522-merge-list/jcorranEff_117059.list-31767/xaa.root:/EffHist
hadd Source file 48: output/117059/125/jcorranEff.root
hadd Source file 49: output/117059/121/jcorranEff.root
hadd Source file 50: output/117059/064/jcorranEff.root
hadd Target path: /tmp/bschang/batch/PID14696-20140623-114522-merge-list/jcorranEff_117059.list-31767/xab.root:/
hadd Target path: /tmp/bschang/batch/PID14696-20140623-114522-merge-list/jcorranEff_117059.list-31767/xab.root:/EffHist
hadd Target file: merged/jcorranEff_117059.list.root
hadd Source file 1: /tmp/bschang/batch/PID14696-20140623-114522-merge-list/jcorranEff_117059.list-31767/xaa.root
hadd Source file 2: /tmp/bschang/batch/PID14696-20140623-114522-merge-list/jcorranEff_117059.list-31767/xab.root
hadd Source file 3: /tmp/bschang/batch/PID14696-20140623-114522-merge-list/jcorranEff_117059.list-31767/xac.root
hadd Source file 4: /tmp/bschang/batch/PID14696-20140623-114522-merge-list/jcorranEff_117059.list-31767/xad.root
hadd Target path: merged/jcorranEff_117059.list.root:/
hadd Target path: merged/jcorranEff_117059.list.root:/EffHist
Mon Jun 23 11:45:28 EEST 2014
==== Time : 6
