INPUT : list/jcorranEff_117052.list
OUTPUT : merged/jcorranEff_117052.list.root
NCores : 4
14184
Mon Jun 23 11:45:05 EEST 2014
hadd Target file: /tmp/bschang/batch/PID14184-20140623-114505-merge-list/jcorranEff_117052.list-18102/xac.root
hadd Source file 1: output/117052/150/jcorranEff.root
hadd Source file 2: output/117052/023/jcorranEff.root
hadd Source file 3: output/117052/172/jcorranEff.root
hadd Source file 4: output/117052/123/jcorranEff.root
hadd Source file 5: output/117052/107/jcorranEff.root
hadd Source file 6: output/117052/070/jcorranEff.root
hadd Source file 7: output/117052/104/jcorranEff.root
hadd Source file 8: output/117052/038/jcorranEff.root
hadd Source file 9: output/117052/067/jcorranEff.root
hadd Source file 10: output/117052/087/jcorranEff.root
hadd Source file 11: output/117052/165/jcorranEff.root
hadd Source file 12: output/117052/014/jcorranEff.root
hadd Source file 13: output/117052/161/jcorranEff.root
hadd Source file 14: output/117052/114/jcorranEff.root
hadd Source file 15: output/117052/130/jcorranEff.root
hadd Source file 16: output/117052/093/jcorranEff.root
hadd Source file 17: output/117052/151/jcorranEff.root
hadd Source file 18: output/117052/049/jcorranEff.root
hadd Source file 19: output/117052/058/jcorranEff.root
hadd Source file 20: output/117052/006/jcorranEff.root
hadd Source file 21: output/117052/160/jcorranEff.root
hadd Source file 22: output/117052/027/jcorranEff.root
hadd Source file 23: output/117052/171/jcorranEff.root
hadd Source file 24: output/117052/098/jcorranEff.root
hadd Source file 25: output/117052/148/jcorranEff.root
hadd Source file 26: output/117052/143/jcorranEff.root
hadd Source file 27: output/117052/113/jcorranEff.root
hadd Source file 28: output/117052/181/jcorranEff.root
hadd Source file 29: output/117052/118/jcorranEff.root
hadd Source file 30: output/117052/059/jcorranEff.root
hadd Source file 31: output/117052/164/jcorranEff.root
hadd Source file 32: output/117052/131/jcorranEff.root
hadd Source file 33: output/117052/144/jcorranEff.root
hadd Target file: /tmp/bschang/batch/PID14184-20140623-114505-merge-list/jcorranEff_117052.list-18102/xaa.root
hadd Source file 1: output/117052/077/jcorranEff.root
hadd Target file: /tmp/bschang/batch/PID14184-20140623-114505-merge-list/jcorranEff_117052.list-18102/xad.root
hadd Source file 34: output/117052/046/jcorranEff.root
hadd Source file 35: output/117052/158/jcorranEff.root
hadd Source file 1: output/117052/045/jcorranEff.root
hadd Source file 36: output/117052/036/jcorranEff.root
hadd Source file 37: output/117052/139/jcorranEff.root
hadd Source file 2: output/117052/024/jcorranEff.root
hadd Source file 3: output/117052/125/jcorranEff.root
hadd Source file 2: output/117052/091/jcorranEff.root
hadd Source file 38: output/117052/096/jcorranEff.root
hadd Source file 4: output/117052/106/jcorranEff.root
hadd Source file 3: output/117052/105/jcorranEff.root
hadd Source file 5: output/117052/026/jcorranEff.root
hadd Source file 39: output/117052/009/jcorranEff.root
hadd Source file 4: output/117052/002/jcorranEff.root
hadd Source file 40: output/117052/180/jcorranEff.root
hadd Source file 6: output/117052/088/jcorranEff.root
hadd Target file: /tmp/bschang/batch/PID14184-20140623-114505-merge-list/jcorranEff_117052.list-18102/xab.root
hadd Source file 5: output/117052/137/jcorranEff.root
hadd Source file 41: output/117052/072/jcorranEff.root
hadd Source file 6: output/117052/120/jcorranEff.root
hadd Source file 7: output/117052/080/jcorranEff.root
hadd Source file 1: output/117052/175/jcorranEff.root
hadd Source file 42: output/117052/063/jcorranEff.root
hadd Source file 8: output/117052/184/jcorranEff.root
hadd Source file 7: output/117052/146/jcorranEff.root
hadd Source file 8: output/117052/073/jcorranEff.root
hadd Source file 43: output/117052/103/jcorranEff.root
hadd Source file 9: output/117052/173/jcorranEff.root
hadd Source file 10: output/117052/025/jcorranEff.root
hadd Source file 9: output/117052/183/jcorranEff.root
hadd Source file 11: output/117052/061/jcorranEff.root
hadd Source file 10: output/117052/086/jcorranEff.root
hadd Source file 12: output/117052/030/jcorranEff.root
hadd Source file 11: output/117052/112/jcorranEff.root
hadd Source file 44: output/117052/099/jcorranEff.root
hadd Source file 2: output/117052/110/jcorranEff.root
hadd Source file 45: output/117052/041/jcorranEff.root
hadd Source file 13: output/117052/162/jcorranEff.root
hadd Source file 3: output/117052/057/jcorranEff.root
hadd Source file 12: output/117052/042/jcorranEff.root
hadd Source file 14: output/117052/037/jcorranEff.root
hadd Source file 46: output/117052/167/jcorranEff.root
hadd Source file 13: output/117052/108/jcorranEff.root
hadd Source file 15: output/117052/033/jcorranEff.root
hadd Source file 4: output/117052/017/jcorranEff.root
hadd Source file 47: output/117052/090/jcorranEff.root
hadd Source file 5: output/117052/155/jcorranEff.root
hadd Source file 14: output/117052/076/jcorranEff.root
hadd Source file 16: output/117052/145/jcorranEff.root
hadd Source file 6: output/117052/078/jcorranEff.root
hadd Source file 17: output/117052/034/jcorranEff.root
hadd Source file 15: output/117052/154/jcorranEff.root
hadd Source file 7: output/117052/018/jcorranEff.root
hadd Source file 48: output/117052/157/jcorranEff.root
hadd Source file 16: output/117052/138/jcorranEff.root
hadd Source file 18: output/117052/082/jcorranEff.root
hadd Source file 8: output/117052/066/jcorranEff.root
hadd Source file 49: output/117052/166/jcorranEff.root
hadd Source file 19: output/117052/011/jcorranEff.root
hadd Source file 17: output/117052/135/jcorranEff.root
hadd Source file 20: output/117052/097/jcorranEff.root
hadd Source file 9: output/117052/109/jcorranEff.root
hadd Source file 50: output/117052/008/jcorranEff.root
hadd Source file 21: output/117052/031/jcorranEff.root
hadd Source file 18: output/117052/032/jcorranEff.root
hadd Source file 10: output/117052/040/jcorranEff.root
hadd Target path: /tmp/bschang/batch/PID14184-20140623-114505-merge-list/jcorranEff_117052.list-18102/xac.root:/
hadd Source file 11: output/117052/022/jcorranEff.root
hadd Source file 19: output/117052/001/jcorranEff.root
hadd Target path: /tmp/bschang/batch/PID14184-20140623-114505-merge-list/jcorranEff_117052.list-18102/xac.root:/EffHist
hadd Source file 20: output/117052/116/jcorranEff.root
hadd Source file 12: output/117052/039/jcorranEff.root
hadd Source file 22: output/117052/092/jcorranEff.root
hadd Source file 13: output/117052/055/jcorranEff.root
hadd Source file 23: output/117052/156/jcorranEff.root
hadd Source file 21: output/117052/004/jcorranEff.root
hadd Source file 14: output/117052/029/jcorranEff.root
hadd Source file 24: output/117052/163/jcorranEff.root
hadd Source file 22: output/117052/013/jcorranEff.root
hadd Source file 25: output/117052/153/jcorranEff.root
hadd Source file 15: output/117052/149/jcorranEff.root
hadd Source file 23: output/117052/021/jcorranEff.root
hadd Source file 16: output/117052/068/jcorranEff.root
hadd Source file 24: output/117052/136/jcorranEff.root
hadd Source file 26: output/117052/069/jcorranEff.root
hadd Source file 25: output/117052/121/jcorranEff.root
hadd Source file 17: output/117052/126/jcorranEff.root
hadd Source file 26: output/117052/117/jcorranEff.root
hadd Source file 27: output/117052/081/jcorranEff.root
hadd Source file 27: output/117052/052/jcorranEff.root
hadd Source file 28: output/117052/044/jcorranEff.root
hadd Source file 18: output/117052/056/jcorranEff.root
hadd Source file 28: output/117052/089/jcorranEff.root
hadd Source file 29: output/117052/152/jcorranEff.root
hadd Source file 19: output/117052/134/jcorranEff.root
hadd Source file 29: output/117052/035/jcorranEff.root
hadd Source file 30: output/117052/062/jcorranEff.root
hadd Source file 30: output/117052/054/jcorranEff.root
hadd Source file 20: output/117052/170/jcorranEff.root
hadd Source file 31: output/117052/050/jcorranEff.root
hadd Source file 21: output/117052/129/jcorranEff.root
hadd Source file 31: output/117052/053/jcorranEff.root
hadd Source file 32: output/117052/177/jcorranEff.root
hadd Source file 22: output/117052/102/jcorranEff.root
hadd Source file 32: output/117052/016/jcorranEff.root
hadd Source file 23: output/117052/064/jcorranEff.root
hadd Source file 33: output/117052/074/jcorranEff.root
hadd Source file 34: output/117052/119/jcorranEff.root
hadd Source file 24: output/117052/128/jcorranEff.root
hadd Target path: /tmp/bschang/batch/PID14184-20140623-114505-merge-list/jcorranEff_117052.list-18102/xad.root:/
hadd Target path: /tmp/bschang/batch/PID14184-20140623-114505-merge-list/jcorranEff_117052.list-18102/xad.root:/EffHist
hadd Source file 25: output/117052/111/jcorranEff.root
hadd Source file 35: output/117052/015/jcorranEff.root
hadd Source file 26: output/117052/075/jcorranEff.root
hadd Source file 36: output/117052/122/jcorranEff.root
hadd Source file 27: output/117052/100/jcorranEff.root
hadd Source file 28: output/117052/174/jcorranEff.root
hadd Source file 37: output/117052/095/jcorranEff.root
hadd Source file 29: output/117052/115/jcorranEff.root
hadd Source file 30: output/117052/132/jcorranEff.root
hadd Source file 31: output/117052/127/jcorranEff.root
hadd Source file 32: output/117052/179/jcorranEff.root
hadd Source file 38: output/117052/003/jcorranEff.root
hadd Source file 39: output/117052/028/jcorranEff.root
hadd Source file 33: output/117052/141/jcorranEff.root
hadd Source file 40: output/117052/012/jcorranEff.root
hadd Source file 34: output/117052/142/jcorranEff.root
hadd Source file 35: output/117052/051/jcorranEff.root
hadd Source file 41: output/117052/147/jcorranEff.root
hadd Source file 42: output/117052/060/jcorranEff.root
hadd Source file 36: output/117052/101/jcorranEff.root
hadd Source file 43: output/117052/133/jcorranEff.root
hadd Source file 44: output/117052/168/jcorranEff.root
hadd Source file 45: output/117052/047/jcorranEff.root
hadd Source file 37: output/117052/085/jcorranEff.root
hadd Source file 46: output/117052/083/jcorranEff.root
hadd Source file 38: output/117052/048/jcorranEff.root
hadd Source file 47: output/117052/005/jcorranEff.root
hadd Source file 39: output/117052/159/jcorranEff.root
hadd Source file 48: output/117052/084/jcorranEff.root
hadd Source file 49: output/117052/020/jcorranEff.root
hadd Source file 40: output/117052/169/jcorranEff.root
hadd Source file 41: output/117052/176/jcorranEff.root
hadd Source file 50: output/117052/124/jcorranEff.root
hadd Target path: /tmp/bschang/batch/PID14184-20140623-114505-merge-list/jcorranEff_117052.list-18102/xaa.root:/
hadd Target path: /tmp/bschang/batch/PID14184-20140623-114505-merge-list/jcorranEff_117052.list-18102/xaa.root:/EffHist
hadd Source file 42: output/117052/094/jcorranEff.root
hadd Source file 43: output/117052/065/jcorranEff.root
hadd Source file 44: output/117052/043/jcorranEff.root
hadd Source file 45: output/117052/182/jcorranEff.root
hadd Source file 46: output/117052/079/jcorranEff.root
hadd Source file 47: output/117052/140/jcorranEff.root
hadd Source file 48: output/117052/007/jcorranEff.root
hadd Source file 49: output/117052/071/jcorranEff.root
hadd Source file 50: output/117052/019/jcorranEff.root
hadd Target path: /tmp/bschang/batch/PID14184-20140623-114505-merge-list/jcorranEff_117052.list-18102/xab.root:/
hadd Target path: /tmp/bschang/batch/PID14184-20140623-114505-merge-list/jcorranEff_117052.list-18102/xab.root:/EffHist
hadd Target file: merged/jcorranEff_117052.list.root
hadd Source file 1: /tmp/bschang/batch/PID14184-20140623-114505-merge-list/jcorranEff_117052.list-18102/xaa.root
hadd Source file 2: /tmp/bschang/batch/PID14184-20140623-114505-merge-list/jcorranEff_117052.list-18102/xab.root
hadd Source file 3: /tmp/bschang/batch/PID14184-20140623-114505-merge-list/jcorranEff_117052.list-18102/xac.root
hadd Source file 4: /tmp/bschang/batch/PID14184-20140623-114505-merge-list/jcorranEff_117052.list-18102/xad.root
hadd Target path: merged/jcorranEff_117052.list.root:/
hadd Target path: merged/jcorranEff_117052.list.root:/EffHist
Mon Jun 23 11:45:12 EEST 2014
==== Time : 7
