INPUT : list/jcorranEff_117109.list
OUTPUT : merged/jcorranEff_117109.list.root
NCores : 4
15660
Mon Jun 23 11:46:05 EEST 2014
hadd Target file: /tmp/bschang/batch/PID15660-20140623-114605-merge-list/jcorranEff_117109.list-9512/xab.root
hadd Target file: /tmp/bschang/batch/PID15660-20140623-114605-merge-list/jcorranEff_117109.list-9512/xaa.root
hadd Target file: /tmp/bschang/batch/PID15660-20140623-114605-merge-list/jcorranEff_117109.list-9512/xac.root
hadd Source file 1: output/117109/049/jcorranEff.root
hadd Source file 1: output/117109/214/jcorranEff.root
hadd Source file 1: output/117109/038/jcorranEff.root
hadd Source file 2: output/117109/320/jcorranEff.root
hadd Source file 3: output/117109/241/jcorranEff.root
hadd Source file 4: output/117109/132/jcorranEff.root
hadd Source file 5: output/117109/037/jcorranEff.root
hadd Source file 6: output/117109/253/jcorranEff.root
hadd Source file 2: output/117109/254/jcorranEff.root
hadd Source file 2: output/117109/001/jcorranEff.root
hadd Source file 3: output/117109/044/jcorranEff.root
hadd Source file 7: output/117109/297/jcorranEff.root
hadd Source file 3: output/117109/209/jcorranEff.root
hadd Source file 8: output/117109/229/jcorranEff.root
hadd Source file 4: output/117109/114/jcorranEff.root
hadd Source file 4: output/117109/104/jcorranEff.root
hadd Source file 9: output/117109/228/jcorranEff.root
hadd Source file 5: output/117109/017/jcorranEff.root
hadd Source file 5: output/117109/190/jcorranEff.root
hadd Source file 10: output/117109/325/jcorranEff.root
hadd Source file 6: output/117109/341/jcorranEff.root
hadd Source file 6: output/117109/252/jcorranEff.root
hadd Source file 7: output/117109/175/jcorranEff.root
hadd Source file 7: output/117109/039/jcorranEff.root
hadd Source file 11: output/117109/339/jcorranEff.root
hadd Source file 8: output/117109/300/jcorranEff.root
hadd Source file 12: output/117109/303/jcorranEff.root
hadd Source file 8: output/117109/328/jcorranEff.root
hadd Source file 9: output/117109/131/jcorranEff.root
hadd Source file 9: output/117109/278/jcorranEff.root
hadd Target file: /tmp/bschang/batch/PID15660-20140623-114605-merge-list/jcorranEff_117109.list-9512/xad.root
hadd Source file 10: output/117109/313/jcorranEff.root
hadd Source file 13: output/117109/332/jcorranEff.root
hadd Source file 10: output/117109/018/jcorranEff.root
hadd Source file 1: output/117109/137/jcorranEff.root
hadd Source file 11: output/117109/066/jcorranEff.root
hadd Source file 11: output/117109/036/jcorranEff.root
hadd Source file 14: output/117109/340/jcorranEff.root
hadd Source file 15: output/117109/301/jcorranEff.root
hadd Source file 12: output/117109/031/jcorranEff.root
hadd Source file 12: output/117109/153/jcorranEff.root
hadd Source file 16: output/117109/004/jcorranEff.root
hadd Source file 13: output/117109/002/jcorranEff.root
hadd Source file 13: output/117109/272/jcorranEff.root
hadd Source file 2: output/117109/090/jcorranEff.root
hadd Source file 14: output/117109/063/jcorranEff.root
hadd Source file 17: output/117109/122/jcorranEff.root
hadd Source file 14: output/117109/347/jcorranEff.root
hadd Source file 3: output/117109/196/jcorranEff.root
hadd Source file 15: output/117109/087/jcorranEff.root
hadd Source file 18: output/117109/314/jcorranEff.root
hadd Source file 15: output/117109/047/jcorranEff.root
hadd Source file 4: output/117109/005/jcorranEff.root
hadd Source file 16: output/117109/124/jcorranEff.root
hadd Source file 16: output/117109/342/jcorranEff.root
hadd Source file 19: output/117109/013/jcorranEff.root
hadd Source file 5: output/117109/008/jcorranEff.root
hadd Source file 17: output/117109/076/jcorranEff.root
hadd Source file 20: output/117109/343/jcorranEff.root
hadd Source file 17: output/117109/020/jcorranEff.root
hadd Source file 6: output/117109/236/jcorranEff.root
hadd Source file 18: output/117109/158/jcorranEff.root
hadd Source file 7: output/117109/247/jcorranEff.root
hadd Source file 21: output/117109/007/jcorranEff.root
hadd Source file 18: output/117109/307/jcorranEff.root
hadd Source file 22: output/117109/207/jcorranEff.root
hadd Source file 8: output/117109/054/jcorranEff.root
hadd Source file 19: output/117109/284/jcorranEff.root
hadd Source file 23: output/117109/204/jcorranEff.root
hadd Source file 19: output/117109/072/jcorranEff.root
hadd Source file 9: output/117109/052/jcorranEff.root
hadd Source file 20: output/117109/183/jcorranEff.root
hadd Source file 20: output/117109/125/jcorranEff.root
hadd Source file 24: output/117109/061/jcorranEff.root
hadd Source file 10: output/117109/083/jcorranEff.root
hadd Source file 21: output/117109/290/jcorranEff.root
hadd Source file 21: output/117109/128/jcorranEff.root
hadd Source file 22: output/117109/162/jcorranEff.root
hadd Source file 25: output/117109/096/jcorranEff.root
hadd Source file 23: output/117109/154/jcorranEff.root
hadd Source file 11: output/117109/048/jcorranEff.root
hadd Source file 22: output/117109/277/jcorranEff.root
hadd Source file 26: output/117109/274/jcorranEff.root
hadd Source file 24: output/117109/170/jcorranEff.root
hadd Source file 23: output/117109/103/jcorranEff.root
hadd Source file 12: output/117109/172/jcorranEff.root
hadd Source file 24: output/117109/309/jcorranEff.root
hadd Source file 27: output/117109/178/jcorranEff.root
hadd Source file 25: output/117109/244/jcorranEff.root
hadd Source file 26: output/117109/308/jcorranEff.root
hadd Source file 25: output/117109/159/jcorranEff.root
hadd Source file 13: output/117109/107/jcorranEff.root
hadd Source file 28: output/117109/055/jcorranEff.root
hadd Source file 14: output/117109/182/jcorranEff.root
hadd Source file 27: output/117109/317/jcorranEff.root
hadd Source file 26: output/117109/084/jcorranEff.root
hadd Source file 28: output/117109/023/jcorranEff.root
hadd Source file 29: output/117109/200/jcorranEff.root
hadd Source file 15: output/117109/056/jcorranEff.root
hadd Source file 27: output/117109/139/jcorranEff.root
hadd Source file 30: output/117109/256/jcorranEff.root
hadd Source file 16: output/117109/165/jcorranEff.root
hadd Source file 29: output/117109/203/jcorranEff.root
hadd Source file 17: output/117109/171/jcorranEff.root
hadd Source file 30: output/117109/192/jcorranEff.root
hadd Source file 28: output/117109/273/jcorranEff.root
hadd Source file 31: output/117109/181/jcorranEff.root
hadd Source file 32: output/117109/344/jcorranEff.root
hadd Source file 18: output/117109/111/jcorranEff.root
hadd Source file 29: output/117109/099/jcorranEff.root
hadd Source file 31: output/117109/106/jcorranEff.root
hadd Source file 19: output/117109/010/jcorranEff.root
hadd Source file 33: output/117109/259/jcorranEff.root
hadd Source file 32: output/117109/222/jcorranEff.root
hadd Source file 20: output/117109/230/jcorranEff.root
hadd Source file 21: output/117109/248/jcorranEff.root
hadd Source file 33: output/117109/333/jcorranEff.root
hadd Source file 34: output/117109/026/jcorranEff.root
hadd Source file 30: output/117109/191/jcorranEff.root
hadd Source file 34: output/117109/279/jcorranEff.root
hadd Source file 35: output/117109/310/jcorranEff.root
hadd Source file 35: output/117109/011/jcorranEff.root
hadd Source file 22: output/117109/051/jcorranEff.root
hadd Source file 31: output/117109/151/jcorranEff.root
hadd Source file 36: output/117109/329/jcorranEff.root
hadd Source file 23: output/117109/319/jcorranEff.root
hadd Source file 37: output/117109/028/jcorranEff.root
hadd Source file 36: output/117109/041/jcorranEff.root
hadd Source file 32: output/117109/306/jcorranEff.root
hadd Source file 38: output/117109/130/jcorranEff.root
hadd Source file 24: output/117109/003/jcorranEff.root
hadd Source file 33: output/117109/276/jcorranEff.root
hadd Source file 25: output/117109/267/jcorranEff.root
hadd Source file 39: output/117109/234/jcorranEff.root
hadd Source file 34: output/117109/016/jcorranEff.root
hadd Source file 37: output/117109/211/jcorranEff.root
hadd Source file 40: output/117109/337/jcorranEff.root
hadd Source file 38: output/117109/108/jcorranEff.root
hadd Source file 26: output/117109/184/jcorranEff.root
hadd Source file 41: output/117109/095/jcorranEff.root
hadd Source file 39: output/117109/283/jcorranEff.root
hadd Source file 27: output/117109/239/jcorranEff.root
hadd Source file 35: output/117109/186/jcorranEff.root
hadd Source file 40: output/117109/120/jcorranEff.root
hadd Source file 42: output/117109/102/jcorranEff.root
hadd Source file 28: output/117109/043/jcorranEff.root
hadd Source file 36: output/117109/291/jcorranEff.root
hadd Source file 41: output/117109/296/jcorranEff.root
hadd Source file 29: output/117109/261/jcorranEff.root
hadd Source file 30: output/117109/212/jcorranEff.root
hadd Source file 42: output/117109/264/jcorranEff.root
hadd Source file 37: output/117109/148/jcorranEff.root
hadd Source file 43: output/117109/305/jcorranEff.root
hadd Source file 43: output/117109/168/jcorranEff.root
hadd Source file 31: output/117109/289/jcorranEff.root
hadd Source file 38: output/117109/195/jcorranEff.root
hadd Source file 44: output/117109/050/jcorranEff.root
hadd Source file 44: output/117109/268/jcorranEff.root
hadd Source file 32: output/117109/173/jcorranEff.root
hadd Source file 45: output/117109/227/jcorranEff.root
hadd Source file 45: output/117109/213/jcorranEff.root
hadd Source file 39: output/117109/269/jcorranEff.root
hadd Source file 33: output/117109/097/jcorranEff.root
hadd Source file 46: output/117109/109/jcorranEff.root
hadd Source file 46: output/117109/065/jcorranEff.root
hadd Source file 34: output/117109/113/jcorranEff.root
hadd Source file 47: output/117109/133/jcorranEff.root
hadd Source file 40: output/117109/019/jcorranEff.root
hadd Source file 47: output/117109/221/jcorranEff.root
hadd Source file 48: output/117109/059/jcorranEff.root
hadd Source file 35: output/117109/080/jcorranEff.root
hadd Source file 48: output/117109/335/jcorranEff.root
hadd Source file 49: output/117109/326/jcorranEff.root
hadd Source file 41: output/117109/251/jcorranEff.root
hadd Source file 36: output/117109/258/jcorranEff.root
hadd Source file 49: output/117109/260/jcorranEff.root
hadd Source file 37: output/117109/121/jcorranEff.root
hadd Source file 50: output/117109/134/jcorranEff.root
hadd Source file 42: output/117109/022/jcorranEff.root
hadd Source file 50: output/117109/294/jcorranEff.root
hadd Target path: /tmp/bschang/batch/PID15660-20140623-114605-merge-list/jcorranEff_117109.list-9512/xaa.root:/
hadd Source file 38: output/117109/321/jcorranEff.root
hadd Source file 43: output/117109/152/jcorranEff.root
hadd Source file 39: output/117109/077/jcorranEff.root
hadd Target path: /tmp/bschang/batch/PID15660-20140623-114605-merge-list/jcorranEff_117109.list-9512/xab.root:/
hadd Target path: /tmp/bschang/batch/PID15660-20140623-114605-merge-list/jcorranEff_117109.list-9512/xaa.root:/EffHist
hadd Source file 44: output/117109/145/jcorranEff.root
hadd Target path: /tmp/bschang/batch/PID15660-20140623-114605-merge-list/jcorranEff_117109.list-9512/xab.root:/EffHist
hadd Source file 40: output/117109/174/jcorranEff.root
hadd Source file 45: output/117109/298/jcorranEff.root
hadd Source file 41: output/117109/205/jcorranEff.root
hadd Source file 42: output/117109/265/jcorranEff.root
hadd Source file 43: output/117109/350/jcorranEff.root
hadd Source file 44: output/117109/334/jcorranEff.root
hadd Source file 45: output/117109/161/jcorranEff.root
hadd Source file 46: output/117109/188/jcorranEff.root
hadd Source file 47: output/117109/089/jcorranEff.root
hadd Source file 46: output/117109/219/jcorranEff.root
hadd Source file 48: output/117109/220/jcorranEff.root
hadd Source file 47: output/117109/012/jcorranEff.root
hadd Source file 49: output/117109/231/jcorranEff.root
hadd Source file 48: output/117109/232/jcorranEff.root
hadd Source file 50: output/117109/060/jcorranEff.root
hadd Source file 49: output/117109/312/jcorranEff.root
hadd Target path: /tmp/bschang/batch/PID15660-20140623-114605-merge-list/jcorranEff_117109.list-9512/xac.root:/
hadd Source file 50: output/117109/101/jcorranEff.root
hadd Target path: /tmp/bschang/batch/PID15660-20140623-114605-merge-list/jcorranEff_117109.list-9512/xad.root:/
hadd Target path: /tmp/bschang/batch/PID15660-20140623-114605-merge-list/jcorranEff_117109.list-9512/xac.root:/EffHist
hadd Target path: /tmp/bschang/batch/PID15660-20140623-114605-merge-list/jcorranEff_117109.list-9512/xad.root:/EffHist
hadd Target file: /tmp/bschang/batch/PID15660-20140623-114605-merge-list/jcorranEff_117109.list-9512/xae.root
hadd Source file 1: output/117109/348/jcorranEff.root
hadd Source file 2: output/117109/029/jcorranEff.root
hadd Source file 3: output/117109/074/jcorranEff.root
hadd Target file: /tmp/bschang/batch/PID15660-20140623-114605-merge-list/jcorranEff_117109.list-9512/xaf.root
hadd Source file 4: output/117109/169/jcorranEff.root
hadd Source file 1: output/117109/118/jcorranEff.root
hadd Source file 5: output/117109/144/jcorranEff.root
hadd Source file 6: output/117109/093/jcorranEff.root
hadd Source file 7: output/117109/210/jcorranEff.root
hadd Source file 8: output/117109/263/jcorranEff.root
hadd Source file 9: output/117109/156/jcorranEff.root
hadd Source file 10: output/117109/249/jcorranEff.root
hadd Source file 2: output/117109/281/jcorranEff.root
hadd Source file 3: output/117109/146/jcorranEff.root
hadd Source file 11: output/117109/067/jcorranEff.root
hadd Source file 4: output/117109/292/jcorranEff.root
hadd Source file 12: output/117109/070/jcorranEff.root
hadd Source file 5: output/117109/006/jcorranEff.root
hadd Target file: /tmp/bschang/batch/PID15660-20140623-114605-merge-list/jcorranEff_117109.list-9512/xag.root
hadd Source file 13: output/117109/069/jcorranEff.root
hadd Source file 6: output/117109/293/jcorranEff.root
hadd Source file 7: output/117109/179/jcorranEff.root
hadd Source file 14: output/117109/185/jcorranEff.root
hadd Source file 8: output/117109/285/jcorranEff.root
hadd Source file 1: output/117109/073/jcorranEff.root
hadd Source file 9: output/117109/135/jcorranEff.root
hadd Source file 15: output/117109/164/jcorranEff.root
hadd Source file 10: output/117109/064/jcorranEff.root
hadd Source file 16: output/117109/199/jcorranEff.root
hadd Source file 11: output/117109/092/jcorranEff.root
hadd Source file 17: output/117109/299/jcorranEff.root
hadd Source file 12: output/117109/235/jcorranEff.root
hadd Source file 2: output/117109/270/jcorranEff.root
hadd Source file 13: output/117109/082/jcorranEff.root
hadd Source file 3: output/117109/287/jcorranEff.root
hadd Source file 18: output/117109/034/jcorranEff.root
hadd Source file 4: output/117109/091/jcorranEff.root
hadd Source file 19: output/117109/352/jcorranEff.root
hadd Source file 14: output/117109/215/jcorranEff.root
hadd Source file 15: output/117109/166/jcorranEff.root
hadd Source file 20: output/117109/316/jcorranEff.root
hadd Source file 5: output/117109/304/jcorranEff.root
hadd Source file 6: output/117109/198/jcorranEff.root
hadd Source file 16: output/117109/024/jcorranEff.root
hadd Source file 21: output/117109/315/jcorranEff.root
hadd Source file 22: output/117109/266/jcorranEff.root
hadd Source file 17: output/117109/032/jcorranEff.root
hadd Source file 23: output/117109/141/jcorranEff.root
hadd Source file 7: output/117109/021/jcorranEff.root
hadd Source file 18: output/117109/027/jcorranEff.root
hadd Source file 24: output/117109/140/jcorranEff.root
hadd Source file 8: output/117109/079/jcorranEff.root
hadd Source file 19: output/117109/194/jcorranEff.root
hadd Source file 25: output/117109/123/jcorranEff.root
hadd Source file 9: output/117109/136/jcorranEff.root
hadd Source file 20: output/117109/085/jcorranEff.root
hadd Source file 10: output/117109/349/jcorranEff.root
hadd Source file 11: output/117109/177/jcorranEff.root
hadd Source file 26: output/117109/117/jcorranEff.root
hadd Source file 21: output/117109/346/jcorranEff.root
hadd Source file 27: output/117109/223/jcorranEff.root
hadd Source file 12: output/117109/336/jcorranEff.root
hadd Source file 13: output/117109/353/jcorranEff.root
hadd Source file 28: output/117109/330/jcorranEff.root
hadd Source file 22: output/117109/033/jcorranEff.root
hadd Source file 14: output/117109/058/jcorranEff.root
hadd Source file 29: output/117109/129/jcorranEff.root
hadd Source file 30: output/117109/288/jcorranEff.root
hadd Source file 15: output/117109/046/jcorranEff.root
hadd Source file 23: output/117109/110/jcorranEff.root
hadd Source file 24: output/117109/157/jcorranEff.root
hadd Source file 31: output/117109/081/jcorranEff.root
hadd Source file 16: output/117109/311/jcorranEff.root
hadd Source file 25: output/117109/142/jcorranEff.root
hadd Source file 32: output/117109/035/jcorranEff.root
hadd Source file 17: output/117109/155/jcorranEff.root
hadd Source file 26: output/117109/262/jcorranEff.root
hadd Source file 27: output/117109/167/jcorranEff.root
hadd Source file 33: output/117109/218/jcorranEff.root
hadd Source file 28: output/117109/345/jcorranEff.root
hadd Source file 18: output/117109/025/jcorranEff.root
hadd Source file 34: output/117109/100/jcorranEff.root
hadd Source file 19: output/117109/057/jcorranEff.root
hadd Source file 29: output/117109/224/jcorranEff.root
hadd Source file 35: output/117109/189/jcorranEff.root
hadd Source file 20: output/117109/112/jcorranEff.root
hadd Source file 36: output/117109/225/jcorranEff.root
hadd Source file 21: output/117109/242/jcorranEff.root
hadd Source file 22: output/117109/250/jcorranEff.root
hadd Source file 37: output/117109/078/jcorranEff.root
hadd Source file 38: output/117109/030/jcorranEff.root
hadd Source file 30: output/117109/187/jcorranEff.root
hadd Source file 23: output/117109/042/jcorranEff.root
hadd Source file 31: output/117109/233/jcorranEff.root
hadd Source file 32: output/117109/208/jcorranEff.root
hadd Source file 39: output/117109/115/jcorranEff.root
hadd Source file 24: output/117109/014/jcorranEff.root
hadd Source file 40: output/117109/088/jcorranEff.root
hadd Source file 33: output/117109/331/jcorranEff.root
hadd Source file 25: output/117109/202/jcorranEff.root
hadd Source file 41: output/117109/176/jcorranEff.root
hadd Source file 34: output/117109/257/jcorranEff.root
hadd Source file 26: output/117109/098/jcorranEff.root
hadd Source file 42: output/117109/245/jcorranEff.root
hadd Source file 35: output/117109/068/jcorranEff.root
hadd Source file 43: output/117109/045/jcorranEff.root
hadd Source file 27: output/117109/217/jcorranEff.root
hadd Source file 36: output/117109/119/jcorranEff.root
hadd Source file 28: output/117109/216/jcorranEff.root
hadd Source file 44: output/117109/126/jcorranEff.root
hadd Source file 37: output/117109/094/jcorranEff.root
hadd Source file 45: output/117109/147/jcorranEff.root
hadd Source file 29: output/117109/086/jcorranEff.root
hadd Source file 46: output/117109/226/jcorranEff.root
hadd Source file 30: output/117109/071/jcorranEff.root
hadd Source file 38: output/117109/053/jcorranEff.root
hadd Source file 31: output/117109/143/jcorranEff.root
hadd Source file 47: output/117109/206/jcorranEff.root
hadd Source file 39: output/117109/116/jcorranEff.root
hadd Source file 32: output/117109/150/jcorranEff.root
hadd Source file 48: output/117109/149/jcorranEff.root
hadd Source file 40: output/117109/160/jcorranEff.root
hadd Source file 41: output/117109/322/jcorranEff.root
hadd Source file 49: output/117109/280/jcorranEff.root
hadd Source file 33: output/117109/015/jcorranEff.root
hadd Source file 42: output/117109/193/jcorranEff.root
hadd Source file 43: output/117109/271/jcorranEff.root
hadd Source file 50: output/117109/075/jcorranEff.root
hadd Source file 34: output/117109/127/jcorranEff.root
hadd Source file 44: output/117109/338/jcorranEff.root
hadd Source file 45: output/117109/282/jcorranEff.root
hadd Source file 35: output/117109/238/jcorranEff.root
hadd Target path: /tmp/bschang/batch/PID15660-20140623-114605-merge-list/jcorranEff_117109.list-9512/xae.root:/
hadd Source file 46: output/117109/323/jcorranEff.root
hadd Source file 36: output/117109/275/jcorranEff.root
hadd Source file 47: output/117109/246/jcorranEff.root
hadd Target path: /tmp/bschang/batch/PID15660-20140623-114605-merge-list/jcorranEff_117109.list-9512/xae.root:/EffHist
hadd Source file 37: output/117109/255/jcorranEff.root
hadd Source file 48: output/117109/318/jcorranEff.root
hadd Source file 38: output/117109/324/jcorranEff.root
hadd Source file 49: output/117109/009/jcorranEff.root
hadd Source file 39: output/117109/062/jcorranEff.root
hadd Source file 50: output/117109/240/jcorranEff.root
hadd Source file 40: output/117109/040/jcorranEff.root
hadd Target path: /tmp/bschang/batch/PID15660-20140623-114605-merge-list/jcorranEff_117109.list-9512/xaf.root:/
hadd Source file 41: output/117109/105/jcorranEff.root
hadd Target path: /tmp/bschang/batch/PID15660-20140623-114605-merge-list/jcorranEff_117109.list-9512/xaf.root:/EffHist
hadd Source file 42: output/117109/286/jcorranEff.root
hadd Source file 43: output/117109/237/jcorranEff.root
hadd Source file 44: output/117109/163/jcorranEff.root
hadd Source file 45: output/117109/243/jcorranEff.root
hadd Source file 46: output/117109/180/jcorranEff.root
hadd Source file 47: output/117109/327/jcorranEff.root
hadd Target path: /tmp/bschang/batch/PID15660-20140623-114605-merge-list/jcorranEff_117109.list-9512/xag.root:/
hadd Target path: /tmp/bschang/batch/PID15660-20140623-114605-merge-list/jcorranEff_117109.list-9512/xag.root:/EffHist
hadd Target file: merged/jcorranEff_117109.list.root
hadd Source file 1: /tmp/bschang/batch/PID15660-20140623-114605-merge-list/jcorranEff_117109.list-9512/xaa.root
hadd Source file 2: /tmp/bschang/batch/PID15660-20140623-114605-merge-list/jcorranEff_117109.list-9512/xab.root
hadd Source file 3: /tmp/bschang/batch/PID15660-20140623-114605-merge-list/jcorranEff_117109.list-9512/xac.root
hadd Source file 4: /tmp/bschang/batch/PID15660-20140623-114605-merge-list/jcorranEff_117109.list-9512/xad.root
hadd Source file 5: /tmp/bschang/batch/PID15660-20140623-114605-merge-list/jcorranEff_117109.list-9512/xae.root
hadd Source file 6: /tmp/bschang/batch/PID15660-20140623-114605-merge-list/jcorranEff_117109.list-9512/xaf.root
hadd Source file 7: /tmp/bschang/batch/PID15660-20140623-114605-merge-list/jcorranEff_117109.list-9512/xag.root
hadd Target path: merged/jcorranEff_117109.list.root:/
hadd Target path: merged/jcorranEff_117109.list.root:/EffHist
Mon Jun 23 11:46:15 EEST 2014
==== Time : 10
