INPUT : list/jcorranEff_115393.list
OUTPUT : merged/jcorranEff_115393.list.root
NCores : 4
12034
Mon Jun 23 11:43:22 EEST 2014
hadd Target file: /tmp/bschang/batch/PID12034-20140623-114322-merge-list/jcorranEff_115393.list-31113/xac.root
hadd Target file: /tmp/bschang/batch/PID12034-20140623-114322-merge-list/jcorranEff_115393.list-31113/xab.root
hadd Target file: /tmp/bschang/batch/PID12034-20140623-114322-merge-list/jcorranEff_115393.list-31113/xaa.root
hadd Target file: /tmp/bschang/batch/PID12034-20140623-114322-merge-list/jcorranEff_115393.list-31113/xad.root
hadd Source file 1: output/115393/100/jcorranEff.root
hadd Source file 1: output/115393/177/jcorranEff.root
hadd Source file 1: output/115393/225/jcorranEff.root
hadd Source file 1: output/115393/217/jcorranEff.root
hadd Source file 2: output/115393/111/jcorranEff.root
hadd Source file 2: output/115393/145/jcorranEff.root
hadd Source file 2: output/115393/052/jcorranEff.root
hadd Source file 3: output/115393/008/jcorranEff.root
hadd Source file 3: output/115393/037/jcorranEff.root
hadd Source file 4: output/115393/068/jcorranEff.root
hadd Source file 3: output/115393/240/jcorranEff.root
hadd Source file 4: output/115393/077/jcorranEff.root
hadd Source file 4: output/115393/144/jcorranEff.root
hadd Source file 5: output/115393/095/jcorranEff.root
hadd Source file 2: output/115393/080/jcorranEff.root
hadd Source file 5: output/115393/055/jcorranEff.root
hadd Source file 5: output/115393/032/jcorranEff.root
hadd Source file 3: output/115393/012/jcorranEff.root
hadd Source file 6: output/115393/136/jcorranEff.root
hadd Source file 6: output/115393/031/jcorranEff.root
hadd Source file 4: output/115393/220/jcorranEff.root
hadd Source file 6: output/115393/105/jcorranEff.root
hadd Source file 7: output/115393/179/jcorranEff.root
hadd Source file 7: output/115393/063/jcorranEff.root
hadd Source file 5: output/115393/098/jcorranEff.root
hadd Source file 7: output/115393/096/jcorranEff.root
hadd Source file 6: output/115393/014/jcorranEff.root
hadd Source file 8: output/115393/181/jcorranEff.root
hadd Source file 7: output/115393/215/jcorranEff.root
hadd Source file 8: output/115393/022/jcorranEff.root
hadd Source file 9: output/115393/015/jcorranEff.root
hadd Source file 9: output/115393/106/jcorranEff.root
hadd Source file 8: output/115393/120/jcorranEff.root
hadd Source file 8: output/115393/152/jcorranEff.root
hadd Source file 10: output/115393/134/jcorranEff.root
hadd Source file 9: output/115393/072/jcorranEff.root
hadd Source file 10: output/115393/233/jcorranEff.root
hadd Source file 10: output/115393/035/jcorranEff.root
hadd Source file 11: output/115393/025/jcorranEff.root
hadd Source file 11: output/115393/222/jcorranEff.root
hadd Source file 9: output/115393/169/jcorranEff.root
hadd Source file 11: output/115393/084/jcorranEff.root
hadd Source file 12: output/115393/131/jcorranEff.root
hadd Source file 12: output/115393/189/jcorranEff.root
hadd Source file 10: output/115393/137/jcorranEff.root
hadd Source file 12: output/115393/185/jcorranEff.root
hadd Source file 11: output/115393/170/jcorranEff.root
hadd Source file 13: output/115393/124/jcorranEff.root
hadd Source file 13: output/115393/069/jcorranEff.root
hadd Source file 14: output/115393/212/jcorranEff.root
hadd Source file 13: output/115393/067/jcorranEff.root
hadd Source file 12: output/115393/168/jcorranEff.root
hadd Source file 14: output/115393/033/jcorranEff.root
hadd Source file 15: output/115393/057/jcorranEff.root
hadd Source file 13: output/115393/184/jcorranEff.root
hadd Source file 15: output/115393/199/jcorranEff.root
hadd Source file 16: output/115393/086/jcorranEff.root
hadd Source file 14: output/115393/075/jcorranEff.root
hadd Source file 14: output/115393/110/jcorranEff.root
hadd Source file 15: output/115393/005/jcorranEff.root
hadd Source file 17: output/115393/132/jcorranEff.root
hadd Source file 16: output/115393/171/jcorranEff.root
hadd Source file 18: output/115393/123/jcorranEff.root
hadd Source file 15: output/115393/156/jcorranEff.root
hadd Source file 16: output/115393/126/jcorranEff.root
hadd Source file 17: output/115393/013/jcorranEff.root
hadd Source file 17: output/115393/070/jcorranEff.root
hadd Source file 19: output/115393/058/jcorranEff.root
hadd Source file 16: output/115393/065/jcorranEff.root
hadd Source file 18: output/115393/151/jcorranEff.root
hadd Source file 20: output/115393/175/jcorranEff.root
hadd Source file 19: output/115393/048/jcorranEff.root
hadd Source file 18: output/115393/115/jcorranEff.root
hadd Source file 17: output/115393/231/jcorranEff.root
hadd Source file 20: output/115393/047/jcorranEff.root
hadd Source file 21: output/115393/242/jcorranEff.root
hadd Source file 19: output/115393/193/jcorranEff.root
hadd Source file 21: output/115393/223/jcorranEff.root
hadd Source file 22: output/115393/029/jcorranEff.root
hadd Source file 20: output/115393/204/jcorranEff.root
hadd Source file 18: output/115393/239/jcorranEff.root
hadd Source file 22: output/115393/038/jcorranEff.root
hadd Source file 19: output/115393/238/jcorranEff.root
hadd Source file 23: output/115393/109/jcorranEff.root
hadd Source file 23: output/115393/004/jcorranEff.root
hadd Source file 20: output/115393/138/jcorranEff.root
hadd Source file 24: output/115393/002/jcorranEff.root
hadd Source file 21: output/115393/016/jcorranEff.root
hadd Source file 21: output/115393/087/jcorranEff.root
hadd Source file 24: output/115393/083/jcorranEff.root
hadd Source file 22: output/115393/196/jcorranEff.root
hadd Source file 22: output/115393/073/jcorranEff.root
hadd Source file 25: output/115393/114/jcorranEff.root
hadd Source file 26: output/115393/188/jcorranEff.root
hadd Source file 23: output/115393/232/jcorranEff.root
hadd Source file 25: output/115393/009/jcorranEff.root
hadd Source file 23: output/115393/003/jcorranEff.root
hadd Source file 27: output/115393/064/jcorranEff.root
hadd Source file 24: output/115393/019/jcorranEff.root
hadd Source file 26: output/115393/117/jcorranEff.root
hadd Source file 28: output/115393/027/jcorranEff.root
hadd Source file 25: output/115393/006/jcorranEff.root
hadd Source file 27: output/115393/197/jcorranEff.root
hadd Source file 24: output/115393/113/jcorranEff.root
hadd Source file 29: output/115393/186/jcorranEff.root
hadd Source file 26: output/115393/089/jcorranEff.root
hadd Source file 28: output/115393/017/jcorranEff.root
hadd Source file 30: output/115393/195/jcorranEff.root
hadd Source file 27: output/115393/216/jcorranEff.root
hadd Source file 29: output/115393/023/jcorranEff.root
hadd Source file 25: output/115393/153/jcorranEff.root
hadd Source file 31: output/115393/020/jcorranEff.root
hadd Source file 28: output/115393/066/jcorranEff.root
hadd Source file 30: output/115393/157/jcorranEff.root
hadd Source file 26: output/115393/026/jcorranEff.root
hadd Source file 32: output/115393/182/jcorranEff.root
hadd Source file 29: output/115393/042/jcorranEff.root
hadd Source file 31: output/115393/183/jcorranEff.root
hadd Source file 27: output/115393/001/jcorranEff.root
hadd Source file 33: output/115393/045/jcorranEff.root
hadd Source file 32: output/115393/159/jcorranEff.root
hadd Source file 30: output/115393/039/jcorranEff.root
hadd Source file 28: output/115393/092/jcorranEff.root
hadd Source file 31: output/115393/167/jcorranEff.root
hadd Source file 29: output/115393/207/jcorranEff.root
hadd Source file 34: output/115393/202/jcorranEff.root
hadd Source file 35: output/115393/141/jcorranEff.root
hadd Source file 30: output/115393/043/jcorranEff.root
hadd Source file 32: output/115393/034/jcorranEff.root
hadd Source file 36: output/115393/090/jcorranEff.root
hadd Source file 31: output/115393/125/jcorranEff.root
hadd Source file 33: output/115393/180/jcorranEff.root
hadd Source file 32: output/115393/190/jcorranEff.root
hadd Source file 37: output/115393/226/jcorranEff.root
hadd Source file 34: output/115393/147/jcorranEff.root
hadd Source file 33: output/115393/107/jcorranEff.root
hadd Source file 38: output/115393/053/jcorranEff.root
hadd Source file 39: output/115393/007/jcorranEff.root
hadd Source file 35: output/115393/074/jcorranEff.root
hadd Source file 34: output/115393/102/jcorranEff.root
hadd Source file 40: output/115393/108/jcorranEff.root
hadd Source file 35: output/115393/166/jcorranEff.root
hadd Source file 41: output/115393/178/jcorranEff.root
hadd Source file 36: output/115393/121/jcorranEff.root
hadd Source file 33: output/115393/093/jcorranEff.root
hadd Source file 36: output/115393/203/jcorranEff.root
hadd Source file 42: output/115393/176/jcorranEff.root
hadd Source file 37: output/115393/116/jcorranEff.root
hadd Source file 34: output/115393/076/jcorranEff.root
hadd Source file 43: output/115393/140/jcorranEff.root
hadd Source file 44: output/115393/210/jcorranEff.root
hadd Source file 37: output/115393/056/jcorranEff.root
hadd Source file 35: output/115393/085/jcorranEff.root
hadd Source file 38: output/115393/146/jcorranEff.root
hadd Source file 38: output/115393/158/jcorranEff.root
hadd Source file 36: output/115393/091/jcorranEff.root
hadd Source file 39: output/115393/104/jcorranEff.root
hadd Source file 45: output/115393/173/jcorranEff.root
hadd Source file 40: output/115393/049/jcorranEff.root
hadd Source file 39: output/115393/154/jcorranEff.root
hadd Source file 41: output/115393/205/jcorranEff.root
hadd Source file 37: output/115393/241/jcorranEff.root
hadd Source file 40: output/115393/208/jcorranEff.root
hadd Source file 38: output/115393/021/jcorranEff.root
hadd Source file 46: output/115393/071/jcorranEff.root
hadd Source file 42: output/115393/011/jcorranEff.root
hadd Source file 41: output/115393/062/jcorranEff.root
hadd Source file 39: output/115393/163/jcorranEff.root
hadd Source file 47: output/115393/128/jcorranEff.root
hadd Source file 43: output/115393/079/jcorranEff.root
hadd Source file 48: output/115393/119/jcorranEff.root
hadd Source file 42: output/115393/194/jcorranEff.root
hadd Source file 40: output/115393/174/jcorranEff.root
hadd Source file 44: output/115393/060/jcorranEff.root
hadd Source file 41: output/115393/230/jcorranEff.root
hadd Source file 45: output/115393/237/jcorranEff.root
hadd Source file 49: output/115393/010/jcorranEff.root
hadd Source file 43: output/115393/127/jcorranEff.root
hadd Source file 42: output/115393/224/jcorranEff.root
hadd Source file 50: output/115393/122/jcorranEff.root
hadd Source file 46: output/115393/243/jcorranEff.root
hadd Source file 44: output/115393/099/jcorranEff.root
hadd Source file 43: output/115393/040/jcorranEff.root
hadd Target path: /tmp/bschang/batch/PID12034-20140623-114322-merge-list/jcorranEff_115393.list-31113/xac.root:/
hadd Source file 45: output/115393/081/jcorranEff.root
hadd Source file 47: output/115393/036/jcorranEff.root
hadd Source file 46: output/115393/213/jcorranEff.root
hadd Source file 44: output/115393/139/jcorranEff.root
hadd Source file 48: output/115393/051/jcorranEff.root
hadd Source file 47: output/115393/200/jcorranEff.root
hadd Source file 45: output/115393/041/jcorranEff.root
hadd Source file 49: output/115393/094/jcorranEff.root
hadd Source file 48: output/115393/211/jcorranEff.root
hadd Target path: /tmp/bschang/batch/PID12034-20140623-114322-merge-list/jcorranEff_115393.list-31113/xac.root:/EffHist
hadd Source file 46: output/115393/133/jcorranEff.root
hadd Source file 50: output/115393/143/jcorranEff.root
hadd Source file 49: output/115393/164/jcorranEff.root
hadd Source file 47: output/115393/088/jcorranEff.root
hadd Target path: /tmp/bschang/batch/PID12034-20140623-114322-merge-list/jcorranEff_115393.list-31113/xad.root:/
hadd Source file 50: output/115393/160/jcorranEff.root
hadd Source file 48: output/115393/206/jcorranEff.root
hadd Target path: /tmp/bschang/batch/PID12034-20140623-114322-merge-list/jcorranEff_115393.list-31113/xad.root:/EffHist
hadd Source file 49: output/115393/082/jcorranEff.root
hadd Target path: /tmp/bschang/batch/PID12034-20140623-114322-merge-list/jcorranEff_115393.list-31113/xaa.root:/
hadd Target path: /tmp/bschang/batch/PID12034-20140623-114322-merge-list/jcorranEff_115393.list-31113/xaa.root:/EffHist
hadd Source file 50: output/115393/219/jcorranEff.root
hadd Target path: /tmp/bschang/batch/PID12034-20140623-114322-merge-list/jcorranEff_115393.list-31113/xab.root:/
hadd Target path: /tmp/bschang/batch/PID12034-20140623-114322-merge-list/jcorranEff_115393.list-31113/xab.root:/EffHist
hadd Target file: /tmp/bschang/batch/PID12034-20140623-114322-merge-list/jcorranEff_115393.list-31113/xae.root
hadd Source file 1: output/115393/142/jcorranEff.root
hadd Source file 2: output/115393/061/jcorranEff.root
hadd Source file 3: output/115393/135/jcorranEff.root
hadd Source file 4: output/115393/161/jcorranEff.root
hadd Source file 5: output/115393/187/jcorranEff.root
hadd Source file 6: output/115393/198/jcorranEff.root
hadd Source file 7: output/115393/149/jcorranEff.root
hadd Source file 8: output/115393/191/jcorranEff.root
hadd Source file 9: output/115393/234/jcorranEff.root
hadd Source file 10: output/115393/097/jcorranEff.root
hadd Source file 11: output/115393/078/jcorranEff.root
hadd Source file 12: output/115393/148/jcorranEff.root
hadd Source file 13: output/115393/201/jcorranEff.root
hadd Source file 14: output/115393/165/jcorranEff.root
hadd Source file 15: output/115393/162/jcorranEff.root
hadd Source file 16: output/115393/046/jcorranEff.root
hadd Source file 17: output/115393/218/jcorranEff.root
hadd Source file 18: output/115393/103/jcorranEff.root
hadd Source file 19: output/115393/129/jcorranEff.root
hadd Source file 20: output/115393/155/jcorranEff.root
hadd Source file 21: output/115393/130/jcorranEff.root
hadd Source file 22: output/115393/221/jcorranEff.root
hadd Source file 23: output/115393/044/jcorranEff.root
hadd Source file 24: output/115393/118/jcorranEff.root
hadd Source file 25: output/115393/209/jcorranEff.root
hadd Source file 26: output/115393/024/jcorranEff.root
hadd Source file 27: output/115393/028/jcorranEff.root
hadd Source file 28: output/115393/030/jcorranEff.root
hadd Source file 29: output/115393/229/jcorranEff.root
hadd Source file 30: output/115393/059/jcorranEff.root
hadd Source file 31: output/115393/054/jcorranEff.root
hadd Source file 32: output/115393/236/jcorranEff.root
hadd Source file 33: output/115393/101/jcorranEff.root
hadd Source file 34: output/115393/150/jcorranEff.root
hadd Source file 35: output/115393/228/jcorranEff.root
hadd Source file 36: output/115393/050/jcorranEff.root
hadd Source file 37: output/115393/018/jcorranEff.root
hadd Target path: /tmp/bschang/batch/PID12034-20140623-114322-merge-list/jcorranEff_115393.list-31113/xae.root:/
hadd Target path: /tmp/bschang/batch/PID12034-20140623-114322-merge-list/jcorranEff_115393.list-31113/xae.root:/EffHist
hadd Target file: merged/jcorranEff_115393.list.root
hadd Source file 1: /tmp/bschang/batch/PID12034-20140623-114322-merge-list/jcorranEff_115393.list-31113/xaa.root
hadd Source file 2: /tmp/bschang/batch/PID12034-20140623-114322-merge-list/jcorranEff_115393.list-31113/xab.root
hadd Source file 3: /tmp/bschang/batch/PID12034-20140623-114322-merge-list/jcorranEff_115393.list-31113/xac.root
hadd Source file 4: /tmp/bschang/batch/PID12034-20140623-114322-merge-list/jcorranEff_115393.list-31113/xad.root
hadd Source file 5: /tmp/bschang/batch/PID12034-20140623-114322-merge-list/jcorranEff_115393.list-31113/xae.root
hadd Target path: merged/jcorranEff_115393.list.root:/
hadd Target path: merged/jcorranEff_115393.list.root:/EffHist
Mon Jun 23 11:43:31 EEST 2014
==== Time : 9
